[0.055s] Invoking command in '/home/niklas/Documents/Telerrobotics/Lab2/Matlab/ros2CustomMessages/matlab_msg_gen/glnxa64/build/houghmessage': PS1=(venv) VIRTUAL_ENV_PROMPT=(venv) /home/niklas/MatlabInstall/bin/glnxa64/cmake/bin/cmake /home/niklas/Documents/Telerrobotics/Lab2/Matlab/ros2CustomMessages/matlab_msg_gen/glnxa64/src/houghmessage -DCMAKE_BUILD_TYPE=Release -DCMAKE_SHARED_LINKER_FLAGS=-Wl,-no-as-needed -DBUILD_TESTING=OFF -DALIAS_ROS2_TF2=1 -DCMAKE_CXX_FLAGS_RELEASE=-O0 -G Ninja -DCMAKE_INSTALL_PREFIX=/home/niklas/Documents/Telerrobotics/Lab2/Matlab/ros2CustomMessages/matlab_msg_gen/glnxa64/install
[0.159s] -- The C compiler identification is GNU 11.4.0
[0.257s] -- The CXX compiler identification is GNU 11.4.0
[0.277s] -- Detecting C compiler ABI info
[0.386s] -- Detecting C compiler ABI info - done
[0.404s] -- Check for working C compiler: /usr/bin/cc - skipped
[0.404s] -- Detecting C compile features
[0.405s] -- Detecting C compile features - done
[0.411s] -- Detecting CXX compiler ABI info
[0.539s] -- Detecting CXX compiler ABI info - done
[0.555s] -- Check for working CXX compiler: /usr/bin/c++ - skipped
[0.555s] -- Detecting CXX compile features
[0.556s] -- Detecting CXX compile features - done
[0.559s] -- Found ament_cmake: 1.3.3 (/home/niklas/MatlabInstall/sys/ros2/glnxa64/ros2/share/ament_cmake/cmake)
[2.022s] -- Found Python3: /home/niklas/.matlab/R2023b/ros2/glnxa64/venv/bin/python3.10 (found version "3.10.12") found components: Interpreter 
[2.212s] -- Found ament_cmake_ros: 0.10.0 (/home/niklas/MatlabInstall/sys/ros2/glnxa64/ros2/share/ament_cmake_ros/cmake)
[2.224s] -- Found rosidl_typesupport_c: 2.0.0 (/home/niklas/MatlabInstall/sys/ros2/glnxa64/ros2/share/rosidl_typesupport_c/cmake)
[2.225s] -- Using all available rosidl_typesupport_c: rosidl_typesupport_fastrtps_c;rosidl_typesupport_introspection_c
[2.236s] -- Found rosidl_adapter: 3.1.4 (/home/niklas/MatlabInstall/sys/ros2/glnxa64/ros2/share/rosidl_adapter/cmake)
[2.313s] -- Found rosidl_typesupport_cpp: 2.0.0 (/home/niklas/MatlabInstall/sys/ros2/glnxa64/ros2/share/rosidl_typesupport_cpp/cmake)
[2.314s] -- Using all available rosidl_typesupport_cpp: rosidl_typesupport_fastrtps_cpp;rosidl_typesupport_introspection_cpp
[2.374s] -- Found rosidl_default_generators: 1.2.0 (/home/niklas/MatlabInstall/sys/ros2/glnxa64/ros2/share/rosidl_default_generators/cmake)
[2.381s] -- Found class_loader: 2.2.0 (/home/niklas/MatlabInstall/sys/ros2/glnxa64/ros2/share/class_loader/cmake)
[2.388s] -- Found rclcpp: 16.0.3 (/home/niklas/MatlabInstall/sys/ros2/glnxa64/ros2/share/rclcpp/cmake)
[2.544s] -- Found rmw_implementation_cmake: 6.1.1 (/home/niklas/MatlabInstall/sys/ros2/glnxa64/ros2/share/rmw_implementation_cmake/cmake)
[2.548s] -- Found rmw_fastrtps_cpp: 6.2.2 (/home/niklas/MatlabInstall/sys/ros2/glnxa64/ros2/share/rmw_fastrtps_cpp/cmake)
[2.674s] -- Found FastRTPS: /home/niklas/MatlabInstall/sys/ros2/glnxa64/ros2/include  
[2.739s] -- Using RMW implementation 'rmw_fastrtps_cpp' as default
[2.752s] -- Performing Test CMAKE_HAVE_LIBC_PTHREAD
[2.870s] -- Performing Test CMAKE_HAVE_LIBC_PTHREAD - Success
[2.872s] -- Found Threads: TRUE  
[3.536s] -- Using all available rosidl_typesupport_c: rosidl_typesupport_fastrtps_c;rosidl_typesupport_introspection_c
[3.706s] -- Using all available rosidl_typesupport_cpp: rosidl_typesupport_fastrtps_cpp;rosidl_typesupport_introspection_cpp
[3.721s] -- Configuring done
[3.758s] -- Generating done
[3.783s] -- Build files have been written to: /home/niklas/Documents/Telerrobotics/Lab2/Matlab/ros2CustomMessages/matlab_msg_gen/glnxa64/build/houghmessage
[3.810s] Invoked command in '/home/niklas/Documents/Telerrobotics/Lab2/Matlab/ros2CustomMessages/matlab_msg_gen/glnxa64/build/houghmessage' returned '0': PS1=(venv) VIRTUAL_ENV_PROMPT=(venv) /home/niklas/MatlabInstall/bin/glnxa64/cmake/bin/cmake /home/niklas/Documents/Telerrobotics/Lab2/Matlab/ros2CustomMessages/matlab_msg_gen/glnxa64/src/houghmessage -DCMAKE_BUILD_TYPE=Release -DCMAKE_SHARED_LINKER_FLAGS=-Wl,-no-as-needed -DBUILD_TESTING=OFF -DALIAS_ROS2_TF2=1 -DCMAKE_CXX_FLAGS_RELEASE=-O0 -G Ninja -DCMAKE_INSTALL_PREFIX=/home/niklas/Documents/Telerrobotics/Lab2/Matlab/ros2CustomMessages/matlab_msg_gen/glnxa64/install
[3.813s] Invoking command in '/home/niklas/Documents/Telerrobotics/Lab2/Matlab/ros2CustomMessages/matlab_msg_gen/glnxa64/build/houghmessage': PS1=(venv) VIRTUAL_ENV_PROMPT=(venv) /home/niklas/MatlabInstall/bin/glnxa64/cmake/bin/cmake --build /home/niklas/Documents/Telerrobotics/Lab2/Matlab/ros2CustomMessages/matlab_msg_gen/glnxa64/build/houghmessage -- -j8 -l8
[4.266s] [1/24] Generating C++ code for ROS interfaces
[4.272s] [2/24] Generating C code for ROS interfaces
[4.439s] [3/24] Building C object CMakeFiles/houghmessage__rosidl_generator_c.dir/rosidl_generator_c/houghmessage/msg/detail/r_whough_line__functions.c.o
[4.491s] [4/24] Linking C shared library libhoughmessage__rosidl_generator_c.so
[4.754s] [5/24] Generating C++ type support for eProsima Fast-RTPS
[4.786s] [6/24] Generating C++ type support dispatch for ROS interfaces
[4.822s] [7/24] Generating C++ introspection for ROS interfaces
[5.023s] [8/24] Generating C type support dispatch for ROS interfaces
[5.081s] [9/24] Generating C introspection for ROS interfaces
[5.086s] [10/24] Generating C type support for eProsima Fast-RTPS
[5.117s] [11/24] Building CXX object CMakeFiles/houghmessage__rosidl_typesupport_c.dir/rosidl_typesupport_c/houghmessage/msg/r_whough_line__type_support.cpp.o
[5.229s] [12/24] Building C object CMakeFiles/houghmessage__rosidl_typesupport_introspection_c.dir/rosidl_typesupport_introspection_c/houghmessage/msg/detail/r_whough_line__type_support.c.o
[5.303s] [13/24] Linking C shared library libhoughmessage__rosidl_typesupport_introspection_c.so
[5.343s] [14/24] Linking CXX shared library libhoughmessage__rosidl_typesupport_c.so
[5.414s] [15/24] Building CXX object CMakeFiles/houghmessage__rosidl_typesupport_cpp.dir/rosidl_typesupport_cpp/houghmessage/msg/r_whough_line__type_support.cpp.o
[5.633s] [16/24] Linking CXX shared library libhoughmessage__rosidl_typesupport_cpp.so
[5.856s] [17/24] Building CXX object CMakeFiles/houghmessage__rosidl_typesupport_fastrtps_c.dir/rosidl_typesupport_fastrtps_c/houghmessage/msg/detail/r_whough_line__type_support_c.cpp.o
[5.889s] [18/24] Building CXX object CMakeFiles/houghmessage__rosidl_typesupport_introspection_cpp.dir/rosidl_typesupport_introspection_cpp/houghmessage/msg/detail/r_whough_line__type_support.cpp.o
[5.894s] [19/24] Building CXX object CMakeFiles/houghmessage__rosidl_typesupport_fastrtps_cpp.dir/rosidl_typesupport_fastrtps_cpp/houghmessage/msg/detail/dds_fastrtps/r_whough_line__type_support.cpp.o
[6.040s] [20/24] Linking CXX shared library libhoughmessage__rosidl_typesupport_fastrtps_c.so
[6.074s] [21/24] Linking CXX shared library libhoughmessage__rosidl_typesupport_introspection_cpp.so
[6.083s] [22/24] Linking CXX shared library libhoughmessage__rosidl_typesupport_fastrtps_cpp.so
[19.822s] [23/24] Building CXX object CMakeFiles/houghmessage_matlab.dir/src/houghmessage_RWhoughLine_message.cpp.o
[20.635s] [24/24] Linking CXX shared library libhoughmessage_matlab.so
[20.638s] Invoked command in '/home/niklas/Documents/Telerrobotics/Lab2/Matlab/ros2CustomMessages/matlab_msg_gen/glnxa64/build/houghmessage' returned '0': PS1=(venv) VIRTUAL_ENV_PROMPT=(venv) /home/niklas/MatlabInstall/bin/glnxa64/cmake/bin/cmake --build /home/niklas/Documents/Telerrobotics/Lab2/Matlab/ros2CustomMessages/matlab_msg_gen/glnxa64/build/houghmessage -- -j8 -l8
[20.673s] Invoking command in '/home/niklas/Documents/Telerrobotics/Lab2/Matlab/ros2CustomMessages/matlab_msg_gen/glnxa64/build/houghmessage': PS1=(venv) VIRTUAL_ENV_PROMPT=(venv) /home/niklas/MatlabInstall/bin/glnxa64/cmake/bin/cmake --install /home/niklas/Documents/Telerrobotics/Lab2/Matlab/ros2CustomMessages/matlab_msg_gen/glnxa64/build/houghmessage
[20.677s] -- Install configuration: "Release"
[20.678s] -- Installing: /home/niklas/Documents/Telerrobotics/Lab2/Matlab/ros2CustomMessages/matlab_msg_gen/glnxa64/install/share/ament_index/resource_index/rosidl_interfaces/houghmessage
[20.678s] -- Installing: /home/niklas/Documents/Telerrobotics/Lab2/Matlab/ros2CustomMessages/matlab_msg_gen/glnxa64/install/include/houghmessage/houghmessage
[20.678s] -- Installing: /home/niklas/Documents/Telerrobotics/Lab2/Matlab/ros2CustomMessages/matlab_msg_gen/glnxa64/install/include/houghmessage/houghmessage/msg
[20.678s] -- Installing: /home/niklas/Documents/Telerrobotics/Lab2/Matlab/ros2CustomMessages/matlab_msg_gen/glnxa64/install/include/houghmessage/houghmessage/msg/rosidl_generator_c__visibility_control.h
[20.678s] -- Installing: /home/niklas/Documents/Telerrobotics/Lab2/Matlab/ros2CustomMessages/matlab_msg_gen/glnxa64/install/include/houghmessage/houghmessage/msg/r_whough_line.h
[20.679s] -- Installing: /home/niklas/Documents/Telerrobotics/Lab2/Matlab/ros2CustomMessages/matlab_msg_gen/glnxa64/install/include/houghmessage/houghmessage/msg/detail
[20.679s] -- Installing: /home/niklas/Documents/Telerrobotics/Lab2/Matlab/ros2CustomMessages/matlab_msg_gen/glnxa64/install/include/houghmessage/houghmessage/msg/detail/r_whough_line__struct.h
[20.679s] -- Installing: /home/niklas/Documents/Telerrobotics/Lab2/Matlab/ros2CustomMessages/matlab_msg_gen/glnxa64/install/include/houghmessage/houghmessage/msg/detail/r_whough_line__functions.h
[20.679s] -- Installing: /home/niklas/Documents/Telerrobotics/Lab2/Matlab/ros2CustomMessages/matlab_msg_gen/glnxa64/install/include/houghmessage/houghmessage/msg/detail/r_whough_line__functions.c
[20.679s] -- Installing: /home/niklas/Documents/Telerrobotics/Lab2/Matlab/ros2CustomMessages/matlab_msg_gen/glnxa64/install/include/houghmessage/houghmessage/msg/detail/r_whough_line__type_support.h
[20.680s] -- Installing: /home/niklas/Documents/Telerrobotics/Lab2/Matlab/ros2CustomMessages/matlab_msg_gen/glnxa64/install/share/houghmessage/environment/library_path.sh
[20.680s] -- Installing: /home/niklas/Documents/Telerrobotics/Lab2/Matlab/ros2CustomMessages/matlab_msg_gen/glnxa64/install/share/houghmessage/environment/library_path.dsv
[20.680s] -- Installing: /home/niklas/Documents/Telerrobotics/Lab2/Matlab/ros2CustomMessages/matlab_msg_gen/glnxa64/install/lib/libhoughmessage__rosidl_generator_c.so
[20.680s] -- Up-to-date: /home/niklas/Documents/Telerrobotics/Lab2/Matlab/ros2CustomMessages/matlab_msg_gen/glnxa64/install/include/houghmessage/houghmessage
[20.680s] -- Up-to-date: /home/niklas/Documents/Telerrobotics/Lab2/Matlab/ros2CustomMessages/matlab_msg_gen/glnxa64/install/include/houghmessage/houghmessage/msg
[20.681s] -- Installing: /home/niklas/Documents/Telerrobotics/Lab2/Matlab/ros2CustomMessages/matlab_msg_gen/glnxa64/install/include/houghmessage/houghmessage/msg/rosidl_typesupport_fastrtps_c__visibility_control.h
[20.681s] -- Up-to-date: /home/niklas/Documents/Telerrobotics/Lab2/Matlab/ros2CustomMessages/matlab_msg_gen/glnxa64/install/include/houghmessage/houghmessage/msg/detail
[20.681s] -- Installing: /home/niklas/Documents/Telerrobotics/Lab2/Matlab/ros2CustomMessages/matlab_msg_gen/glnxa64/install/include/houghmessage/houghmessage/msg/detail/r_whough_line__rosidl_typesupport_fastrtps_c.h
[20.681s] -- Installing: /home/niklas/Documents/Telerrobotics/Lab2/Matlab/ros2CustomMessages/matlab_msg_gen/glnxa64/install/lib/libhoughmessage__rosidl_typesupport_fastrtps_c.so
[20.681s] -- Up-to-date: /home/niklas/Documents/Telerrobotics/Lab2/Matlab/ros2CustomMessages/matlab_msg_gen/glnxa64/install/include/houghmessage/houghmessage
[20.681s] -- Up-to-date: /home/niklas/Documents/Telerrobotics/Lab2/Matlab/ros2CustomMessages/matlab_msg_gen/glnxa64/install/include/houghmessage/houghmessage/msg
[20.682s] -- Installing: /home/niklas/Documents/Telerrobotics/Lab2/Matlab/ros2CustomMessages/matlab_msg_gen/glnxa64/install/include/houghmessage/houghmessage/msg/rosidl_typesupport_introspection_c__visibility_control.h
[20.682s] -- Up-to-date: /home/niklas/Documents/Telerrobotics/Lab2/Matlab/ros2CustomMessages/matlab_msg_gen/glnxa64/install/include/houghmessage/houghmessage/msg/detail
[20.682s] -- Installing: /home/niklas/Documents/Telerrobotics/Lab2/Matlab/ros2CustomMessages/matlab_msg_gen/glnxa64/install/include/houghmessage/houghmessage/msg/detail/r_whough_line__rosidl_typesupport_introspection_c.h
[20.682s] -- Installing: /home/niklas/Documents/Telerrobotics/Lab2/Matlab/ros2CustomMessages/matlab_msg_gen/glnxa64/install/include/houghmessage/houghmessage/msg/detail/r_whough_line__type_support.c
[20.682s] -- Installing: /home/niklas/Documents/Telerrobotics/Lab2/Matlab/ros2CustomMessages/matlab_msg_gen/glnxa64/install/lib/libhoughmessage__rosidl_typesupport_introspection_c.so
[20.683s] -- Installing: /home/niklas/Documents/Telerrobotics/Lab2/Matlab/ros2CustomMessages/matlab_msg_gen/glnxa64/install/lib/libhoughmessage__rosidl_typesupport_c.so
[20.683s] -- Up-to-date: /home/niklas/Documents/Telerrobotics/Lab2/Matlab/ros2CustomMessages/matlab_msg_gen/glnxa64/install/include/houghmessage/houghmessage
[20.683s] -- Up-to-date: /home/niklas/Documents/Telerrobotics/Lab2/Matlab/ros2CustomMessages/matlab_msg_gen/glnxa64/install/include/houghmessage/houghmessage/msg
[20.684s] -- Installing: /home/niklas/Documents/Telerrobotics/Lab2/Matlab/ros2CustomMessages/matlab_msg_gen/glnxa64/install/include/houghmessage/houghmessage/msg/r_whough_line.hpp
[20.684s] -- Up-to-date: /home/niklas/Documents/Telerrobotics/Lab2/Matlab/ros2CustomMessages/matlab_msg_gen/glnxa64/install/include/houghmessage/houghmessage/msg/detail
[20.684s] -- Installing: /home/niklas/Documents/Telerrobotics/Lab2/Matlab/ros2CustomMessages/matlab_msg_gen/glnxa64/install/include/houghmessage/houghmessage/msg/detail/r_whough_line__traits.hpp
[20.684s] -- Installing: /home/niklas/Documents/Telerrobotics/Lab2/Matlab/ros2CustomMessages/matlab_msg_gen/glnxa64/install/include/houghmessage/houghmessage/msg/detail/r_whough_line__builder.hpp
[20.684s] -- Installing: /home/niklas/Documents/Telerrobotics/Lab2/Matlab/ros2CustomMessages/matlab_msg_gen/glnxa64/install/include/houghmessage/houghmessage/msg/detail/r_whough_line__struct.hpp
[20.685s] -- Up-to-date: /home/niklas/Documents/Telerrobotics/Lab2/Matlab/ros2CustomMessages/matlab_msg_gen/glnxa64/install/include/houghmessage/houghmessage
[20.685s] -- Up-to-date: /home/niklas/Documents/Telerrobotics/Lab2/Matlab/ros2CustomMessages/matlab_msg_gen/glnxa64/install/include/houghmessage/houghmessage/msg
[20.685s] -- Installing: /home/niklas/Documents/Telerrobotics/Lab2/Matlab/ros2CustomMessages/matlab_msg_gen/glnxa64/install/include/houghmessage/houghmessage/msg/rosidl_typesupport_fastrtps_cpp__visibility_control.h
[20.685s] -- Up-to-date: /home/niklas/Documents/Telerrobotics/Lab2/Matlab/ros2CustomMessages/matlab_msg_gen/glnxa64/install/include/houghmessage/houghmessage/msg/detail
[20.685s] -- Installing: /home/niklas/Documents/Telerrobotics/Lab2/Matlab/ros2CustomMessages/matlab_msg_gen/glnxa64/install/include/houghmessage/houghmessage/msg/detail/dds_fastrtps
[20.686s] -- Installing: /home/niklas/Documents/Telerrobotics/Lab2/Matlab/ros2CustomMessages/matlab_msg_gen/glnxa64/install/include/houghmessage/houghmessage/msg/detail/r_whough_line__rosidl_typesupport_fastrtps_cpp.hpp
[20.686s] -- Installing: /home/niklas/Documents/Telerrobotics/Lab2/Matlab/ros2CustomMessages/matlab_msg_gen/glnxa64/install/lib/libhoughmessage__rosidl_typesupport_fastrtps_cpp.so
[20.686s] -- Up-to-date: /home/niklas/Documents/Telerrobotics/Lab2/Matlab/ros2CustomMessages/matlab_msg_gen/glnxa64/install/include/houghmessage/houghmessage
[20.686s] -- Up-to-date: /home/niklas/Documents/Telerrobotics/Lab2/Matlab/ros2CustomMessages/matlab_msg_gen/glnxa64/install/include/houghmessage/houghmessage/msg
[20.686s] -- Up-to-date: /home/niklas/Documents/Telerrobotics/Lab2/Matlab/ros2CustomMessages/matlab_msg_gen/glnxa64/install/include/houghmessage/houghmessage/msg/detail
[20.686s] -- Installing: /home/niklas/Documents/Telerrobotics/Lab2/Matlab/ros2CustomMessages/matlab_msg_gen/glnxa64/install/include/houghmessage/houghmessage/msg/detail/r_whough_line__type_support.cpp
[20.686s] -- Installing: /home/niklas/Documents/Telerrobotics/Lab2/Matlab/ros2CustomMessages/matlab_msg_gen/glnxa64/install/include/houghmessage/houghmessage/msg/detail/r_whough_line__rosidl_typesupport_introspection_cpp.hpp
[20.687s] -- Installing: /home/niklas/Documents/Telerrobotics/Lab2/Matlab/ros2CustomMessages/matlab_msg_gen/glnxa64/install/lib/libhoughmessage__rosidl_typesupport_introspection_cpp.so
[20.687s] -- Installing: /home/niklas/Documents/Telerrobotics/Lab2/Matlab/ros2CustomMessages/matlab_msg_gen/glnxa64/install/lib/libhoughmessage__rosidl_typesupport_cpp.so
[20.687s] -- Installing: /home/niklas/Documents/Telerrobotics/Lab2/Matlab/ros2CustomMessages/matlab_msg_gen/glnxa64/install/share/houghmessage/msg/RWhoughLine.idl
[20.687s] -- Installing: /home/niklas/Documents/Telerrobotics/Lab2/Matlab/ros2CustomMessages/matlab_msg_gen/glnxa64/install/share/houghmessage/msg/RWhoughLine.msg
[20.687s] -- Up-to-date: /home/niklas/Documents/Telerrobotics/Lab2/Matlab/ros2CustomMessages/matlab_msg_gen/glnxa64/install/include
[20.687s] -- Up-to-date: /home/niklas/Documents/Telerrobotics/Lab2/Matlab/ros2CustomMessages/matlab_msg_gen/glnxa64/install/include/houghmessage
[20.688s] -- Installing: /home/niklas/Documents/Telerrobotics/Lab2/Matlab/ros2CustomMessages/matlab_msg_gen/glnxa64/install/include/houghmessage/visibility_control.h
[20.688s] -- Installing: /home/niklas/Documents/Telerrobotics/Lab2/Matlab/ros2CustomMessages/matlab_msg_gen/glnxa64/install/lib/libhoughmessage_matlab.so
[20.703s] -- Installing: /home/niklas/Documents/Telerrobotics/Lab2/Matlab/ros2CustomMessages/matlab_msg_gen/glnxa64/install/m/
[20.703s] -- Installing: /home/niklas/Documents/Telerrobotics/Lab2/Matlab/ros2CustomMessages/matlab_msg_gen/glnxa64/install/m//+ros
[20.703s] -- Installing: /home/niklas/Documents/Telerrobotics/Lab2/Matlab/ros2CustomMessages/matlab_msg_gen/glnxa64/install/m//+ros/+internal
[20.704s] -- Installing: /home/niklas/Documents/Telerrobotics/Lab2/Matlab/ros2CustomMessages/matlab_msg_gen/glnxa64/install/m//+ros/+internal/+ros2
[20.704s] -- Installing: /home/niklas/Documents/Telerrobotics/Lab2/Matlab/ros2CustomMessages/matlab_msg_gen/glnxa64/install/m//+ros/+internal/+ros2/+custommessages
[20.705s] -- Installing: /home/niklas/Documents/Telerrobotics/Lab2/Matlab/ros2CustomMessages/matlab_msg_gen/glnxa64/install/m//+ros/+internal/+ros2/+custommessages/+houghmessage
[20.705s] -- Installing: /home/niklas/Documents/Telerrobotics/Lab2/Matlab/ros2CustomMessages/matlab_msg_gen/glnxa64/install/m//+ros/+internal/+ros2/+custommessages/+houghmessage/rWhoughLine.m
[20.705s] -- Installing: /home/niklas/Documents/Telerrobotics/Lab2/Matlab/ros2CustomMessages/matlab_msg_gen/glnxa64/install/m//+ros/+internal/+ros2/+custommessages/+houghmessage/houghmessage_msg_RWhoughLine_2To1_Converter.m
[20.706s] -- Installing: /home/niklas/Documents/Telerrobotics/Lab2/Matlab/ros2CustomMessages/matlab_msg_gen/glnxa64/install/m//+ros/+internal/+ros2/+custommessages/+houghmessage/houghmessage_msg_RWhoughLine_1To2_Converter.m
[20.706s] -- Installing: /home/niklas/Documents/Telerrobotics/Lab2/Matlab/ros2CustomMessages/matlab_msg_gen/glnxa64/install/share/ament_index/resource_index/package_run_dependencies/houghmessage
[20.706s] -- Installing: /home/niklas/Documents/Telerrobotics/Lab2/Matlab/ros2CustomMessages/matlab_msg_gen/glnxa64/install/share/ament_index/resource_index/parent_prefix_path/houghmessage
[20.706s] -- Installing: /home/niklas/Documents/Telerrobotics/Lab2/Matlab/ros2CustomMessages/matlab_msg_gen/glnxa64/install/share/houghmessage/environment/ament_prefix_path.sh
[20.707s] -- Installing: /home/niklas/Documents/Telerrobotics/Lab2/Matlab/ros2CustomMessages/matlab_msg_gen/glnxa64/install/share/houghmessage/environment/ament_prefix_path.dsv
[20.707s] -- Installing: /home/niklas/Documents/Telerrobotics/Lab2/Matlab/ros2CustomMessages/matlab_msg_gen/glnxa64/install/share/houghmessage/environment/path.sh
[20.707s] -- Installing: /home/niklas/Documents/Telerrobotics/Lab2/Matlab/ros2CustomMessages/matlab_msg_gen/glnxa64/install/share/houghmessage/environment/path.dsv
[20.707s] -- Installing: /home/niklas/Documents/Telerrobotics/Lab2/Matlab/ros2CustomMessages/matlab_msg_gen/glnxa64/install/share/houghmessage/local_setup.bash
[20.708s] -- Installing: /home/niklas/Documents/Telerrobotics/Lab2/Matlab/ros2CustomMessages/matlab_msg_gen/glnxa64/install/share/houghmessage/local_setup.sh
[20.708s] -- Installing: /home/niklas/Documents/Telerrobotics/Lab2/Matlab/ros2CustomMessages/matlab_msg_gen/glnxa64/install/share/houghmessage/local_setup.zsh
[20.708s] -- Installing: /home/niklas/Documents/Telerrobotics/Lab2/Matlab/ros2CustomMessages/matlab_msg_gen/glnxa64/install/share/houghmessage/local_setup.dsv
[20.708s] -- Installing: /home/niklas/Documents/Telerrobotics/Lab2/Matlab/ros2CustomMessages/matlab_msg_gen/glnxa64/install/share/houghmessage/package.dsv
[20.708s] -- Installing: /home/niklas/Documents/Telerrobotics/Lab2/Matlab/ros2CustomMessages/matlab_msg_gen/glnxa64/install/share/ament_index/resource_index/packages/houghmessage
[20.709s] -- Installing: /home/niklas/Documents/Telerrobotics/Lab2/Matlab/ros2CustomMessages/matlab_msg_gen/glnxa64/install/share/houghmessage/cmake/export_houghmessage__rosidl_generator_cExport.cmake
[20.709s] -- Installing: /home/niklas/Documents/Telerrobotics/Lab2/Matlab/ros2CustomMessages/matlab_msg_gen/glnxa64/install/share/houghmessage/cmake/export_houghmessage__rosidl_generator_cExport-release.cmake
[20.709s] -- Installing: /home/niklas/Documents/Telerrobotics/Lab2/Matlab/ros2CustomMessages/matlab_msg_gen/glnxa64/install/share/houghmessage/cmake/export_houghmessage__rosidl_typesupport_fastrtps_cExport.cmake
[20.709s] -- Installing: /home/niklas/Documents/Telerrobotics/Lab2/Matlab/ros2CustomMessages/matlab_msg_gen/glnxa64/install/share/houghmessage/cmake/export_houghmessage__rosidl_typesupport_fastrtps_cExport-release.cmake
[20.709s] -- Installing: /home/niklas/Documents/Telerrobotics/Lab2/Matlab/ros2CustomMessages/matlab_msg_gen/glnxa64/install/share/houghmessage/cmake/houghmessage__rosidl_typesupport_introspection_cExport.cmake
[20.709s] -- Installing: /home/niklas/Documents/Telerrobotics/Lab2/Matlab/ros2CustomMessages/matlab_msg_gen/glnxa64/install/share/houghmessage/cmake/houghmessage__rosidl_typesupport_introspection_cExport-release.cmake
[20.709s] -- Installing: /home/niklas/Documents/Telerrobotics/Lab2/Matlab/ros2CustomMessages/matlab_msg_gen/glnxa64/install/share/houghmessage/cmake/houghmessage__rosidl_typesupport_cExport.cmake
[20.710s] -- Installing: /home/niklas/Documents/Telerrobotics/Lab2/Matlab/ros2CustomMessages/matlab_msg_gen/glnxa64/install/share/houghmessage/cmake/houghmessage__rosidl_typesupport_cExport-release.cmake
[20.710s] -- Installing: /home/niklas/Documents/Telerrobotics/Lab2/Matlab/ros2CustomMessages/matlab_msg_gen/glnxa64/install/share/houghmessage/cmake/export_houghmessage__rosidl_generator_cppExport.cmake
[20.710s] -- Installing: /home/niklas/Documents/Telerrobotics/Lab2/Matlab/ros2CustomMessages/matlab_msg_gen/glnxa64/install/share/houghmessage/cmake/export_houghmessage__rosidl_typesupport_fastrtps_cppExport.cmake
[20.710s] -- Installing: /home/niklas/Documents/Telerrobotics/Lab2/Matlab/ros2CustomMessages/matlab_msg_gen/glnxa64/install/share/houghmessage/cmake/export_houghmessage__rosidl_typesupport_fastrtps_cppExport-release.cmake
[20.710s] -- Installing: /home/niklas/Documents/Telerrobotics/Lab2/Matlab/ros2CustomMessages/matlab_msg_gen/glnxa64/install/share/houghmessage/cmake/houghmessage__rosidl_typesupport_introspection_cppExport.cmake
[20.710s] -- Installing: /home/niklas/Documents/Telerrobotics/Lab2/Matlab/ros2CustomMessages/matlab_msg_gen/glnxa64/install/share/houghmessage/cmake/houghmessage__rosidl_typesupport_introspection_cppExport-release.cmake
[20.710s] -- Installing: /home/niklas/Documents/Telerrobotics/Lab2/Matlab/ros2CustomMessages/matlab_msg_gen/glnxa64/install/share/houghmessage/cmake/houghmessage__rosidl_typesupport_cppExport.cmake
[20.711s] -- Installing: /home/niklas/Documents/Telerrobotics/Lab2/Matlab/ros2CustomMessages/matlab_msg_gen/glnxa64/install/share/houghmessage/cmake/houghmessage__rosidl_typesupport_cppExport-release.cmake
[20.711s] -- Installing: /home/niklas/Documents/Telerrobotics/Lab2/Matlab/ros2CustomMessages/matlab_msg_gen/glnxa64/install/share/houghmessage/cmake/rosidl_cmake-extras.cmake
[20.711s] -- Installing: /home/niklas/Documents/Telerrobotics/Lab2/Matlab/ros2CustomMessages/matlab_msg_gen/glnxa64/install/share/houghmessage/cmake/ament_cmake_export_include_directories-extras.cmake
[20.711s] -- Installing: /home/niklas/Documents/Telerrobotics/Lab2/Matlab/ros2CustomMessages/matlab_msg_gen/glnxa64/install/share/houghmessage/cmake/ament_cmake_export_libraries-extras.cmake
[20.711s] -- Installing: /home/niklas/Documents/Telerrobotics/Lab2/Matlab/ros2CustomMessages/matlab_msg_gen/glnxa64/install/share/houghmessage/cmake/ament_cmake_export_targets-extras.cmake
[20.712s] -- Installing: /home/niklas/Documents/Telerrobotics/Lab2/Matlab/ros2CustomMessages/matlab_msg_gen/glnxa64/install/share/houghmessage/cmake/rosidl_cmake_export_typesupport_targets-extras.cmake
[20.712s] -- Installing: /home/niklas/Documents/Telerrobotics/Lab2/Matlab/ros2CustomMessages/matlab_msg_gen/glnxa64/install/share/houghmessage/cmake/ament_cmake_export_dependencies-extras.cmake
[20.712s] -- Installing: /home/niklas/Documents/Telerrobotics/Lab2/Matlab/ros2CustomMessages/matlab_msg_gen/glnxa64/install/share/houghmessage/cmake/rosidl_cmake_export_typesupport_libraries-extras.cmake
[20.712s] -- Installing: /home/niklas/Documents/Telerrobotics/Lab2/Matlab/ros2CustomMessages/matlab_msg_gen/glnxa64/install/share/houghmessage/cmake/houghmessageConfig.cmake
[20.712s] -- Installing: /home/niklas/Documents/Telerrobotics/Lab2/Matlab/ros2CustomMessages/matlab_msg_gen/glnxa64/install/share/houghmessage/cmake/houghmessageConfig-version.cmake
[20.713s] -- Installing: /home/niklas/Documents/Telerrobotics/Lab2/Matlab/ros2CustomMessages/matlab_msg_gen/glnxa64/install/share/houghmessage/package.xml
[20.719s] Invoked command in '/home/niklas/Documents/Telerrobotics/Lab2/Matlab/ros2CustomMessages/matlab_msg_gen/glnxa64/build/houghmessage' returned '0': PS1=(venv) VIRTUAL_ENV_PROMPT=(venv) /home/niklas/MatlabInstall/bin/glnxa64/cmake/bin/cmake --install /home/niklas/Documents/Telerrobotics/Lab2/Matlab/ros2CustomMessages/matlab_msg_gen/glnxa64/build/houghmessage
