[0.309s] Invoking command in '/home/niklas/Documents/Telerrobotics/Lab2/ros2_ws/build/turtlebot3_cartographer': CMAKE_PREFIX_PATH=/opt/ros/humble /usr/bin/cmake --build /home/niklas/Documents/Telerrobotics/Lab2/ros2_ws/build/turtlebot3_cartographer -- -j8 -l8
[1.299s] Invoked command in '/home/niklas/Documents/Telerrobotics/Lab2/ros2_ws/build/turtlebot3_cartographer' returned '0': CMAKE_PREFIX_PATH=/opt/ros/humble /usr/bin/cmake --build /home/niklas/Documents/Telerrobotics/Lab2/ros2_ws/build/turtlebot3_cartographer -- -j8 -l8
[1.476s] Invoking command in '/home/niklas/Documents/Telerrobotics/Lab2/ros2_ws/build/turtlebot3_cartographer': CMAKE_PREFIX_PATH=/opt/ros/humble /usr/bin/cmake --install /home/niklas/Documents/Telerrobotics/Lab2/ros2_ws/build/turtlebot3_cartographer
[1.508s] -- Install configuration: ""
[1.509s] -- Up-to-date: /home/niklas/Documents/Telerrobotics/Lab2/ros2_ws/install/turtlebot3_cartographer/share/turtlebot3_cartographer/config
[1.509s] -- Up-to-date: /home/niklas/Documents/Telerrobotics/Lab2/ros2_ws/install/turtlebot3_cartographer/share/turtlebot3_cartographer/config/turtlebot3_lds_2d.lua
[1.510s] -- Up-to-date: /home/niklas/Documents/Telerrobotics/Lab2/ros2_ws/install/turtlebot3_cartographer/share/turtlebot3_cartographer/launch
[1.510s] -- Up-to-date: /home/niklas/Documents/Telerrobotics/Lab2/ros2_ws/install/turtlebot3_cartographer/share/turtlebot3_cartographer/launch/cartographer.launch.py
[1.510s] -- Up-to-date: /home/niklas/Documents/Telerrobotics/Lab2/ros2_ws/install/turtlebot3_cartographer/share/turtlebot3_cartographer/launch/occupancy_grid.launch.py
[1.510s] -- Up-to-date: /home/niklas/Documents/Telerrobotics/Lab2/ros2_ws/install/turtlebot3_cartographer/share/turtlebot3_cartographer/rviz
[1.511s] -- Up-to-date: /home/niklas/Documents/Telerrobotics/Lab2/ros2_ws/install/turtlebot3_cartographer/share/turtlebot3_cartographer/rviz/tb3_cartographer.rviz
[1.514s] -- Up-to-date: /home/niklas/Documents/Telerrobotics/Lab2/ros2_ws/install/turtlebot3_cartographer/share/ament_index/resource_index/package_run_dependencies/turtlebot3_cartographer
[1.515s] -- Up-to-date: /home/niklas/Documents/Telerrobotics/Lab2/ros2_ws/install/turtlebot3_cartographer/share/ament_index/resource_index/parent_prefix_path/turtlebot3_cartographer
[1.516s] -- Up-to-date: /home/niklas/Documents/Telerrobotics/Lab2/ros2_ws/install/turtlebot3_cartographer/share/turtlebot3_cartographer/environment/ament_prefix_path.sh
[1.517s] -- Up-to-date: /home/niklas/Documents/Telerrobotics/Lab2/ros2_ws/install/turtlebot3_cartographer/share/turtlebot3_cartographer/environment/ament_prefix_path.dsv
[1.518s] -- Up-to-date: /home/niklas/Documents/Telerrobotics/Lab2/ros2_ws/install/turtlebot3_cartographer/share/turtlebot3_cartographer/environment/path.sh
[1.519s] -- Up-to-date: /home/niklas/Documents/Telerrobotics/Lab2/ros2_ws/install/turtlebot3_cartographer/share/turtlebot3_cartographer/environment/path.dsv
[1.519s] -- Up-to-date: /home/niklas/Documents/Telerrobotics/Lab2/ros2_ws/install/turtlebot3_cartographer/share/turtlebot3_cartographer/local_setup.bash
[1.519s] -- Up-to-date: /home/niklas/Documents/Telerrobotics/Lab2/ros2_ws/install/turtlebot3_cartographer/share/turtlebot3_cartographer/local_setup.sh
[1.519s] -- Up-to-date: /home/niklas/Documents/Telerrobotics/Lab2/ros2_ws/install/turtlebot3_cartographer/share/turtlebot3_cartographer/local_setup.zsh
[1.520s] -- Up-to-date: /home/niklas/Documents/Telerrobotics/Lab2/ros2_ws/install/turtlebot3_cartographer/share/turtlebot3_cartographer/local_setup.dsv
[1.520s] -- Installing: /home/niklas/Documents/Telerrobotics/Lab2/ros2_ws/install/turtlebot3_cartographer/share/turtlebot3_cartographer/package.dsv
[1.520s] -- Up-to-date: /home/niklas/Documents/Telerrobotics/Lab2/ros2_ws/install/turtlebot3_cartographer/share/ament_index/resource_index/packages/turtlebot3_cartographer
[1.520s] -- Up-to-date: /home/niklas/Documents/Telerrobotics/Lab2/ros2_ws/install/turtlebot3_cartographer/share/turtlebot3_cartographer/cmake/turtlebot3_cartographerConfig.cmake
[1.520s] -- Up-to-date: /home/niklas/Documents/Telerrobotics/Lab2/ros2_ws/install/turtlebot3_cartographer/share/turtlebot3_cartographer/cmake/turtlebot3_cartographerConfig-version.cmake
[1.521s] -- Up-to-date: /home/niklas/Documents/Telerrobotics/Lab2/ros2_ws/install/turtlebot3_cartographer/share/turtlebot3_cartographer/package.xml
[1.860s] Invoked command in '/home/niklas/Documents/Telerrobotics/Lab2/ros2_ws/build/turtlebot3_cartographer' returned '0': CMAKE_PREFIX_PATH=/opt/ros/humble /usr/bin/cmake --install /home/niklas/Documents/Telerrobotics/Lab2/ros2_ws/build/turtlebot3_cartographer
