[1.110s] Invoking command in '/home/niklas/Documents/Telerrobotics/Lab2/ros2_ws_hough/build/houghmessage': CMAKE_PREFIX_PATH=${CMAKE_PREFIX_PATH}:/home/niklas/Documents/Telerrobotics/Lab2/ros2_ws_hough/install/turtlebot3_teleop:/home/niklas/Documents/Telerrobotics/Lab2/ros2_ws_hough/install/turtlebot3_example:/opt/ros/humble /usr/bin/cmake --build /home/niklas/Documents/Telerrobotics/Lab2/ros2_ws_hough/build/houghmessage -- -j8 -l8
[1.367s] [35m[1mConsolidate compiler generated dependencies of target houghmessage__rosidl_generator_c[0m
[1.477s] [  3%] Built target houghmessage__cpp
[1.520s] [ 12%] Built target houghmessage__rosidl_generator_c
[1.540s] [35m[1mConsolidate compiler generated dependencies of target houghmessage__rosidl_typesupport_cpp[0m
[1.575s] [ 12%] Built target ament_cmake_python_copy_houghmessage
[1.606s] [35m[1mConsolidate compiler generated dependencies of target houghmessage__rosidl_typesupport_fastrtps_cpp[0m
[1.616s] [ 22%] Built target houghmessage__rosidl_typesupport_cpp
[1.620s] [35m[1mConsolidate compiler generated dependencies of target houghmessage__rosidl_typesupport_introspection_cpp[0m
[1.671s] [35m[1mConsolidate compiler generated dependencies of target houghmessage__rosidl_typesupport_c[0m
[1.682s] [35m[1mConsolidate compiler generated dependencies of target houghmessage__rosidl_typesupport_fastrtps_c[0m
[1.682s] [35m[1mConsolidate compiler generated dependencies of target houghmessage__rosidl_typesupport_introspection_c[0m
[1.754s] [ 32%] Built target houghmessage__rosidl_typesupport_introspection_cpp
[1.782s] [ 41%] Built target houghmessage__rosidl_typesupport_fastrtps_cpp
[1.807s] [ 51%] Built target houghmessage__rosidl_typesupport_introspection_c
[1.812s] [ 61%] Built target houghmessage__rosidl_typesupport_fastrtps_c
[1.818s] [ 70%] Built target houghmessage__rosidl_typesupport_c
[2.016s] [ 70%] Built target houghmessage
[2.185s] [ 74%] Built target houghmessage__py
[2.280s] [35m[1mConsolidate compiler generated dependencies of target houghmessage__rosidl_generator_py[0m
[2.388s] [ 80%] Built target houghmessage__rosidl_generator_py
[2.489s] [35m[1mConsolidate compiler generated dependencies of target houghmessage__rosidl_typesupport_introspection_c__pyext[0m
[2.501s] [35m[1mConsolidate compiler generated dependencies of target houghmessage__rosidl_typesupport_c__pyext[0m
[2.523s] [35m[1mConsolidate compiler generated dependencies of target houghmessage__rosidl_typesupport_fastrtps_c__pyext[0m
[2.621s] [ 87%] Built target houghmessage__rosidl_typesupport_c__pyext
[2.621s] [ 93%] Built target houghmessage__rosidl_typesupport_introspection_c__pyext
[2.629s] [100%] Built target houghmessage__rosidl_typesupport_fastrtps_c__pyext
[2.778s] running egg_info
[2.779s] writing houghmessage.egg-info/PKG-INFO
[2.782s] writing dependency_links to houghmessage.egg-info/dependency_links.txt
[2.782s] writing top-level names to houghmessage.egg-info/top_level.txt
[2.786s] reading manifest file 'houghmessage.egg-info/SOURCES.txt'
[2.787s] writing manifest file 'houghmessage.egg-info/SOURCES.txt'
[2.895s] [100%] Built target ament_cmake_python_build_houghmessage_egg
[2.996s] Invoked command in '/home/niklas/Documents/Telerrobotics/Lab2/ros2_ws_hough/build/houghmessage' returned '0': CMAKE_PREFIX_PATH=${CMAKE_PREFIX_PATH}:/home/niklas/Documents/Telerrobotics/Lab2/ros2_ws_hough/install/turtlebot3_teleop:/home/niklas/Documents/Telerrobotics/Lab2/ros2_ws_hough/install/turtlebot3_example:/opt/ros/humble /usr/bin/cmake --build /home/niklas/Documents/Telerrobotics/Lab2/ros2_ws_hough/build/houghmessage -- -j8 -l8
[3.601s] Invoking command in '/home/niklas/Documents/Telerrobotics/Lab2/ros2_ws_hough/build/houghmessage': CMAKE_PREFIX_PATH=${CMAKE_PREFIX_PATH}:/home/niklas/Documents/Telerrobotics/Lab2/ros2_ws_hough/install/turtlebot3_teleop:/home/niklas/Documents/Telerrobotics/Lab2/ros2_ws_hough/install/turtlebot3_example:/opt/ros/humble /usr/bin/cmake --install /home/niklas/Documents/Telerrobotics/Lab2/ros2_ws_hough/build/houghmessage
[3.621s] -- Install configuration: ""
[3.621s] -- Up-to-date: /home/niklas/Documents/Telerrobotics/Lab2/ros2_ws_hough/install/houghmessage/share/ament_index/resource_index/rosidl_interfaces/houghmessage
[3.621s] -- Up-to-date: /home/niklas/Documents/Telerrobotics/Lab2/ros2_ws_hough/install/houghmessage/include/houghmessage/houghmessage
[3.622s] -- Up-to-date: /home/niklas/Documents/Telerrobotics/Lab2/ros2_ws_hough/install/houghmessage/include/houghmessage/houghmessage/msg
[3.622s] -- Up-to-date: /home/niklas/Documents/Telerrobotics/Lab2/ros2_ws_hough/install/houghmessage/include/houghmessage/houghmessage/msg/rosidl_generator_c__visibility_control.h
[3.622s] -- Up-to-date: /home/niklas/Documents/Telerrobotics/Lab2/ros2_ws_hough/install/houghmessage/include/houghmessage/houghmessage/msg/r_whough_line.h
[3.622s] -- Up-to-date: /home/niklas/Documents/Telerrobotics/Lab2/ros2_ws_hough/install/houghmessage/include/houghmessage/houghmessage/msg/detail
[3.622s] -- Up-to-date: /home/niklas/Documents/Telerrobotics/Lab2/ros2_ws_hough/install/houghmessage/include/houghmessage/houghmessage/msg/detail/r_whough_line__struct.h
[3.622s] -- Up-to-date: /home/niklas/Documents/Telerrobotics/Lab2/ros2_ws_hough/install/houghmessage/include/houghmessage/houghmessage/msg/detail/r_whough_line__functions.h
[3.623s] -- Up-to-date: /home/niklas/Documents/Telerrobotics/Lab2/ros2_ws_hough/install/houghmessage/include/houghmessage/houghmessage/msg/detail/r_whough_line__functions.c
[3.623s] -- Up-to-date: /home/niklas/Documents/Telerrobotics/Lab2/ros2_ws_hough/install/houghmessage/include/houghmessage/houghmessage/msg/detail/r_whough_line__type_support.h
[3.623s] -- Up-to-date: /home/niklas/Documents/Telerrobotics/Lab2/ros2_ws_hough/install/houghmessage/share/houghmessage/environment/library_path.sh
[3.624s] -- Up-to-date: /home/niklas/Documents/Telerrobotics/Lab2/ros2_ws_hough/install/houghmessage/share/houghmessage/environment/library_path.dsv
[3.643s] -- Up-to-date: /home/niklas/Documents/Telerrobotics/Lab2/ros2_ws_hough/install/houghmessage/lib/libhoughmessage__rosidl_generator_c.so
[3.650s] -- Up-to-date: /home/niklas/Documents/Telerrobotics/Lab2/ros2_ws_hough/install/houghmessage/include/houghmessage/houghmessage
[3.657s] -- Up-to-date: /home/niklas/Documents/Telerrobotics/Lab2/ros2_ws_hough/install/houghmessage/include/houghmessage/houghmessage/msg
[3.657s] -- Up-to-date: /home/niklas/Documents/Telerrobotics/Lab2/ros2_ws_hough/install/houghmessage/include/houghmessage/houghmessage/msg/rosidl_typesupport_fastrtps_c__visibility_control.h
[3.658s] -- Up-to-date: /home/niklas/Documents/Telerrobotics/Lab2/ros2_ws_hough/install/houghmessage/include/houghmessage/houghmessage/msg/detail
[3.658s] -- Up-to-date: /home/niklas/Documents/Telerrobotics/Lab2/ros2_ws_hough/install/houghmessage/include/houghmessage/houghmessage/msg/detail/r_whough_line__rosidl_typesupport_fastrtps_c.h
[3.658s] -- Up-to-date: /home/niklas/Documents/Telerrobotics/Lab2/ros2_ws_hough/install/houghmessage/lib/libhoughmessage__rosidl_typesupport_fastrtps_c.so
[3.659s] -- Up-to-date: /home/niklas/Documents/Telerrobotics/Lab2/ros2_ws_hough/install/houghmessage/include/houghmessage/houghmessage
[3.659s] -- Up-to-date: /home/niklas/Documents/Telerrobotics/Lab2/ros2_ws_hough/install/houghmessage/include/houghmessage/houghmessage/msg
[3.660s] -- Up-to-date: /home/niklas/Documents/Telerrobotics/Lab2/ros2_ws_hough/install/houghmessage/include/houghmessage/houghmessage/msg/r_whough_line.hpp
[3.660s] -- Up-to-date: /home/niklas/Documents/Telerrobotics/Lab2/ros2_ws_hough/install/houghmessage/include/houghmessage/houghmessage/msg/detail
[3.660s] -- Up-to-date: /home/niklas/Documents/Telerrobotics/Lab2/ros2_ws_hough/install/houghmessage/include/houghmessage/houghmessage/msg/detail/r_whough_line__traits.hpp
[3.661s] -- Up-to-date: /home/niklas/Documents/Telerrobotics/Lab2/ros2_ws_hough/install/houghmessage/include/houghmessage/houghmessage/msg/detail/r_whough_line__builder.hpp
[3.661s] -- Up-to-date: /home/niklas/Documents/Telerrobotics/Lab2/ros2_ws_hough/install/houghmessage/include/houghmessage/houghmessage/msg/detail/r_whough_line__struct.hpp
[3.661s] -- Up-to-date: /home/niklas/Documents/Telerrobotics/Lab2/ros2_ws_hough/install/houghmessage/include/houghmessage/houghmessage
[3.661s] -- Up-to-date: /home/niklas/Documents/Telerrobotics/Lab2/ros2_ws_hough/install/houghmessage/include/houghmessage/houghmessage/msg
[3.662s] -- Up-to-date: /home/niklas/Documents/Telerrobotics/Lab2/ros2_ws_hough/install/houghmessage/include/houghmessage/houghmessage/msg/rosidl_typesupport_fastrtps_cpp__visibility_control.h
[3.662s] -- Up-to-date: /home/niklas/Documents/Telerrobotics/Lab2/ros2_ws_hough/install/houghmessage/include/houghmessage/houghmessage/msg/detail
[3.662s] -- Up-to-date: /home/niklas/Documents/Telerrobotics/Lab2/ros2_ws_hough/install/houghmessage/include/houghmessage/houghmessage/msg/detail/dds_fastrtps
[3.663s] -- Up-to-date: /home/niklas/Documents/Telerrobotics/Lab2/ros2_ws_hough/install/houghmessage/include/houghmessage/houghmessage/msg/detail/r_whough_line__rosidl_typesupport_fastrtps_cpp.hpp
[3.663s] -- Up-to-date: /home/niklas/Documents/Telerrobotics/Lab2/ros2_ws_hough/install/houghmessage/lib/libhoughmessage__rosidl_typesupport_fastrtps_cpp.so
[3.664s] -- Up-to-date: /home/niklas/Documents/Telerrobotics/Lab2/ros2_ws_hough/install/houghmessage/include/houghmessage/houghmessage
[3.664s] -- Up-to-date: /home/niklas/Documents/Telerrobotics/Lab2/ros2_ws_hough/install/houghmessage/include/houghmessage/houghmessage/msg
[3.664s] -- Up-to-date: /home/niklas/Documents/Telerrobotics/Lab2/ros2_ws_hough/install/houghmessage/include/houghmessage/houghmessage/msg/rosidl_typesupport_introspection_c__visibility_control.h
[3.665s] -- Up-to-date: /home/niklas/Documents/Telerrobotics/Lab2/ros2_ws_hough/install/houghmessage/include/houghmessage/houghmessage/msg/detail
[3.665s] -- Up-to-date: /home/niklas/Documents/Telerrobotics/Lab2/ros2_ws_hough/install/houghmessage/include/houghmessage/houghmessage/msg/detail/r_whough_line__rosidl_typesupport_introspection_c.h
[3.665s] -- Up-to-date: /home/niklas/Documents/Telerrobotics/Lab2/ros2_ws_hough/install/houghmessage/include/houghmessage/houghmessage/msg/detail/r_whough_line__type_support.c
[3.666s] -- Up-to-date: /home/niklas/Documents/Telerrobotics/Lab2/ros2_ws_hough/install/houghmessage/lib/libhoughmessage__rosidl_typesupport_introspection_c.so
[3.666s] -- Up-to-date: /home/niklas/Documents/Telerrobotics/Lab2/ros2_ws_hough/install/houghmessage/lib/libhoughmessage__rosidl_typesupport_c.so
[3.666s] -- Up-to-date: /home/niklas/Documents/Telerrobotics/Lab2/ros2_ws_hough/install/houghmessage/include/houghmessage/houghmessage
[3.666s] -- Up-to-date: /home/niklas/Documents/Telerrobotics/Lab2/ros2_ws_hough/install/houghmessage/include/houghmessage/houghmessage/msg
[3.667s] -- Up-to-date: /home/niklas/Documents/Telerrobotics/Lab2/ros2_ws_hough/install/houghmessage/include/houghmessage/houghmessage/msg/detail
[3.667s] -- Up-to-date: /home/niklas/Documents/Telerrobotics/Lab2/ros2_ws_hough/install/houghmessage/include/houghmessage/houghmessage/msg/detail/r_whough_line__type_support.cpp
[3.667s] -- Up-to-date: /home/niklas/Documents/Telerrobotics/Lab2/ros2_ws_hough/install/houghmessage/include/houghmessage/houghmessage/msg/detail/r_whough_line__rosidl_typesupport_introspection_cpp.hpp
[3.668s] -- Up-to-date: /home/niklas/Documents/Telerrobotics/Lab2/ros2_ws_hough/install/houghmessage/lib/libhoughmessage__rosidl_typesupport_introspection_cpp.so
[3.668s] -- Up-to-date: /home/niklas/Documents/Telerrobotics/Lab2/ros2_ws_hough/install/houghmessage/lib/libhoughmessage__rosidl_typesupport_cpp.so
[3.669s] -- Up-to-date: /home/niklas/Documents/Telerrobotics/Lab2/ros2_ws_hough/install/houghmessage/share/houghmessage/environment/pythonpath.sh
[3.669s] -- Up-to-date: /home/niklas/Documents/Telerrobotics/Lab2/ros2_ws_hough/install/houghmessage/share/houghmessage/environment/pythonpath.dsv
[3.669s] -- Up-to-date: /home/niklas/Documents/Telerrobotics/Lab2/ros2_ws_hough/install/houghmessage/local/lib/python3.10/dist-packages/houghmessage-0.0.0-py3.10.egg-info
[3.670s] -- Installing: /home/niklas/Documents/Telerrobotics/Lab2/ros2_ws_hough/install/houghmessage/local/lib/python3.10/dist-packages/houghmessage-0.0.0-py3.10.egg-info/dependency_links.txt
[3.670s] -- Installing: /home/niklas/Documents/Telerrobotics/Lab2/ros2_ws_hough/install/houghmessage/local/lib/python3.10/dist-packages/houghmessage-0.0.0-py3.10.egg-info/PKG-INFO
[3.670s] -- Installing: /home/niklas/Documents/Telerrobotics/Lab2/ros2_ws_hough/install/houghmessage/local/lib/python3.10/dist-packages/houghmessage-0.0.0-py3.10.egg-info/SOURCES.txt
[3.671s] -- Installing: /home/niklas/Documents/Telerrobotics/Lab2/ros2_ws_hough/install/houghmessage/local/lib/python3.10/dist-packages/houghmessage-0.0.0-py3.10.egg-info/top_level.txt
[3.677s] -- Up-to-date: /home/niklas/Documents/Telerrobotics/Lab2/ros2_ws_hough/install/houghmessage/local/lib/python3.10/dist-packages/houghmessage
[3.678s] -- Up-to-date: /home/niklas/Documents/Telerrobotics/Lab2/ros2_ws_hough/install/houghmessage/local/lib/python3.10/dist-packages/houghmessage/_houghmessage_s.ep.rosidl_typesupport_fastrtps_c.c
[3.678s] -- Up-to-date: /home/niklas/Documents/Telerrobotics/Lab2/ros2_ws_hough/install/houghmessage/local/lib/python3.10/dist-packages/houghmessage/_houghmessage_s.ep.rosidl_typesupport_introspection_c.c
[3.678s] -- Up-to-date: /home/niklas/Documents/Telerrobotics/Lab2/ros2_ws_hough/install/houghmessage/local/lib/python3.10/dist-packages/houghmessage/houghmessage_s__rosidl_typesupport_introspection_c.cpython-310-x86_64-linux-gnu.so
[3.678s] -- Up-to-date: /home/niklas/Documents/Telerrobotics/Lab2/ros2_ws_hough/install/houghmessage/local/lib/python3.10/dist-packages/houghmessage/_houghmessage_s.ep.rosidl_typesupport_c.c
[3.679s] -- Up-to-date: /home/niklas/Documents/Telerrobotics/Lab2/ros2_ws_hough/install/houghmessage/local/lib/python3.10/dist-packages/houghmessage/__init__.py
[3.679s] -- Up-to-date: /home/niklas/Documents/Telerrobotics/Lab2/ros2_ws_hough/install/houghmessage/local/lib/python3.10/dist-packages/houghmessage/houghmessage_s__rosidl_typesupport_fastrtps_c.cpython-310-x86_64-linux-gnu.so
[3.679s] -- Up-to-date: /home/niklas/Documents/Telerrobotics/Lab2/ros2_ws_hough/install/houghmessage/local/lib/python3.10/dist-packages/houghmessage/msg
[3.680s] -- Up-to-date: /home/niklas/Documents/Telerrobotics/Lab2/ros2_ws_hough/install/houghmessage/local/lib/python3.10/dist-packages/houghmessage/msg/__init__.py
[3.680s] -- Up-to-date: /home/niklas/Documents/Telerrobotics/Lab2/ros2_ws_hough/install/houghmessage/local/lib/python3.10/dist-packages/houghmessage/msg/_r_whough_line.py
[3.680s] -- Up-to-date: /home/niklas/Documents/Telerrobotics/Lab2/ros2_ws_hough/install/houghmessage/local/lib/python3.10/dist-packages/houghmessage/msg/_r_whough_line_s.c
[3.681s] -- Up-to-date: /home/niklas/Documents/Telerrobotics/Lab2/ros2_ws_hough/install/houghmessage/local/lib/python3.10/dist-packages/houghmessage/libhoughmessage__rosidl_generator_py.so
[3.681s] -- Up-to-date: /home/niklas/Documents/Telerrobotics/Lab2/ros2_ws_hough/install/houghmessage/local/lib/python3.10/dist-packages/houghmessage/houghmessage_s__rosidl_typesupport_c.cpython-310-x86_64-linux-gnu.so
[3.814s] Listing '/home/niklas/Documents/Telerrobotics/Lab2/ros2_ws_hough/install/houghmessage/local/lib/python3.10/dist-packages/houghmessage'...
[3.815s] Listing '/home/niklas/Documents/Telerrobotics/Lab2/ros2_ws_hough/install/houghmessage/local/lib/python3.10/dist-packages/houghmessage/msg'...
[3.829s] -- Up-to-date: /home/niklas/Documents/Telerrobotics/Lab2/ros2_ws_hough/install/houghmessage/local/lib/python3.10/dist-packages/houghmessage/houghmessage_s__rosidl_typesupport_fastrtps_c.cpython-310-x86_64-linux-gnu.so
[3.830s] -- Up-to-date: /home/niklas/Documents/Telerrobotics/Lab2/ros2_ws_hough/install/houghmessage/local/lib/python3.10/dist-packages/houghmessage/houghmessage_s__rosidl_typesupport_introspection_c.cpython-310-x86_64-linux-gnu.so
[3.831s] -- Up-to-date: /home/niklas/Documents/Telerrobotics/Lab2/ros2_ws_hough/install/houghmessage/local/lib/python3.10/dist-packages/houghmessage/houghmessage_s__rosidl_typesupport_c.cpython-310-x86_64-linux-gnu.so
[3.832s] -- Up-to-date: /home/niklas/Documents/Telerrobotics/Lab2/ros2_ws_hough/install/houghmessage/lib/libhoughmessage__rosidl_generator_py.so
[3.833s] -- Up-to-date: /home/niklas/Documents/Telerrobotics/Lab2/ros2_ws_hough/install/houghmessage/share/houghmessage/msg/RWhoughLine.idl
[3.833s] -- Up-to-date: /home/niklas/Documents/Telerrobotics/Lab2/ros2_ws_hough/install/houghmessage/share/houghmessage/msg/RWhoughLine.msg
[3.834s] -- Up-to-date: /home/niklas/Documents/Telerrobotics/Lab2/ros2_ws_hough/install/houghmessage/share/ament_index/resource_index/package_run_dependencies/houghmessage
[3.834s] -- Up-to-date: /home/niklas/Documents/Telerrobotics/Lab2/ros2_ws_hough/install/houghmessage/share/ament_index/resource_index/parent_prefix_path/houghmessage
[3.834s] -- Up-to-date: /home/niklas/Documents/Telerrobotics/Lab2/ros2_ws_hough/install/houghmessage/share/houghmessage/environment/ament_prefix_path.sh
[3.835s] -- Up-to-date: /home/niklas/Documents/Telerrobotics/Lab2/ros2_ws_hough/install/houghmessage/share/houghmessage/environment/ament_prefix_path.dsv
[3.835s] -- Up-to-date: /home/niklas/Documents/Telerrobotics/Lab2/ros2_ws_hough/install/houghmessage/share/houghmessage/environment/path.sh
[3.835s] -- Up-to-date: /home/niklas/Documents/Telerrobotics/Lab2/ros2_ws_hough/install/houghmessage/share/houghmessage/environment/path.dsv
[3.835s] -- Up-to-date: /home/niklas/Documents/Telerrobotics/Lab2/ros2_ws_hough/install/houghmessage/share/houghmessage/local_setup.bash
[3.836s] -- Up-to-date: /home/niklas/Documents/Telerrobotics/Lab2/ros2_ws_hough/install/houghmessage/share/houghmessage/local_setup.sh
[3.836s] -- Up-to-date: /home/niklas/Documents/Telerrobotics/Lab2/ros2_ws_hough/install/houghmessage/share/houghmessage/local_setup.zsh
[3.836s] -- Up-to-date: /home/niklas/Documents/Telerrobotics/Lab2/ros2_ws_hough/install/houghmessage/share/houghmessage/local_setup.dsv
[3.836s] -- Installing: /home/niklas/Documents/Telerrobotics/Lab2/ros2_ws_hough/install/houghmessage/share/houghmessage/package.dsv
[3.837s] -- Up-to-date: /home/niklas/Documents/Telerrobotics/Lab2/ros2_ws_hough/install/houghmessage/share/ament_index/resource_index/packages/houghmessage
[3.837s] -- Up-to-date: /home/niklas/Documents/Telerrobotics/Lab2/ros2_ws_hough/install/houghmessage/share/houghmessage/cmake/export_houghmessage__rosidl_generator_cExport.cmake
[3.837s] -- Up-to-date: /home/niklas/Documents/Telerrobotics/Lab2/ros2_ws_hough/install/houghmessage/share/houghmessage/cmake/export_houghmessage__rosidl_generator_cExport-noconfig.cmake
[3.838s] -- Up-to-date: /home/niklas/Documents/Telerrobotics/Lab2/ros2_ws_hough/install/houghmessage/share/houghmessage/cmake/export_houghmessage__rosidl_typesupport_fastrtps_cExport.cmake
[3.838s] -- Up-to-date: /home/niklas/Documents/Telerrobotics/Lab2/ros2_ws_hough/install/houghmessage/share/houghmessage/cmake/export_houghmessage__rosidl_typesupport_fastrtps_cExport-noconfig.cmake
[3.838s] -- Up-to-date: /home/niklas/Documents/Telerrobotics/Lab2/ros2_ws_hough/install/houghmessage/share/houghmessage/cmake/export_houghmessage__rosidl_generator_cppExport.cmake
[3.838s] -- Up-to-date: /home/niklas/Documents/Telerrobotics/Lab2/ros2_ws_hough/install/houghmessage/share/houghmessage/cmake/export_houghmessage__rosidl_typesupport_fastrtps_cppExport.cmake
[3.838s] -- Up-to-date: /home/niklas/Documents/Telerrobotics/Lab2/ros2_ws_hough/install/houghmessage/share/houghmessage/cmake/export_houghmessage__rosidl_typesupport_fastrtps_cppExport-noconfig.cmake
[3.839s] -- Up-to-date: /home/niklas/Documents/Telerrobotics/Lab2/ros2_ws_hough/install/houghmessage/share/houghmessage/cmake/houghmessage__rosidl_typesupport_introspection_cExport.cmake
[3.839s] -- Up-to-date: /home/niklas/Documents/Telerrobotics/Lab2/ros2_ws_hough/install/houghmessage/share/houghmessage/cmake/houghmessage__rosidl_typesupport_introspection_cExport-noconfig.cmake
[3.839s] -- Up-to-date: /home/niklas/Documents/Telerrobotics/Lab2/ros2_ws_hough/install/houghmessage/share/houghmessage/cmake/houghmessage__rosidl_typesupport_cExport.cmake
[3.840s] -- Up-to-date: /home/niklas/Documents/Telerrobotics/Lab2/ros2_ws_hough/install/houghmessage/share/houghmessage/cmake/houghmessage__rosidl_typesupport_cExport-noconfig.cmake
[3.840s] -- Up-to-date: /home/niklas/Documents/Telerrobotics/Lab2/ros2_ws_hough/install/houghmessage/share/houghmessage/cmake/houghmessage__rosidl_typesupport_introspection_cppExport.cmake
[3.841s] -- Up-to-date: /home/niklas/Documents/Telerrobotics/Lab2/ros2_ws_hough/install/houghmessage/share/houghmessage/cmake/houghmessage__rosidl_typesupport_introspection_cppExport-noconfig.cmake
[3.841s] -- Up-to-date: /home/niklas/Documents/Telerrobotics/Lab2/ros2_ws_hough/install/houghmessage/share/houghmessage/cmake/houghmessage__rosidl_typesupport_cppExport.cmake
[3.842s] -- Up-to-date: /home/niklas/Documents/Telerrobotics/Lab2/ros2_ws_hough/install/houghmessage/share/houghmessage/cmake/houghmessage__rosidl_typesupport_cppExport-noconfig.cmake
[3.842s] -- Up-to-date: /home/niklas/Documents/Telerrobotics/Lab2/ros2_ws_hough/install/houghmessage/share/houghmessage/cmake/export_houghmessage__rosidl_generator_pyExport.cmake
[3.842s] -- Up-to-date: /home/niklas/Documents/Telerrobotics/Lab2/ros2_ws_hough/install/houghmessage/share/houghmessage/cmake/export_houghmessage__rosidl_generator_pyExport-noconfig.cmake
[3.843s] -- Up-to-date: /home/niklas/Documents/Telerrobotics/Lab2/ros2_ws_hough/install/houghmessage/share/houghmessage/cmake/rosidl_cmake-extras.cmake
[3.843s] -- Up-to-date: /home/niklas/Documents/Telerrobotics/Lab2/ros2_ws_hough/install/houghmessage/share/houghmessage/cmake/ament_cmake_export_dependencies-extras.cmake
[3.843s] -- Up-to-date: /home/niklas/Documents/Telerrobotics/Lab2/ros2_ws_hough/install/houghmessage/share/houghmessage/cmake/ament_cmake_export_include_directories-extras.cmake
[3.843s] -- Up-to-date: /home/niklas/Documents/Telerrobotics/Lab2/ros2_ws_hough/install/houghmessage/share/houghmessage/cmake/ament_cmake_export_libraries-extras.cmake
[3.843s] -- Up-to-date: /home/niklas/Documents/Telerrobotics/Lab2/ros2_ws_hough/install/houghmessage/share/houghmessage/cmake/ament_cmake_export_targets-extras.cmake
[3.844s] -- Up-to-date: /home/niklas/Documents/Telerrobotics/Lab2/ros2_ws_hough/install/houghmessage/share/houghmessage/cmake/rosidl_cmake_export_typesupport_targets-extras.cmake
[3.844s] -- Up-to-date: /home/niklas/Documents/Telerrobotics/Lab2/ros2_ws_hough/install/houghmessage/share/houghmessage/cmake/rosidl_cmake_export_typesupport_libraries-extras.cmake
[3.844s] -- Up-to-date: /home/niklas/Documents/Telerrobotics/Lab2/ros2_ws_hough/install/houghmessage/share/houghmessage/cmake/houghmessageConfig.cmake
[3.844s] -- Up-to-date: /home/niklas/Documents/Telerrobotics/Lab2/ros2_ws_hough/install/houghmessage/share/houghmessage/cmake/houghmessageConfig-version.cmake
[3.844s] -- Up-to-date: /home/niklas/Documents/Telerrobotics/Lab2/ros2_ws_hough/install/houghmessage/share/houghmessage/package.xml
[3.859s] Invoked command in '/home/niklas/Documents/Telerrobotics/Lab2/ros2_ws_hough/build/houghmessage' returned '0': CMAKE_PREFIX_PATH=${CMAKE_PREFIX_PATH}:/home/niklas/Documents/Telerrobotics/Lab2/ros2_ws_hough/install/turtlebot3_teleop:/home/niklas/Documents/Telerrobotics/Lab2/ros2_ws_hough/install/turtlebot3_example:/opt/ros/humble /usr/bin/cmake --install /home/niklas/Documents/Telerrobotics/Lab2/ros2_ws_hough/build/houghmessage
