[0.451s] Invoking command in '/home/niklas/Documents/Telerrobotics/Lab2/ros2_ws/build/dynamixel_sdk': CMAKE_PREFIX_PATH=/opt/ros/humble /usr/bin/cmake /home/niklas/Documents/Telerrobotics/Lab2/ros2_ws/src/DynamixelSDK/dynamixel_sdk -DCMAKE_INSTALL_PREFIX=/home/niklas/Documents/Telerrobotics/Lab2/ros2_ws/install/dynamixel_sdk
[0.614s] -- The C compiler identification is GNU 11.4.0
[0.796s] -- The CXX compiler identification is GNU 11.4.0
[0.819s] -- Detecting C compiler ABI info
[1.025s] -- Detecting C compiler ABI info - done
[1.056s] -- Check for working C compiler: /usr/bin/cc - skipped
[1.057s] -- Detecting C compile features
[1.057s] -- Detecting C compile features - done
[1.061s] -- Detecting CXX compiler ABI info
[1.336s] -- Detecting CXX compiler ABI info - done
[1.336s] -- Check for working CXX compiler: /usr/bin/c++ - skipped
[1.336s] -- Detecting CXX compile features
[1.337s] -- Detecting CXX compile features - done
[1.353s] -- Found ament_cmake: 1.3.5 (/opt/ros/humble/share/ament_cmake/cmake)
[1.806s] -- Found Python3: /usr/bin/python3.10 (found version "3.10.12") found components: Interpreter 
[2.167s] -- Configuring done
[2.184s] -- Generating done
[2.190s] -- Build files have been written to: /home/niklas/Documents/Telerrobotics/Lab2/ros2_ws/build/dynamixel_sdk
[2.214s] Invoked command in '/home/niklas/Documents/Telerrobotics/Lab2/ros2_ws/build/dynamixel_sdk' returned '0': CMAKE_PREFIX_PATH=/opt/ros/humble /usr/bin/cmake /home/niklas/Documents/Telerrobotics/Lab2/ros2_ws/src/DynamixelSDK/dynamixel_sdk -DCMAKE_INSTALL_PREFIX=/home/niklas/Documents/Telerrobotics/Lab2/ros2_ws/install/dynamixel_sdk
[2.215s] Invoking command in '/home/niklas/Documents/Telerrobotics/Lab2/ros2_ws/build/dynamixel_sdk': CMAKE_PREFIX_PATH=/opt/ros/humble /usr/bin/cmake --build /home/niklas/Documents/Telerrobotics/Lab2/ros2_ws/build/dynamixel_sdk -- -j8 -l8
[2.331s] [ 10%] [32mBuilding CXX object CMakeFiles/dynamixel_sdk.dir/src/dynamixel_sdk/packet_handler.cpp.o[0m
[2.334s] [ 20%] [32mBuilding CXX object CMakeFiles/dynamixel_sdk.dir/src/dynamixel_sdk/protocol1_packet_handler.cpp.o[0m
[2.344s] [ 30%] [32mBuilding CXX object CMakeFiles/dynamixel_sdk.dir/src/dynamixel_sdk/group_sync_read.cpp.o[0m
[2.345s] [ 40%] [32mBuilding CXX object CMakeFiles/dynamixel_sdk.dir/src/dynamixel_sdk/group_sync_write.cpp.o[0m
[2.349s] [ 50%] [32mBuilding CXX object CMakeFiles/dynamixel_sdk.dir/src/dynamixel_sdk/protocol2_packet_handler.cpp.o[0m
[2.361s] [ 60%] [32mBuilding CXX object CMakeFiles/dynamixel_sdk.dir/src/dynamixel_sdk/group_bulk_write.cpp.o[0m
[2.362s] [ 70%] [32mBuilding CXX object CMakeFiles/dynamixel_sdk.dir/src/dynamixel_sdk/group_bulk_read.cpp.o[0m
[2.364s] [ 80%] [32mBuilding CXX object CMakeFiles/dynamixel_sdk.dir/src/dynamixel_sdk/port_handler.cpp.o[0m
[2.576s] [ 90%] [32mBuilding CXX object CMakeFiles/dynamixel_sdk.dir/src/dynamixel_sdk/port_handler_linux.cpp.o[0m
[3.698s] [100%] [32m[1mLinking CXX shared library libdynamixel_sdk.so[0m
[3.945s] [100%] Built target dynamixel_sdk
[4.053s] Invoked command in '/home/niklas/Documents/Telerrobotics/Lab2/ros2_ws/build/dynamixel_sdk' returned '0': CMAKE_PREFIX_PATH=/opt/ros/humble /usr/bin/cmake --build /home/niklas/Documents/Telerrobotics/Lab2/ros2_ws/build/dynamixel_sdk -- -j8 -l8
[4.196s] Invoking command in '/home/niklas/Documents/Telerrobotics/Lab2/ros2_ws/build/dynamixel_sdk': CMAKE_PREFIX_PATH=/opt/ros/humble /usr/bin/cmake --install /home/niklas/Documents/Telerrobotics/Lab2/ros2_ws/build/dynamixel_sdk
[4.250s] -- Install configuration: ""
[4.251s] -- Installing: /home/niklas/Documents/Telerrobotics/Lab2/ros2_ws/install/dynamixel_sdk/include/
[4.251s] -- Installing: /home/niklas/Documents/Telerrobotics/Lab2/ros2_ws/install/dynamixel_sdk/include//dynamixel_sdk
[4.251s] -- Installing: /home/niklas/Documents/Telerrobotics/Lab2/ros2_ws/install/dynamixel_sdk/include//dynamixel_sdk/protocol1_packet_handler.h
[4.251s] -- Installing: /home/niklas/Documents/Telerrobotics/Lab2/ros2_ws/install/dynamixel_sdk/include//dynamixel_sdk/dynamixel_sdk.h
[4.251s] -- Installing: /home/niklas/Documents/Telerrobotics/Lab2/ros2_ws/install/dynamixel_sdk/include//dynamixel_sdk/port_handler.h
[4.251s] -- Installing: /home/niklas/Documents/Telerrobotics/Lab2/ros2_ws/install/dynamixel_sdk/include//dynamixel_sdk/packet_handler.h
[4.252s] -- Installing: /home/niklas/Documents/Telerrobotics/Lab2/ros2_ws/install/dynamixel_sdk/include//dynamixel_sdk/group_sync_read.h
[4.252s] -- Installing: /home/niklas/Documents/Telerrobotics/Lab2/ros2_ws/install/dynamixel_sdk/include//dynamixel_sdk/protocol2_packet_handler.h
[4.252s] -- Installing: /home/niklas/Documents/Telerrobotics/Lab2/ros2_ws/install/dynamixel_sdk/include//dynamixel_sdk/port_handler_linux.h
[4.252s] -- Installing: /home/niklas/Documents/Telerrobotics/Lab2/ros2_ws/install/dynamixel_sdk/include//dynamixel_sdk/port_handler_mac.h
[4.252s] -- Installing: /home/niklas/Documents/Telerrobotics/Lab2/ros2_ws/install/dynamixel_sdk/include//dynamixel_sdk/group_bulk_read.h
[4.252s] -- Installing: /home/niklas/Documents/Telerrobotics/Lab2/ros2_ws/install/dynamixel_sdk/include//dynamixel_sdk/port_handler_windows.h
[4.252s] -- Installing: /home/niklas/Documents/Telerrobotics/Lab2/ros2_ws/install/dynamixel_sdk/include//dynamixel_sdk/group_bulk_write.h
[4.252s] -- Installing: /home/niklas/Documents/Telerrobotics/Lab2/ros2_ws/install/dynamixel_sdk/include//dynamixel_sdk/port_handler_arduino.h
[4.253s] -- Installing: /home/niklas/Documents/Telerrobotics/Lab2/ros2_ws/install/dynamixel_sdk/include//dynamixel_sdk/group_sync_write.h
[4.253s] -- Installing: /home/niklas/Documents/Telerrobotics/Lab2/ros2_ws/install/dynamixel_sdk/lib/libdynamixel_sdk.so
[4.253s] -- Installing: /home/niklas/Documents/Telerrobotics/Lab2/ros2_ws/install/dynamixel_sdk/share/dynamixel_sdk/environment/library_path.sh
[4.253s] -- Installing: /home/niklas/Documents/Telerrobotics/Lab2/ros2_ws/install/dynamixel_sdk/share/dynamixel_sdk/environment/library_path.dsv
[4.253s] -- Installing: /home/niklas/Documents/Telerrobotics/Lab2/ros2_ws/install/dynamixel_sdk/share/ament_index/resource_index/package_run_dependencies/dynamixel_sdk
[4.253s] -- Installing: /home/niklas/Documents/Telerrobotics/Lab2/ros2_ws/install/dynamixel_sdk/share/ament_index/resource_index/parent_prefix_path/dynamixel_sdk
[4.253s] -- Installing: /home/niklas/Documents/Telerrobotics/Lab2/ros2_ws/install/dynamixel_sdk/share/dynamixel_sdk/environment/ament_prefix_path.sh
[4.254s] -- Installing: /home/niklas/Documents/Telerrobotics/Lab2/ros2_ws/install/dynamixel_sdk/share/dynamixel_sdk/environment/ament_prefix_path.dsv
[4.254s] -- Installing: /home/niklas/Documents/Telerrobotics/Lab2/ros2_ws/install/dynamixel_sdk/share/dynamixel_sdk/environment/path.sh
[4.254s] -- Installing: /home/niklas/Documents/Telerrobotics/Lab2/ros2_ws/install/dynamixel_sdk/share/dynamixel_sdk/environment/path.dsv
[4.254s] -- Installing: /home/niklas/Documents/Telerrobotics/Lab2/ros2_ws/install/dynamixel_sdk/share/dynamixel_sdk/local_setup.bash
[4.254s] -- Installing: /home/niklas/Documents/Telerrobotics/Lab2/ros2_ws/install/dynamixel_sdk/share/dynamixel_sdk/local_setup.sh
[4.254s] -- Installing: /home/niklas/Documents/Telerrobotics/Lab2/ros2_ws/install/dynamixel_sdk/share/dynamixel_sdk/local_setup.zsh
[4.254s] -- Installing: /home/niklas/Documents/Telerrobotics/Lab2/ros2_ws/install/dynamixel_sdk/share/dynamixel_sdk/local_setup.dsv
[4.254s] -- Installing: /home/niklas/Documents/Telerrobotics/Lab2/ros2_ws/install/dynamixel_sdk/share/dynamixel_sdk/package.dsv
[4.255s] -- Installing: /home/niklas/Documents/Telerrobotics/Lab2/ros2_ws/install/dynamixel_sdk/share/ament_index/resource_index/packages/dynamixel_sdk
[4.255s] -- Installing: /home/niklas/Documents/Telerrobotics/Lab2/ros2_ws/install/dynamixel_sdk/share/dynamixel_sdk/cmake/ament_cmake_export_include_directories-extras.cmake
[4.255s] -- Installing: /home/niklas/Documents/Telerrobotics/Lab2/ros2_ws/install/dynamixel_sdk/share/dynamixel_sdk/cmake/ament_cmake_export_libraries-extras.cmake
[4.255s] -- Installing: /home/niklas/Documents/Telerrobotics/Lab2/ros2_ws/install/dynamixel_sdk/share/dynamixel_sdk/cmake/dynamixel_sdkConfig.cmake
[4.272s] -- Installing: /home/niklas/Documents/Telerrobotics/Lab2/ros2_ws/install/dynamixel_sdk/share/dynamixel_sdk/cmake/dynamixel_sdkConfig-version.cmake
[4.272s] -- Installing: /home/niklas/Documents/Telerrobotics/Lab2/ros2_ws/install/dynamixel_sdk/share/dynamixel_sdk/package.xml
[4.376s] Invoked command in '/home/niklas/Documents/Telerrobotics/Lab2/ros2_ws/build/dynamixel_sdk' returned '0': CMAKE_PREFIX_PATH=/opt/ros/humble /usr/bin/cmake --install /home/niklas/Documents/Telerrobotics/Lab2/ros2_ws/build/dynamixel_sdk
