[1.627s] Invoking command in '/home/niklas/Documents/Telerrobotics/Lab2/ros2_ws_hough/build/turtlebot3_fake_node': CMAKE_PREFIX_PATH=/home/niklas/Documents/Telerrobotics/Lab2/ros2_ws_hough/install/turtlebot3_msgs:/home/niklas/Documents/Telerrobotics/Lab2/ros2_ws_hough/install/turtlebot3:/home/niklas/Documents/Telerrobotics/Lab2/ros2_ws_hough/install/turtlebot3_simulations:/home/niklas/Documents/Telerrobotics/Lab2/ros2_ws_hough/install/turtlebot3_bringup:/home/niklas/Documents/Telerrobotics/Lab2/ros2_ws_hough/install/turtlebot3_node:/home/niklas/Documents/Telerrobotics/Lab2/ros2_ws_hough/install/turtlebot3_navigation2:/home/niklas/Documents/Telerrobotics/Lab2/ros2_ws_hough/install/turtlebot3_fake_node:/home/niklas/Documents/Telerrobotics/Lab2/ros2_ws_hough/install/turtlebot3_gazebo:/home/niklas/Documents/Telerrobotics/Lab2/ros2_ws_hough/install/turtlebot3_description:/home/niklas/Documents/Telerrobotics/Lab2/ros2_ws_hough/install/turtlebot3_cartographer:/home/niklas/Documents/Telerrobotics/Lab2/ros2_ws_hough/install/rwth:/home/niklas/Documents/Telerrobotics/Lab2/ros2_ws_hough/install/houghmessage:/home/niklas/Documents/Telerrobotics/Lab2/ros2_ws_hough/install/dynamixel_sdk_examples:/home/niklas/Documents/Telerrobotics/Lab2/ros2_ws_hough/install/dynamixel_sdk_custom_interfaces:/home/niklas/Documents/Telerrobotics/Lab2/ros2_ws_hough/install/dynamixel_sdk:/home/niklas/Documents/Telerrobotics/Lab2/ros2_ws_hough/install/turtlebot3_teleop:/home/niklas/Documents/Telerrobotics/Lab2/ros2_ws_hough/install/turtlebot3_example:/opt/ros/humble /usr/bin/cmake /home/niklas/Documents/Telerrobotics/Lab2/ros2_ws_hough/src/turtlebot3_simulations/turtlebot3_fake_node -DCMAKE_INSTALL_PREFIX=/home/niklas/Documents/Telerrobotics/Lab2/ros2_ws_hough/install/turtlebot3_fake_node
[1.989s] -- The C compiler identification is GNU 11.4.0
[2.281s] -- The CXX compiler identification is GNU 11.4.0
[2.322s] -- Detecting C compiler ABI info
[2.813s] -- Detecting C compiler ABI info - done
[2.860s] -- Check for working C compiler: /usr/bin/cc - skipped
[2.861s] -- Detecting C compile features
[2.866s] -- Detecting C compile features - done
[2.873s] -- Detecting CXX compiler ABI info
[3.290s] -- Detecting CXX compiler ABI info - done
[3.337s] -- Check for working CXX compiler: /usr/bin/c++ - skipped
[3.338s] -- Detecting CXX compile features
[3.338s] -- Detecting CXX compile features - done
[3.347s] -- Found ament_cmake: 1.3.5 (/opt/ros/humble/share/ament_cmake/cmake)
[4.275s] -- Found Python3: /usr/bin/python3.10 (found version "3.10.12") found components: Interpreter 
[4.785s] -- Found geometry_msgs: 4.2.3 (/opt/ros/humble/share/geometry_msgs/cmake)
[4.947s] -- Found rosidl_generator_c: 3.1.5 (/opt/ros/humble/share/rosidl_generator_c/cmake)
[4.972s] -- Found rosidl_adapter: 3.1.5 (/opt/ros/humble/share/rosidl_adapter/cmake)
[5.022s] -- Found rosidl_generator_cpp: 3.1.5 (/opt/ros/humble/share/rosidl_generator_cpp/cmake)
[5.082s] -- Using all available rosidl_typesupport_c: rosidl_typesupport_fastrtps_c;rosidl_typesupport_introspection_c
[5.162s] -- Using all available rosidl_typesupport_cpp: rosidl_typesupport_fastrtps_cpp;rosidl_typesupport_introspection_cpp
[5.526s] -- Found nav_msgs: 4.2.3 (/opt/ros/humble/share/nav_msgs/cmake)
[5.772s] -- Found rclcpp: 16.0.6 (/opt/ros/humble/share/rclcpp/cmake)
[6.010s] -- Found rmw_implementation_cmake: 6.1.1 (/opt/ros/humble/share/rmw_implementation_cmake/cmake)
[6.022s] -- Found rmw_fastrtps_cpp: 6.2.4 (/opt/ros/humble/share/rmw_fastrtps_cpp/cmake)
[6.495s] -- Found OpenSSL: /usr/lib/x86_64-linux-gnu/libcrypto.so (found version "3.0.2")  
[6.594s] -- Found FastRTPS: /opt/ros/humble/include  
[6.775s] -- Using RMW implementation 'rmw_fastrtps_cpp' as default
[6.814s] -- Looking for pthread.h
[7.248s] -- Looking for pthread.h - found
[7.248s] -- Performing Test CMAKE_HAVE_LIBC_PTHREAD
[7.598s] -- Performing Test CMAKE_HAVE_LIBC_PTHREAD - Success
[7.602s] -- Found Threads: TRUE  
[8.060s] -- Found sensor_msgs: 4.2.3 (/opt/ros/humble/share/sensor_msgs/cmake)
[8.349s] -- Found tf2: 0.25.4 (/opt/ros/humble/share/tf2/cmake)
[8.404s] -- Found tf2_msgs: 0.25.4 (/opt/ros/humble/share/tf2_msgs/cmake)
[8.856s] -- Found turtlebot3_msgs: 2.2.3 (/home/niklas/Documents/Telerrobotics/Lab2/ros2_ws_hough/install/turtlebot3_msgs/share/turtlebot3_msgs/cmake)
[9.449s] -- Configuring done
[9.500s] -- Generating done
[9.520s] -- Build files have been written to: /home/niklas/Documents/Telerrobotics/Lab2/ros2_ws_hough/build/turtlebot3_fake_node
[9.582s] Invoked command in '/home/niklas/Documents/Telerrobotics/Lab2/ros2_ws_hough/build/turtlebot3_fake_node' returned '0': CMAKE_PREFIX_PATH=/home/niklas/Documents/Telerrobotics/Lab2/ros2_ws_hough/install/turtlebot3_msgs:/home/niklas/Documents/Telerrobotics/Lab2/ros2_ws_hough/install/turtlebot3:/home/niklas/Documents/Telerrobotics/Lab2/ros2_ws_hough/install/turtlebot3_simulations:/home/niklas/Documents/Telerrobotics/Lab2/ros2_ws_hough/install/turtlebot3_bringup:/home/niklas/Documents/Telerrobotics/Lab2/ros2_ws_hough/install/turtlebot3_node:/home/niklas/Documents/Telerrobotics/Lab2/ros2_ws_hough/install/turtlebot3_navigation2:/home/niklas/Documents/Telerrobotics/Lab2/ros2_ws_hough/install/turtlebot3_fake_node:/home/niklas/Documents/Telerrobotics/Lab2/ros2_ws_hough/install/turtlebot3_gazebo:/home/niklas/Documents/Telerrobotics/Lab2/ros2_ws_hough/install/turtlebot3_description:/home/niklas/Documents/Telerrobotics/Lab2/ros2_ws_hough/install/turtlebot3_cartographer:/home/niklas/Documents/Telerrobotics/Lab2/ros2_ws_hough/install/rwth:/home/niklas/Documents/Telerrobotics/Lab2/ros2_ws_hough/install/houghmessage:/home/niklas/Documents/Telerrobotics/Lab2/ros2_ws_hough/install/dynamixel_sdk_examples:/home/niklas/Documents/Telerrobotics/Lab2/ros2_ws_hough/install/dynamixel_sdk_custom_interfaces:/home/niklas/Documents/Telerrobotics/Lab2/ros2_ws_hough/install/dynamixel_sdk:/home/niklas/Documents/Telerrobotics/Lab2/ros2_ws_hough/install/turtlebot3_teleop:/home/niklas/Documents/Telerrobotics/Lab2/ros2_ws_hough/install/turtlebot3_example:/opt/ros/humble /usr/bin/cmake /home/niklas/Documents/Telerrobotics/Lab2/ros2_ws_hough/src/turtlebot3_simulations/turtlebot3_fake_node -DCMAKE_INSTALL_PREFIX=/home/niklas/Documents/Telerrobotics/Lab2/ros2_ws_hough/install/turtlebot3_fake_node
[9.584s] Invoking command in '/home/niklas/Documents/Telerrobotics/Lab2/ros2_ws_hough/build/turtlebot3_fake_node': CMAKE_PREFIX_PATH=/home/niklas/Documents/Telerrobotics/Lab2/ros2_ws_hough/install/turtlebot3_msgs:/home/niklas/Documents/Telerrobotics/Lab2/ros2_ws_hough/install/turtlebot3:/home/niklas/Documents/Telerrobotics/Lab2/ros2_ws_hough/install/turtlebot3_simulations:/home/niklas/Documents/Telerrobotics/Lab2/ros2_ws_hough/install/turtlebot3_bringup:/home/niklas/Documents/Telerrobotics/Lab2/ros2_ws_hough/install/turtlebot3_node:/home/niklas/Documents/Telerrobotics/Lab2/ros2_ws_hough/install/turtlebot3_navigation2:/home/niklas/Documents/Telerrobotics/Lab2/ros2_ws_hough/install/turtlebot3_fake_node:/home/niklas/Documents/Telerrobotics/Lab2/ros2_ws_hough/install/turtlebot3_gazebo:/home/niklas/Documents/Telerrobotics/Lab2/ros2_ws_hough/install/turtlebot3_description:/home/niklas/Documents/Telerrobotics/Lab2/ros2_ws_hough/install/turtlebot3_cartographer:/home/niklas/Documents/Telerrobotics/Lab2/ros2_ws_hough/install/rwth:/home/niklas/Documents/Telerrobotics/Lab2/ros2_ws_hough/install/houghmessage:/home/niklas/Documents/Telerrobotics/Lab2/ros2_ws_hough/install/dynamixel_sdk_examples:/home/niklas/Documents/Telerrobotics/Lab2/ros2_ws_hough/install/dynamixel_sdk_custom_interfaces:/home/niklas/Documents/Telerrobotics/Lab2/ros2_ws_hough/install/dynamixel_sdk:/home/niklas/Documents/Telerrobotics/Lab2/ros2_ws_hough/install/turtlebot3_teleop:/home/niklas/Documents/Telerrobotics/Lab2/ros2_ws_hough/install/turtlebot3_example:/opt/ros/humble /usr/bin/cmake --build /home/niklas/Documents/Telerrobotics/Lab2/ros2_ws_hough/build/turtlebot3_fake_node -- -j8 -l8
[9.921s] [ 50%] [32mBuilding CXX object CMakeFiles/turtlebot3_fake_node.dir/src/turtlebot3_fake_node.cpp.o[0m
[53.311s] [100%] [32m[1mLinking CXX executable turtlebot3_fake_node[0m
[54.579s] [100%] Built target turtlebot3_fake_node
[54.606s] Invoked command in '/home/niklas/Documents/Telerrobotics/Lab2/ros2_ws_hough/build/turtlebot3_fake_node' returned '0': CMAKE_PREFIX_PATH=/home/niklas/Documents/Telerrobotics/Lab2/ros2_ws_hough/install/turtlebot3_msgs:/home/niklas/Documents/Telerrobotics/Lab2/ros2_ws_hough/install/turtlebot3:/home/niklas/Documents/Telerrobotics/Lab2/ros2_ws_hough/install/turtlebot3_simulations:/home/niklas/Documents/Telerrobotics/Lab2/ros2_ws_hough/install/turtlebot3_bringup:/home/niklas/Documents/Telerrobotics/Lab2/ros2_ws_hough/install/turtlebot3_node:/home/niklas/Documents/Telerrobotics/Lab2/ros2_ws_hough/install/turtlebot3_navigation2:/home/niklas/Documents/Telerrobotics/Lab2/ros2_ws_hough/install/turtlebot3_fake_node:/home/niklas/Documents/Telerrobotics/Lab2/ros2_ws_hough/install/turtlebot3_gazebo:/home/niklas/Documents/Telerrobotics/Lab2/ros2_ws_hough/install/turtlebot3_description:/home/niklas/Documents/Telerrobotics/Lab2/ros2_ws_hough/install/turtlebot3_cartographer:/home/niklas/Documents/Telerrobotics/Lab2/ros2_ws_hough/install/rwth:/home/niklas/Documents/Telerrobotics/Lab2/ros2_ws_hough/install/houghmessage:/home/niklas/Documents/Telerrobotics/Lab2/ros2_ws_hough/install/dynamixel_sdk_examples:/home/niklas/Documents/Telerrobotics/Lab2/ros2_ws_hough/install/dynamixel_sdk_custom_interfaces:/home/niklas/Documents/Telerrobotics/Lab2/ros2_ws_hough/install/dynamixel_sdk:/home/niklas/Documents/Telerrobotics/Lab2/ros2_ws_hough/install/turtlebot3_teleop:/home/niklas/Documents/Telerrobotics/Lab2/ros2_ws_hough/install/turtlebot3_example:/opt/ros/humble /usr/bin/cmake --build /home/niklas/Documents/Telerrobotics/Lab2/ros2_ws_hough/build/turtlebot3_fake_node -- -j8 -l8
[54.667s] Invoking command in '/home/niklas/Documents/Telerrobotics/Lab2/ros2_ws_hough/build/turtlebot3_fake_node': CMAKE_PREFIX_PATH=/home/niklas/Documents/Telerrobotics/Lab2/ros2_ws_hough/install/turtlebot3_msgs:/home/niklas/Documents/Telerrobotics/Lab2/ros2_ws_hough/install/turtlebot3:/home/niklas/Documents/Telerrobotics/Lab2/ros2_ws_hough/install/turtlebot3_simulations:/home/niklas/Documents/Telerrobotics/Lab2/ros2_ws_hough/install/turtlebot3_bringup:/home/niklas/Documents/Telerrobotics/Lab2/ros2_ws_hough/install/turtlebot3_node:/home/niklas/Documents/Telerrobotics/Lab2/ros2_ws_hough/install/turtlebot3_navigation2:/home/niklas/Documents/Telerrobotics/Lab2/ros2_ws_hough/install/turtlebot3_fake_node:/home/niklas/Documents/Telerrobotics/Lab2/ros2_ws_hough/install/turtlebot3_gazebo:/home/niklas/Documents/Telerrobotics/Lab2/ros2_ws_hough/install/turtlebot3_description:/home/niklas/Documents/Telerrobotics/Lab2/ros2_ws_hough/install/turtlebot3_cartographer:/home/niklas/Documents/Telerrobotics/Lab2/ros2_ws_hough/install/rwth:/home/niklas/Documents/Telerrobotics/Lab2/ros2_ws_hough/install/houghmessage:/home/niklas/Documents/Telerrobotics/Lab2/ros2_ws_hough/install/dynamixel_sdk_examples:/home/niklas/Documents/Telerrobotics/Lab2/ros2_ws_hough/install/dynamixel_sdk_custom_interfaces:/home/niklas/Documents/Telerrobotics/Lab2/ros2_ws_hough/install/dynamixel_sdk:/home/niklas/Documents/Telerrobotics/Lab2/ros2_ws_hough/install/turtlebot3_teleop:/home/niklas/Documents/Telerrobotics/Lab2/ros2_ws_hough/install/turtlebot3_example:/opt/ros/humble /usr/bin/cmake --install /home/niklas/Documents/Telerrobotics/Lab2/ros2_ws_hough/build/turtlebot3_fake_node
[54.681s] -- Install configuration: ""
[54.681s] -- Installing: /home/niklas/Documents/Telerrobotics/Lab2/ros2_ws_hough/install/turtlebot3_fake_node/lib/turtlebot3_fake_node/turtlebot3_fake_node
[54.691s] -- Set runtime path of "/home/niklas/Documents/Telerrobotics/Lab2/ros2_ws_hough/install/turtlebot3_fake_node/lib/turtlebot3_fake_node/turtlebot3_fake_node" to ""
[54.692s] -- Installing: /home/niklas/Documents/Telerrobotics/Lab2/ros2_ws_hough/install/turtlebot3_fake_node/share/turtlebot3_fake_node/launch
[54.692s] -- Installing: /home/niklas/Documents/Telerrobotics/Lab2/ros2_ws_hough/install/turtlebot3_fake_node/share/turtlebot3_fake_node/launch/rviz2.launch.py
[54.693s] -- Installing: /home/niklas/Documents/Telerrobotics/Lab2/ros2_ws_hough/install/turtlebot3_fake_node/share/turtlebot3_fake_node/launch/turtlebot3_fake_node.launch.py
[54.694s] -- Installing: /home/niklas/Documents/Telerrobotics/Lab2/ros2_ws_hough/install/turtlebot3_fake_node/share/turtlebot3_fake_node/param
[54.694s] -- Installing: /home/niklas/Documents/Telerrobotics/Lab2/ros2_ws_hough/install/turtlebot3_fake_node/share/turtlebot3_fake_node/param/waffle_pi.yaml
[54.694s] -- Installing: /home/niklas/Documents/Telerrobotics/Lab2/ros2_ws_hough/install/turtlebot3_fake_node/share/turtlebot3_fake_node/param/burger.yaml
[54.695s] -- Installing: /home/niklas/Documents/Telerrobotics/Lab2/ros2_ws_hough/install/turtlebot3_fake_node/share/turtlebot3_fake_node/param/waffle.yaml
[54.696s] -- Installing: /home/niklas/Documents/Telerrobotics/Lab2/ros2_ws_hough/install/turtlebot3_fake_node/include/
[54.696s] -- Installing: /home/niklas/Documents/Telerrobotics/Lab2/ros2_ws_hough/install/turtlebot3_fake_node/include//turtlebot3_fake_node
[54.697s] -- Installing: /home/niklas/Documents/Telerrobotics/Lab2/ros2_ws_hough/install/turtlebot3_fake_node/include//turtlebot3_fake_node/turtlebot3_fake_node.hpp
[54.697s] -- Installing: /home/niklas/Documents/Telerrobotics/Lab2/ros2_ws_hough/install/turtlebot3_fake_node/share/ament_index/resource_index/package_run_dependencies/turtlebot3_fake_node
[54.698s] -- Installing: /home/niklas/Documents/Telerrobotics/Lab2/ros2_ws_hough/install/turtlebot3_fake_node/share/ament_index/resource_index/parent_prefix_path/turtlebot3_fake_node
[54.698s] -- Installing: /home/niklas/Documents/Telerrobotics/Lab2/ros2_ws_hough/install/turtlebot3_fake_node/share/turtlebot3_fake_node/environment/ament_prefix_path.sh
[54.699s] -- Installing: /home/niklas/Documents/Telerrobotics/Lab2/ros2_ws_hough/install/turtlebot3_fake_node/share/turtlebot3_fake_node/environment/ament_prefix_path.dsv
[54.699s] -- Installing: /home/niklas/Documents/Telerrobotics/Lab2/ros2_ws_hough/install/turtlebot3_fake_node/share/turtlebot3_fake_node/environment/path.sh
[54.699s] -- Installing: /home/niklas/Documents/Telerrobotics/Lab2/ros2_ws_hough/install/turtlebot3_fake_node/share/turtlebot3_fake_node/environment/path.dsv
[54.700s] -- Installing: /home/niklas/Documents/Telerrobotics/Lab2/ros2_ws_hough/install/turtlebot3_fake_node/share/turtlebot3_fake_node/local_setup.bash
[54.700s] -- Installing: /home/niklas/Documents/Telerrobotics/Lab2/ros2_ws_hough/install/turtlebot3_fake_node/share/turtlebot3_fake_node/local_setup.sh
[54.702s] -- Installing: /home/niklas/Documents/Telerrobotics/Lab2/ros2_ws_hough/install/turtlebot3_fake_node/share/turtlebot3_fake_node/local_setup.zsh
[54.703s] -- Installing: /home/niklas/Documents/Telerrobotics/Lab2/ros2_ws_hough/install/turtlebot3_fake_node/share/turtlebot3_fake_node/local_setup.dsv
[54.703s] -- Installing: /home/niklas/Documents/Telerrobotics/Lab2/ros2_ws_hough/install/turtlebot3_fake_node/share/turtlebot3_fake_node/package.dsv
[54.703s] -- Installing: /home/niklas/Documents/Telerrobotics/Lab2/ros2_ws_hough/install/turtlebot3_fake_node/share/ament_index/resource_index/packages/turtlebot3_fake_node
[54.704s] -- Installing: /home/niklas/Documents/Telerrobotics/Lab2/ros2_ws_hough/install/turtlebot3_fake_node/share/turtlebot3_fake_node/cmake/ament_cmake_export_include_directories-extras.cmake
[54.705s] -- Installing: /home/niklas/Documents/Telerrobotics/Lab2/ros2_ws_hough/install/turtlebot3_fake_node/share/turtlebot3_fake_node/cmake/ament_cmake_export_dependencies-extras.cmake
[54.706s] -- Installing: /home/niklas/Documents/Telerrobotics/Lab2/ros2_ws_hough/install/turtlebot3_fake_node/share/turtlebot3_fake_node/cmake/turtlebot3_fake_nodeConfig.cmake
[54.706s] -- Installing: /home/niklas/Documents/Telerrobotics/Lab2/ros2_ws_hough/install/turtlebot3_fake_node/share/turtlebot3_fake_node/cmake/turtlebot3_fake_nodeConfig-version.cmake
[54.707s] -- Installing: /home/niklas/Documents/Telerrobotics/Lab2/ros2_ws_hough/install/turtlebot3_fake_node/share/turtlebot3_fake_node/package.xml
[54.712s] Invoked command in '/home/niklas/Documents/Telerrobotics/Lab2/ros2_ws_hough/build/turtlebot3_fake_node' returned '0': CMAKE_PREFIX_PATH=/home/niklas/Documents/Telerrobotics/Lab2/ros2_ws_hough/install/turtlebot3_msgs:/home/niklas/Documents/Telerrobotics/Lab2/ros2_ws_hough/install/turtlebot3:/home/niklas/Documents/Telerrobotics/Lab2/ros2_ws_hough/install/turtlebot3_simulations:/home/niklas/Documents/Telerrobotics/Lab2/ros2_ws_hough/install/turtlebot3_bringup:/home/niklas/Documents/Telerrobotics/Lab2/ros2_ws_hough/install/turtlebot3_node:/home/niklas/Documents/Telerrobotics/Lab2/ros2_ws_hough/install/turtlebot3_navigation2:/home/niklas/Documents/Telerrobotics/Lab2/ros2_ws_hough/install/turtlebot3_fake_node:/home/niklas/Documents/Telerrobotics/Lab2/ros2_ws_hough/install/turtlebot3_gazebo:/home/niklas/Documents/Telerrobotics/Lab2/ros2_ws_hough/install/turtlebot3_description:/home/niklas/Documents/Telerrobotics/Lab2/ros2_ws_hough/install/turtlebot3_cartographer:/home/niklas/Documents/Telerrobotics/Lab2/ros2_ws_hough/install/rwth:/home/niklas/Documents/Telerrobotics/Lab2/ros2_ws_hough/install/houghmessage:/home/niklas/Documents/Telerrobotics/Lab2/ros2_ws_hough/install/dynamixel_sdk_examples:/home/niklas/Documents/Telerrobotics/Lab2/ros2_ws_hough/install/dynamixel_sdk_custom_interfaces:/home/niklas/Documents/Telerrobotics/Lab2/ros2_ws_hough/install/dynamixel_sdk:/home/niklas/Documents/Telerrobotics/Lab2/ros2_ws_hough/install/turtlebot3_teleop:/home/niklas/Documents/Telerrobotics/Lab2/ros2_ws_hough/install/turtlebot3_example:/opt/ros/humble /usr/bin/cmake --install /home/niklas/Documents/Telerrobotics/Lab2/ros2_ws_hough/build/turtlebot3_fake_node
