[0.090s] Invoking command in '/home/niklas/Documents/Telerrobotics/Lab2/ros2_ws/build/houghmessage': CMAKE_PREFIX_PATH=${CMAKE_PREFIX_PATH}:/home/niklas/Documents/Telerrobotics/Lab2/ros2_ws/install/turtlebot3_teleop:/home/niklas/Documents/Telerrobotics/Lab2/ros2_ws/install/houghmessage:/opt/ros/humble /usr/bin/cmake --build /home/niklas/Documents/Telerrobotics/Lab2/ros2_ws/build/houghmessage -- -j8 -l8
[0.194s] [  9%] Built target houghmessage__rosidl_generator_c
[0.199s] [ 12%] Built target houghmessage__cpp
[0.214s] [ 12%] Built target ament_cmake_python_copy_houghmessage
[0.245s] [ 22%] Built target houghmessage__rosidl_typesupport_introspection_c
[0.258s] [ 32%] Built target houghmessage__rosidl_typesupport_c
[0.258s] [ 41%] Built target houghmessage__rosidl_typesupport_fastrtps_c
[0.258s] [ 51%] Built target houghmessage__rosidl_typesupport_fastrtps_cpp
[0.260s] [ 70%] Built target houghmessage__rosidl_typesupport_introspection_cpp
[0.260s] [ 70%] Built target houghmessage__rosidl_typesupport_cpp
[0.298s] [ 70%] Built target houghmessage
[0.344s] [ 74%] Built target houghmessage__py
[0.389s] [ 80%] Built target houghmessage__rosidl_generator_py
[0.435s] [100%] Built target houghmessage__rosidl_typesupport_introspection_c__pyext
[0.436s] [100%] Built target houghmessage__rosidl_typesupport_c__pyext
[0.436s] [100%] Built target houghmessage__rosidl_typesupport_fastrtps_c__pyext
[0.609s] running egg_info
[0.609s] writing houghmessage.egg-info/PKG-INFO
[0.610s] writing dependency_links to houghmessage.egg-info/dependency_links.txt
[0.610s] writing top-level names to houghmessage.egg-info/top_level.txt
[0.613s] reading manifest file 'houghmessage.egg-info/SOURCES.txt'
[0.614s] writing manifest file 'houghmessage.egg-info/SOURCES.txt'
[0.662s] [100%] Built target ament_cmake_python_build_houghmessage_egg
[0.696s] Invoked command in '/home/niklas/Documents/Telerrobotics/Lab2/ros2_ws/build/houghmessage' returned '0': CMAKE_PREFIX_PATH=${CMAKE_PREFIX_PATH}:/home/niklas/Documents/Telerrobotics/Lab2/ros2_ws/install/turtlebot3_teleop:/home/niklas/Documents/Telerrobotics/Lab2/ros2_ws/install/houghmessage:/opt/ros/humble /usr/bin/cmake --build /home/niklas/Documents/Telerrobotics/Lab2/ros2_ws/build/houghmessage -- -j8 -l8
[0.900s] Invoking command in '/home/niklas/Documents/Telerrobotics/Lab2/ros2_ws/build/houghmessage': CMAKE_PREFIX_PATH=${CMAKE_PREFIX_PATH}:/home/niklas/Documents/Telerrobotics/Lab2/ros2_ws/install/turtlebot3_teleop:/home/niklas/Documents/Telerrobotics/Lab2/ros2_ws/install/houghmessage:/opt/ros/humble /usr/bin/cmake --install /home/niklas/Documents/Telerrobotics/Lab2/ros2_ws/build/houghmessage
[0.926s] -- Install configuration: ""
[0.927s] -- Up-to-date: /home/niklas/Documents/Telerrobotics/Lab2/ros2_ws/install/houghmessage/share/ament_index/resource_index/rosidl_interfaces/houghmessage
[0.927s] -- Up-to-date: /home/niklas/Documents/Telerrobotics/Lab2/ros2_ws/install/houghmessage/include/houghmessage/houghmessage
[0.927s] -- Up-to-date: /home/niklas/Documents/Telerrobotics/Lab2/ros2_ws/install/houghmessage/include/houghmessage/houghmessage/msg
[0.928s] -- Up-to-date: /home/niklas/Documents/Telerrobotics/Lab2/ros2_ws/install/houghmessage/include/houghmessage/houghmessage/msg/rosidl_generator_c__visibility_control.h
[0.928s] -- Up-to-date: /home/niklas/Documents/Telerrobotics/Lab2/ros2_ws/install/houghmessage/include/houghmessage/houghmessage/msg/r_whough_line.h
[0.928s] -- Up-to-date: /home/niklas/Documents/Telerrobotics/Lab2/ros2_ws/install/houghmessage/include/houghmessage/houghmessage/msg/detail
[0.928s] -- Up-to-date: /home/niklas/Documents/Telerrobotics/Lab2/ros2_ws/install/houghmessage/include/houghmessage/houghmessage/msg/detail/r_whough_line__struct.h
[0.929s] -- Up-to-date: /home/niklas/Documents/Telerrobotics/Lab2/ros2_ws/install/houghmessage/include/houghmessage/houghmessage/msg/detail/r_whough_line__functions.h
[0.929s] -- Up-to-date: /home/niklas/Documents/Telerrobotics/Lab2/ros2_ws/install/houghmessage/include/houghmessage/houghmessage/msg/detail/r_whough_line__functions.c
[0.929s] -- Up-to-date: /home/niklas/Documents/Telerrobotics/Lab2/ros2_ws/install/houghmessage/include/houghmessage/houghmessage/msg/detail/r_whough_line__type_support.h
[0.930s] -- Up-to-date: /home/niklas/Documents/Telerrobotics/Lab2/ros2_ws/install/houghmessage/share/houghmessage/environment/library_path.sh
[0.930s] -- Up-to-date: /home/niklas/Documents/Telerrobotics/Lab2/ros2_ws/install/houghmessage/share/houghmessage/environment/library_path.dsv
[0.930s] -- Up-to-date: /home/niklas/Documents/Telerrobotics/Lab2/ros2_ws/install/houghmessage/lib/libhoughmessage__rosidl_generator_c.so
[0.930s] -- Up-to-date: /home/niklas/Documents/Telerrobotics/Lab2/ros2_ws/install/houghmessage/include/houghmessage/houghmessage
[0.931s] -- Up-to-date: /home/niklas/Documents/Telerrobotics/Lab2/ros2_ws/install/houghmessage/include/houghmessage/houghmessage/msg
[0.931s] -- Up-to-date: /home/niklas/Documents/Telerrobotics/Lab2/ros2_ws/install/houghmessage/include/houghmessage/houghmessage/msg/rosidl_typesupport_fastrtps_c__visibility_control.h
[0.931s] -- Up-to-date: /home/niklas/Documents/Telerrobotics/Lab2/ros2_ws/install/houghmessage/include/houghmessage/houghmessage/msg/detail
[0.931s] -- Up-to-date: /home/niklas/Documents/Telerrobotics/Lab2/ros2_ws/install/houghmessage/include/houghmessage/houghmessage/msg/detail/r_whough_line__rosidl_typesupport_fastrtps_c.h
[0.932s] -- Up-to-date: /home/niklas/Documents/Telerrobotics/Lab2/ros2_ws/install/houghmessage/lib/libhoughmessage__rosidl_typesupport_fastrtps_c.so
[0.932s] -- Up-to-date: /home/niklas/Documents/Telerrobotics/Lab2/ros2_ws/install/houghmessage/include/houghmessage/houghmessage
[0.932s] -- Up-to-date: /home/niklas/Documents/Telerrobotics/Lab2/ros2_ws/install/houghmessage/include/houghmessage/houghmessage/msg
[0.932s] -- Up-to-date: /home/niklas/Documents/Telerrobotics/Lab2/ros2_ws/install/houghmessage/include/houghmessage/houghmessage/msg/r_whough_line.hpp
[0.933s] -- Up-to-date: /home/niklas/Documents/Telerrobotics/Lab2/ros2_ws/install/houghmessage/include/houghmessage/houghmessage/msg/detail
[0.933s] -- Up-to-date: /home/niklas/Documents/Telerrobotics/Lab2/ros2_ws/install/houghmessage/include/houghmessage/houghmessage/msg/detail/r_whough_line__traits.hpp
[0.933s] -- Up-to-date: /home/niklas/Documents/Telerrobotics/Lab2/ros2_ws/install/houghmessage/include/houghmessage/houghmessage/msg/detail/r_whough_line__builder.hpp
[0.933s] -- Up-to-date: /home/niklas/Documents/Telerrobotics/Lab2/ros2_ws/install/houghmessage/include/houghmessage/houghmessage/msg/detail/r_whough_line__struct.hpp
[0.934s] -- Up-to-date: /home/niklas/Documents/Telerrobotics/Lab2/ros2_ws/install/houghmessage/include/houghmessage/houghmessage
[0.934s] -- Up-to-date: /home/niklas/Documents/Telerrobotics/Lab2/ros2_ws/install/houghmessage/include/houghmessage/houghmessage/msg
[0.934s] -- Up-to-date: /home/niklas/Documents/Telerrobotics/Lab2/ros2_ws/install/houghmessage/include/houghmessage/houghmessage/msg/rosidl_typesupport_fastrtps_cpp__visibility_control.h
[0.934s] -- Up-to-date: /home/niklas/Documents/Telerrobotics/Lab2/ros2_ws/install/houghmessage/include/houghmessage/houghmessage/msg/detail
[0.934s] -- Up-to-date: /home/niklas/Documents/Telerrobotics/Lab2/ros2_ws/install/houghmessage/include/houghmessage/houghmessage/msg/detail/dds_fastrtps
[0.935s] -- Up-to-date: /home/niklas/Documents/Telerrobotics/Lab2/ros2_ws/install/houghmessage/include/houghmessage/houghmessage/msg/detail/r_whough_line__rosidl_typesupport_fastrtps_cpp.hpp
[0.935s] -- Up-to-date: /home/niklas/Documents/Telerrobotics/Lab2/ros2_ws/install/houghmessage/lib/libhoughmessage__rosidl_typesupport_fastrtps_cpp.so
[0.935s] -- Up-to-date: /home/niklas/Documents/Telerrobotics/Lab2/ros2_ws/install/houghmessage/include/houghmessage/houghmessage
[0.935s] -- Up-to-date: /home/niklas/Documents/Telerrobotics/Lab2/ros2_ws/install/houghmessage/include/houghmessage/houghmessage/msg
[0.935s] -- Up-to-date: /home/niklas/Documents/Telerrobotics/Lab2/ros2_ws/install/houghmessage/include/houghmessage/houghmessage/msg/rosidl_typesupport_introspection_c__visibility_control.h
[0.936s] -- Up-to-date: /home/niklas/Documents/Telerrobotics/Lab2/ros2_ws/install/houghmessage/include/houghmessage/houghmessage/msg/detail
[0.936s] -- Up-to-date: /home/niklas/Documents/Telerrobotics/Lab2/ros2_ws/install/houghmessage/include/houghmessage/houghmessage/msg/detail/r_whough_line__rosidl_typesupport_introspection_c.h
[0.936s] -- Up-to-date: /home/niklas/Documents/Telerrobotics/Lab2/ros2_ws/install/houghmessage/include/houghmessage/houghmessage/msg/detail/r_whough_line__type_support.c
[0.936s] -- Up-to-date: /home/niklas/Documents/Telerrobotics/Lab2/ros2_ws/install/houghmessage/lib/libhoughmessage__rosidl_typesupport_introspection_c.so
[0.937s] -- Up-to-date: /home/niklas/Documents/Telerrobotics/Lab2/ros2_ws/install/houghmessage/lib/libhoughmessage__rosidl_typesupport_c.so
[0.937s] -- Up-to-date: /home/niklas/Documents/Telerrobotics/Lab2/ros2_ws/install/houghmessage/include/houghmessage/houghmessage
[0.937s] -- Up-to-date: /home/niklas/Documents/Telerrobotics/Lab2/ros2_ws/install/houghmessage/include/houghmessage/houghmessage/msg
[0.937s] -- Up-to-date: /home/niklas/Documents/Telerrobotics/Lab2/ros2_ws/install/houghmessage/include/houghmessage/houghmessage/msg/detail
[0.937s] -- Up-to-date: /home/niklas/Documents/Telerrobotics/Lab2/ros2_ws/install/houghmessage/include/houghmessage/houghmessage/msg/detail/r_whough_line__type_support.cpp
[0.938s] -- Up-to-date: /home/niklas/Documents/Telerrobotics/Lab2/ros2_ws/install/houghmessage/include/houghmessage/houghmessage/msg/detail/r_whough_line__rosidl_typesupport_introspection_cpp.hpp
[0.938s] -- Up-to-date: /home/niklas/Documents/Telerrobotics/Lab2/ros2_ws/install/houghmessage/lib/libhoughmessage__rosidl_typesupport_introspection_cpp.so
[0.938s] -- Up-to-date: /home/niklas/Documents/Telerrobotics/Lab2/ros2_ws/install/houghmessage/lib/libhoughmessage__rosidl_typesupport_cpp.so
[0.938s] -- Up-to-date: /home/niklas/Documents/Telerrobotics/Lab2/ros2_ws/install/houghmessage/share/houghmessage/environment/pythonpath.sh
[0.939s] -- Up-to-date: /home/niklas/Documents/Telerrobotics/Lab2/ros2_ws/install/houghmessage/share/houghmessage/environment/pythonpath.dsv
[0.939s] -- Up-to-date: /home/niklas/Documents/Telerrobotics/Lab2/ros2_ws/install/houghmessage/local/lib/python3.10/dist-packages/houghmessage-0.0.0-py3.10.egg-info
[0.939s] -- Installing: /home/niklas/Documents/Telerrobotics/Lab2/ros2_ws/install/houghmessage/local/lib/python3.10/dist-packages/houghmessage-0.0.0-py3.10.egg-info/dependency_links.txt
[0.939s] -- Installing: /home/niklas/Documents/Telerrobotics/Lab2/ros2_ws/install/houghmessage/local/lib/python3.10/dist-packages/houghmessage-0.0.0-py3.10.egg-info/PKG-INFO
[0.940s] -- Installing: /home/niklas/Documents/Telerrobotics/Lab2/ros2_ws/install/houghmessage/local/lib/python3.10/dist-packages/houghmessage-0.0.0-py3.10.egg-info/SOURCES.txt
[0.941s] -- Installing: /home/niklas/Documents/Telerrobotics/Lab2/ros2_ws/install/houghmessage/local/lib/python3.10/dist-packages/houghmessage-0.0.0-py3.10.egg-info/top_level.txt
[0.941s] -- Up-to-date: /home/niklas/Documents/Telerrobotics/Lab2/ros2_ws/install/houghmessage/local/lib/python3.10/dist-packages/houghmessage
[0.942s] -- Up-to-date: /home/niklas/Documents/Telerrobotics/Lab2/ros2_ws/install/houghmessage/local/lib/python3.10/dist-packages/houghmessage/_houghmessage_s.ep.rosidl_typesupport_fastrtps_c.c
[0.942s] -- Up-to-date: /home/niklas/Documents/Telerrobotics/Lab2/ros2_ws/install/houghmessage/local/lib/python3.10/dist-packages/houghmessage/_houghmessage_s.ep.rosidl_typesupport_introspection_c.c
[0.942s] -- Up-to-date: /home/niklas/Documents/Telerrobotics/Lab2/ros2_ws/install/houghmessage/local/lib/python3.10/dist-packages/houghmessage/houghmessage_s__rosidl_typesupport_introspection_c.cpython-310-x86_64-linux-gnu.so
[0.943s] -- Up-to-date: /home/niklas/Documents/Telerrobotics/Lab2/ros2_ws/install/houghmessage/local/lib/python3.10/dist-packages/houghmessage/_houghmessage_s.ep.rosidl_typesupport_c.c
[0.943s] -- Up-to-date: /home/niklas/Documents/Telerrobotics/Lab2/ros2_ws/install/houghmessage/local/lib/python3.10/dist-packages/houghmessage/__init__.py
[0.943s] -- Up-to-date: /home/niklas/Documents/Telerrobotics/Lab2/ros2_ws/install/houghmessage/local/lib/python3.10/dist-packages/houghmessage/houghmessage_s__rosidl_typesupport_fastrtps_c.cpython-310-x86_64-linux-gnu.so
[0.943s] -- Up-to-date: /home/niklas/Documents/Telerrobotics/Lab2/ros2_ws/install/houghmessage/local/lib/python3.10/dist-packages/houghmessage/msg
[0.943s] -- Up-to-date: /home/niklas/Documents/Telerrobotics/Lab2/ros2_ws/install/houghmessage/local/lib/python3.10/dist-packages/houghmessage/msg/__init__.py
[0.944s] -- Up-to-date: /home/niklas/Documents/Telerrobotics/Lab2/ros2_ws/install/houghmessage/local/lib/python3.10/dist-packages/houghmessage/msg/_r_whough_line.py
[0.944s] -- Up-to-date: /home/niklas/Documents/Telerrobotics/Lab2/ros2_ws/install/houghmessage/local/lib/python3.10/dist-packages/houghmessage/msg/_r_whough_line_s.c
[0.944s] -- Up-to-date: /home/niklas/Documents/Telerrobotics/Lab2/ros2_ws/install/houghmessage/local/lib/python3.10/dist-packages/houghmessage/libhoughmessage__rosidl_generator_py.so
[0.944s] -- Up-to-date: /home/niklas/Documents/Telerrobotics/Lab2/ros2_ws/install/houghmessage/local/lib/python3.10/dist-packages/houghmessage/houghmessage_s__rosidl_typesupport_c.cpython-310-x86_64-linux-gnu.so
[0.980s] Listing '/home/niklas/Documents/Telerrobotics/Lab2/ros2_ws/install/houghmessage/local/lib/python3.10/dist-packages/houghmessage'...
[0.980s] Listing '/home/niklas/Documents/Telerrobotics/Lab2/ros2_ws/install/houghmessage/local/lib/python3.10/dist-packages/houghmessage/msg'...
[0.985s] -- Up-to-date: /home/niklas/Documents/Telerrobotics/Lab2/ros2_ws/install/houghmessage/local/lib/python3.10/dist-packages/houghmessage/houghmessage_s__rosidl_typesupport_fastrtps_c.cpython-310-x86_64-linux-gnu.so
[0.986s] -- Up-to-date: /home/niklas/Documents/Telerrobotics/Lab2/ros2_ws/install/houghmessage/local/lib/python3.10/dist-packages/houghmessage/houghmessage_s__rosidl_typesupport_introspection_c.cpython-310-x86_64-linux-gnu.so
[0.987s] -- Up-to-date: /home/niklas/Documents/Telerrobotics/Lab2/ros2_ws/install/houghmessage/local/lib/python3.10/dist-packages/houghmessage/houghmessage_s__rosidl_typesupport_c.cpython-310-x86_64-linux-gnu.so
[0.988s] -- Up-to-date: /home/niklas/Documents/Telerrobotics/Lab2/ros2_ws/install/houghmessage/lib/libhoughmessage__rosidl_generator_py.so
[0.988s] -- Up-to-date: /home/niklas/Documents/Telerrobotics/Lab2/ros2_ws/install/houghmessage/share/houghmessage/msg/RWhoughLine.idl
[0.989s] -- Up-to-date: /home/niklas/Documents/Telerrobotics/Lab2/ros2_ws/install/houghmessage/share/houghmessage/msg/RWhoughLine.msg
[0.989s] -- Up-to-date: /home/niklas/Documents/Telerrobotics/Lab2/ros2_ws/install/houghmessage/share/ament_index/resource_index/package_run_dependencies/houghmessage
[0.989s] -- Up-to-date: /home/niklas/Documents/Telerrobotics/Lab2/ros2_ws/install/houghmessage/share/ament_index/resource_index/parent_prefix_path/houghmessage
[0.990s] -- Up-to-date: /home/niklas/Documents/Telerrobotics/Lab2/ros2_ws/install/houghmessage/share/houghmessage/environment/ament_prefix_path.sh
[0.990s] -- Up-to-date: /home/niklas/Documents/Telerrobotics/Lab2/ros2_ws/install/houghmessage/share/houghmessage/environment/ament_prefix_path.dsv
[0.990s] -- Up-to-date: /home/niklas/Documents/Telerrobotics/Lab2/ros2_ws/install/houghmessage/share/houghmessage/environment/path.sh
[0.990s] -- Up-to-date: /home/niklas/Documents/Telerrobotics/Lab2/ros2_ws/install/houghmessage/share/houghmessage/environment/path.dsv
[0.991s] -- Up-to-date: /home/niklas/Documents/Telerrobotics/Lab2/ros2_ws/install/houghmessage/share/houghmessage/local_setup.bash
[0.991s] -- Up-to-date: /home/niklas/Documents/Telerrobotics/Lab2/ros2_ws/install/houghmessage/share/houghmessage/local_setup.sh
[0.991s] -- Up-to-date: /home/niklas/Documents/Telerrobotics/Lab2/ros2_ws/install/houghmessage/share/houghmessage/local_setup.zsh
[0.991s] -- Up-to-date: /home/niklas/Documents/Telerrobotics/Lab2/ros2_ws/install/houghmessage/share/houghmessage/local_setup.dsv
[0.992s] -- Up-to-date: /home/niklas/Documents/Telerrobotics/Lab2/ros2_ws/install/houghmessage/share/houghmessage/package.dsv
[0.992s] -- Up-to-date: /home/niklas/Documents/Telerrobotics/Lab2/ros2_ws/install/houghmessage/share/ament_index/resource_index/packages/houghmessage
[0.992s] -- Up-to-date: /home/niklas/Documents/Telerrobotics/Lab2/ros2_ws/install/houghmessage/share/houghmessage/cmake/export_houghmessage__rosidl_generator_cExport.cmake
[0.993s] -- Up-to-date: /home/niklas/Documents/Telerrobotics/Lab2/ros2_ws/install/houghmessage/share/houghmessage/cmake/export_houghmessage__rosidl_generator_cExport-noconfig.cmake
[0.993s] -- Up-to-date: /home/niklas/Documents/Telerrobotics/Lab2/ros2_ws/install/houghmessage/share/houghmessage/cmake/export_houghmessage__rosidl_typesupport_fastrtps_cExport.cmake
[0.993s] -- Up-to-date: /home/niklas/Documents/Telerrobotics/Lab2/ros2_ws/install/houghmessage/share/houghmessage/cmake/export_houghmessage__rosidl_typesupport_fastrtps_cExport-noconfig.cmake
[0.994s] -- Up-to-date: /home/niklas/Documents/Telerrobotics/Lab2/ros2_ws/install/houghmessage/share/houghmessage/cmake/export_houghmessage__rosidl_generator_cppExport.cmake
[0.994s] -- Up-to-date: /home/niklas/Documents/Telerrobotics/Lab2/ros2_ws/install/houghmessage/share/houghmessage/cmake/export_houghmessage__rosidl_typesupport_fastrtps_cppExport.cmake
[0.994s] -- Up-to-date: /home/niklas/Documents/Telerrobotics/Lab2/ros2_ws/install/houghmessage/share/houghmessage/cmake/export_houghmessage__rosidl_typesupport_fastrtps_cppExport-noconfig.cmake
[0.995s] -- Up-to-date: /home/niklas/Documents/Telerrobotics/Lab2/ros2_ws/install/houghmessage/share/houghmessage/cmake/houghmessage__rosidl_typesupport_introspection_cExport.cmake
[0.995s] -- Up-to-date: /home/niklas/Documents/Telerrobotics/Lab2/ros2_ws/install/houghmessage/share/houghmessage/cmake/houghmessage__rosidl_typesupport_introspection_cExport-noconfig.cmake
[0.995s] -- Up-to-date: /home/niklas/Documents/Telerrobotics/Lab2/ros2_ws/install/houghmessage/share/houghmessage/cmake/houghmessage__rosidl_typesupport_cExport.cmake
[0.995s] -- Up-to-date: /home/niklas/Documents/Telerrobotics/Lab2/ros2_ws/install/houghmessage/share/houghmessage/cmake/houghmessage__rosidl_typesupport_cExport-noconfig.cmake
[0.996s] -- Up-to-date: /home/niklas/Documents/Telerrobotics/Lab2/ros2_ws/install/houghmessage/share/houghmessage/cmake/houghmessage__rosidl_typesupport_introspection_cppExport.cmake
[0.996s] -- Up-to-date: /home/niklas/Documents/Telerrobotics/Lab2/ros2_ws/install/houghmessage/share/houghmessage/cmake/houghmessage__rosidl_typesupport_introspection_cppExport-noconfig.cmake
[0.996s] -- Up-to-date: /home/niklas/Documents/Telerrobotics/Lab2/ros2_ws/install/houghmessage/share/houghmessage/cmake/houghmessage__rosidl_typesupport_cppExport.cmake
[0.996s] -- Up-to-date: /home/niklas/Documents/Telerrobotics/Lab2/ros2_ws/install/houghmessage/share/houghmessage/cmake/houghmessage__rosidl_typesupport_cppExport-noconfig.cmake
[0.997s] -- Up-to-date: /home/niklas/Documents/Telerrobotics/Lab2/ros2_ws/install/houghmessage/share/houghmessage/cmake/export_houghmessage__rosidl_generator_pyExport.cmake
[0.997s] -- Up-to-date: /home/niklas/Documents/Telerrobotics/Lab2/ros2_ws/install/houghmessage/share/houghmessage/cmake/export_houghmessage__rosidl_generator_pyExport-noconfig.cmake
[0.997s] -- Up-to-date: /home/niklas/Documents/Telerrobotics/Lab2/ros2_ws/install/houghmessage/share/houghmessage/cmake/rosidl_cmake-extras.cmake
[0.997s] -- Up-to-date: /home/niklas/Documents/Telerrobotics/Lab2/ros2_ws/install/houghmessage/share/houghmessage/cmake/ament_cmake_export_dependencies-extras.cmake
[0.998s] -- Up-to-date: /home/niklas/Documents/Telerrobotics/Lab2/ros2_ws/install/houghmessage/share/houghmessage/cmake/ament_cmake_export_include_directories-extras.cmake
[0.998s] -- Up-to-date: /home/niklas/Documents/Telerrobotics/Lab2/ros2_ws/install/houghmessage/share/houghmessage/cmake/ament_cmake_export_libraries-extras.cmake
[0.998s] -- Up-to-date: /home/niklas/Documents/Telerrobotics/Lab2/ros2_ws/install/houghmessage/share/houghmessage/cmake/ament_cmake_export_targets-extras.cmake
[0.999s] -- Up-to-date: /home/niklas/Documents/Telerrobotics/Lab2/ros2_ws/install/houghmessage/share/houghmessage/cmake/rosidl_cmake_export_typesupport_targets-extras.cmake
[0.999s] -- Up-to-date: /home/niklas/Documents/Telerrobotics/Lab2/ros2_ws/install/houghmessage/share/houghmessage/cmake/rosidl_cmake_export_typesupport_libraries-extras.cmake
[0.999s] -- Up-to-date: /home/niklas/Documents/Telerrobotics/Lab2/ros2_ws/install/houghmessage/share/houghmessage/cmake/houghmessageConfig.cmake
[0.999s] -- Up-to-date: /home/niklas/Documents/Telerrobotics/Lab2/ros2_ws/install/houghmessage/share/houghmessage/cmake/houghmessageConfig-version.cmake
[1.000s] -- Up-to-date: /home/niklas/Documents/Telerrobotics/Lab2/ros2_ws/install/houghmessage/share/houghmessage/package.xml
[1.002s] Invoked command in '/home/niklas/Documents/Telerrobotics/Lab2/ros2_ws/build/houghmessage' returned '0': CMAKE_PREFIX_PATH=${CMAKE_PREFIX_PATH}:/home/niklas/Documents/Telerrobotics/Lab2/ros2_ws/install/turtlebot3_teleop:/home/niklas/Documents/Telerrobotics/Lab2/ros2_ws/install/houghmessage:/opt/ros/humble /usr/bin/cmake --install /home/niklas/Documents/Telerrobotics/Lab2/ros2_ws/build/houghmessage
