[35m[1mConsolidate compiler generated dependencies of target rwth_publish[0m
[ 50%] [32mBuilding CXX object CMakeFiles/rwth_publish.dir/src/rwth.cpp.o[0m
In file included from [01m[K/home/niklas/Documents/Telerrobotics/Lab2/ros2_ws_hough/src/rwth/src/rwth.cpp:9[m[K:
[01m[K/home/niklas/Documents/Telerrobotics/Lab2/ros2_ws_hough/src/rwth/src/helper.hpp:[m[K In member function ‘[01m[Kstd::tuple<std::vector<float, std::allocator<float> >, std::vector<float, std::allocator<float> >, std::vector<float, std::allocator<float> > > HelperRWTH::creatArray(std::vector<float>, float, float, float, float)[m[K’:
[01m[K/home/niklas/Documents/Telerrobotics/Lab2/ros2_ws_hough/src/rwth/src/helper.hpp:149:28:[m[K [01;35m[Kwarning: [m[Kcomparison of integer expressions of different signedness: ‘[01m[Kint[m[K’ and ‘[01m[Kstd::vector<float>::size_type[m[K’ {aka ‘[01m[Klong unsigned int[m[K’} [[01;35m[K]8;;https://gcc.gnu.org/onlinedocs/gcc/Warning-Options.html#index-Wsign-compare-Wsign-compare]8;;[m[K]
  149 |           for(int i = 0; [01;35m[Ki < ranges.size()[m[K; i++)
      |                          [01;35m[K~~^~~~~~~~~~~~~~~[m[K
[01m[K/home/niklas/Documents/Telerrobotics/Lab2/ros2_ws_hough/src/rwth/src/rwth.cpp:[m[K In lambda function:
[01m[K/home/niklas/Documents/Telerrobotics/Lab2/ros2_ws_hough/src/rwth/src/rwth.cpp:62:43:[m[K [01;35m[Kwarning: [m[Kcomparison of integer expressions of different signedness: ‘[01m[Kint[m[K’ and ‘[01m[Kstd::vector<float>::size_type[m[K’ {aka ‘[01m[Klong unsigned int[m[K’} [[01;35m[K]8;;https://gcc.gnu.org/onlinedocs/gcc/Warning-Options.html#index-Wsign-compare-Wsign-compare]8;;[m[K]
   62 |                         for (int i = 0; [01;35m[Ki < ranges.size()[m[K; ++i) {
      |                                         [01;35m[K~~^~~~~~~~~~~~~~~[m[K
[100%] [32m[1mLinking CXX executable rwth_publish[0m
[100%] Built target rwth_publish
-- Install configuration: ""
-- Installing: /home/niklas/Documents/Telerrobotics/Lab2/ros2_ws_hough/install/rwth/lib/rwth/rwth_publish
-- Set runtime path of "/home/niklas/Documents/Telerrobotics/Lab2/ros2_ws_hough/install/rwth/lib/rwth/rwth_publish" to ""
-- Up-to-date: /home/niklas/Documents/Telerrobotics/Lab2/ros2_ws_hough/install/rwth/share/ament_index/resource_index/package_run_dependencies/rwth
-- Up-to-date: /home/niklas/Documents/Telerrobotics/Lab2/ros2_ws_hough/install/rwth/share/ament_index/resource_index/parent_prefix_path/rwth
-- Up-to-date: /home/niklas/Documents/Telerrobotics/Lab2/ros2_ws_hough/install/rwth/share/rwth/environment/ament_prefix_path.sh
-- Up-to-date: /home/niklas/Documents/Telerrobotics/Lab2/ros2_ws_hough/install/rwth/share/rwth/environment/ament_prefix_path.dsv
-- Up-to-date: /home/niklas/Documents/Telerrobotics/Lab2/ros2_ws_hough/install/rwth/share/rwth/environment/path.sh
-- Up-to-date: /home/niklas/Documents/Telerrobotics/Lab2/ros2_ws_hough/install/rwth/share/rwth/environment/path.dsv
-- Up-to-date: /home/niklas/Documents/Telerrobotics/Lab2/ros2_ws_hough/install/rwth/share/rwth/local_setup.bash
-- Up-to-date: /home/niklas/Documents/Telerrobotics/Lab2/ros2_ws_hough/install/rwth/share/rwth/local_setup.sh
-- Up-to-date: /home/niklas/Documents/Telerrobotics/Lab2/ros2_ws_hough/install/rwth/share/rwth/local_setup.zsh
-- Up-to-date: /home/niklas/Documents/Telerrobotics/Lab2/ros2_ws_hough/install/rwth/share/rwth/local_setup.dsv
-- Installing: /home/niklas/Documents/Telerrobotics/Lab2/ros2_ws_hough/install/rwth/share/rwth/package.dsv
-- Up-to-date: /home/niklas/Documents/Telerrobotics/Lab2/ros2_ws_hough/install/rwth/share/ament_index/resource_index/packages/rwth
-- Up-to-date: /home/niklas/Documents/Telerrobotics/Lab2/ros2_ws_hough/install/rwth/share/rwth/cmake/rwthConfig.cmake
-- Up-to-date: /home/niklas/Documents/Telerrobotics/Lab2/ros2_ws_hough/install/rwth/share/rwth/cmake/rwthConfig-version.cmake
-- Up-to-date: /home/niklas/Documents/Telerrobotics/Lab2/ros2_ws_hough/install/rwth/share/rwth/package.xml
