[0.488s] Invoking command in '/home/niklas/Documents/Telerrobotics/Lab2/ros2_ws/build/dynamixel_sdk': CMAKE_PREFIX_PATH=/opt/ros/humble /usr/bin/cmake --build /home/niklas/Documents/Telerrobotics/Lab2/ros2_ws/build/dynamixel_sdk -- -j8 -l8
[0.632s] [100%] Built target dynamixel_sdk
[1.295s] Invoked command in '/home/niklas/Documents/Telerrobotics/Lab2/ros2_ws/build/dynamixel_sdk' returned '0': CMAKE_PREFIX_PATH=/opt/ros/humble /usr/bin/cmake --build /home/niklas/Documents/Telerrobotics/Lab2/ros2_ws/build/dynamixel_sdk -- -j8 -l8
[1.750s] Invoking command in '/home/niklas/Documents/Telerrobotics/Lab2/ros2_ws/build/dynamixel_sdk': CMAKE_PREFIX_PATH=/opt/ros/humble /usr/bin/cmake --install /home/niklas/Documents/Telerrobotics/Lab2/ros2_ws/build/dynamixel_sdk
[1.765s] -- Install configuration: ""
[1.765s] -- Up-to-date: /home/niklas/Documents/Telerrobotics/Lab2/ros2_ws/install/dynamixel_sdk/include/
[1.766s] -- Up-to-date: /home/niklas/Documents/Telerrobotics/Lab2/ros2_ws/install/dynamixel_sdk/include//dynamixel_sdk
[1.766s] -- Up-to-date: /home/niklas/Documents/Telerrobotics/Lab2/ros2_ws/install/dynamixel_sdk/include//dynamixel_sdk/protocol1_packet_handler.h
[1.766s] -- Up-to-date: /home/niklas/Documents/Telerrobotics/Lab2/ros2_ws/install/dynamixel_sdk/include//dynamixel_sdk/dynamixel_sdk.h
[1.766s] -- Up-to-date: /home/niklas/Documents/Telerrobotics/Lab2/ros2_ws/install/dynamixel_sdk/include//dynamixel_sdk/port_handler.h
[1.766s] -- Up-to-date: /home/niklas/Documents/Telerrobotics/Lab2/ros2_ws/install/dynamixel_sdk/include//dynamixel_sdk/packet_handler.h
[1.766s] -- Up-to-date: /home/niklas/Documents/Telerrobotics/Lab2/ros2_ws/install/dynamixel_sdk/include//dynamixel_sdk/group_sync_read.h
[1.766s] -- Up-to-date: /home/niklas/Documents/Telerrobotics/Lab2/ros2_ws/install/dynamixel_sdk/include//dynamixel_sdk/protocol2_packet_handler.h
[1.767s] -- Up-to-date: /home/niklas/Documents/Telerrobotics/Lab2/ros2_ws/install/dynamixel_sdk/include//dynamixel_sdk/port_handler_linux.h
[1.767s] -- Up-to-date: /home/niklas/Documents/Telerrobotics/Lab2/ros2_ws/install/dynamixel_sdk/include//dynamixel_sdk/port_handler_mac.h
[1.772s] -- Up-to-date: /home/niklas/Documents/Telerrobotics/Lab2/ros2_ws/install/dynamixel_sdk/include//dynamixel_sdk/group_bulk_read.h
[1.775s] -- Up-to-date: /home/niklas/Documents/Telerrobotics/Lab2/ros2_ws/install/dynamixel_sdk/include//dynamixel_sdk/port_handler_windows.h
[1.776s] -- Up-to-date: /home/niklas/Documents/Telerrobotics/Lab2/ros2_ws/install/dynamixel_sdk/include//dynamixel_sdk/group_bulk_write.h
[1.778s] -- Up-to-date: /home/niklas/Documents/Telerrobotics/Lab2/ros2_ws/install/dynamixel_sdk/include//dynamixel_sdk/port_handler_arduino.h
[1.779s] -- Up-to-date: /home/niklas/Documents/Telerrobotics/Lab2/ros2_ws/install/dynamixel_sdk/include//dynamixel_sdk/group_sync_write.h
[1.779s] -- Up-to-date: /home/niklas/Documents/Telerrobotics/Lab2/ros2_ws/install/dynamixel_sdk/lib/libdynamixel_sdk.so
[1.780s] -- Up-to-date: /home/niklas/Documents/Telerrobotics/Lab2/ros2_ws/install/dynamixel_sdk/share/dynamixel_sdk/environment/library_path.sh
[1.780s] -- Up-to-date: /home/niklas/Documents/Telerrobotics/Lab2/ros2_ws/install/dynamixel_sdk/share/dynamixel_sdk/environment/library_path.dsv
[1.781s] -- Up-to-date: /home/niklas/Documents/Telerrobotics/Lab2/ros2_ws/install/dynamixel_sdk/share/ament_index/resource_index/package_run_dependencies/dynamixel_sdk
[1.781s] -- Up-to-date: /home/niklas/Documents/Telerrobotics/Lab2/ros2_ws/install/dynamixel_sdk/share/ament_index/resource_index/parent_prefix_path/dynamixel_sdk
[1.781s] -- Up-to-date: /home/niklas/Documents/Telerrobotics/Lab2/ros2_ws/install/dynamixel_sdk/share/dynamixel_sdk/environment/ament_prefix_path.sh
[1.781s] -- Up-to-date: /home/niklas/Documents/Telerrobotics/Lab2/ros2_ws/install/dynamixel_sdk/share/dynamixel_sdk/environment/ament_prefix_path.dsv
[1.781s] -- Up-to-date: /home/niklas/Documents/Telerrobotics/Lab2/ros2_ws/install/dynamixel_sdk/share/dynamixel_sdk/environment/path.sh
[1.784s] -- Up-to-date: /home/niklas/Documents/Telerrobotics/Lab2/ros2_ws/install/dynamixel_sdk/share/dynamixel_sdk/environment/path.dsv
[1.785s] -- Up-to-date: /home/niklas/Documents/Telerrobotics/Lab2/ros2_ws/install/dynamixel_sdk/share/dynamixel_sdk/local_setup.bash
[1.786s] -- Up-to-date: /home/niklas/Documents/Telerrobotics/Lab2/ros2_ws/install/dynamixel_sdk/share/dynamixel_sdk/local_setup.sh
[1.787s] -- Up-to-date: /home/niklas/Documents/Telerrobotics/Lab2/ros2_ws/install/dynamixel_sdk/share/dynamixel_sdk/local_setup.zsh
[1.788s] -- Up-to-date: /home/niklas/Documents/Telerrobotics/Lab2/ros2_ws/install/dynamixel_sdk/share/dynamixel_sdk/local_setup.dsv
[1.789s] -- Installing: /home/niklas/Documents/Telerrobotics/Lab2/ros2_ws/install/dynamixel_sdk/share/dynamixel_sdk/package.dsv
[1.789s] -- Up-to-date: /home/niklas/Documents/Telerrobotics/Lab2/ros2_ws/install/dynamixel_sdk/share/ament_index/resource_index/packages/dynamixel_sdk
[1.789s] -- Up-to-date: /home/niklas/Documents/Telerrobotics/Lab2/ros2_ws/install/dynamixel_sdk/share/dynamixel_sdk/cmake/ament_cmake_export_include_directories-extras.cmake
[1.790s] -- Up-to-date: /home/niklas/Documents/Telerrobotics/Lab2/ros2_ws/install/dynamixel_sdk/share/dynamixel_sdk/cmake/ament_cmake_export_libraries-extras.cmake
[1.790s] -- Up-to-date: /home/niklas/Documents/Telerrobotics/Lab2/ros2_ws/install/dynamixel_sdk/share/dynamixel_sdk/cmake/dynamixel_sdkConfig.cmake
[1.790s] -- Up-to-date: /home/niklas/Documents/Telerrobotics/Lab2/ros2_ws/install/dynamixel_sdk/share/dynamixel_sdk/cmake/dynamixel_sdkConfig-version.cmake
[1.791s] -- Up-to-date: /home/niklas/Documents/Telerrobotics/Lab2/ros2_ws/install/dynamixel_sdk/share/dynamixel_sdk/package.xml
[2.223s] Invoked command in '/home/niklas/Documents/Telerrobotics/Lab2/ros2_ws/build/dynamixel_sdk' returned '0': CMAKE_PREFIX_PATH=/opt/ros/humble /usr/bin/cmake --install /home/niklas/Documents/Telerrobotics/Lab2/ros2_ws/build/dynamixel_sdk
