[3.241s] Invoking command in '/home/niklas/Documents/Telerrobotics/Lab2/ros2_ws_hough/src/turtlebot3/turtlebot3_example': CMAKE_PREFIX_PATH=/home/niklas/Documents/Telerrobotics/Lab2/ros2_ws_hough/install/turtlebot3_msgs:/home/niklas/Documents/Telerrobotics/Lab2/ros2_ws_hough/install/turtlebot3:/home/niklas/Documents/Telerrobotics/Lab2/ros2_ws_hough/install/turtlebot3_simulations:/home/niklas/Documents/Telerrobotics/Lab2/ros2_ws_hough/install/turtlebot3_bringup:/home/niklas/Documents/Telerrobotics/Lab2/ros2_ws_hough/install/turtlebot3_node:/home/niklas/Documents/Telerrobotics/Lab2/ros2_ws_hough/install/turtlebot3_navigation2:/home/niklas/Documents/Telerrobotics/Lab2/ros2_ws_hough/install/turtlebot3_fake_node:/home/niklas/Documents/Telerrobotics/Lab2/ros2_ws_hough/install/turtlebot3_gazebo:/home/niklas/Documents/Telerrobotics/Lab2/ros2_ws_hough/install/turtlebot3_description:/home/niklas/Documents/Telerrobotics/Lab2/ros2_ws_hough/install/turtlebot3_cartographer:/home/niklas/Documents/Telerrobotics/Lab2/ros2_ws_hough/install/rwth:/home/niklas/Documents/Telerrobotics/Lab2/ros2_ws_hough/install/houghmessage:/home/niklas/Documents/Telerrobotics/Lab2/ros2_ws_hough/install/dynamixel_sdk_examples:/home/niklas/Documents/Telerrobotics/Lab2/ros2_ws_hough/install/dynamixel_sdk_custom_interfaces:/home/niklas/Documents/Telerrobotics/Lab2/ros2_ws_hough/install/dynamixel_sdk PYTHONPATH=/home/niklas/Documents/Telerrobotics/Lab2/ros2_ws_hough/build/turtlebot3_example/prefix_override:/home/niklas/Documents/Telerrobotics/Lab2/ros2_ws_hough/install/turtlebot3_example/lib/python3.10/site-packages:${PYTHONPATH} /usr/bin/python3 setup.py egg_info --egg-base ../../../build/turtlebot3_example build --build-base /home/niklas/Documents/Telerrobotics/Lab2/ros2_ws_hough/build/turtlebot3_example/build install --record /home/niklas/Documents/Telerrobotics/Lab2/ros2_ws_hough/build/turtlebot3_example/install.log --single-version-externally-managed
[4.347s] running egg_info
[4.351s] creating ../../../build/turtlebot3_example/turtlebot3_example.egg-info
[4.351s] writing ../../../build/turtlebot3_example/turtlebot3_example.egg-info/PKG-INFO
[4.352s] writing dependency_links to ../../../build/turtlebot3_example/turtlebot3_example.egg-info/dependency_links.txt
[4.352s] writing entry points to ../../../build/turtlebot3_example/turtlebot3_example.egg-info/entry_points.txt
[4.352s] writing requirements to ../../../build/turtlebot3_example/turtlebot3_example.egg-info/requires.txt
[4.353s] writing top-level names to ../../../build/turtlebot3_example/turtlebot3_example.egg-info/top_level.txt
[4.353s] writing manifest file '../../../build/turtlebot3_example/turtlebot3_example.egg-info/SOURCES.txt'
[4.372s] reading manifest file '../../../build/turtlebot3_example/turtlebot3_example.egg-info/SOURCES.txt'
[4.375s] writing manifest file '../../../build/turtlebot3_example/turtlebot3_example.egg-info/SOURCES.txt'
[4.376s] running build
[4.377s] running build_py
[4.378s] creating /home/niklas/Documents/Telerrobotics/Lab2/ros2_ws_hough/build/turtlebot3_example/build
[4.378s] creating /home/niklas/Documents/Telerrobotics/Lab2/ros2_ws_hough/build/turtlebot3_example/build/lib
[4.379s] creating /home/niklas/Documents/Telerrobotics/Lab2/ros2_ws_hough/build/turtlebot3_example/build/lib/turtlebot3_example
[4.380s] copying turtlebot3_example/__init__.py -> /home/niklas/Documents/Telerrobotics/Lab2/ros2_ws_hough/build/turtlebot3_example/build/lib/turtlebot3_example
[4.381s] creating /home/niklas/Documents/Telerrobotics/Lab2/ros2_ws_hough/build/turtlebot3_example/build/lib/turtlebot3_example/turtlebot3_position_control
[4.382s] copying turtlebot3_example/turtlebot3_position_control/main.py -> /home/niklas/Documents/Telerrobotics/Lab2/ros2_ws_hough/build/turtlebot3_example/build/lib/turtlebot3_example/turtlebot3_position_control
[4.386s] copying turtlebot3_example/turtlebot3_position_control/__init__.py -> /home/niklas/Documents/Telerrobotics/Lab2/ros2_ws_hough/build/turtlebot3_example/build/lib/turtlebot3_example/turtlebot3_position_control
[4.387s] copying turtlebot3_example/turtlebot3_position_control/turtlebot3_position_control.py -> /home/niklas/Documents/Telerrobotics/Lab2/ros2_ws_hough/build/turtlebot3_example/build/lib/turtlebot3_example/turtlebot3_position_control
[4.395s] copying turtlebot3_example/turtlebot3_position_control/turtlebot3_path.py -> /home/niklas/Documents/Telerrobotics/Lab2/ros2_ws_hough/build/turtlebot3_example/build/lib/turtlebot3_example/turtlebot3_position_control
[4.396s] creating /home/niklas/Documents/Telerrobotics/Lab2/ros2_ws_hough/build/turtlebot3_example/build/lib/turtlebot3_example/turtlebot3_patrol_server
[4.397s] copying turtlebot3_example/turtlebot3_patrol_server/turtlebot3_patrol_server.py -> /home/niklas/Documents/Telerrobotics/Lab2/ros2_ws_hough/build/turtlebot3_example/build/lib/turtlebot3_example/turtlebot3_patrol_server
[4.397s] copying turtlebot3_example/turtlebot3_patrol_server/main.py -> /home/niklas/Documents/Telerrobotics/Lab2/ros2_ws_hough/build/turtlebot3_example/build/lib/turtlebot3_example/turtlebot3_patrol_server
[4.397s] copying turtlebot3_example/turtlebot3_patrol_server/__init__.py -> /home/niklas/Documents/Telerrobotics/Lab2/ros2_ws_hough/build/turtlebot3_example/build/lib/turtlebot3_example/turtlebot3_patrol_server
[4.398s] copying turtlebot3_example/turtlebot3_patrol_server/turtlebot3_path.py -> /home/niklas/Documents/Telerrobotics/Lab2/ros2_ws_hough/build/turtlebot3_example/build/lib/turtlebot3_example/turtlebot3_patrol_server
[4.398s] creating /home/niklas/Documents/Telerrobotics/Lab2/ros2_ws_hough/build/turtlebot3_example/build/lib/turtlebot3_example/turtlebot3_patrol_client
[4.399s] copying turtlebot3_example/turtlebot3_patrol_client/main.py -> /home/niklas/Documents/Telerrobotics/Lab2/ros2_ws_hough/build/turtlebot3_example/build/lib/turtlebot3_example/turtlebot3_patrol_client
[4.404s] copying turtlebot3_example/turtlebot3_patrol_client/turtlebot3_patrol_client.py -> /home/niklas/Documents/Telerrobotics/Lab2/ros2_ws_hough/build/turtlebot3_example/build/lib/turtlebot3_example/turtlebot3_patrol_client
[4.409s] copying turtlebot3_example/turtlebot3_patrol_client/__init__.py -> /home/niklas/Documents/Telerrobotics/Lab2/ros2_ws_hough/build/turtlebot3_example/build/lib/turtlebot3_example/turtlebot3_patrol_client
[4.409s] creating /home/niklas/Documents/Telerrobotics/Lab2/ros2_ws_hough/build/turtlebot3_example/build/lib/turtlebot3_example/turtlebot3_obstacle_detection
[4.410s] copying turtlebot3_example/turtlebot3_obstacle_detection/turtlebot3_obstacle_detection.py -> /home/niklas/Documents/Telerrobotics/Lab2/ros2_ws_hough/build/turtlebot3_example/build/lib/turtlebot3_example/turtlebot3_obstacle_detection
[4.415s] copying turtlebot3_example/turtlebot3_obstacle_detection/main.py -> /home/niklas/Documents/Telerrobotics/Lab2/ros2_ws_hough/build/turtlebot3_example/build/lib/turtlebot3_example/turtlebot3_obstacle_detection
[4.416s] copying turtlebot3_example/turtlebot3_obstacle_detection/__init__.py -> /home/niklas/Documents/Telerrobotics/Lab2/ros2_ws_hough/build/turtlebot3_example/build/lib/turtlebot3_example/turtlebot3_obstacle_detection
[4.417s] running install
[4.419s] /usr/lib/python3/dist-packages/setuptools/command/install.py:34: SetuptoolsDeprecationWarning: setup.py install is deprecated. Use build and pip and other standards-based tools.
[4.419s]   warnings.warn(
[4.420s] running install_lib
[4.435s] creating /home/niklas/Documents/Telerrobotics/Lab2/ros2_ws_hough/install/turtlebot3_example/lib/python3.10/site-packages/turtlebot3_example
[4.435s] creating /home/niklas/Documents/Telerrobotics/Lab2/ros2_ws_hough/install/turtlebot3_example/lib/python3.10/site-packages/turtlebot3_example/turtlebot3_position_control
[4.435s] copying /home/niklas/Documents/Telerrobotics/Lab2/ros2_ws_hough/build/turtlebot3_example/build/lib/turtlebot3_example/turtlebot3_position_control/main.py -> /home/niklas/Documents/Telerrobotics/Lab2/ros2_ws_hough/install/turtlebot3_example/lib/python3.10/site-packages/turtlebot3_example/turtlebot3_position_control
[4.435s] copying /home/niklas/Documents/Telerrobotics/Lab2/ros2_ws_hough/build/turtlebot3_example/build/lib/turtlebot3_example/turtlebot3_position_control/__init__.py -> /home/niklas/Documents/Telerrobotics/Lab2/ros2_ws_hough/install/turtlebot3_example/lib/python3.10/site-packages/turtlebot3_example/turtlebot3_position_control
[4.435s] copying /home/niklas/Documents/Telerrobotics/Lab2/ros2_ws_hough/build/turtlebot3_example/build/lib/turtlebot3_example/turtlebot3_position_control/turtlebot3_position_control.py -> /home/niklas/Documents/Telerrobotics/Lab2/ros2_ws_hough/install/turtlebot3_example/lib/python3.10/site-packages/turtlebot3_example/turtlebot3_position_control
[4.436s] copying /home/niklas/Documents/Telerrobotics/Lab2/ros2_ws_hough/build/turtlebot3_example/build/lib/turtlebot3_example/turtlebot3_position_control/turtlebot3_path.py -> /home/niklas/Documents/Telerrobotics/Lab2/ros2_ws_hough/install/turtlebot3_example/lib/python3.10/site-packages/turtlebot3_example/turtlebot3_position_control
[4.436s] creating /home/niklas/Documents/Telerrobotics/Lab2/ros2_ws_hough/install/turtlebot3_example/lib/python3.10/site-packages/turtlebot3_example/turtlebot3_patrol_server
[4.436s] copying /home/niklas/Documents/Telerrobotics/Lab2/ros2_ws_hough/build/turtlebot3_example/build/lib/turtlebot3_example/turtlebot3_patrol_server/turtlebot3_patrol_server.py -> /home/niklas/Documents/Telerrobotics/Lab2/ros2_ws_hough/install/turtlebot3_example/lib/python3.10/site-packages/turtlebot3_example/turtlebot3_patrol_server
[4.436s] copying /home/niklas/Documents/Telerrobotics/Lab2/ros2_ws_hough/build/turtlebot3_example/build/lib/turtlebot3_example/turtlebot3_patrol_server/main.py -> /home/niklas/Documents/Telerrobotics/Lab2/ros2_ws_hough/install/turtlebot3_example/lib/python3.10/site-packages/turtlebot3_example/turtlebot3_patrol_server
[4.436s] copying /home/niklas/Documents/Telerrobotics/Lab2/ros2_ws_hough/build/turtlebot3_example/build/lib/turtlebot3_example/turtlebot3_patrol_server/__init__.py -> /home/niklas/Documents/Telerrobotics/Lab2/ros2_ws_hough/install/turtlebot3_example/lib/python3.10/site-packages/turtlebot3_example/turtlebot3_patrol_server
[4.436s] copying /home/niklas/Documents/Telerrobotics/Lab2/ros2_ws_hough/build/turtlebot3_example/build/lib/turtlebot3_example/turtlebot3_patrol_server/turtlebot3_path.py -> /home/niklas/Documents/Telerrobotics/Lab2/ros2_ws_hough/install/turtlebot3_example/lib/python3.10/site-packages/turtlebot3_example/turtlebot3_patrol_server
[4.437s] copying /home/niklas/Documents/Telerrobotics/Lab2/ros2_ws_hough/build/turtlebot3_example/build/lib/turtlebot3_example/__init__.py -> /home/niklas/Documents/Telerrobotics/Lab2/ros2_ws_hough/install/turtlebot3_example/lib/python3.10/site-packages/turtlebot3_example
[4.437s] creating /home/niklas/Documents/Telerrobotics/Lab2/ros2_ws_hough/install/turtlebot3_example/lib/python3.10/site-packages/turtlebot3_example/turtlebot3_patrol_client
[4.437s] copying /home/niklas/Documents/Telerrobotics/Lab2/ros2_ws_hough/build/turtlebot3_example/build/lib/turtlebot3_example/turtlebot3_patrol_client/main.py -> /home/niklas/Documents/Telerrobotics/Lab2/ros2_ws_hough/install/turtlebot3_example/lib/python3.10/site-packages/turtlebot3_example/turtlebot3_patrol_client
[4.437s] copying /home/niklas/Documents/Telerrobotics/Lab2/ros2_ws_hough/build/turtlebot3_example/build/lib/turtlebot3_example/turtlebot3_patrol_client/turtlebot3_patrol_client.py -> /home/niklas/Documents/Telerrobotics/Lab2/ros2_ws_hough/install/turtlebot3_example/lib/python3.10/site-packages/turtlebot3_example/turtlebot3_patrol_client
[4.437s] copying /home/niklas/Documents/Telerrobotics/Lab2/ros2_ws_hough/build/turtlebot3_example/build/lib/turtlebot3_example/turtlebot3_patrol_client/__init__.py -> /home/niklas/Documents/Telerrobotics/Lab2/ros2_ws_hough/install/turtlebot3_example/lib/python3.10/site-packages/turtlebot3_example/turtlebot3_patrol_client
[4.438s] creating /home/niklas/Documents/Telerrobotics/Lab2/ros2_ws_hough/install/turtlebot3_example/lib/python3.10/site-packages/turtlebot3_example/turtlebot3_obstacle_detection
[4.438s] copying /home/niklas/Documents/Telerrobotics/Lab2/ros2_ws_hough/build/turtlebot3_example/build/lib/turtlebot3_example/turtlebot3_obstacle_detection/turtlebot3_obstacle_detection.py -> /home/niklas/Documents/Telerrobotics/Lab2/ros2_ws_hough/install/turtlebot3_example/lib/python3.10/site-packages/turtlebot3_example/turtlebot3_obstacle_detection
[4.438s] copying /home/niklas/Documents/Telerrobotics/Lab2/ros2_ws_hough/build/turtlebot3_example/build/lib/turtlebot3_example/turtlebot3_obstacle_detection/main.py -> /home/niklas/Documents/Telerrobotics/Lab2/ros2_ws_hough/install/turtlebot3_example/lib/python3.10/site-packages/turtlebot3_example/turtlebot3_obstacle_detection
[4.438s] copying /home/niklas/Documents/Telerrobotics/Lab2/ros2_ws_hough/build/turtlebot3_example/build/lib/turtlebot3_example/turtlebot3_obstacle_detection/__init__.py -> /home/niklas/Documents/Telerrobotics/Lab2/ros2_ws_hough/install/turtlebot3_example/lib/python3.10/site-packages/turtlebot3_example/turtlebot3_obstacle_detection
[4.439s] byte-compiling /home/niklas/Documents/Telerrobotics/Lab2/ros2_ws_hough/install/turtlebot3_example/lib/python3.10/site-packages/turtlebot3_example/turtlebot3_position_control/main.py to main.cpython-310.pyc
[4.440s] byte-compiling /home/niklas/Documents/Telerrobotics/Lab2/ros2_ws_hough/install/turtlebot3_example/lib/python3.10/site-packages/turtlebot3_example/turtlebot3_position_control/__init__.py to __init__.cpython-310.pyc
[4.440s] byte-compiling /home/niklas/Documents/Telerrobotics/Lab2/ros2_ws_hough/install/turtlebot3_example/lib/python3.10/site-packages/turtlebot3_example/turtlebot3_position_control/turtlebot3_position_control.py to turtlebot3_position_control.cpython-310.pyc
[4.465s] byte-compiling /home/niklas/Documents/Telerrobotics/Lab2/ros2_ws_hough/install/turtlebot3_example/lib/python3.10/site-packages/turtlebot3_example/turtlebot3_position_control/turtlebot3_path.py to turtlebot3_path.cpython-310.pyc
[4.465s] byte-compiling /home/niklas/Documents/Telerrobotics/Lab2/ros2_ws_hough/install/turtlebot3_example/lib/python3.10/site-packages/turtlebot3_example/turtlebot3_patrol_server/turtlebot3_patrol_server.py to turtlebot3_patrol_server.cpython-310.pyc
[4.465s] byte-compiling /home/niklas/Documents/Telerrobotics/Lab2/ros2_ws_hough/install/turtlebot3_example/lib/python3.10/site-packages/turtlebot3_example/turtlebot3_patrol_server/main.py to main.cpython-310.pyc
[4.466s] byte-compiling /home/niklas/Documents/Telerrobotics/Lab2/ros2_ws_hough/install/turtlebot3_example/lib/python3.10/site-packages/turtlebot3_example/turtlebot3_patrol_server/__init__.py to __init__.cpython-310.pyc
[4.466s] byte-compiling /home/niklas/Documents/Telerrobotics/Lab2/ros2_ws_hough/install/turtlebot3_example/lib/python3.10/site-packages/turtlebot3_example/turtlebot3_patrol_server/turtlebot3_path.py to turtlebot3_path.cpython-310.pyc
[4.466s] byte-compiling /home/niklas/Documents/Telerrobotics/Lab2/ros2_ws_hough/install/turtlebot3_example/lib/python3.10/site-packages/turtlebot3_example/__init__.py to __init__.cpython-310.pyc
[4.466s] byte-compiling /home/niklas/Documents/Telerrobotics/Lab2/ros2_ws_hough/install/turtlebot3_example/lib/python3.10/site-packages/turtlebot3_example/turtlebot3_patrol_client/main.py to main.cpython-310.pyc
[4.466s] byte-compiling /home/niklas/Documents/Telerrobotics/Lab2/ros2_ws_hough/install/turtlebot3_example/lib/python3.10/site-packages/turtlebot3_example/turtlebot3_patrol_client/turtlebot3_patrol_client.py to turtlebot3_patrol_client.cpython-310.pyc
[4.468s] byte-compiling /home/niklas/Documents/Telerrobotics/Lab2/ros2_ws_hough/install/turtlebot3_example/lib/python3.10/site-packages/turtlebot3_example/turtlebot3_patrol_client/__init__.py to __init__.cpython-310.pyc
[4.469s] byte-compiling /home/niklas/Documents/Telerrobotics/Lab2/ros2_ws_hough/install/turtlebot3_example/lib/python3.10/site-packages/turtlebot3_example/turtlebot3_obstacle_detection/turtlebot3_obstacle_detection.py to turtlebot3_obstacle_detection.cpython-310.pyc
[4.471s] byte-compiling /home/niklas/Documents/Telerrobotics/Lab2/ros2_ws_hough/install/turtlebot3_example/lib/python3.10/site-packages/turtlebot3_example/turtlebot3_obstacle_detection/main.py to main.cpython-310.pyc
[4.474s] byte-compiling /home/niklas/Documents/Telerrobotics/Lab2/ros2_ws_hough/install/turtlebot3_example/lib/python3.10/site-packages/turtlebot3_example/turtlebot3_obstacle_detection/__init__.py to __init__.cpython-310.pyc
[4.475s] running install_data
[4.477s] creating /home/niklas/Documents/Telerrobotics/Lab2/ros2_ws_hough/install/turtlebot3_example/share/ament_index
[4.478s] creating /home/niklas/Documents/Telerrobotics/Lab2/ros2_ws_hough/install/turtlebot3_example/share/ament_index/resource_index
[4.478s] creating /home/niklas/Documents/Telerrobotics/Lab2/ros2_ws_hough/install/turtlebot3_example/share/ament_index/resource_index/packages
[4.482s] copying resource/turtlebot3_example -> /home/niklas/Documents/Telerrobotics/Lab2/ros2_ws_hough/install/turtlebot3_example/share/ament_index/resource_index/packages
[4.483s] copying package.xml -> /home/niklas/Documents/Telerrobotics/Lab2/ros2_ws_hough/install/turtlebot3_example/share/turtlebot3_example
[4.483s] running install_egg_info
[4.485s] Copying ../../../build/turtlebot3_example/turtlebot3_example.egg-info to /home/niklas/Documents/Telerrobotics/Lab2/ros2_ws_hough/install/turtlebot3_example/lib/python3.10/site-packages/turtlebot3_example-2.1.5-py3.10.egg-info
[4.492s] running install_scripts
[4.618s] Installing turtlebot3_obstacle_detection script to /home/niklas/Documents/Telerrobotics/Lab2/ros2_ws_hough/install/turtlebot3_example/lib/turtlebot3_example
[4.618s] Installing turtlebot3_patrol_client script to /home/niklas/Documents/Telerrobotics/Lab2/ros2_ws_hough/install/turtlebot3_example/lib/turtlebot3_example
[4.619s] Installing turtlebot3_patrol_server script to /home/niklas/Documents/Telerrobotics/Lab2/ros2_ws_hough/install/turtlebot3_example/lib/turtlebot3_example
[4.619s] Installing turtlebot3_position_control script to /home/niklas/Documents/Telerrobotics/Lab2/ros2_ws_hough/install/turtlebot3_example/lib/turtlebot3_example
[4.636s] writing list of installed files to '/home/niklas/Documents/Telerrobotics/Lab2/ros2_ws_hough/build/turtlebot3_example/install.log'
[4.741s] Invoked command in '/home/niklas/Documents/Telerrobotics/Lab2/ros2_ws_hough/src/turtlebot3/turtlebot3_example' returned '0': CMAKE_PREFIX_PATH=/home/niklas/Documents/Telerrobotics/Lab2/ros2_ws_hough/install/turtlebot3_msgs:/home/niklas/Documents/Telerrobotics/Lab2/ros2_ws_hough/install/turtlebot3:/home/niklas/Documents/Telerrobotics/Lab2/ros2_ws_hough/install/turtlebot3_simulations:/home/niklas/Documents/Telerrobotics/Lab2/ros2_ws_hough/install/turtlebot3_bringup:/home/niklas/Documents/Telerrobotics/Lab2/ros2_ws_hough/install/turtlebot3_node:/home/niklas/Documents/Telerrobotics/Lab2/ros2_ws_hough/install/turtlebot3_navigation2:/home/niklas/Documents/Telerrobotics/Lab2/ros2_ws_hough/install/turtlebot3_fake_node:/home/niklas/Documents/Telerrobotics/Lab2/ros2_ws_hough/install/turtlebot3_gazebo:/home/niklas/Documents/Telerrobotics/Lab2/ros2_ws_hough/install/turtlebot3_description:/home/niklas/Documents/Telerrobotics/Lab2/ros2_ws_hough/install/turtlebot3_cartographer:/home/niklas/Documents/Telerrobotics/Lab2/ros2_ws_hough/install/rwth:/home/niklas/Documents/Telerrobotics/Lab2/ros2_ws_hough/install/houghmessage:/home/niklas/Documents/Telerrobotics/Lab2/ros2_ws_hough/install/dynamixel_sdk_examples:/home/niklas/Documents/Telerrobotics/Lab2/ros2_ws_hough/install/dynamixel_sdk_custom_interfaces:/home/niklas/Documents/Telerrobotics/Lab2/ros2_ws_hough/install/dynamixel_sdk PYTHONPATH=/home/niklas/Documents/Telerrobotics/Lab2/ros2_ws_hough/build/turtlebot3_example/prefix_override:/home/niklas/Documents/Telerrobotics/Lab2/ros2_ws_hough/install/turtlebot3_example/lib/python3.10/site-packages:${PYTHONPATH} /usr/bin/python3 setup.py egg_info --egg-base ../../../build/turtlebot3_example build --build-base /home/niklas/Documents/Telerrobotics/Lab2/ros2_ws_hough/build/turtlebot3_example/build install --record /home/niklas/Documents/Telerrobotics/Lab2/ros2_ws_hough/build/turtlebot3_example/install.log --single-version-externally-managed
