[0.474s] Invoking command in '/home/niklas/Documents/Telerrobotics/Lab2/ros2_ws/build/dynamixel_sdk': CMAKE_PREFIX_PATH=/opt/ros/humble /usr/bin/cmake --build /home/niklas/Documents/Telerrobotics/Lab2/ros2_ws/build/dynamixel_sdk -- -j8 -l8
[0.611s] [100%] Built target dynamixel_sdk
[1.457s] Invoked command in '/home/niklas/Documents/Telerrobotics/Lab2/ros2_ws/build/dynamixel_sdk' returned '0': CMAKE_PREFIX_PATH=/opt/ros/humble /usr/bin/cmake --build /home/niklas/Documents/Telerrobotics/Lab2/ros2_ws/build/dynamixel_sdk -- -j8 -l8
[1.632s] Invoking command in '/home/niklas/Documents/Telerrobotics/Lab2/ros2_ws/build/dynamixel_sdk': CMAKE_PREFIX_PATH=/opt/ros/humble /usr/bin/cmake --install /home/niklas/Documents/Telerrobotics/Lab2/ros2_ws/build/dynamixel_sdk
[1.662s] -- Install configuration: ""
[1.663s] -- Up-to-date: /home/niklas/Documents/Telerrobotics/Lab2/ros2_ws/install/dynamixel_sdk/include/
[1.663s] -- Up-to-date: /home/niklas/Documents/Telerrobotics/Lab2/ros2_ws/install/dynamixel_sdk/include//dynamixel_sdk
[1.663s] -- Up-to-date: /home/niklas/Documents/Telerrobotics/Lab2/ros2_ws/install/dynamixel_sdk/include//dynamixel_sdk/protocol1_packet_handler.h
[1.663s] -- Up-to-date: /home/niklas/Documents/Telerrobotics/Lab2/ros2_ws/install/dynamixel_sdk/include//dynamixel_sdk/dynamixel_sdk.h
[1.664s] -- Up-to-date: /home/niklas/Documents/Telerrobotics/Lab2/ros2_ws/install/dynamixel_sdk/include//dynamixel_sdk/port_handler.h
[1.664s] -- Up-to-date: /home/niklas/Documents/Telerrobotics/Lab2/ros2_ws/install/dynamixel_sdk/include//dynamixel_sdk/packet_handler.h
[1.664s] -- Up-to-date: /home/niklas/Documents/Telerrobotics/Lab2/ros2_ws/install/dynamixel_sdk/include//dynamixel_sdk/group_sync_read.h
[1.664s] -- Up-to-date: /home/niklas/Documents/Telerrobotics/Lab2/ros2_ws/install/dynamixel_sdk/include//dynamixel_sdk/protocol2_packet_handler.h
[1.664s] -- Up-to-date: /home/niklas/Documents/Telerrobotics/Lab2/ros2_ws/install/dynamixel_sdk/include//dynamixel_sdk/port_handler_linux.h
[1.666s] -- Up-to-date: /home/niklas/Documents/Telerrobotics/Lab2/ros2_ws/install/dynamixel_sdk/include//dynamixel_sdk/port_handler_mac.h
[1.666s] -- Up-to-date: /home/niklas/Documents/Telerrobotics/Lab2/ros2_ws/install/dynamixel_sdk/include//dynamixel_sdk/group_bulk_read.h
[1.667s] -- Up-to-date: /home/niklas/Documents/Telerrobotics/Lab2/ros2_ws/install/dynamixel_sdk/include//dynamixel_sdk/port_handler_windows.h
[1.667s] -- Up-to-date: /home/niklas/Documents/Telerrobotics/Lab2/ros2_ws/install/dynamixel_sdk/include//dynamixel_sdk/group_bulk_write.h
[1.667s] -- Up-to-date: /home/niklas/Documents/Telerrobotics/Lab2/ros2_ws/install/dynamixel_sdk/include//dynamixel_sdk/port_handler_arduino.h
[1.667s] -- Up-to-date: /home/niklas/Documents/Telerrobotics/Lab2/ros2_ws/install/dynamixel_sdk/include//dynamixel_sdk/group_sync_write.h
[1.667s] -- Up-to-date: /home/niklas/Documents/Telerrobotics/Lab2/ros2_ws/install/dynamixel_sdk/lib/libdynamixel_sdk.so
[1.668s] -- Up-to-date: /home/niklas/Documents/Telerrobotics/Lab2/ros2_ws/install/dynamixel_sdk/share/dynamixel_sdk/environment/library_path.sh
[1.668s] -- Up-to-date: /home/niklas/Documents/Telerrobotics/Lab2/ros2_ws/install/dynamixel_sdk/share/dynamixel_sdk/environment/library_path.dsv
[1.669s] -- Up-to-date: /home/niklas/Documents/Telerrobotics/Lab2/ros2_ws/install/dynamixel_sdk/share/ament_index/resource_index/package_run_dependencies/dynamixel_sdk
[1.675s] -- Up-to-date: /home/niklas/Documents/Telerrobotics/Lab2/ros2_ws/install/dynamixel_sdk/share/ament_index/resource_index/parent_prefix_path/dynamixel_sdk
[1.676s] -- Up-to-date: /home/niklas/Documents/Telerrobotics/Lab2/ros2_ws/install/dynamixel_sdk/share/dynamixel_sdk/environment/ament_prefix_path.sh
[1.676s] -- Up-to-date: /home/niklas/Documents/Telerrobotics/Lab2/ros2_ws/install/dynamixel_sdk/share/dynamixel_sdk/environment/ament_prefix_path.dsv
[1.677s] -- Up-to-date: /home/niklas/Documents/Telerrobotics/Lab2/ros2_ws/install/dynamixel_sdk/share/dynamixel_sdk/environment/path.sh
[1.677s] -- Up-to-date: /home/niklas/Documents/Telerrobotics/Lab2/ros2_ws/install/dynamixel_sdk/share/dynamixel_sdk/environment/path.dsv
[1.677s] -- Up-to-date: /home/niklas/Documents/Telerrobotics/Lab2/ros2_ws/install/dynamixel_sdk/share/dynamixel_sdk/local_setup.bash
[1.681s] -- Up-to-date: /home/niklas/Documents/Telerrobotics/Lab2/ros2_ws/install/dynamixel_sdk/share/dynamixel_sdk/local_setup.sh
[1.682s] -- Up-to-date: /home/niklas/Documents/Telerrobotics/Lab2/ros2_ws/install/dynamixel_sdk/share/dynamixel_sdk/local_setup.zsh
[1.683s] -- Up-to-date: /home/niklas/Documents/Telerrobotics/Lab2/ros2_ws/install/dynamixel_sdk/share/dynamixel_sdk/local_setup.dsv
[1.683s] -- Installing: /home/niklas/Documents/Telerrobotics/Lab2/ros2_ws/install/dynamixel_sdk/share/dynamixel_sdk/package.dsv
[1.683s] -- Up-to-date: /home/niklas/Documents/Telerrobotics/Lab2/ros2_ws/install/dynamixel_sdk/share/ament_index/resource_index/packages/dynamixel_sdk
[1.683s] -- Up-to-date: /home/niklas/Documents/Telerrobotics/Lab2/ros2_ws/install/dynamixel_sdk/share/dynamixel_sdk/cmake/ament_cmake_export_include_directories-extras.cmake
[1.683s] -- Up-to-date: /home/niklas/Documents/Telerrobotics/Lab2/ros2_ws/install/dynamixel_sdk/share/dynamixel_sdk/cmake/ament_cmake_export_libraries-extras.cmake
[1.683s] -- Up-to-date: /home/niklas/Documents/Telerrobotics/Lab2/ros2_ws/install/dynamixel_sdk/share/dynamixel_sdk/cmake/dynamixel_sdkConfig.cmake
[1.684s] -- Up-to-date: /home/niklas/Documents/Telerrobotics/Lab2/ros2_ws/install/dynamixel_sdk/share/dynamixel_sdk/cmake/dynamixel_sdkConfig-version.cmake
[1.686s] -- Up-to-date: /home/niklas/Documents/Telerrobotics/Lab2/ros2_ws/install/dynamixel_sdk/share/dynamixel_sdk/package.xml
[1.920s] Invoked command in '/home/niklas/Documents/Telerrobotics/Lab2/ros2_ws/build/dynamixel_sdk' returned '0': CMAKE_PREFIX_PATH=/opt/ros/humble /usr/bin/cmake --install /home/niklas/Documents/Telerrobotics/Lab2/ros2_ws/build/dynamixel_sdk
