[0.122s] Invoking command in '/home/niklas/Documents/Telerrobotics/Lab2/ros2_ws_hough/build/rwth': CMAKE_PREFIX_PATH=${CMAKE_PREFIX_PATH}:/home/niklas/Documents/Telerrobotics/Lab2/ros2_ws_hough/install/turtlebot3_teleop:/home/niklas/Documents/Telerrobotics/Lab2/ros2_ws_hough/install/turtlebot3_example:/opt/ros/humble /usr/bin/cmake --build /home/niklas/Documents/Telerrobotics/Lab2/ros2_ws_hough/build/rwth -- -j8 -l8
[0.205s] [35m[1mConsolidate compiler generated dependencies of target rwth_publish[0m
[0.245s] [ 50%] [32mBuilding CXX object CMakeFiles/rwth_publish.dir/src/rwth.cpp.o[0m
[13.673s] [100%] [32m[1mLinking CXX executable rwth_publish[0m
[14.636s] [100%] Built target rwth_publish
[14.661s] Invoked command in '/home/niklas/Documents/Telerrobotics/Lab2/ros2_ws_hough/build/rwth' returned '0': CMAKE_PREFIX_PATH=${CMAKE_PREFIX_PATH}:/home/niklas/Documents/Telerrobotics/Lab2/ros2_ws_hough/install/turtlebot3_teleop:/home/niklas/Documents/Telerrobotics/Lab2/ros2_ws_hough/install/turtlebot3_example:/opt/ros/humble /usr/bin/cmake --build /home/niklas/Documents/Telerrobotics/Lab2/ros2_ws_hough/build/rwth -- -j8 -l8
[14.738s] Invoking command in '/home/niklas/Documents/Telerrobotics/Lab2/ros2_ws_hough/build/rwth': CMAKE_PREFIX_PATH=${CMAKE_PREFIX_PATH}:/home/niklas/Documents/Telerrobotics/Lab2/ros2_ws_hough/install/turtlebot3_teleop:/home/niklas/Documents/Telerrobotics/Lab2/ros2_ws_hough/install/turtlebot3_example:/opt/ros/humble /usr/bin/cmake --install /home/niklas/Documents/Telerrobotics/Lab2/ros2_ws_hough/build/rwth
[14.752s] -- Install configuration: ""
[14.753s] -- Installing: /home/niklas/Documents/Telerrobotics/Lab2/ros2_ws_hough/install/rwth/lib/rwth/rwth_publish
[14.765s] -- Set runtime path of "/home/niklas/Documents/Telerrobotics/Lab2/ros2_ws_hough/install/rwth/lib/rwth/rwth_publish" to ""
[14.765s] -- Up-to-date: /home/niklas/Documents/Telerrobotics/Lab2/ros2_ws_hough/install/rwth/share/ament_index/resource_index/package_run_dependencies/rwth
[14.765s] -- Up-to-date: /home/niklas/Documents/Telerrobotics/Lab2/ros2_ws_hough/install/rwth/share/ament_index/resource_index/parent_prefix_path/rwth
[14.765s] -- Up-to-date: /home/niklas/Documents/Telerrobotics/Lab2/ros2_ws_hough/install/rwth/share/rwth/environment/ament_prefix_path.sh
[14.765s] -- Up-to-date: /home/niklas/Documents/Telerrobotics/Lab2/ros2_ws_hough/install/rwth/share/rwth/environment/ament_prefix_path.dsv
[14.766s] -- Up-to-date: /home/niklas/Documents/Telerrobotics/Lab2/ros2_ws_hough/install/rwth/share/rwth/environment/path.sh
[14.766s] -- Up-to-date: /home/niklas/Documents/Telerrobotics/Lab2/ros2_ws_hough/install/rwth/share/rwth/environment/path.dsv
[14.766s] -- Up-to-date: /home/niklas/Documents/Telerrobotics/Lab2/ros2_ws_hough/install/rwth/share/rwth/local_setup.bash
[14.766s] -- Up-to-date: /home/niklas/Documents/Telerrobotics/Lab2/ros2_ws_hough/install/rwth/share/rwth/local_setup.sh
[14.766s] -- Up-to-date: /home/niklas/Documents/Telerrobotics/Lab2/ros2_ws_hough/install/rwth/share/rwth/local_setup.zsh
[14.767s] -- Up-to-date: /home/niklas/Documents/Telerrobotics/Lab2/ros2_ws_hough/install/rwth/share/rwth/local_setup.dsv
[14.767s] -- Installing: /home/niklas/Documents/Telerrobotics/Lab2/ros2_ws_hough/install/rwth/share/rwth/package.dsv
[14.767s] -- Up-to-date: /home/niklas/Documents/Telerrobotics/Lab2/ros2_ws_hough/install/rwth/share/ament_index/resource_index/packages/rwth
[14.767s] -- Up-to-date: /home/niklas/Documents/Telerrobotics/Lab2/ros2_ws_hough/install/rwth/share/rwth/cmake/rwthConfig.cmake
[14.767s] -- Up-to-date: /home/niklas/Documents/Telerrobotics/Lab2/ros2_ws_hough/install/rwth/share/rwth/cmake/rwthConfig-version.cmake
[14.767s] -- Up-to-date: /home/niklas/Documents/Telerrobotics/Lab2/ros2_ws_hough/install/rwth/share/rwth/package.xml
[14.770s] Invoked command in '/home/niklas/Documents/Telerrobotics/Lab2/ros2_ws_hough/build/rwth' returned '0': CMAKE_PREFIX_PATH=${CMAKE_PREFIX_PATH}:/home/niklas/Documents/Telerrobotics/Lab2/ros2_ws_hough/install/turtlebot3_teleop:/home/niklas/Documents/Telerrobotics/Lab2/ros2_ws_hough/install/turtlebot3_example:/opt/ros/humble /usr/bin/cmake --install /home/niklas/Documents/Telerrobotics/Lab2/ros2_ws_hough/build/rwth
