[1.849s] DEBUG:colcon:Command line arguments: ['/usr/bin/colcon', 'build', '--packages-select', 'rwth']
[1.849s] DEBUG:colcon:Parsed command line arguments: Namespace(log_base=None, log_level=None, verb_name='build', build_base='build', install_base='install', merge_install=False, symlink_install=False, test_result_base=None, continue_on_error=False, executor='parallel', parallel_workers=8, event_handlers=None, ignore_user_meta=False, metas=['./colcon.meta'], base_paths=['.'], packages_ignore=None, packages_ignore_regex=None, paths=None, packages_up_to=None, packages_up_to_regex=None, packages_above=None, packages_above_and_dependencies=None, packages_above_depth=None, packages_select_by_dep=None, packages_skip_by_dep=None, packages_skip_up_to=None, packages_select_build_failed=False, packages_skip_build_finished=False, packages_select_test_failures=False, packages_skip_test_passed=False, packages_select=['rwth'], packages_skip=None, packages_select_regex=None, packages_skip_regex=None, packages_start=None, packages_end=None, allow_overriding=[], cmake_args=None, cmake_target=None, cmake_target_skip_unavailable=False, cmake_clean_cache=False, cmake_clean_first=False, cmake_force_configure=False, ament_cmake_args=None, catkin_cmake_args=None, catkin_skip_building_tests=False, verb_parser=<colcon_defaults.argument_parser.defaults.DefaultArgumentsDecorator object at 0x7f72432ebd00>, verb_extension=<colcon_core.verb.build.BuildVerb object at 0x7f7243554070>, main=<bound method BuildVerb.main of <colcon_core.verb.build.BuildVerb object at 0x7f7243554070>>)
[1.938s] Level 1:colcon.colcon_core.package_discovery:discover_packages(colcon_meta) check parameters
[1.939s] Level 1:colcon.colcon_core.package_discovery:discover_packages(recursive) check parameters
[1.939s] Level 1:colcon.colcon_core.package_discovery:discover_packages(ignore) check parameters
[1.939s] Level 1:colcon.colcon_core.package_discovery:discover_packages(path) check parameters
[1.939s] Level 1:colcon.colcon_core.package_discovery:discover_packages(colcon_meta) discover
[1.939s] Level 1:colcon.colcon_core.package_discovery:discover_packages(recursive) discover
[1.939s] INFO:colcon.colcon_core.package_discovery:Crawling recursively for packages in '/home/niklas/Documents/Telerrobotics/Lab2/ros2_ws_hough'
[1.939s] Level 1:colcon.colcon_core.package_identification:_identify(.) by extensions ['ignore', 'ignore_ament_install']
[1.940s] Level 1:colcon.colcon_core.package_identification:_identify(.) by extension 'ignore'
[1.940s] Level 1:colcon.colcon_core.package_identification:_identify(.) by extension 'ignore_ament_install'
[1.940s] Level 1:colcon.colcon_core.package_identification:_identify(.) by extensions ['colcon_pkg']
[1.940s] Level 1:colcon.colcon_core.package_identification:_identify(.) by extension 'colcon_pkg'
[1.940s] Level 1:colcon.colcon_core.package_identification:_identify(.) by extensions ['colcon_meta']
[1.940s] Level 1:colcon.colcon_core.package_identification:_identify(.) by extension 'colcon_meta'
[1.940s] Level 1:colcon.colcon_core.package_identification:_identify(.) by extensions ['ros']
[1.940s] Level 1:colcon.colcon_core.package_identification:_identify(.) by extension 'ros'
[1.959s] Level 1:colcon.colcon_core.package_identification:_identify(.) by extensions ['cmake', 'python']
[1.959s] Level 1:colcon.colcon_core.package_identification:_identify(.) by extension 'cmake'
[1.959s] Level 1:colcon.colcon_core.package_identification:_identify(.) by extension 'python'
[1.959s] Level 1:colcon.colcon_core.package_identification:_identify(.) by extensions ['python_setup_py']
[1.959s] Level 1:colcon.colcon_core.package_identification:_identify(.) by extension 'python_setup_py'
[1.960s] Level 1:colcon.colcon_core.package_identification:_identify(build) by extensions ['ignore', 'ignore_ament_install']
[1.960s] Level 1:colcon.colcon_core.package_identification:_identify(build) by extension 'ignore'
[1.960s] Level 1:colcon.colcon_core.package_identification:_identify(build) ignored
[1.960s] Level 1:colcon.colcon_core.package_identification:_identify(install) by extensions ['ignore', 'ignore_ament_install']
[1.960s] Level 1:colcon.colcon_core.package_identification:_identify(install) by extension 'ignore'
[1.960s] Level 1:colcon.colcon_core.package_identification:_identify(install) ignored
[1.961s] Level 1:colcon.colcon_core.package_identification:_identify(log) by extensions ['ignore', 'ignore_ament_install']
[1.961s] Level 1:colcon.colcon_core.package_identification:_identify(log) by extension 'ignore'
[1.961s] Level 1:colcon.colcon_core.package_identification:_identify(log) ignored
[1.961s] Level 1:colcon.colcon_core.package_identification:_identify(src) by extensions ['ignore', 'ignore_ament_install']
[1.961s] Level 1:colcon.colcon_core.package_identification:_identify(src) by extension 'ignore'
[1.961s] Level 1:colcon.colcon_core.package_identification:_identify(src) by extension 'ignore_ament_install'
[1.961s] Level 1:colcon.colcon_core.package_identification:_identify(src) by extensions ['colcon_pkg']
[1.961s] Level 1:colcon.colcon_core.package_identification:_identify(src) by extension 'colcon_pkg'
[1.961s] Level 1:colcon.colcon_core.package_identification:_identify(src) by extensions ['colcon_meta']
[1.961s] Level 1:colcon.colcon_core.package_identification:_identify(src) by extension 'colcon_meta'
[1.962s] Level 1:colcon.colcon_core.package_identification:_identify(src) by extensions ['ros']
[1.962s] Level 1:colcon.colcon_core.package_identification:_identify(src) by extension 'ros'
[1.962s] Level 1:colcon.colcon_core.package_identification:_identify(src) by extensions ['cmake', 'python']
[1.962s] Level 1:colcon.colcon_core.package_identification:_identify(src) by extension 'cmake'
[1.962s] Level 1:colcon.colcon_core.package_identification:_identify(src) by extension 'python'
[1.962s] Level 1:colcon.colcon_core.package_identification:_identify(src) by extensions ['python_setup_py']
[1.962s] Level 1:colcon.colcon_core.package_identification:_identify(src) by extension 'python_setup_py'
[1.962s] Level 1:colcon.colcon_core.package_identification:_identify(src/DynamixelSDK) by extensions ['ignore', 'ignore_ament_install']
[1.962s] Level 1:colcon.colcon_core.package_identification:_identify(src/DynamixelSDK) by extension 'ignore'
[1.962s] Level 1:colcon.colcon_core.package_identification:_identify(src/DynamixelSDK) by extension 'ignore_ament_install'
[1.963s] Level 1:colcon.colcon_core.package_identification:_identify(src/DynamixelSDK) by extensions ['colcon_pkg']
[1.963s] Level 1:colcon.colcon_core.package_identification:_identify(src/DynamixelSDK) by extension 'colcon_pkg'
[1.963s] Level 1:colcon.colcon_core.package_identification:_identify(src/DynamixelSDK) by extensions ['colcon_meta']
[1.963s] Level 1:colcon.colcon_core.package_identification:_identify(src/DynamixelSDK) by extension 'colcon_meta'
[1.963s] Level 1:colcon.colcon_core.package_identification:_identify(src/DynamixelSDK) by extensions ['ros']
[1.963s] Level 1:colcon.colcon_core.package_identification:_identify(src/DynamixelSDK) by extension 'ros'
[1.963s] Level 1:colcon.colcon_core.package_identification:_identify(src/DynamixelSDK) by extensions ['cmake', 'python']
[1.963s] Level 1:colcon.colcon_core.package_identification:_identify(src/DynamixelSDK) by extension 'cmake'
[1.963s] Level 1:colcon.colcon_core.package_identification:_identify(src/DynamixelSDK) by extension 'python'
[1.963s] Level 1:colcon.colcon_core.package_identification:_identify(src/DynamixelSDK) by extensions ['python_setup_py']
[1.963s] Level 1:colcon.colcon_core.package_identification:_identify(src/DynamixelSDK) by extension 'python_setup_py'
[1.963s] Level 1:colcon.colcon_core.package_identification:_identify(src/DynamixelSDK/dynamixel_sdk) by extensions ['ignore', 'ignore_ament_install']
[1.964s] Level 1:colcon.colcon_core.package_identification:_identify(src/DynamixelSDK/dynamixel_sdk) by extension 'ignore'
[1.964s] Level 1:colcon.colcon_core.package_identification:_identify(src/DynamixelSDK/dynamixel_sdk) by extension 'ignore_ament_install'
[1.964s] Level 1:colcon.colcon_core.package_identification:_identify(src/DynamixelSDK/dynamixel_sdk) by extensions ['colcon_pkg']
[1.964s] Level 1:colcon.colcon_core.package_identification:_identify(src/DynamixelSDK/dynamixel_sdk) by extension 'colcon_pkg'
[1.964s] Level 1:colcon.colcon_core.package_identification:_identify(src/DynamixelSDK/dynamixel_sdk) by extensions ['colcon_meta']
[1.964s] Level 1:colcon.colcon_core.package_identification:_identify(src/DynamixelSDK/dynamixel_sdk) by extension 'colcon_meta'
[1.964s] Level 1:colcon.colcon_core.package_identification:_identify(src/DynamixelSDK/dynamixel_sdk) by extensions ['ros']
[1.964s] Level 1:colcon.colcon_core.package_identification:_identify(src/DynamixelSDK/dynamixel_sdk) by extension 'ros'
[1.968s] DEBUG:colcon.colcon_core.package_identification:Package 'src/DynamixelSDK/dynamixel_sdk' with type 'ros.ament_cmake' and name 'dynamixel_sdk'
[1.969s] Level 1:colcon.colcon_core.package_identification:_identify(src/DynamixelSDK/dynamixel_sdk_custom_interfaces) by extensions ['ignore', 'ignore_ament_install']
[1.969s] Level 1:colcon.colcon_core.package_identification:_identify(src/DynamixelSDK/dynamixel_sdk_custom_interfaces) by extension 'ignore'
[1.969s] Level 1:colcon.colcon_core.package_identification:_identify(src/DynamixelSDK/dynamixel_sdk_custom_interfaces) by extension 'ignore_ament_install'
[1.969s] Level 1:colcon.colcon_core.package_identification:_identify(src/DynamixelSDK/dynamixel_sdk_custom_interfaces) by extensions ['colcon_pkg']
[1.969s] Level 1:colcon.colcon_core.package_identification:_identify(src/DynamixelSDK/dynamixel_sdk_custom_interfaces) by extension 'colcon_pkg'
[1.969s] Level 1:colcon.colcon_core.package_identification:_identify(src/DynamixelSDK/dynamixel_sdk_custom_interfaces) by extensions ['colcon_meta']
[1.969s] Level 1:colcon.colcon_core.package_identification:_identify(src/DynamixelSDK/dynamixel_sdk_custom_interfaces) by extension 'colcon_meta'
[1.969s] Level 1:colcon.colcon_core.package_identification:_identify(src/DynamixelSDK/dynamixel_sdk_custom_interfaces) by extensions ['ros']
[1.969s] Level 1:colcon.colcon_core.package_identification:_identify(src/DynamixelSDK/dynamixel_sdk_custom_interfaces) by extension 'ros'
[1.970s] DEBUG:colcon.colcon_core.package_identification:Package 'src/DynamixelSDK/dynamixel_sdk_custom_interfaces' with type 'ros.ament_cmake' and name 'dynamixel_sdk_custom_interfaces'
[1.971s] Level 1:colcon.colcon_core.package_identification:_identify(src/DynamixelSDK/dynamixel_sdk_examples) by extensions ['ignore', 'ignore_ament_install']
[1.971s] Level 1:colcon.colcon_core.package_identification:_identify(src/DynamixelSDK/dynamixel_sdk_examples) by extension 'ignore'
[1.971s] Level 1:colcon.colcon_core.package_identification:_identify(src/DynamixelSDK/dynamixel_sdk_examples) by extension 'ignore_ament_install'
[1.971s] Level 1:colcon.colcon_core.package_identification:_identify(src/DynamixelSDK/dynamixel_sdk_examples) by extensions ['colcon_pkg']
[1.971s] Level 1:colcon.colcon_core.package_identification:_identify(src/DynamixelSDK/dynamixel_sdk_examples) by extension 'colcon_pkg'
[1.971s] Level 1:colcon.colcon_core.package_identification:_identify(src/DynamixelSDK/dynamixel_sdk_examples) by extensions ['colcon_meta']
[1.971s] Level 1:colcon.colcon_core.package_identification:_identify(src/DynamixelSDK/dynamixel_sdk_examples) by extension 'colcon_meta'
[1.971s] Level 1:colcon.colcon_core.package_identification:_identify(src/DynamixelSDK/dynamixel_sdk_examples) by extensions ['ros']
[1.971s] Level 1:colcon.colcon_core.package_identification:_identify(src/DynamixelSDK/dynamixel_sdk_examples) by extension 'ros'
[1.972s] DEBUG:colcon.colcon_core.package_identification:Package 'src/DynamixelSDK/dynamixel_sdk_examples' with type 'ros.ament_cmake' and name 'dynamixel_sdk_examples'
[1.973s] Level 1:colcon.colcon_core.package_identification:_identify(src/houghmessage) by extensions ['ignore', 'ignore_ament_install']
[1.973s] Level 1:colcon.colcon_core.package_identification:_identify(src/houghmessage) by extension 'ignore'
[1.973s] Level 1:colcon.colcon_core.package_identification:_identify(src/houghmessage) by extension 'ignore_ament_install'
[1.973s] Level 1:colcon.colcon_core.package_identification:_identify(src/houghmessage) by extensions ['colcon_pkg']
[1.973s] Level 1:colcon.colcon_core.package_identification:_identify(src/houghmessage) by extension 'colcon_pkg'
[1.973s] Level 1:colcon.colcon_core.package_identification:_identify(src/houghmessage) by extensions ['colcon_meta']
[1.973s] Level 1:colcon.colcon_core.package_identification:_identify(src/houghmessage) by extension 'colcon_meta'
[1.973s] Level 1:colcon.colcon_core.package_identification:_identify(src/houghmessage) by extensions ['ros']
[1.973s] Level 1:colcon.colcon_core.package_identification:_identify(src/houghmessage) by extension 'ros'
[1.974s] DEBUG:colcon.colcon_core.package_identification:Package 'src/houghmessage' with type 'ros.ament_cmake' and name 'houghmessage'
[1.975s] Level 1:colcon.colcon_core.package_identification:_identify(src/rwth) by extensions ['ignore', 'ignore_ament_install']
[1.975s] Level 1:colcon.colcon_core.package_identification:_identify(src/rwth) by extension 'ignore'
[1.975s] Level 1:colcon.colcon_core.package_identification:_identify(src/rwth) by extension 'ignore_ament_install'
[1.975s] Level 1:colcon.colcon_core.package_identification:_identify(src/rwth) by extensions ['colcon_pkg']
[1.975s] Level 1:colcon.colcon_core.package_identification:_identify(src/rwth) by extension 'colcon_pkg'
[1.975s] Level 1:colcon.colcon_core.package_identification:_identify(src/rwth) by extensions ['colcon_meta']
[1.975s] Level 1:colcon.colcon_core.package_identification:_identify(src/rwth) by extension 'colcon_meta'
[1.975s] Level 1:colcon.colcon_core.package_identification:_identify(src/rwth) by extensions ['ros']
[1.975s] Level 1:colcon.colcon_core.package_identification:_identify(src/rwth) by extension 'ros'
[1.976s] DEBUG:colcon.colcon_core.package_identification:Package 'src/rwth' with type 'ros.ament_cmake' and name 'rwth'
[1.977s] Level 1:colcon.colcon_core.package_identification:_identify(src/turtlebot3) by extensions ['ignore', 'ignore_ament_install']
[1.977s] Level 1:colcon.colcon_core.package_identification:_identify(src/turtlebot3) by extension 'ignore'
[1.977s] Level 1:colcon.colcon_core.package_identification:_identify(src/turtlebot3) by extension 'ignore_ament_install'
[1.977s] Level 1:colcon.colcon_core.package_identification:_identify(src/turtlebot3) by extensions ['colcon_pkg']
[1.977s] Level 1:colcon.colcon_core.package_identification:_identify(src/turtlebot3) by extension 'colcon_pkg'
[1.977s] Level 1:colcon.colcon_core.package_identification:_identify(src/turtlebot3) by extensions ['colcon_meta']
[1.977s] Level 1:colcon.colcon_core.package_identification:_identify(src/turtlebot3) by extension 'colcon_meta'
[1.977s] Level 1:colcon.colcon_core.package_identification:_identify(src/turtlebot3) by extensions ['ros']
[1.977s] Level 1:colcon.colcon_core.package_identification:_identify(src/turtlebot3) by extension 'ros'
[1.977s] Level 1:colcon.colcon_core.package_identification:_identify(src/turtlebot3) by extensions ['cmake', 'python']
[1.977s] Level 1:colcon.colcon_core.package_identification:_identify(src/turtlebot3) by extension 'cmake'
[1.978s] Level 1:colcon.colcon_core.package_identification:_identify(src/turtlebot3) by extension 'python'
[1.978s] Level 1:colcon.colcon_core.package_identification:_identify(src/turtlebot3) by extensions ['python_setup_py']
[1.978s] Level 1:colcon.colcon_core.package_identification:_identify(src/turtlebot3) by extension 'python_setup_py'
[1.978s] Level 1:colcon.colcon_core.package_identification:_identify(src/turtlebot3/turtlebot3) by extensions ['ignore', 'ignore_ament_install']
[1.978s] Level 1:colcon.colcon_core.package_identification:_identify(src/turtlebot3/turtlebot3) by extension 'ignore'
[1.978s] Level 1:colcon.colcon_core.package_identification:_identify(src/turtlebot3/turtlebot3) by extension 'ignore_ament_install'
[1.978s] Level 1:colcon.colcon_core.package_identification:_identify(src/turtlebot3/turtlebot3) by extensions ['colcon_pkg']
[1.978s] Level 1:colcon.colcon_core.package_identification:_identify(src/turtlebot3/turtlebot3) by extension 'colcon_pkg'
[1.978s] Level 1:colcon.colcon_core.package_identification:_identify(src/turtlebot3/turtlebot3) by extensions ['colcon_meta']
[1.978s] Level 1:colcon.colcon_core.package_identification:_identify(src/turtlebot3/turtlebot3) by extension 'colcon_meta'
[1.979s] Level 1:colcon.colcon_core.package_identification:_identify(src/turtlebot3/turtlebot3) by extensions ['ros']
[1.979s] Level 1:colcon.colcon_core.package_identification:_identify(src/turtlebot3/turtlebot3) by extension 'ros'
[1.980s] DEBUG:colcon.colcon_core.package_identification:Package 'src/turtlebot3/turtlebot3' with type 'ros.ament_cmake' and name 'turtlebot3'
[1.980s] Level 1:colcon.colcon_core.package_identification:_identify(src/turtlebot3/turtlebot3_bringup) by extensions ['ignore', 'ignore_ament_install']
[1.980s] Level 1:colcon.colcon_core.package_identification:_identify(src/turtlebot3/turtlebot3_bringup) by extension 'ignore'
[1.980s] Level 1:colcon.colcon_core.package_identification:_identify(src/turtlebot3/turtlebot3_bringup) by extension 'ignore_ament_install'
[1.980s] Level 1:colcon.colcon_core.package_identification:_identify(src/turtlebot3/turtlebot3_bringup) by extensions ['colcon_pkg']
[1.980s] Level 1:colcon.colcon_core.package_identification:_identify(src/turtlebot3/turtlebot3_bringup) by extension 'colcon_pkg'
[1.980s] Level 1:colcon.colcon_core.package_identification:_identify(src/turtlebot3/turtlebot3_bringup) by extensions ['colcon_meta']
[1.980s] Level 1:colcon.colcon_core.package_identification:_identify(src/turtlebot3/turtlebot3_bringup) by extension 'colcon_meta'
[1.981s] Level 1:colcon.colcon_core.package_identification:_identify(src/turtlebot3/turtlebot3_bringup) by extensions ['ros']
[1.981s] Level 1:colcon.colcon_core.package_identification:_identify(src/turtlebot3/turtlebot3_bringup) by extension 'ros'
[1.982s] DEBUG:colcon.colcon_core.package_identification:Package 'src/turtlebot3/turtlebot3_bringup' with type 'ros.ament_cmake' and name 'turtlebot3_bringup'
[1.982s] Level 1:colcon.colcon_core.package_identification:_identify(src/turtlebot3/turtlebot3_cartographer) by extensions ['ignore', 'ignore_ament_install']
[1.982s] Level 1:colcon.colcon_core.package_identification:_identify(src/turtlebot3/turtlebot3_cartographer) by extension 'ignore'
[1.982s] Level 1:colcon.colcon_core.package_identification:_identify(src/turtlebot3/turtlebot3_cartographer) by extension 'ignore_ament_install'
[1.982s] Level 1:colcon.colcon_core.package_identification:_identify(src/turtlebot3/turtlebot3_cartographer) by extensions ['colcon_pkg']
[1.982s] Level 1:colcon.colcon_core.package_identification:_identify(src/turtlebot3/turtlebot3_cartographer) by extension 'colcon_pkg'
[1.982s] Level 1:colcon.colcon_core.package_identification:_identify(src/turtlebot3/turtlebot3_cartographer) by extensions ['colcon_meta']
[1.983s] Level 1:colcon.colcon_core.package_identification:_identify(src/turtlebot3/turtlebot3_cartographer) by extension 'colcon_meta'
[1.983s] Level 1:colcon.colcon_core.package_identification:_identify(src/turtlebot3/turtlebot3_cartographer) by extensions ['ros']
[1.983s] Level 1:colcon.colcon_core.package_identification:_identify(src/turtlebot3/turtlebot3_cartographer) by extension 'ros'
[1.983s] DEBUG:colcon.colcon_core.package_identification:Package 'src/turtlebot3/turtlebot3_cartographer' with type 'ros.ament_cmake' and name 'turtlebot3_cartographer'
[1.984s] Level 1:colcon.colcon_core.package_identification:_identify(src/turtlebot3/turtlebot3_description) by extensions ['ignore', 'ignore_ament_install']
[1.984s] Level 1:colcon.colcon_core.package_identification:_identify(src/turtlebot3/turtlebot3_description) by extension 'ignore'
[1.984s] Level 1:colcon.colcon_core.package_identification:_identify(src/turtlebot3/turtlebot3_description) by extension 'ignore_ament_install'
[1.984s] Level 1:colcon.colcon_core.package_identification:_identify(src/turtlebot3/turtlebot3_description) by extensions ['colcon_pkg']
[1.984s] Level 1:colcon.colcon_core.package_identification:_identify(src/turtlebot3/turtlebot3_description) by extension 'colcon_pkg'
[1.984s] Level 1:colcon.colcon_core.package_identification:_identify(src/turtlebot3/turtlebot3_description) by extensions ['colcon_meta']
[1.984s] Level 1:colcon.colcon_core.package_identification:_identify(src/turtlebot3/turtlebot3_description) by extension 'colcon_meta'
[1.984s] Level 1:colcon.colcon_core.package_identification:_identify(src/turtlebot3/turtlebot3_description) by extensions ['ros']
[1.984s] Level 1:colcon.colcon_core.package_identification:_identify(src/turtlebot3/turtlebot3_description) by extension 'ros'
[1.985s] DEBUG:colcon.colcon_core.package_identification:Package 'src/turtlebot3/turtlebot3_description' with type 'ros.ament_cmake' and name 'turtlebot3_description'
[1.986s] Level 1:colcon.colcon_core.package_identification:_identify(src/turtlebot3/turtlebot3_example) by extensions ['ignore', 'ignore_ament_install']
[1.986s] Level 1:colcon.colcon_core.package_identification:_identify(src/turtlebot3/turtlebot3_example) by extension 'ignore'
[1.986s] Level 1:colcon.colcon_core.package_identification:_identify(src/turtlebot3/turtlebot3_example) by extension 'ignore_ament_install'
[1.986s] Level 1:colcon.colcon_core.package_identification:_identify(src/turtlebot3/turtlebot3_example) by extensions ['colcon_pkg']
[1.986s] Level 1:colcon.colcon_core.package_identification:_identify(src/turtlebot3/turtlebot3_example) by extension 'colcon_pkg'
[1.986s] Level 1:colcon.colcon_core.package_identification:_identify(src/turtlebot3/turtlebot3_example) by extensions ['colcon_meta']
[1.986s] Level 1:colcon.colcon_core.package_identification:_identify(src/turtlebot3/turtlebot3_example) by extension 'colcon_meta'
[1.986s] Level 1:colcon.colcon_core.package_identification:_identify(src/turtlebot3/turtlebot3_example) by extensions ['ros']
[1.986s] Level 1:colcon.colcon_core.package_identification:_identify(src/turtlebot3/turtlebot3_example) by extension 'ros'
[1.988s] DEBUG:colcon.colcon_core.package_identification:Package 'src/turtlebot3/turtlebot3_example' with type 'ros.ament_python' and name 'turtlebot3_example'
[1.988s] Level 1:colcon.colcon_core.package_identification:_identify(src/turtlebot3/turtlebot3_navigation2) by extensions ['ignore', 'ignore_ament_install']
[1.988s] Level 1:colcon.colcon_core.package_identification:_identify(src/turtlebot3/turtlebot3_navigation2) by extension 'ignore'
[1.988s] Level 1:colcon.colcon_core.package_identification:_identify(src/turtlebot3/turtlebot3_navigation2) by extension 'ignore_ament_install'
[1.989s] Level 1:colcon.colcon_core.package_identification:_identify(src/turtlebot3/turtlebot3_navigation2) by extensions ['colcon_pkg']
[1.989s] Level 1:colcon.colcon_core.package_identification:_identify(src/turtlebot3/turtlebot3_navigation2) by extension 'colcon_pkg'
[1.989s] Level 1:colcon.colcon_core.package_identification:_identify(src/turtlebot3/turtlebot3_navigation2) by extensions ['colcon_meta']
[1.989s] Level 1:colcon.colcon_core.package_identification:_identify(src/turtlebot3/turtlebot3_navigation2) by extension 'colcon_meta'
[1.989s] Level 1:colcon.colcon_core.package_identification:_identify(src/turtlebot3/turtlebot3_navigation2) by extensions ['ros']
[1.989s] Level 1:colcon.colcon_core.package_identification:_identify(src/turtlebot3/turtlebot3_navigation2) by extension 'ros'
[1.990s] DEBUG:colcon.colcon_core.package_identification:Package 'src/turtlebot3/turtlebot3_navigation2' with type 'ros.ament_cmake' and name 'turtlebot3_navigation2'
[1.990s] Level 1:colcon.colcon_core.package_identification:_identify(src/turtlebot3/turtlebot3_node) by extensions ['ignore', 'ignore_ament_install']
[1.990s] Level 1:colcon.colcon_core.package_identification:_identify(src/turtlebot3/turtlebot3_node) by extension 'ignore'
[1.990s] Level 1:colcon.colcon_core.package_identification:_identify(src/turtlebot3/turtlebot3_node) by extension 'ignore_ament_install'
[1.990s] Level 1:colcon.colcon_core.package_identification:_identify(src/turtlebot3/turtlebot3_node) by extensions ['colcon_pkg']
[1.990s] Level 1:colcon.colcon_core.package_identification:_identify(src/turtlebot3/turtlebot3_node) by extension 'colcon_pkg'
[1.990s] Level 1:colcon.colcon_core.package_identification:_identify(src/turtlebot3/turtlebot3_node) by extensions ['colcon_meta']
[1.991s] Level 1:colcon.colcon_core.package_identification:_identify(src/turtlebot3/turtlebot3_node) by extension 'colcon_meta'
[1.991s] Level 1:colcon.colcon_core.package_identification:_identify(src/turtlebot3/turtlebot3_node) by extensions ['ros']
[1.991s] Level 1:colcon.colcon_core.package_identification:_identify(src/turtlebot3/turtlebot3_node) by extension 'ros'
[1.993s] DEBUG:colcon.colcon_core.package_identification:Package 'src/turtlebot3/turtlebot3_node' with type 'ros.ament_cmake' and name 'turtlebot3_node'
[1.993s] Level 1:colcon.colcon_core.package_identification:_identify(src/turtlebot3/turtlebot3_teleop) by extensions ['ignore', 'ignore_ament_install']
[1.993s] Level 1:colcon.colcon_core.package_identification:_identify(src/turtlebot3/turtlebot3_teleop) by extension 'ignore'
[1.993s] Level 1:colcon.colcon_core.package_identification:_identify(src/turtlebot3/turtlebot3_teleop) by extension 'ignore_ament_install'
[1.993s] Level 1:colcon.colcon_core.package_identification:_identify(src/turtlebot3/turtlebot3_teleop) by extensions ['colcon_pkg']
[1.993s] Level 1:colcon.colcon_core.package_identification:_identify(src/turtlebot3/turtlebot3_teleop) by extension 'colcon_pkg'
[1.993s] Level 1:colcon.colcon_core.package_identification:_identify(src/turtlebot3/turtlebot3_teleop) by extensions ['colcon_meta']
[1.994s] Level 1:colcon.colcon_core.package_identification:_identify(src/turtlebot3/turtlebot3_teleop) by extension 'colcon_meta'
[1.994s] Level 1:colcon.colcon_core.package_identification:_identify(src/turtlebot3/turtlebot3_teleop) by extensions ['ros']
[1.994s] Level 1:colcon.colcon_core.package_identification:_identify(src/turtlebot3/turtlebot3_teleop) by extension 'ros'
[1.995s] DEBUG:colcon.colcon_core.package_identification:Package 'src/turtlebot3/turtlebot3_teleop' with type 'ros.ament_python' and name 'turtlebot3_teleop'
[1.995s] Level 1:colcon.colcon_core.package_identification:_identify(src/turtlebot3_msgs) by extensions ['ignore', 'ignore_ament_install']
[1.995s] Level 1:colcon.colcon_core.package_identification:_identify(src/turtlebot3_msgs) by extension 'ignore'
[1.995s] Level 1:colcon.colcon_core.package_identification:_identify(src/turtlebot3_msgs) by extension 'ignore_ament_install'
[1.995s] Level 1:colcon.colcon_core.package_identification:_identify(src/turtlebot3_msgs) by extensions ['colcon_pkg']
[1.996s] Level 1:colcon.colcon_core.package_identification:_identify(src/turtlebot3_msgs) by extension 'colcon_pkg'
[1.996s] Level 1:colcon.colcon_core.package_identification:_identify(src/turtlebot3_msgs) by extensions ['colcon_meta']
[1.996s] Level 1:colcon.colcon_core.package_identification:_identify(src/turtlebot3_msgs) by extension 'colcon_meta'
[1.996s] Level 1:colcon.colcon_core.package_identification:_identify(src/turtlebot3_msgs) by extensions ['ros']
[1.996s] Level 1:colcon.colcon_core.package_identification:_identify(src/turtlebot3_msgs) by extension 'ros'
[1.997s] DEBUG:colcon.colcon_core.package_identification:Package 'src/turtlebot3_msgs' with type 'ros.ament_cmake' and name 'turtlebot3_msgs'
[1.998s] Level 1:colcon.colcon_core.package_identification:_identify(src/turtlebot3_simulations) by extensions ['ignore', 'ignore_ament_install']
[1.998s] Level 1:colcon.colcon_core.package_identification:_identify(src/turtlebot3_simulations) by extension 'ignore'
[1.998s] Level 1:colcon.colcon_core.package_identification:_identify(src/turtlebot3_simulations) by extension 'ignore_ament_install'
[1.998s] Level 1:colcon.colcon_core.package_identification:_identify(src/turtlebot3_simulations) by extensions ['colcon_pkg']
[1.998s] Level 1:colcon.colcon_core.package_identification:_identify(src/turtlebot3_simulations) by extension 'colcon_pkg'
[1.998s] Level 1:colcon.colcon_core.package_identification:_identify(src/turtlebot3_simulations) by extensions ['colcon_meta']
[1.998s] Level 1:colcon.colcon_core.package_identification:_identify(src/turtlebot3_simulations) by extension 'colcon_meta'
[1.998s] Level 1:colcon.colcon_core.package_identification:_identify(src/turtlebot3_simulations) by extensions ['ros']
[1.998s] Level 1:colcon.colcon_core.package_identification:_identify(src/turtlebot3_simulations) by extension 'ros'
[1.998s] Level 1:colcon.colcon_core.package_identification:_identify(src/turtlebot3_simulations) by extensions ['cmake', 'python']
[1.998s] Level 1:colcon.colcon_core.package_identification:_identify(src/turtlebot3_simulations) by extension 'cmake'
[1.998s] Level 1:colcon.colcon_core.package_identification:_identify(src/turtlebot3_simulations) by extension 'python'
[1.999s] Level 1:colcon.colcon_core.package_identification:_identify(src/turtlebot3_simulations) by extensions ['python_setup_py']
[1.999s] Level 1:colcon.colcon_core.package_identification:_identify(src/turtlebot3_simulations) by extension 'python_setup_py'
[1.999s] Level 1:colcon.colcon_core.package_identification:_identify(src/turtlebot3_simulations/turtlebot3_fake_node) by extensions ['ignore', 'ignore_ament_install']
[1.999s] Level 1:colcon.colcon_core.package_identification:_identify(src/turtlebot3_simulations/turtlebot3_fake_node) by extension 'ignore'
[1.999s] Level 1:colcon.colcon_core.package_identification:_identify(src/turtlebot3_simulations/turtlebot3_fake_node) by extension 'ignore_ament_install'
[1.999s] Level 1:colcon.colcon_core.package_identification:_identify(src/turtlebot3_simulations/turtlebot3_fake_node) by extensions ['colcon_pkg']
[1.999s] Level 1:colcon.colcon_core.package_identification:_identify(src/turtlebot3_simulations/turtlebot3_fake_node) by extension 'colcon_pkg'
[1.999s] Level 1:colcon.colcon_core.package_identification:_identify(src/turtlebot3_simulations/turtlebot3_fake_node) by extensions ['colcon_meta']
[1.999s] Level 1:colcon.colcon_core.package_identification:_identify(src/turtlebot3_simulations/turtlebot3_fake_node) by extension 'colcon_meta'
[1.999s] Level 1:colcon.colcon_core.package_identification:_identify(src/turtlebot3_simulations/turtlebot3_fake_node) by extensions ['ros']
[1.999s] Level 1:colcon.colcon_core.package_identification:_identify(src/turtlebot3_simulations/turtlebot3_fake_node) by extension 'ros'
[2.001s] DEBUG:colcon.colcon_core.package_identification:Package 'src/turtlebot3_simulations/turtlebot3_fake_node' with type 'ros.ament_cmake' and name 'turtlebot3_fake_node'
[2.002s] Level 1:colcon.colcon_core.package_identification:_identify(src/turtlebot3_simulations/turtlebot3_gazebo) by extensions ['ignore', 'ignore_ament_install']
[2.002s] Level 1:colcon.colcon_core.package_identification:_identify(src/turtlebot3_simulations/turtlebot3_gazebo) by extension 'ignore'
[2.002s] Level 1:colcon.colcon_core.package_identification:_identify(src/turtlebot3_simulations/turtlebot3_gazebo) by extension 'ignore_ament_install'
[2.002s] Level 1:colcon.colcon_core.package_identification:_identify(src/turtlebot3_simulations/turtlebot3_gazebo) by extensions ['colcon_pkg']
[2.002s] Level 1:colcon.colcon_core.package_identification:_identify(src/turtlebot3_simulations/turtlebot3_gazebo) by extension 'colcon_pkg'
[2.002s] Level 1:colcon.colcon_core.package_identification:_identify(src/turtlebot3_simulations/turtlebot3_gazebo) by extensions ['colcon_meta']
[2.002s] Level 1:colcon.colcon_core.package_identification:_identify(src/turtlebot3_simulations/turtlebot3_gazebo) by extension 'colcon_meta'
[2.002s] Level 1:colcon.colcon_core.package_identification:_identify(src/turtlebot3_simulations/turtlebot3_gazebo) by extensions ['ros']
[2.002s] Level 1:colcon.colcon_core.package_identification:_identify(src/turtlebot3_simulations/turtlebot3_gazebo) by extension 'ros'
[2.004s] DEBUG:colcon.colcon_core.package_identification:Package 'src/turtlebot3_simulations/turtlebot3_gazebo' with type 'ros.ament_cmake' and name 'turtlebot3_gazebo'
[2.004s] Level 1:colcon.colcon_core.package_identification:_identify(src/turtlebot3_simulations/turtlebot3_simulations) by extensions ['ignore', 'ignore_ament_install']
[2.004s] Level 1:colcon.colcon_core.package_identification:_identify(src/turtlebot3_simulations/turtlebot3_simulations) by extension 'ignore'
[2.004s] Level 1:colcon.colcon_core.package_identification:_identify(src/turtlebot3_simulations/turtlebot3_simulations) by extension 'ignore_ament_install'
[2.004s] Level 1:colcon.colcon_core.package_identification:_identify(src/turtlebot3_simulations/turtlebot3_simulations) by extensions ['colcon_pkg']
[2.004s] Level 1:colcon.colcon_core.package_identification:_identify(src/turtlebot3_simulations/turtlebot3_simulations) by extension 'colcon_pkg'
[2.004s] Level 1:colcon.colcon_core.package_identification:_identify(src/turtlebot3_simulations/turtlebot3_simulations) by extensions ['colcon_meta']
[2.004s] Level 1:colcon.colcon_core.package_identification:_identify(src/turtlebot3_simulations/turtlebot3_simulations) by extension 'colcon_meta'
[2.005s] Level 1:colcon.colcon_core.package_identification:_identify(src/turtlebot3_simulations/turtlebot3_simulations) by extensions ['ros']
[2.005s] Level 1:colcon.colcon_core.package_identification:_identify(src/turtlebot3_simulations/turtlebot3_simulations) by extension 'ros'
[2.005s] DEBUG:colcon.colcon_core.package_identification:Package 'src/turtlebot3_simulations/turtlebot3_simulations' with type 'ros.ament_cmake' and name 'turtlebot3_simulations'
[2.006s] Level 1:colcon.colcon_core.package_discovery:discover_packages(recursive) using defaults
[2.006s] Level 1:colcon.colcon_core.package_discovery:discover_packages(ignore) discover
[2.006s] Level 1:colcon.colcon_core.package_discovery:discover_packages(ignore) using defaults
[2.006s] Level 1:colcon.colcon_core.package_discovery:discover_packages(path) discover
[2.006s] Level 1:colcon.colcon_core.package_discovery:discover_packages(path) using defaults
[2.123s] INFO:colcon.colcon_core.package_selection:Skipping not selected package 'dynamixel_sdk' in 'src/DynamixelSDK/dynamixel_sdk'
[2.123s] INFO:colcon.colcon_core.package_selection:Skipping not selected package 'dynamixel_sdk_custom_interfaces' in 'src/DynamixelSDK/dynamixel_sdk_custom_interfaces'
[2.123s] INFO:colcon.colcon_core.package_selection:Skipping not selected package 'houghmessage' in 'src/houghmessage'
[2.123s] INFO:colcon.colcon_core.package_selection:Skipping not selected package 'turtlebot3_cartographer' in 'src/turtlebot3/turtlebot3_cartographer'
[2.123s] INFO:colcon.colcon_core.package_selection:Skipping not selected package 'turtlebot3_description' in 'src/turtlebot3/turtlebot3_description'
[2.123s] INFO:colcon.colcon_core.package_selection:Skipping not selected package 'turtlebot3_gazebo' in 'src/turtlebot3_simulations/turtlebot3_gazebo'
[2.123s] INFO:colcon.colcon_core.package_selection:Skipping not selected package 'turtlebot3_msgs' in 'src/turtlebot3_msgs'
[2.123s] INFO:colcon.colcon_core.package_selection:Skipping not selected package 'turtlebot3_navigation2' in 'src/turtlebot3/turtlebot3_navigation2'
[2.123s] INFO:colcon.colcon_core.package_selection:Skipping not selected package 'turtlebot3_teleop' in 'src/turtlebot3/turtlebot3_teleop'
[2.123s] INFO:colcon.colcon_core.package_selection:Skipping not selected package 'dynamixel_sdk_examples' in 'src/DynamixelSDK/dynamixel_sdk_examples'
[2.123s] INFO:colcon.colcon_core.package_selection:Skipping not selected package 'turtlebot3_example' in 'src/turtlebot3/turtlebot3_example'
[2.123s] INFO:colcon.colcon_core.package_selection:Skipping not selected package 'turtlebot3_fake_node' in 'src/turtlebot3_simulations/turtlebot3_fake_node'
[2.123s] INFO:colcon.colcon_core.package_selection:Skipping not selected package 'turtlebot3_node' in 'src/turtlebot3/turtlebot3_node'
[2.123s] INFO:colcon.colcon_core.package_selection:Skipping not selected package 'turtlebot3_bringup' in 'src/turtlebot3/turtlebot3_bringup'
[2.123s] INFO:colcon.colcon_core.package_selection:Skipping not selected package 'turtlebot3_simulations' in 'src/turtlebot3_simulations/turtlebot3_simulations'
[2.123s] INFO:colcon.colcon_core.package_selection:Skipping not selected package 'turtlebot3' in 'src/turtlebot3/turtlebot3'
[2.176s] Level 1:colcon.colcon_core.package_discovery:discover_packages(prefix_path) check parameters
[2.176s] Level 1:colcon.colcon_core.package_discovery:discover_packages(prefix_path) discover
[2.233s] DEBUG:colcon.colcon_installed_package_information.package_discovery:Found 17 installed packages in /home/niklas/Documents/Telerrobotics/Lab2/ros2_ws_hough/install
[2.262s] DEBUG:colcon.colcon_installed_package_information.package_discovery:Found 335 installed packages in /opt/ros/humble
[2.265s] Level 1:colcon.colcon_core.package_discovery:discover_packages(prefix_path) using defaults
[2.463s] Level 5:colcon.colcon_core.verb:set package 'rwth' build argument 'cmake_args' from command line to 'None'
[2.464s] Level 5:colcon.colcon_core.verb:set package 'rwth' build argument 'cmake_target' from command line to 'None'
[2.464s] Level 5:colcon.colcon_core.verb:set package 'rwth' build argument 'cmake_target_skip_unavailable' from command line to 'False'
[2.464s] Level 5:colcon.colcon_core.verb:set package 'rwth' build argument 'cmake_clean_cache' from command line to 'False'
[2.464s] Level 5:colcon.colcon_core.verb:set package 'rwth' build argument 'cmake_clean_first' from command line to 'False'
[2.464s] Level 5:colcon.colcon_core.verb:set package 'rwth' build argument 'cmake_force_configure' from command line to 'False'
[2.464s] Level 5:colcon.colcon_core.verb:set package 'rwth' build argument 'ament_cmake_args' from command line to 'None'
[2.464s] Level 5:colcon.colcon_core.verb:set package 'rwth' build argument 'catkin_cmake_args' from command line to 'None'
[2.464s] Level 5:colcon.colcon_core.verb:set package 'rwth' build argument 'catkin_skip_building_tests' from command line to 'False'
[2.464s] DEBUG:colcon.colcon_core.verb:Building package 'rwth' with the following arguments: {'ament_cmake_args': None, 'build_base': '/home/niklas/Documents/Telerrobotics/Lab2/ros2_ws_hough/build/rwth', 'catkin_cmake_args': None, 'catkin_skip_building_tests': False, 'cmake_args': None, 'cmake_clean_cache': False, 'cmake_clean_first': False, 'cmake_force_configure': False, 'cmake_target': None, 'cmake_target_skip_unavailable': False, 'install_base': '/home/niklas/Documents/Telerrobotics/Lab2/ros2_ws_hough/install/rwth', 'merge_install': False, 'path': '/home/niklas/Documents/Telerrobotics/Lab2/ros2_ws_hough/src/rwth', 'symlink_install': False, 'test_result_base': None}
[2.491s] INFO:colcon.colcon_core.executor:Executing jobs using 'parallel' executor
[2.519s] DEBUG:colcon.colcon_parallel_executor.executor.parallel:run_until_complete
[2.519s] INFO:colcon.colcon_ros.task.ament_cmake.build:Building ROS package in '/home/niklas/Documents/Telerrobotics/Lab2/ros2_ws_hough/src/rwth' with build type 'ament_cmake'
[2.520s] INFO:colcon.colcon_cmake.task.cmake.build:Building CMake package in '/home/niklas/Documents/Telerrobotics/Lab2/ros2_ws_hough/src/rwth'
[2.552s] INFO:colcon.colcon_core.plugin_system:Skipping extension 'colcon_core.shell.bat': Not used on non-Windows systems
[2.552s] INFO:colcon.colcon_core.shell:Skip shell extension 'powershell' for command environment: Not usable outside of PowerShell
[2.552s] DEBUG:colcon.colcon_core.shell:Skip shell extension 'dsv' for command environment
[2.660s] DEBUG:colcon.colcon_core.event_handler.log_command:Invoking command in '/home/niklas/Documents/Telerrobotics/Lab2/ros2_ws_hough/build/rwth': CMAKE_PREFIX_PATH=${CMAKE_PREFIX_PATH}:/home/niklas/Documents/Telerrobotics/Lab2/ros2_ws_hough/install/turtlebot3_teleop:/home/niklas/Documents/Telerrobotics/Lab2/ros2_ws_hough/install/turtlebot3_example:/opt/ros/humble /usr/bin/cmake --build /home/niklas/Documents/Telerrobotics/Lab2/ros2_ws_hough/build/rwth -- -j8 -l8
[19.553s] DEBUG:colcon.colcon_core.event_handler.log_command:Invoked command in '/home/niklas/Documents/Telerrobotics/Lab2/ros2_ws_hough/build/rwth' returned '0': CMAKE_PREFIX_PATH=${CMAKE_PREFIX_PATH}:/home/niklas/Documents/Telerrobotics/Lab2/ros2_ws_hough/install/turtlebot3_teleop:/home/niklas/Documents/Telerrobotics/Lab2/ros2_ws_hough/install/turtlebot3_example:/opt/ros/humble /usr/bin/cmake --build /home/niklas/Documents/Telerrobotics/Lab2/ros2_ws_hough/build/rwth -- -j8 -l8
[19.637s] DEBUG:colcon.colcon_core.event_handler.log_command:Invoking command in '/home/niklas/Documents/Telerrobotics/Lab2/ros2_ws_hough/build/rwth': CMAKE_PREFIX_PATH=${CMAKE_PREFIX_PATH}:/home/niklas/Documents/Telerrobotics/Lab2/ros2_ws_hough/install/turtlebot3_teleop:/home/niklas/Documents/Telerrobotics/Lab2/ros2_ws_hough/install/turtlebot3_example:/opt/ros/humble /usr/bin/cmake --install /home/niklas/Documents/Telerrobotics/Lab2/ros2_ws_hough/build/rwth
[19.670s] Level 1:colcon.colcon_core.environment:create_environment_scripts_only(rwth)
[19.671s] DEBUG:colcon.colcon_core.event_handler.log_command:Invoked command in '/home/niklas/Documents/Telerrobotics/Lab2/ros2_ws_hough/build/rwth' returned '0': CMAKE_PREFIX_PATH=${CMAKE_PREFIX_PATH}:/home/niklas/Documents/Telerrobotics/Lab2/ros2_ws_hough/install/turtlebot3_teleop:/home/niklas/Documents/Telerrobotics/Lab2/ros2_ws_hough/install/turtlebot3_example:/opt/ros/humble /usr/bin/cmake --install /home/niklas/Documents/Telerrobotics/Lab2/ros2_ws_hough/build/rwth
[19.709s] Level 1:colcon.colcon_core.environment:checking '/home/niklas/Documents/Telerrobotics/Lab2/ros2_ws_hough/install/rwth' for CMake module files
[19.710s] Level 1:colcon.colcon_core.environment:checking '/home/niklas/Documents/Telerrobotics/Lab2/ros2_ws_hough/install/rwth' for CMake config files
[19.711s] Level 1:colcon.colcon_core.shell:create_environment_hook('rwth', 'cmake_prefix_path')
[19.740s] INFO:colcon.colcon_core.shell:Creating environment hook '/home/niklas/Documents/Telerrobotics/Lab2/ros2_ws_hough/install/rwth/share/rwth/hook/cmake_prefix_path.ps1'
[19.742s] INFO:colcon.colcon_core.shell:Creating environment descriptor '/home/niklas/Documents/Telerrobotics/Lab2/ros2_ws_hough/install/rwth/share/rwth/hook/cmake_prefix_path.dsv'
[19.743s] INFO:colcon.colcon_core.shell:Creating environment hook '/home/niklas/Documents/Telerrobotics/Lab2/ros2_ws_hough/install/rwth/share/rwth/hook/cmake_prefix_path.sh'
[19.745s] Level 1:colcon.colcon_core.environment:checking '/home/niklas/Documents/Telerrobotics/Lab2/ros2_ws_hough/install/rwth/lib'
[19.746s] Level 1:colcon.colcon_core.environment:checking '/home/niklas/Documents/Telerrobotics/Lab2/ros2_ws_hough/install/rwth/bin'
[19.746s] Level 1:colcon.colcon_core.environment:checking '/home/niklas/Documents/Telerrobotics/Lab2/ros2_ws_hough/install/rwth/lib/pkgconfig/rwth.pc'
[19.746s] Level 1:colcon.colcon_core.environment:checking '/home/niklas/Documents/Telerrobotics/Lab2/ros2_ws_hough/install/rwth/lib/python3.10/site-packages'
[19.746s] Level 1:colcon.colcon_core.environment:checking '/home/niklas/Documents/Telerrobotics/Lab2/ros2_ws_hough/install/rwth/bin'
[19.777s] INFO:colcon.colcon_core.shell:Creating package script '/home/niklas/Documents/Telerrobotics/Lab2/ros2_ws_hough/install/rwth/share/rwth/package.ps1'
[19.779s] INFO:colcon.colcon_core.shell:Creating package descriptor '/home/niklas/Documents/Telerrobotics/Lab2/ros2_ws_hough/install/rwth/share/rwth/package.dsv'
[19.780s] INFO:colcon.colcon_core.shell:Creating package script '/home/niklas/Documents/Telerrobotics/Lab2/ros2_ws_hough/install/rwth/share/rwth/package.sh'
[19.781s] INFO:colcon.colcon_core.shell:Creating package script '/home/niklas/Documents/Telerrobotics/Lab2/ros2_ws_hough/install/rwth/share/rwth/package.bash'
[19.783s] INFO:colcon.colcon_core.shell:Creating package script '/home/niklas/Documents/Telerrobotics/Lab2/ros2_ws_hough/install/rwth/share/rwth/package.zsh'
[19.784s] Level 1:colcon.colcon_core.environment:create_file_with_runtime_dependencies(/home/niklas/Documents/Telerrobotics/Lab2/ros2_ws_hough/install/rwth/share/colcon-core/packages/rwth)
[19.874s] Level 1:colcon.colcon_core.environment:create_environment_scripts_only(rwth)
[19.903s] Level 1:colcon.colcon_core.environment:checking '/home/niklas/Documents/Telerrobotics/Lab2/ros2_ws_hough/install/rwth' for CMake module files
[19.904s] Level 1:colcon.colcon_core.environment:checking '/home/niklas/Documents/Telerrobotics/Lab2/ros2_ws_hough/install/rwth' for CMake config files
[19.905s] Level 1:colcon.colcon_core.shell:create_environment_hook('rwth', 'cmake_prefix_path')
[19.936s] INFO:colcon.colcon_core.shell:Creating environment hook '/home/niklas/Documents/Telerrobotics/Lab2/ros2_ws_hough/install/rwth/share/rwth/hook/cmake_prefix_path.ps1'
[19.937s] INFO:colcon.colcon_core.shell:Creating environment descriptor '/home/niklas/Documents/Telerrobotics/Lab2/ros2_ws_hough/install/rwth/share/rwth/hook/cmake_prefix_path.dsv'
[19.938s] INFO:colcon.colcon_core.shell:Creating environment hook '/home/niklas/Documents/Telerrobotics/Lab2/ros2_ws_hough/install/rwth/share/rwth/hook/cmake_prefix_path.sh'
[19.939s] Level 1:colcon.colcon_core.environment:checking '/home/niklas/Documents/Telerrobotics/Lab2/ros2_ws_hough/install/rwth/lib'
[19.939s] Level 1:colcon.colcon_core.environment:checking '/home/niklas/Documents/Telerrobotics/Lab2/ros2_ws_hough/install/rwth/bin'
[19.939s] Level 1:colcon.colcon_core.environment:checking '/home/niklas/Documents/Telerrobotics/Lab2/ros2_ws_hough/install/rwth/lib/pkgconfig/rwth.pc'
[19.940s] Level 1:colcon.colcon_core.environment:checking '/home/niklas/Documents/Telerrobotics/Lab2/ros2_ws_hough/install/rwth/lib/python3.10/site-packages'
[19.940s] Level 1:colcon.colcon_core.environment:checking '/home/niklas/Documents/Telerrobotics/Lab2/ros2_ws_hough/install/rwth/bin'
[19.972s] INFO:colcon.colcon_core.shell:Creating package script '/home/niklas/Documents/Telerrobotics/Lab2/ros2_ws_hough/install/rwth/share/rwth/package.ps1'
[19.973s] INFO:colcon.colcon_core.shell:Creating package descriptor '/home/niklas/Documents/Telerrobotics/Lab2/ros2_ws_hough/install/rwth/share/rwth/package.dsv'
[19.974s] INFO:colcon.colcon_core.shell:Creating package script '/home/niklas/Documents/Telerrobotics/Lab2/ros2_ws_hough/install/rwth/share/rwth/package.sh'
[19.976s] INFO:colcon.colcon_core.shell:Creating package script '/home/niklas/Documents/Telerrobotics/Lab2/ros2_ws_hough/install/rwth/share/rwth/package.bash'
[19.978s] INFO:colcon.colcon_core.shell:Creating package script '/home/niklas/Documents/Telerrobotics/Lab2/ros2_ws_hough/install/rwth/share/rwth/package.zsh'
[19.980s] Level 1:colcon.colcon_core.environment:create_file_with_runtime_dependencies(/home/niklas/Documents/Telerrobotics/Lab2/ros2_ws_hough/install/rwth/share/colcon-core/packages/rwth)
[19.980s] DEBUG:colcon.colcon_parallel_executor.executor.parallel:closing loop
[19.981s] DEBUG:colcon.colcon_parallel_executor.executor.parallel:loop closed
[19.981s] DEBUG:colcon.colcon_parallel_executor.executor.parallel:run_until_complete finished with '0'
[19.982s] DEBUG:colcon.colcon_core.event_reactor:joining thread
[20.048s] INFO:colcon.colcon_core.plugin_system:Skipping extension 'colcon_notification.desktop_notification.terminal_notifier': Not used on non-Darwin systems
[20.049s] INFO:colcon.colcon_core.plugin_system:Skipping extension 'colcon_notification.desktop_notification.win32': Not used on non-Windows systems
[20.049s] INFO:colcon.colcon_notification.desktop_notification:Sending desktop notification using 'notify2'
[20.079s] DEBUG:colcon.colcon_core.event_reactor:joined thread
[20.114s] INFO:colcon.colcon_core.shell:Creating prefix script '/home/niklas/Documents/Telerrobotics/Lab2/ros2_ws_hough/install/local_setup.ps1'
[20.117s] INFO:colcon.colcon_core.shell:Creating prefix util module '/home/niklas/Documents/Telerrobotics/Lab2/ros2_ws_hough/install/_local_setup_util_ps1.py'
[20.119s] INFO:colcon.colcon_core.shell:Creating prefix chain script '/home/niklas/Documents/Telerrobotics/Lab2/ros2_ws_hough/install/setup.ps1'
[20.152s] INFO:colcon.colcon_core.shell:Creating prefix script '/home/niklas/Documents/Telerrobotics/Lab2/ros2_ws_hough/install/local_setup.sh'
[20.153s] INFO:colcon.colcon_core.shell:Creating prefix util module '/home/niklas/Documents/Telerrobotics/Lab2/ros2_ws_hough/install/_local_setup_util_sh.py'
[20.154s] INFO:colcon.colcon_core.shell:Creating prefix chain script '/home/niklas/Documents/Telerrobotics/Lab2/ros2_ws_hough/install/setup.sh'
[20.186s] INFO:colcon.colcon_core.shell:Creating prefix script '/home/niklas/Documents/Telerrobotics/Lab2/ros2_ws_hough/install/local_setup.bash'
[20.188s] INFO:colcon.colcon_core.shell:Creating prefix chain script '/home/niklas/Documents/Telerrobotics/Lab2/ros2_ws_hough/install/setup.bash'
[20.220s] INFO:colcon.colcon_core.shell:Creating prefix script '/home/niklas/Documents/Telerrobotics/Lab2/ros2_ws_hough/install/local_setup.zsh'
[20.221s] INFO:colcon.colcon_core.shell:Creating prefix chain script '/home/niklas/Documents/Telerrobotics/Lab2/ros2_ws_hough/install/setup.zsh'
