[0.852s] Invoking command in '/home/niklas/Documents/Telerrobotics/Lab2/ros2_ws_hough/build/dynamixel_sdk': CMAKE_PREFIX_PATH=${CMAKE_PREFIX_PATH}:/home/niklas/Documents/Telerrobotics/Lab2/ros2_ws_hough/install/turtlebot3_teleop:/home/niklas/Documents/Telerrobotics/Lab2/ros2_ws_hough/install/turtlebot3_example:/opt/ros/humble /usr/bin/cmake /home/niklas/Documents/Telerrobotics/Lab2/ros2_ws_hough/src/DynamixelSDK/dynamixel_sdk -DCMAKE_INSTALL_PREFIX=/home/niklas/Documents/Telerrobotics/Lab2/ros2_ws_hough/install/dynamixel_sdk
[1.055s] -- The C compiler identification is GNU 11.4.0
[1.256s] -- The CXX compiler identification is GNU 11.4.0
[1.279s] -- Detecting C compiler ABI info
[1.569s] -- Detecting C compiler ABI info - done
[1.588s] -- Check for working C compiler: /usr/bin/cc - skipped
[1.592s] -- Detecting C compile features
[1.614s] -- Detecting C compile features - done
[1.615s] -- Detecting CXX compiler ABI info
[1.986s] -- Detecting CXX compiler ABI info - done
[2.002s] -- Check for working CXX compiler: /usr/bin/c++ - skipped
[2.003s] -- Detecting CXX compile features
[2.004s] -- Detecting CXX compile features - done
[2.012s] -- Found ament_cmake: 1.3.5 (/opt/ros/humble/share/ament_cmake/cmake)
[2.605s] -- Found Python3: /usr/bin/python3.10 (found version "3.10.12") found components: Interpreter 
[3.255s] -- Configuring done
[3.270s] -- Generating done
[3.293s] -- Build files have been written to: /home/niklas/Documents/Telerrobotics/Lab2/ros2_ws_hough/build/dynamixel_sdk
[3.309s] Invoked command in '/home/niklas/Documents/Telerrobotics/Lab2/ros2_ws_hough/build/dynamixel_sdk' returned '0': CMAKE_PREFIX_PATH=${CMAKE_PREFIX_PATH}:/home/niklas/Documents/Telerrobotics/Lab2/ros2_ws_hough/install/turtlebot3_teleop:/home/niklas/Documents/Telerrobotics/Lab2/ros2_ws_hough/install/turtlebot3_example:/opt/ros/humble /usr/bin/cmake /home/niklas/Documents/Telerrobotics/Lab2/ros2_ws_hough/src/DynamixelSDK/dynamixel_sdk -DCMAKE_INSTALL_PREFIX=/home/niklas/Documents/Telerrobotics/Lab2/ros2_ws_hough/install/dynamixel_sdk
[3.312s] Invoking command in '/home/niklas/Documents/Telerrobotics/Lab2/ros2_ws_hough/build/dynamixel_sdk': CMAKE_PREFIX_PATH=${CMAKE_PREFIX_PATH}:/home/niklas/Documents/Telerrobotics/Lab2/ros2_ws_hough/install/turtlebot3_teleop:/home/niklas/Documents/Telerrobotics/Lab2/ros2_ws_hough/install/turtlebot3_example:/opt/ros/humble /usr/bin/cmake --build /home/niklas/Documents/Telerrobotics/Lab2/ros2_ws_hough/build/dynamixel_sdk -- -j8 -l8
[3.555s] [ 10%] [32mBuilding CXX object CMakeFiles/dynamixel_sdk.dir/src/dynamixel_sdk/packet_handler.cpp.o[0m
[3.565s] [ 20%] [32mBuilding CXX object CMakeFiles/dynamixel_sdk.dir/src/dynamixel_sdk/protocol1_packet_handler.cpp.o[0m
[3.570s] [ 30%] [32mBuilding CXX object CMakeFiles/dynamixel_sdk.dir/src/dynamixel_sdk/protocol2_packet_handler.cpp.o[0m
[3.593s] [ 40%] [32mBuilding CXX object CMakeFiles/dynamixel_sdk.dir/src/dynamixel_sdk/group_bulk_read.cpp.o[0m
[3.600s] [ 50%] [32mBuilding CXX object CMakeFiles/dynamixel_sdk.dir/src/dynamixel_sdk/group_sync_write.cpp.o[0m
[3.603s] [ 60%] [32mBuilding CXX object CMakeFiles/dynamixel_sdk.dir/src/dynamixel_sdk/group_sync_read.cpp.o[0m
[3.625s] [ 70%] [32mBuilding CXX object CMakeFiles/dynamixel_sdk.dir/src/dynamixel_sdk/group_bulk_write.cpp.o[0m
[3.727s] [ 80%] [32mBuilding CXX object CMakeFiles/dynamixel_sdk.dir/src/dynamixel_sdk/port_handler.cpp.o[0m
[3.931s] [ 90%] [32mBuilding CXX object CMakeFiles/dynamixel_sdk.dir/src/dynamixel_sdk/port_handler_linux.cpp.o[0m
[5.209s] [100%] [32m[1mLinking CXX shared library libdynamixel_sdk.so[0m
[5.513s] [100%] Built target dynamixel_sdk
[5.626s] Invoked command in '/home/niklas/Documents/Telerrobotics/Lab2/ros2_ws_hough/build/dynamixel_sdk' returned '0': CMAKE_PREFIX_PATH=${CMAKE_PREFIX_PATH}:/home/niklas/Documents/Telerrobotics/Lab2/ros2_ws_hough/install/turtlebot3_teleop:/home/niklas/Documents/Telerrobotics/Lab2/ros2_ws_hough/install/turtlebot3_example:/opt/ros/humble /usr/bin/cmake --build /home/niklas/Documents/Telerrobotics/Lab2/ros2_ws_hough/build/dynamixel_sdk -- -j8 -l8
[5.933s] Invoking command in '/home/niklas/Documents/Telerrobotics/Lab2/ros2_ws_hough/build/dynamixel_sdk': CMAKE_PREFIX_PATH=${CMAKE_PREFIX_PATH}:/home/niklas/Documents/Telerrobotics/Lab2/ros2_ws_hough/install/turtlebot3_teleop:/home/niklas/Documents/Telerrobotics/Lab2/ros2_ws_hough/install/turtlebot3_example:/opt/ros/humble /usr/bin/cmake --install /home/niklas/Documents/Telerrobotics/Lab2/ros2_ws_hough/build/dynamixel_sdk
[5.957s] -- Install configuration: ""
[5.957s] -- Installing: /home/niklas/Documents/Telerrobotics/Lab2/ros2_ws_hough/install/dynamixel_sdk/include/
[5.958s] -- Installing: /home/niklas/Documents/Telerrobotics/Lab2/ros2_ws_hough/install/dynamixel_sdk/include//dynamixel_sdk
[5.958s] -- Installing: /home/niklas/Documents/Telerrobotics/Lab2/ros2_ws_hough/install/dynamixel_sdk/include//dynamixel_sdk/protocol1_packet_handler.h
[5.964s] -- Installing: /home/niklas/Documents/Telerrobotics/Lab2/ros2_ws_hough/install/dynamixel_sdk/include//dynamixel_sdk/dynamixel_sdk.h
[5.965s] -- Installing: /home/niklas/Documents/Telerrobotics/Lab2/ros2_ws_hough/install/dynamixel_sdk/include//dynamixel_sdk/port_handler.h
[5.965s] -- Installing: /home/niklas/Documents/Telerrobotics/Lab2/ros2_ws_hough/install/dynamixel_sdk/include//dynamixel_sdk/packet_handler.h
[5.965s] -- Installing: /home/niklas/Documents/Telerrobotics/Lab2/ros2_ws_hough/install/dynamixel_sdk/include//dynamixel_sdk/group_sync_read.h
[5.965s] -- Installing: /home/niklas/Documents/Telerrobotics/Lab2/ros2_ws_hough/install/dynamixel_sdk/include//dynamixel_sdk/protocol2_packet_handler.h
[5.966s] -- Installing: /home/niklas/Documents/Telerrobotics/Lab2/ros2_ws_hough/install/dynamixel_sdk/include//dynamixel_sdk/port_handler_linux.h
[5.966s] -- Installing: /home/niklas/Documents/Telerrobotics/Lab2/ros2_ws_hough/install/dynamixel_sdk/include//dynamixel_sdk/port_handler_mac.h
[5.966s] -- Installing: /home/niklas/Documents/Telerrobotics/Lab2/ros2_ws_hough/install/dynamixel_sdk/include//dynamixel_sdk/group_bulk_read.h
[5.966s] -- Installing: /home/niklas/Documents/Telerrobotics/Lab2/ros2_ws_hough/install/dynamixel_sdk/include//dynamixel_sdk/port_handler_windows.h
[5.966s] -- Installing: /home/niklas/Documents/Telerrobotics/Lab2/ros2_ws_hough/install/dynamixel_sdk/include//dynamixel_sdk/group_bulk_write.h
[5.967s] -- Installing: /home/niklas/Documents/Telerrobotics/Lab2/ros2_ws_hough/install/dynamixel_sdk/include//dynamixel_sdk/port_handler_arduino.h
[5.967s] -- Installing: /home/niklas/Documents/Telerrobotics/Lab2/ros2_ws_hough/install/dynamixel_sdk/include//dynamixel_sdk/group_sync_write.h
[5.967s] -- Installing: /home/niklas/Documents/Telerrobotics/Lab2/ros2_ws_hough/install/dynamixel_sdk/lib/libdynamixel_sdk.so
[5.967s] -- Installing: /home/niklas/Documents/Telerrobotics/Lab2/ros2_ws_hough/install/dynamixel_sdk/share/dynamixel_sdk/environment/library_path.sh
[5.967s] -- Installing: /home/niklas/Documents/Telerrobotics/Lab2/ros2_ws_hough/install/dynamixel_sdk/share/dynamixel_sdk/environment/library_path.dsv
[5.968s] -- Installing: /home/niklas/Documents/Telerrobotics/Lab2/ros2_ws_hough/install/dynamixel_sdk/share/ament_index/resource_index/package_run_dependencies/dynamixel_sdk
[5.968s] -- Installing: /home/niklas/Documents/Telerrobotics/Lab2/ros2_ws_hough/install/dynamixel_sdk/share/ament_index/resource_index/parent_prefix_path/dynamixel_sdk
[5.969s] -- Installing: /home/niklas/Documents/Telerrobotics/Lab2/ros2_ws_hough/install/dynamixel_sdk/share/dynamixel_sdk/environment/ament_prefix_path.sh
[5.969s] -- Installing: /home/niklas/Documents/Telerrobotics/Lab2/ros2_ws_hough/install/dynamixel_sdk/share/dynamixel_sdk/environment/ament_prefix_path.dsv
[5.970s] -- Installing: /home/niklas/Documents/Telerrobotics/Lab2/ros2_ws_hough/install/dynamixel_sdk/share/dynamixel_sdk/environment/path.sh
[5.970s] -- Installing: /home/niklas/Documents/Telerrobotics/Lab2/ros2_ws_hough/install/dynamixel_sdk/share/dynamixel_sdk/environment/path.dsv
[5.971s] -- Installing: /home/niklas/Documents/Telerrobotics/Lab2/ros2_ws_hough/install/dynamixel_sdk/share/dynamixel_sdk/local_setup.bash
[5.974s] -- Installing: /home/niklas/Documents/Telerrobotics/Lab2/ros2_ws_hough/install/dynamixel_sdk/share/dynamixel_sdk/local_setup.sh
[5.975s] -- Installing: /home/niklas/Documents/Telerrobotics/Lab2/ros2_ws_hough/install/dynamixel_sdk/share/dynamixel_sdk/local_setup.zsh
[5.975s] -- Installing: /home/niklas/Documents/Telerrobotics/Lab2/ros2_ws_hough/install/dynamixel_sdk/share/dynamixel_sdk/local_setup.dsv
[5.976s] -- Installing: /home/niklas/Documents/Telerrobotics/Lab2/ros2_ws_hough/install/dynamixel_sdk/share/dynamixel_sdk/package.dsv
[5.981s] -- Installing: /home/niklas/Documents/Telerrobotics/Lab2/ros2_ws_hough/install/dynamixel_sdk/share/ament_index/resource_index/packages/dynamixel_sdk
[5.989s] -- Installing: /home/niklas/Documents/Telerrobotics/Lab2/ros2_ws_hough/install/dynamixel_sdk/share/dynamixel_sdk/cmake/ament_cmake_export_include_directories-extras.cmake
[5.990s] -- Installing: /home/niklas/Documents/Telerrobotics/Lab2/ros2_ws_hough/install/dynamixel_sdk/share/dynamixel_sdk/cmake/ament_cmake_export_libraries-extras.cmake
[5.990s] -- Installing: /home/niklas/Documents/Telerrobotics/Lab2/ros2_ws_hough/install/dynamixel_sdk/share/dynamixel_sdk/cmake/dynamixel_sdkConfig.cmake
[5.990s] -- Installing: /home/niklas/Documents/Telerrobotics/Lab2/ros2_ws_hough/install/dynamixel_sdk/share/dynamixel_sdk/cmake/dynamixel_sdkConfig-version.cmake
[5.990s] -- Installing: /home/niklas/Documents/Telerrobotics/Lab2/ros2_ws_hough/install/dynamixel_sdk/share/dynamixel_sdk/package.xml
[5.991s] Invoked command in '/home/niklas/Documents/Telerrobotics/Lab2/ros2_ws_hough/build/dynamixel_sdk' returned '0': CMAKE_PREFIX_PATH=${CMAKE_PREFIX_PATH}:/home/niklas/Documents/Telerrobotics/Lab2/ros2_ws_hough/install/turtlebot3_teleop:/home/niklas/Documents/Telerrobotics/Lab2/ros2_ws_hough/install/turtlebot3_example:/opt/ros/humble /usr/bin/cmake --install /home/niklas/Documents/Telerrobotics/Lab2/ros2_ws_hough/build/dynamixel_sdk
