[1.143s] Invoking command in '/home/niklas/Documents/Telerrobotics/Lab2/ros2_ws/build/turtlebot3_fake_node': AMENT_PREFIX_PATH=/home/niklas/Documents/Telerrobotics/Lab2/ros2_ws/install/turtlebot3_msgs:${AMENT_PREFIX_PATH} CMAKE_PREFIX_PATH=/home/niklas/Documents/Telerrobotics/Lab2/ros2_ws/install/turtlebot3_msgs:/opt/ros/humble LD_LIBRARY_PATH=/home/niklas/Documents/Telerrobotics/Lab2/ros2_ws/install/turtlebot3_msgs/lib:${LD_LIBRARY_PATH} PYTHONPATH=/home/niklas/Documents/Telerrobotics/Lab2/ros2_ws/install/turtlebot3_msgs/local/lib/python3.10/dist-packages:${PYTHONPATH} /usr/bin/cmake /home/niklas/Documents/Telerrobotics/Lab2/ros2_ws/src/turtlebot3_simulations/turtlebot3_fake_node -DCMAKE_INSTALL_PREFIX=/home/niklas/Documents/Telerrobotics/Lab2/ros2_ws/install/turtlebot3_fake_node
[1.353s] -- The C compiler identification is GNU 11.4.0
[1.587s] -- The CXX compiler identification is GNU 11.4.0
[1.607s] -- Detecting C compiler ABI info
[1.892s] -- Detecting C compiler ABI info - done
[1.909s] -- Check for working C compiler: /usr/bin/cc - skipped
[1.910s] -- Detecting C compile features
[1.911s] -- Detecting C compile features - done
[1.919s] -- Detecting CXX compiler ABI info
[2.200s] -- Detecting CXX compiler ABI info - done
[2.219s] -- Check for working CXX compiler: /usr/bin/c++ - skipped
[2.220s] -- Detecting CXX compile features
[2.221s] -- Detecting CXX compile features - done
[2.225s] -- Found ament_cmake: 1.3.5 (/opt/ros/humble/share/ament_cmake/cmake)
[2.619s] -- Found Python3: /usr/bin/python3.10 (found version "3.10.12") found components: Interpreter 
[2.807s] -- Found geometry_msgs: 4.2.3 (/opt/ros/humble/share/geometry_msgs/cmake)
[2.884s] -- Found rosidl_generator_c: 3.1.5 (/opt/ros/humble/share/rosidl_generator_c/cmake)
[2.895s] -- Found rosidl_adapter: 3.1.5 (/opt/ros/humble/share/rosidl_adapter/cmake)
[2.912s] -- Found rosidl_generator_cpp: 3.1.5 (/opt/ros/humble/share/rosidl_generator_cpp/cmake)
[2.941s] -- Using all available rosidl_typesupport_c: rosidl_typesupport_fastrtps_c;rosidl_typesupport_introspection_c
[2.985s] -- Using all available rosidl_typesupport_cpp: rosidl_typesupport_fastrtps_cpp;rosidl_typesupport_introspection_cpp
[3.259s] -- Found nav_msgs: 4.2.3 (/opt/ros/humble/share/nav_msgs/cmake)
[3.439s] -- Found rclcpp: 16.0.6 (/opt/ros/humble/share/rclcpp/cmake)
[3.566s] -- Found rmw_implementation_cmake: 6.1.1 (/opt/ros/humble/share/rmw_implementation_cmake/cmake)
[3.570s] -- Found rmw_fastrtps_cpp: 6.2.4 (/opt/ros/humble/share/rmw_fastrtps_cpp/cmake)
[3.800s] -- Found OpenSSL: /usr/lib/x86_64-linux-gnu/libcrypto.so (found version "3.0.2")  
[3.853s] -- Found FastRTPS: /opt/ros/humble/include  
[3.958s] -- Using RMW implementation 'rmw_fastrtps_cpp' as default
[3.979s] -- Looking for pthread.h
[4.156s] -- Looking for pthread.h - found
[4.156s] -- Performing Test CMAKE_HAVE_LIBC_PTHREAD
[4.299s] -- Performing Test CMAKE_HAVE_LIBC_PTHREAD - Success
[4.301s] -- Found Threads: TRUE  
[4.574s] -- Found sensor_msgs: 4.2.3 (/opt/ros/humble/share/sensor_msgs/cmake)
[4.706s] -- Found tf2: 0.25.4 (/opt/ros/humble/share/tf2/cmake)
[4.739s] -- Found tf2_msgs: 0.25.4 (/opt/ros/humble/share/tf2_msgs/cmake)
[5.074s] -- Found turtlebot3_msgs: 2.2.3 (/home/niklas/Documents/Telerrobotics/Lab2/ros2_ws/install/turtlebot3_msgs/share/turtlebot3_msgs/cmake)
[5.388s] -- Configuring done
[5.430s] -- Generating done
[5.436s] -- Build files have been written to: /home/niklas/Documents/Telerrobotics/Lab2/ros2_ws/build/turtlebot3_fake_node
