[2.060s] Invoking command in '/home/niklas/Documents/Telerrobotics/Lab2/ros2_ws/src/turtlebot3/turtlebot3_teleop': PYTHONPATH=/home/niklas/Documents/Telerrobotics/Lab2/ros2_ws/build/turtlebot3_teleop/prefix_override:/home/niklas/Documents/Telerrobotics/Lab2/ros2_ws/install/turtlebot3_teleop/lib/python3.10/site-packages:${PYTHONPATH} /usr/bin/python3 setup.py egg_info --egg-base ../../../build/turtlebot3_teleop build --build-base /home/niklas/Documents/Telerrobotics/Lab2/ros2_ws/build/turtlebot3_teleop/build install --record /home/niklas/Documents/Telerrobotics/Lab2/ros2_ws/build/turtlebot3_teleop/install.log --single-version-externally-managed
[2.646s] running egg_info
[2.647s] writing ../../../build/turtlebot3_teleop/turtlebot3_teleop.egg-info/PKG-INFO
[2.648s] writing dependency_links to ../../../build/turtlebot3_teleop/turtlebot3_teleop.egg-info/dependency_links.txt
[2.648s] writing entry points to ../../../build/turtlebot3_teleop/turtlebot3_teleop.egg-info/entry_points.txt
[2.648s] writing requirements to ../../../build/turtlebot3_teleop/turtlebot3_teleop.egg-info/requires.txt
[2.648s] writing top-level names to ../../../build/turtlebot3_teleop/turtlebot3_teleop.egg-info/top_level.txt
[2.654s] reading manifest file '../../../build/turtlebot3_teleop/turtlebot3_teleop.egg-info/SOURCES.txt'
[2.654s] writing manifest file '../../../build/turtlebot3_teleop/turtlebot3_teleop.egg-info/SOURCES.txt'
[2.655s] running build
[2.655s] running build_py
[2.656s] running install
[2.656s] /usr/lib/python3/dist-packages/setuptools/command/install.py:34: SetuptoolsDeprecationWarning: setup.py install is deprecated. Use build and pip and other standards-based tools.
[2.657s]   warnings.warn(
[2.658s] running install_lib
[2.659s] running install_data
[2.661s] running install_egg_info
[2.664s] removing '/home/niklas/Documents/Telerrobotics/Lab2/ros2_ws/install/turtlebot3_teleop/lib/python3.10/site-packages/turtlebot3_teleop-2.1.5-py3.10.egg-info' (and everything under it)
[2.665s] Copying ../../../build/turtlebot3_teleop/turtlebot3_teleop.egg-info to /home/niklas/Documents/Telerrobotics/Lab2/ros2_ws/install/turtlebot3_teleop/lib/python3.10/site-packages/turtlebot3_teleop-2.1.5-py3.10.egg-info
[2.668s] running install_scripts
[2.733s] Installing teleop_keyboard script to /home/niklas/Documents/Telerrobotics/Lab2/ros2_ws/install/turtlebot3_teleop/lib/turtlebot3_teleop
[2.733s] writing list of installed files to '/home/niklas/Documents/Telerrobotics/Lab2/ros2_ws/build/turtlebot3_teleop/install.log'
[2.802s] Invoked command in '/home/niklas/Documents/Telerrobotics/Lab2/ros2_ws/src/turtlebot3/turtlebot3_teleop' returned '0': PYTHONPATH=/home/niklas/Documents/Telerrobotics/Lab2/ros2_ws/build/turtlebot3_teleop/prefix_override:/home/niklas/Documents/Telerrobotics/Lab2/ros2_ws/install/turtlebot3_teleop/lib/python3.10/site-packages:${PYTHONPATH} /usr/bin/python3 setup.py egg_info --egg-base ../../../build/turtlebot3_teleop build --build-base /home/niklas/Documents/Telerrobotics/Lab2/ros2_ws/build/turtlebot3_teleop/build install --record /home/niklas/Documents/Telerrobotics/Lab2/ros2_ws/build/turtlebot3_teleop/install.log --single-version-externally-managed
