[3.878s] Invoking command in '/home/niklas/Documents/Telerrobotics/Lab2/ros2_ws_hough/src/turtlebot3/turtlebot3_teleop': PYTHONPATH=/home/niklas/Documents/Telerrobotics/Lab2/ros2_ws_hough/build/turtlebot3_teleop/prefix_override:/home/niklas/Documents/Telerrobotics/Lab2/ros2_ws_hough/install/turtlebot3_teleop/lib/python3.10/site-packages:${PYTHONPATH} /usr/bin/python3 setup.py egg_info --egg-base ../../../build/turtlebot3_teleop build --build-base /home/niklas/Documents/Telerrobotics/Lab2/ros2_ws_hough/build/turtlebot3_teleop/build install --record /home/niklas/Documents/Telerrobotics/Lab2/ros2_ws_hough/build/turtlebot3_teleop/install.log --single-version-externally-managed
[4.493s] running egg_info
[4.502s] writing ../../../build/turtlebot3_teleop/turtlebot3_teleop.egg-info/PKG-INFO
[4.503s] writing dependency_links to ../../../build/turtlebot3_teleop/turtlebot3_teleop.egg-info/dependency_links.txt
[4.503s] writing entry points to ../../../build/turtlebot3_teleop/turtlebot3_teleop.egg-info/entry_points.txt
[4.503s] writing requirements to ../../../build/turtlebot3_teleop/turtlebot3_teleop.egg-info/requires.txt
[4.503s] writing top-level names to ../../../build/turtlebot3_teleop/turtlebot3_teleop.egg-info/top_level.txt
[4.503s] reading manifest file '../../../build/turtlebot3_teleop/turtlebot3_teleop.egg-info/SOURCES.txt'
[4.503s] writing manifest file '../../../build/turtlebot3_teleop/turtlebot3_teleop.egg-info/SOURCES.txt'
[4.504s] running build
[4.504s] running build_py
[4.504s] running install
[4.504s] running install_lib
[4.504s] /usr/lib/python3/dist-packages/setuptools/command/install.py:34: SetuptoolsDeprecationWarning: setup.py install is deprecated. Use build and pip and other standards-based tools.
[4.504s]   warnings.warn(
[4.505s] running install_data
[4.505s] running install_egg_info
[4.505s] removing '/home/niklas/Documents/Telerrobotics/Lab2/ros2_ws_hough/install/turtlebot3_teleop/lib/python3.10/site-packages/turtlebot3_teleop-2.1.5-py3.10.egg-info' (and everything under it)
[4.505s] Copying ../../../build/turtlebot3_teleop/turtlebot3_teleop.egg-info to /home/niklas/Documents/Telerrobotics/Lab2/ros2_ws_hough/install/turtlebot3_teleop/lib/python3.10/site-packages/turtlebot3_teleop-2.1.5-py3.10.egg-info
[4.505s] running install_scripts
[4.569s] Installing teleop_keyboard script to /home/niklas/Documents/Telerrobotics/Lab2/ros2_ws_hough/install/turtlebot3_teleop/lib/turtlebot3_teleop
[4.569s] writing list of installed files to '/home/niklas/Documents/Telerrobotics/Lab2/ros2_ws_hough/build/turtlebot3_teleop/install.log'
[4.806s] Invoked command in '/home/niklas/Documents/Telerrobotics/Lab2/ros2_ws_hough/src/turtlebot3/turtlebot3_teleop' returned '0': PYTHONPATH=/home/niklas/Documents/Telerrobotics/Lab2/ros2_ws_hough/build/turtlebot3_teleop/prefix_override:/home/niklas/Documents/Telerrobotics/Lab2/ros2_ws_hough/install/turtlebot3_teleop/lib/python3.10/site-packages:${PYTHONPATH} /usr/bin/python3 setup.py egg_info --egg-base ../../../build/turtlebot3_teleop build --build-base /home/niklas/Documents/Telerrobotics/Lab2/ros2_ws_hough/build/turtlebot3_teleop/build install --record /home/niklas/Documents/Telerrobotics/Lab2/ros2_ws_hough/build/turtlebot3_teleop/install.log --single-version-externally-managed
