[0.762s] Invoking command in '/home/niklas/Documents/Telerrobotics/Lab2/ros2_ws_hough/build/turtlebot3_description': CMAKE_PREFIX_PATH=${CMAKE_PREFIX_PATH}:/home/niklas/Documents/Telerrobotics/Lab2/ros2_ws_hough/install/turtlebot3_teleop:/home/niklas/Documents/Telerrobotics/Lab2/ros2_ws_hough/install/turtlebot3_example:/opt/ros/humble /usr/bin/cmake --build /home/niklas/Documents/Telerrobotics/Lab2/ros2_ws_hough/build/turtlebot3_description -- -j8 -l8
[2.204s] Invoked command in '/home/niklas/Documents/Telerrobotics/Lab2/ros2_ws_hough/build/turtlebot3_description' returned '0': CMAKE_PREFIX_PATH=${CMAKE_PREFIX_PATH}:/home/niklas/Documents/Telerrobotics/Lab2/ros2_ws_hough/install/turtlebot3_teleop:/home/niklas/Documents/Telerrobotics/Lab2/ros2_ws_hough/install/turtlebot3_example:/opt/ros/humble /usr/bin/cmake --build /home/niklas/Documents/Telerrobotics/Lab2/ros2_ws_hough/build/turtlebot3_description -- -j8 -l8
[2.392s] Invoking command in '/home/niklas/Documents/Telerrobotics/Lab2/ros2_ws_hough/build/turtlebot3_description': CMAKE_PREFIX_PATH=${CMAKE_PREFIX_PATH}:/home/niklas/Documents/Telerrobotics/Lab2/ros2_ws_hough/install/turtlebot3_teleop:/home/niklas/Documents/Telerrobotics/Lab2/ros2_ws_hough/install/turtlebot3_example:/opt/ros/humble /usr/bin/cmake --install /home/niklas/Documents/Telerrobotics/Lab2/ros2_ws_hough/build/turtlebot3_description
[2.408s] -- Install configuration: ""
[2.409s] -- Up-to-date: /home/niklas/Documents/Telerrobotics/Lab2/ros2_ws_hough/install/turtlebot3_description/share/turtlebot3_description/meshes
[2.409s] -- Up-to-date: /home/niklas/Documents/Telerrobotics/Lab2/ros2_ws_hough/install/turtlebot3_description/share/turtlebot3_description/meshes/sensors
[2.410s] -- Up-to-date: /home/niklas/Documents/Telerrobotics/Lab2/ros2_ws_hough/install/turtlebot3_description/share/turtlebot3_description/meshes/sensors/astra.dae
[2.411s] -- Up-to-date: /home/niklas/Documents/Telerrobotics/Lab2/ros2_ws_hough/install/turtlebot3_description/share/turtlebot3_description/meshes/sensors/r200.dae
[2.424s] -- Up-to-date: /home/niklas/Documents/Telerrobotics/Lab2/ros2_ws_hough/install/turtlebot3_description/share/turtlebot3_description/meshes/sensors/r200.jpg
[2.424s] -- Up-to-date: /home/niklas/Documents/Telerrobotics/Lab2/ros2_ws_hough/install/turtlebot3_description/share/turtlebot3_description/meshes/sensors/astra.jpg
[2.427s] -- Up-to-date: /home/niklas/Documents/Telerrobotics/Lab2/ros2_ws_hough/install/turtlebot3_description/share/turtlebot3_description/meshes/sensors/lds.stl
[2.428s] -- Up-to-date: /home/niklas/Documents/Telerrobotics/Lab2/ros2_ws_hough/install/turtlebot3_description/share/turtlebot3_description/meshes/wheels
[2.442s] -- Up-to-date: /home/niklas/Documents/Telerrobotics/Lab2/ros2_ws_hough/install/turtlebot3_description/share/turtlebot3_description/meshes/wheels/right_tire.stl
[2.464s] -- Up-to-date: /home/niklas/Documents/Telerrobotics/Lab2/ros2_ws_hough/install/turtlebot3_description/share/turtlebot3_description/meshes/wheels/left_tire.stl
[2.465s] -- Up-to-date: /home/niklas/Documents/Telerrobotics/Lab2/ros2_ws_hough/install/turtlebot3_description/share/turtlebot3_description/meshes/bases
[2.465s] -- Up-to-date: /home/niklas/Documents/Telerrobotics/Lab2/ros2_ws_hough/install/turtlebot3_description/share/turtlebot3_description/meshes/bases/waffle_base.stl
[2.465s] -- Up-to-date: /home/niklas/Documents/Telerrobotics/Lab2/ros2_ws_hough/install/turtlebot3_description/share/turtlebot3_description/meshes/bases/waffle_pi_base.stl
[2.465s] -- Up-to-date: /home/niklas/Documents/Telerrobotics/Lab2/ros2_ws_hough/install/turtlebot3_description/share/turtlebot3_description/meshes/bases/burger_base.stl
[2.465s] -- Up-to-date: /home/niklas/Documents/Telerrobotics/Lab2/ros2_ws_hough/install/turtlebot3_description/share/turtlebot3_description/rviz
[2.465s] -- Up-to-date: /home/niklas/Documents/Telerrobotics/Lab2/ros2_ws_hough/install/turtlebot3_description/share/turtlebot3_description/rviz/model.rviz
[2.466s] -- Up-to-date: /home/niklas/Documents/Telerrobotics/Lab2/ros2_ws_hough/install/turtlebot3_description/share/turtlebot3_description/urdf
[2.466s] -- Up-to-date: /home/niklas/Documents/Telerrobotics/Lab2/ros2_ws_hough/install/turtlebot3_description/share/turtlebot3_description/urdf/turtlebot3_waffle.urdf
[2.466s] -- Up-to-date: /home/niklas/Documents/Telerrobotics/Lab2/ros2_ws_hough/install/turtlebot3_description/share/turtlebot3_description/urdf/turtlebot3_burger.urdf
[2.466s] -- Up-to-date: /home/niklas/Documents/Telerrobotics/Lab2/ros2_ws_hough/install/turtlebot3_description/share/turtlebot3_description/urdf/common_properties.urdf
[2.467s] -- Up-to-date: /home/niklas/Documents/Telerrobotics/Lab2/ros2_ws_hough/install/turtlebot3_description/share/turtlebot3_description/urdf/turtlebot3_waffle_pi.urdf
[2.467s] -- Up-to-date: /home/niklas/Documents/Telerrobotics/Lab2/ros2_ws_hough/install/turtlebot3_description/share/ament_index/resource_index/package_run_dependencies/turtlebot3_description
[2.471s] -- Up-to-date: /home/niklas/Documents/Telerrobotics/Lab2/ros2_ws_hough/install/turtlebot3_description/share/ament_index/resource_index/parent_prefix_path/turtlebot3_description
[2.471s] -- Up-to-date: /home/niklas/Documents/Telerrobotics/Lab2/ros2_ws_hough/install/turtlebot3_description/share/turtlebot3_description/environment/ament_prefix_path.sh
[2.471s] -- Up-to-date: /home/niklas/Documents/Telerrobotics/Lab2/ros2_ws_hough/install/turtlebot3_description/share/turtlebot3_description/environment/ament_prefix_path.dsv
[2.472s] -- Up-to-date: /home/niklas/Documents/Telerrobotics/Lab2/ros2_ws_hough/install/turtlebot3_description/share/turtlebot3_description/environment/path.sh
[2.472s] -- Up-to-date: /home/niklas/Documents/Telerrobotics/Lab2/ros2_ws_hough/install/turtlebot3_description/share/turtlebot3_description/environment/path.dsv
[2.472s] -- Up-to-date: /home/niklas/Documents/Telerrobotics/Lab2/ros2_ws_hough/install/turtlebot3_description/share/turtlebot3_description/local_setup.bash
[2.472s] -- Up-to-date: /home/niklas/Documents/Telerrobotics/Lab2/ros2_ws_hough/install/turtlebot3_description/share/turtlebot3_description/local_setup.sh
[2.473s] -- Up-to-date: /home/niklas/Documents/Telerrobotics/Lab2/ros2_ws_hough/install/turtlebot3_description/share/turtlebot3_description/local_setup.zsh
[2.473s] -- Up-to-date: /home/niklas/Documents/Telerrobotics/Lab2/ros2_ws_hough/install/turtlebot3_description/share/turtlebot3_description/local_setup.dsv
[2.473s] -- Installing: /home/niklas/Documents/Telerrobotics/Lab2/ros2_ws_hough/install/turtlebot3_description/share/turtlebot3_description/package.dsv
[2.480s] -- Up-to-date: /home/niklas/Documents/Telerrobotics/Lab2/ros2_ws_hough/install/turtlebot3_description/share/ament_index/resource_index/packages/turtlebot3_description
[2.480s] -- Up-to-date: /home/niklas/Documents/Telerrobotics/Lab2/ros2_ws_hough/install/turtlebot3_description/share/turtlebot3_description/cmake/turtlebot3_descriptionConfig.cmake
[2.481s] -- Up-to-date: /home/niklas/Documents/Telerrobotics/Lab2/ros2_ws_hough/install/turtlebot3_description/share/turtlebot3_description/cmake/turtlebot3_descriptionConfig-version.cmake
[2.481s] -- Up-to-date: /home/niklas/Documents/Telerrobotics/Lab2/ros2_ws_hough/install/turtlebot3_description/share/turtlebot3_description/package.xml
[2.751s] Invoked command in '/home/niklas/Documents/Telerrobotics/Lab2/ros2_ws_hough/build/turtlebot3_description' returned '0': CMAKE_PREFIX_PATH=${CMAKE_PREFIX_PATH}:/home/niklas/Documents/Telerrobotics/Lab2/ros2_ws_hough/install/turtlebot3_teleop:/home/niklas/Documents/Telerrobotics/Lab2/ros2_ws_hough/install/turtlebot3_example:/opt/ros/humble /usr/bin/cmake --install /home/niklas/Documents/Telerrobotics/Lab2/ros2_ws_hough/build/turtlebot3_description
