[35m[1mConsolidate compiler generated dependencies of target rwth_publish[0m
[ 50%] [32mBuilding CXX object CMakeFiles/rwth_publish.dir/src/rwth.cpp.o[0m
In file included from [01m[K/home/niklas/Documents/Telerrobotics/Lab2/ros2_ws_hough/src/rwth/src/rwth.cpp:9[m[K:
[01m[K/home/niklas/Documents/Telerrobotics/Lab2/ros2_ws_hough/src/rwth/src/helper.hpp:[m[K In member function ‘[01m[Kstd::vector<std::vector<float> > HelperRWTH::creatPeakMatrix(int, int)[m[K’:
[01m[K/home/niklas/Documents/Telerrobotics/Lab2/ros2_ws_hough/src/rwth/src/helper.hpp:64:77:[m[K [01;31m[Kerror: [m[Kno matching function for call to ‘[01m[Kstd::vector<std::vector<float> >::vector(int&, std::vector<int>)[m[K’
   64 |         std::vector<std::vector<float>> matrix(row, std::vector<int>(col, 0)[01;31m[K)[m[K;
      |                                                                             [01;31m[K^[m[K
In file included from [01m[K/usr/include/c++/11/vector:67[m[K,
                 from [01m[K/usr/include/c++/11/functional:62[m[K,
                 from [01m[K/home/niklas/Documents/Telerrobotics/Lab2/ros2_ws_hough/src/rwth/src/rwth.cpp:2[m[K:
[01m[K/usr/include/c++/11/bits/stl_vector.h:653:9:[m[K [01;36m[Knote: [m[Kcandidate: ‘[01m[Ktemplate<class _InputIterator, class> std::vector<_Tp, _Alloc>::vector(_InputIterator, _InputIterator, const allocator_type&) [with _InputIterator = _InputIterator; <template-parameter-2-2> = <template-parameter-1-2>; _Tp = std::vector<float>; _Alloc = std::allocator<std::vector<float> >][m[K’
  653 |         [01;36m[Kvector[m[K(_InputIterator __first, _InputIterator __last,
      |         [01;36m[K^~~~~~[m[K
[01m[K/usr/include/c++/11/bits/stl_vector.h:653:9:[m[K [01;36m[Knote: [m[K  template argument deduction/substitution failed:
In file included from [01m[K/home/niklas/Documents/Telerrobotics/Lab2/ros2_ws_hough/src/rwth/src/rwth.cpp:9[m[K:
[01m[K/home/niklas/Documents/Telerrobotics/Lab2/ros2_ws_hough/src/rwth/src/helper.hpp:64:77:[m[K [01;36m[Knote: [m[K  deduced conflicting types for parameter ‘[01m[K_InputIterator[m[K’ (‘[01m[Kint[m[K’ and ‘[01m[Kstd::vector<int>[m[K’)
   64 |         std::vector<std::vector<float>> matrix(row, std::vector<int>(col, 0)[01;36m[K)[m[K;
      |                                                                             [01;36m[K^[m[K
In file included from [01m[K/usr/include/c++/11/vector:67[m[K,
                 from [01m[K/usr/include/c++/11/functional:62[m[K,
                 from [01m[K/home/niklas/Documents/Telerrobotics/Lab2/ros2_ws_hough/src/rwth/src/rwth.cpp:2[m[K:
[01m[K/usr/include/c++/11/bits/stl_vector.h:625:7:[m[K [01;36m[Knote: [m[Kcandidate: ‘[01m[Kstd::vector<_Tp, _Alloc>::vector(std::initializer_list<_Tp>, const allocator_type&) [with _Tp = std::vector<float>; _Alloc = std::allocator<std::vector<float> >; std::vector<_Tp, _Alloc>::allocator_type = std::allocator<std::vector<float> >][m[K’
  625 |       [01;36m[Kvector[m[K(initializer_list<value_type> __l,
      |       [01;36m[K^~~~~~[m[K
[01m[K/usr/include/c++/11/bits/stl_vector.h:625:43:[m[K [01;36m[Knote: [m[K  no known conversion for argument 1 from ‘[01m[Kint[m[K’ to ‘[01m[Kstd::initializer_list<std::vector<float> >[m[K’
  625 |       vector([01;36m[Kinitializer_list<value_type> __l[m[K,
      |              [01;36m[K~~~~~~~~~~~~~~~~~~~~~~~~~~~~~^~~[m[K
[01m[K/usr/include/c++/11/bits/stl_vector.h:607:7:[m[K [01;36m[Knote: [m[Kcandidate: ‘[01m[Kstd::vector<_Tp, _Alloc>::vector(std::vector<_Tp, _Alloc>&&, const allocator_type&) [with _Tp = std::vector<float>; _Alloc = std::allocator<std::vector<float> >; std::vector<_Tp, _Alloc>::allocator_type = std::allocator<std::vector<float> >][m[K’
  607 |       [01;36m[Kvector[m[K(vector&& __rv, const allocator_type& __m)
      |       [01;36m[K^~~~~~[m[K
[01m[K/usr/include/c++/11/bits/stl_vector.h:607:23:[m[K [01;36m[Knote: [m[K  no known conversion for argument 1 from ‘[01m[Kint[m[K’ to ‘[01m[Kstd::vector<std::vector<float> >&&[m[K’
  607 |       vector([01;36m[Kvector&& __rv[m[K, const allocator_type& __m)
      |              [01;36m[K~~~~~~~~~^~~~[m[K
[01m[K/usr/include/c++/11/bits/stl_vector.h:589:7:[m[K [01;36m[Knote: [m[Kcandidate: ‘[01m[Kstd::vector<_Tp, _Alloc>::vector(std::vector<_Tp, _Alloc>&&, const allocator_type&, std::false_type) [with _Tp = std::vector<float>; _Alloc = std::allocator<std::vector<float> >; std::vector<_Tp, _Alloc>::allocator_type = std::allocator<std::vector<float> >; std::false_type = std::integral_constant<bool, false>][m[K’
  589 |       [01;36m[Kvector[m[K(vector&& __rv, const allocator_type& __m, false_type)
      |       [01;36m[K^~~~~~[m[K
[01m[K/usr/include/c++/11/bits/stl_vector.h:589:7:[m[K [01;36m[Knote: [m[K  candidate expects 3 arguments, 2 provided
[01m[K/usr/include/c++/11/bits/stl_vector.h:585:7:[m[K [01;36m[Knote: [m[Kcandidate: ‘[01m[Kstd::vector<_Tp, _Alloc>::vector(std::vector<_Tp, _Alloc>&&, const allocator_type&, std::true_type) [with _Tp = std::vector<float>; _Alloc = std::allocator<std::vector<float> >; std::vector<_Tp, _Alloc>::allocator_type = std::allocator<std::vector<float> >; std::true_type = std::integral_constant<bool, true>][m[K’
  585 |       [01;36m[Kvector[m[K(vector&& __rv, const allocator_type& __m, true_type) noexcept
      |       [01;36m[K^~~~~~[m[K
[01m[K/usr/include/c++/11/bits/stl_vector.h:585:7:[m[K [01;36m[Knote: [m[K  candidate expects 3 arguments, 2 provided
[01m[K/usr/include/c++/11/bits/stl_vector.h:575:7:[m[K [01;36m[Knote: [m[Kcandidate: ‘[01m[Kstd::vector<_Tp, _Alloc>::vector(const std::vector<_Tp, _Alloc>&, const allocator_type&) [with _Tp = std::vector<float>; _Alloc = std::allocator<std::vector<float> >; std::vector<_Tp, _Alloc>::allocator_type = std::allocator<std::vector<float> >][m[K’
  575 |       [01;36m[Kvector[m[K(const vector& __x, const allocator_type& __a)
      |       [01;36m[K^~~~~~[m[K
[01m[K/usr/include/c++/11/bits/stl_vector.h:575:28:[m[K [01;36m[Knote: [m[K  no known conversion for argument 1 from ‘[01m[Kint[m[K’ to ‘[01m[Kconst std::vector<std::vector<float> >&[m[K’
  575 |       vector([01;36m[Kconst vector& __x[m[K, const allocator_type& __a)
      |              [01;36m[K~~~~~~~~~~~~~~^~~[m[K
[01m[K/usr/include/c++/11/bits/stl_vector.h:572:7:[m[K [01;36m[Knote: [m[Kcandidate: ‘[01m[Kstd::vector<_Tp, _Alloc>::vector(std::vector<_Tp, _Alloc>&&) [with _Tp = std::vector<float>; _Alloc = std::allocator<std::vector<float> >][m[K’
  572 |       [01;36m[Kvector[m[K(vector&&) noexcept = default;
      |       [01;36m[K^~~~~~[m[K
[01m[K/usr/include/c++/11/bits/stl_vector.h:572:7:[m[K [01;36m[Knote: [m[K  candidate expects 1 argument, 2 provided
[01m[K/usr/include/c++/11/bits/stl_vector.h:553:7:[m[K [01;36m[Knote: [m[Kcandidate: ‘[01m[Kstd::vector<_Tp, _Alloc>::vector(const std::vector<_Tp, _Alloc>&) [with _Tp = std::vector<float>; _Alloc = std::allocator<std::vector<float> >][m[K’
  553 |       [01;36m[Kvector[m[K(const vector& __x)
      |       [01;36m[K^~~~~~[m[K
[01m[K/usr/include/c++/11/bits/stl_vector.h:553:7:[m[K [01;36m[Knote: [m[K  candidate expects 1 argument, 2 provided
[01m[K/usr/include/c++/11/bits/stl_vector.h:522:7:[m[K [01;36m[Knote: [m[Kcandidate: ‘[01m[Kstd::vector<_Tp, _Alloc>::vector(std::vector<_Tp, _Alloc>::size_type, const value_type&, const allocator_type&) [with _Tp = std::vector<float>; _Alloc = std::allocator<std::vector<float> >; std::vector<_Tp, _Alloc>::size_type = long unsigned int; std::vector<_Tp, _Alloc>::value_type = std::vector<float>; std::vector<_Tp, _Alloc>::allocator_type = std::allocator<std::vector<float> >][m[K’
  522 |       [01;36m[Kvector[m[K(size_type __n, const value_type& __value,
      |       [01;36m[K^~~~~~[m[K
[01m[K/usr/include/c++/11/bits/stl_vector.h:522:47:[m[K [01;36m[Knote: [m[K  no known conversion for argument 2 from ‘[01m[Kstd::vector<int>[m[K’ to ‘[01m[Kconst value_type&[m[K’ {aka ‘[01m[Kconst std::vector<float>&[m[K’}
  522 |       vector(size_type __n, [01;36m[Kconst value_type& __value[m[K,
      |                             [01;36m[K~~~~~~~~~~~~~~~~~~^~~~~~~[m[K
[01m[K/usr/include/c++/11/bits/stl_vector.h:510:7:[m[K [01;36m[Knote: [m[Kcandidate: ‘[01m[Kstd::vector<_Tp, _Alloc>::vector(std::vector<_Tp, _Alloc>::size_type, const allocator_type&) [with _Tp = std::vector<float>; _Alloc = std::allocator<std::vector<float> >; std::vector<_Tp, _Alloc>::size_type = long unsigned int; std::vector<_Tp, _Alloc>::allocator_type = std::allocator<std::vector<float> >][m[K’
  510 |       [01;36m[Kvector[m[K(size_type __n, const allocator_type& __a = allocator_type())
      |       [01;36m[K^~~~~~[m[K
[01m[K/usr/include/c++/11/bits/stl_vector.h:510:51:[m[K [01;36m[Knote: [m[K  no known conversion for argument 2 from ‘[01m[Kstd::vector<int>[m[K’ to ‘[01m[Kconst allocator_type&[m[K’ {aka ‘[01m[Kconst std::allocator<std::vector<float> >&[m[K’}
  510 |       vector(size_type __n, [01;36m[Kconst allocator_type& __a = allocator_type()[m[K)
      |                             [01;36m[K~~~~~~~~~~~~~~~~~~~~~~^~~~~~~~~~~~~~~~~~~~~~[m[K
[01m[K/usr/include/c++/11/bits/stl_vector.h:497:7:[m[K [01;36m[Knote: [m[Kcandidate: ‘[01m[Kstd::vector<_Tp, _Alloc>::vector(const allocator_type&) [with _Tp = std::vector<float>; _Alloc = std::allocator<std::vector<float> >; std::vector<_Tp, _Alloc>::allocator_type = std::allocator<std::vector<float> >][m[K’
  497 |       [01;36m[Kvector[m[K(const allocator_type& __a) _GLIBCXX_NOEXCEPT
      |       [01;36m[K^~~~~~[m[K
[01m[K/usr/include/c++/11/bits/stl_vector.h:497:7:[m[K [01;36m[Knote: [m[K  candidate expects 1 argument, 2 provided
[01m[K/usr/include/c++/11/bits/stl_vector.h:487:7:[m[K [01;36m[Knote: [m[Kcandidate: ‘[01m[Kstd::vector<_Tp, _Alloc>::vector() [with _Tp = std::vector<float>; _Alloc = std::allocator<std::vector<float> >][m[K’
  487 |       [01;36m[Kvector[m[K() = default;
      |       [01;36m[K^~~~~~[m[K
[01m[K/usr/include/c++/11/bits/stl_vector.h:487:7:[m[K [01;36m[Knote: [m[K  candidate expects 0 arguments, 2 provided
[01m[K/home/niklas/Documents/Telerrobotics/Lab2/ros2_ws_hough/src/rwth/src/rwth.cpp:[m[K In lambda function:
[01m[K/home/niklas/Documents/Telerrobotics/Lab2/ros2_ws_hough/src/rwth/src/rwth.cpp:62:42:[m[K [01;35m[Kwarning: [m[Kcomparison of integer expressions of different signedness: ‘[01m[Kint[m[K’ and ‘[01m[Kstd::vector<float>::size_type[m[K’ {aka ‘[01m[Klong unsigned int[m[K’} [[01;35m[K]8;;https://gcc.gnu.org/onlinedocs/gcc/Warning-Options.html#index-Wsign-compare-Wsign-compare]8;;[m[K]
   62 |                         for(int i = 0; [01;35m[Ki < ranges.size()[m[K; i++)
      |                                        [01;35m[K~~^~~~~~~~~~~~~~~[m[K
[01m[K/home/niklas/Documents/Telerrobotics/Lab2/ros2_ws_hough/src/rwth/src/rwth.cpp:72:43:[m[K [01;35m[Kwarning: [m[Kcomparison of integer expressions of different signedness: ‘[01m[Kint[m[K’ and ‘[01m[Kstd::vector<float>::size_type[m[K’ {aka ‘[01m[Klong unsigned int[m[K’} [[01;35m[K]8;;https://gcc.gnu.org/onlinedocs/gcc/Warning-Options.html#index-Wsign-compare-Wsign-compare]8;;[m[K]
   72 |                         for (int i = 0; [01;35m[Ki < ranges.size()[m[K; ++i) {
      |                                         [01;35m[K~~^~~~~~~~~~~~~~~[m[K
gmake[2]: *** [CMakeFiles/rwth_publish.dir/build.make:76: CMakeFiles/rwth_publish.dir/src/rwth.cpp.o] Error 1
gmake[1]: *** [CMakeFiles/Makefile2:137: CMakeFiles/rwth_publish.dir/all] Error 2
gmake: *** [Makefile:146: all] Error 2
