[0.140s] Invoking command in '/home/niklas/Documents/Telerrobotics/Lab2/ros2_ws_hough/build/rwth': CMAKE_PREFIX_PATH=${CMAKE_PREFIX_PATH}:/home/niklas/Documents/Telerrobotics/Lab2/ros2_ws_hough/install/turtlebot3_teleop:/home/niklas/Documents/Telerrobotics/Lab2/ros2_ws_hough/install/turtlebot3_example:/opt/ros/humble /usr/bin/cmake --build /home/niklas/Documents/Telerrobotics/Lab2/ros2_ws_hough/build/rwth -- -j8 -l8
[0.230s] [35m[1mConsolidate compiler generated dependencies of target rwth_publish[0m
[0.267s] [ 50%] [32mBuilding CXX object CMakeFiles/rwth_publish.dir/src/rwth.cpp.o[0m
[3.974s] In file included from [01m[K/home/niklas/Documents/Telerrobotics/Lab2/ros2_ws_hough/src/rwth/src/rwth.cpp:9[m[K:
[3.974s] [01m[K/home/niklas/Documents/Telerrobotics/Lab2/ros2_ws_hough/src/rwth/src/helper.hpp:[m[K In member function ‘[01m[Kstd::vector<std::vector<float> > HelperRWTH::creatPeakMatrix(int, int)[m[K’:
[3.974s] [01m[K/home/niklas/Documents/Telerrobotics/Lab2/ros2_ws_hough/src/rwth/src/helper.hpp:64:77:[m[K [01;31m[Kerror: [m[Kno matching function for call to ‘[01m[Kstd::vector<std::vector<float> >::vector(int&, std::vector<int>)[m[K’
[3.974s]    64 |         std::vector<std::vector<float>> matrix(row, std::vector<int>(col, 0)[01;31m[K)[m[K;
[3.975s]       |                                                                             [01;31m[K^[m[K
[3.975s] In file included from [01m[K/usr/include/c++/11/vector:67[m[K,
[3.975s]                  from [01m[K/usr/include/c++/11/functional:62[m[K,
[3.975s]                  from [01m[K/home/niklas/Documents/Telerrobotics/Lab2/ros2_ws_hough/src/rwth/src/rwth.cpp:2[m[K:
[3.975s] [01m[K/usr/include/c++/11/bits/stl_vector.h:653:9:[m[K [01;36m[Knote: [m[Kcandidate: ‘[01m[Ktemplate<class _InputIterator, class> std::vector<_Tp, _Alloc>::vector(_InputIterator, _InputIterator, const allocator_type&) [with _InputIterator = _InputIterator; <template-parameter-2-2> = <template-parameter-1-2>; _Tp = std::vector<float>; _Alloc = std::allocator<std::vector<float> >][m[K’
[3.975s]   653 |         [01;36m[Kvector[m[K(_InputIterator __first, _InputIterator __last,
[3.975s]       |         [01;36m[K^~~~~~[m[K
[3.976s] [01m[K/usr/include/c++/11/bits/stl_vector.h:653:9:[m[K [01;36m[Knote: [m[K  template argument deduction/substitution failed:
[3.976s] In file included from [01m[K/home/niklas/Documents/Telerrobotics/Lab2/ros2_ws_hough/src/rwth/src/rwth.cpp:9[m[K:
[3.976s] [01m[K/home/niklas/Documents/Telerrobotics/Lab2/ros2_ws_hough/src/rwth/src/helper.hpp:64:77:[m[K [01;36m[Knote: [m[K  deduced conflicting types for parameter ‘[01m[K_InputIterator[m[K’ (‘[01m[Kint[m[K’ and ‘[01m[Kstd::vector<int>[m[K’)
[3.976s]    64 |         std::vector<std::vector<float>> matrix(row, std::vector<int>(col, 0)[01;36m[K)[m[K;
[3.976s]       |                                                                             [01;36m[K^[m[K
[3.976s] In file included from [01m[K/usr/include/c++/11/vector:67[m[K,
[3.977s]                  from [01m[K/usr/include/c++/11/functional:62[m[K,
[3.977s]                  from [01m[K/home/niklas/Documents/Telerrobotics/Lab2/ros2_ws_hough/src/rwth/src/rwth.cpp:2[m[K:
[3.977s] [01m[K/usr/include/c++/11/bits/stl_vector.h:625:7:[m[K [01;36m[Knote: [m[Kcandidate: ‘[01m[Kstd::vector<_Tp, _Alloc>::vector(std::initializer_list<_Tp>, const allocator_type&) [with _Tp = std::vector<float>; _Alloc = std::allocator<std::vector<float> >; std::vector<_Tp, _Alloc>::allocator_type = std::allocator<std::vector<float> >][m[K’
[3.977s]   625 |       [01;36m[Kvector[m[K(initializer_list<value_type> __l,
[3.977s]       |       [01;36m[K^~~~~~[m[K
[3.977s] [01m[K/usr/include/c++/11/bits/stl_vector.h:625:43:[m[K [01;36m[Knote: [m[K  no known conversion for argument 1 from ‘[01m[Kint[m[K’ to ‘[01m[Kstd::initializer_list<std::vector<float> >[m[K’
[3.977s]   625 |       vector([01;36m[Kinitializer_list<value_type> __l[m[K,
[3.978s]       |              [01;36m[K~~~~~~~~~~~~~~~~~~~~~~~~~~~~~^~~[m[K
[3.978s] [01m[K/usr/include/c++/11/bits/stl_vector.h:607:7:[m[K [01;36m[Knote: [m[Kcandidate: ‘[01m[Kstd::vector<_Tp, _Alloc>::vector(std::vector<_Tp, _Alloc>&&, const allocator_type&) [with _Tp = std::vector<float>; _Alloc = std::allocator<std::vector<float> >; std::vector<_Tp, _Alloc>::allocator_type = std::allocator<std::vector<float> >][m[K’
[3.978s]   607 |       [01;36m[Kvector[m[K(vector&& __rv, const allocator_type& __m)
[3.978s]       |       [01;36m[K^~~~~~[m[K
[3.978s] [01m[K/usr/include/c++/11/bits/stl_vector.h:607:23:[m[K [01;36m[Knote: [m[K  no known conversion for argument 1 from ‘[01m[Kint[m[K’ to ‘[01m[Kstd::vector<std::vector<float> >&&[m[K’
[3.978s]   607 |       vector([01;36m[Kvector&& __rv[m[K, const allocator_type& __m)
[3.978s]       |              [01;36m[K~~~~~~~~~^~~~[m[K
[3.979s] [01m[K/usr/include/c++/11/bits/stl_vector.h:589:7:[m[K [01;36m[Knote: [m[Kcandidate: ‘[01m[Kstd::vector<_Tp, _Alloc>::vector(std::vector<_Tp, _Alloc>&&, const allocator_type&, std::false_type) [with _Tp = std::vector<float>; _Alloc = std::allocator<std::vector<float> >; std::vector<_Tp, _Alloc>::allocator_type = std::allocator<std::vector<float> >; std::false_type = std::integral_constant<bool, false>][m[K’
[3.979s]   589 |       [01;36m[Kvector[m[K(vector&& __rv, const allocator_type& __m, false_type)
[3.979s]       |       [01;36m[K^~~~~~[m[K
[3.979s] [01m[K/usr/include/c++/11/bits/stl_vector.h:589:7:[m[K [01;36m[Knote: [m[K  candidate expects 3 arguments, 2 provided
[3.979s] [01m[K/usr/include/c++/11/bits/stl_vector.h:585:7:[m[K [01;36m[Knote: [m[Kcandidate: ‘[01m[Kstd::vector<_Tp, _Alloc>::vector(std::vector<_Tp, _Alloc>&&, const allocator_type&, std::true_type) [with _Tp = std::vector<float>; _Alloc = std::allocator<std::vector<float> >; std::vector<_Tp, _Alloc>::allocator_type = std::allocator<std::vector<float> >; std::true_type = std::integral_constant<bool, true>][m[K’
[3.980s]   585 |       [01;36m[Kvector[m[K(vector&& __rv, const allocator_type& __m, true_type) noexcept
[3.980s]       |       [01;36m[K^~~~~~[m[K
[3.980s] [01m[K/usr/include/c++/11/bits/stl_vector.h:585:7:[m[K [01;36m[Knote: [m[K  candidate expects 3 arguments, 2 provided
[3.980s] [01m[K/usr/include/c++/11/bits/stl_vector.h:575:7:[m[K [01;36m[Knote: [m[Kcandidate: ‘[01m[Kstd::vector<_Tp, _Alloc>::vector(const std::vector<_Tp, _Alloc>&, const allocator_type&) [with _Tp = std::vector<float>; _Alloc = std::allocator<std::vector<float> >; std::vector<_Tp, _Alloc>::allocator_type = std::allocator<std::vector<float> >][m[K’
[3.980s]   575 |       [01;36m[Kvector[m[K(const vector& __x, const allocator_type& __a)
[3.980s]       |       [01;36m[K^~~~~~[m[K
[3.981s] [01m[K/usr/include/c++/11/bits/stl_vector.h:575:28:[m[K [01;36m[Knote: [m[K  no known conversion for argument 1 from ‘[01m[Kint[m[K’ to ‘[01m[Kconst std::vector<std::vector<float> >&[m[K’
[3.981s]   575 |       vector([01;36m[Kconst vector& __x[m[K, const allocator_type& __a)
[3.981s]       |              [01;36m[K~~~~~~~~~~~~~~^~~[m[K
[3.981s] [01m[K/usr/include/c++/11/bits/stl_vector.h:572:7:[m[K [01;36m[Knote: [m[Kcandidate: ‘[01m[Kstd::vector<_Tp, _Alloc>::vector(std::vector<_Tp, _Alloc>&&) [with _Tp = std::vector<float>; _Alloc = std::allocator<std::vector<float> >][m[K’
[3.981s]   572 |       [01;36m[Kvector[m[K(vector&&) noexcept = default;
[3.981s]       |       [01;36m[K^~~~~~[m[K
[3.981s] [01m[K/usr/include/c++/11/bits/stl_vector.h:572:7:[m[K [01;36m[Knote: [m[K  candidate expects 1 argument, 2 provided
[3.981s] [01m[K/usr/include/c++/11/bits/stl_vector.h:553:7:[m[K [01;36m[Knote: [m[Kcandidate: ‘[01m[Kstd::vector<_Tp, _Alloc>::vector(const std::vector<_Tp, _Alloc>&) [with _Tp = std::vector<float>; _Alloc = std::allocator<std::vector<float> >][m[K’
[3.982s]   553 |       [01;36m[Kvector[m[K(const vector& __x)
[3.982s]       |       [01;36m[K^~~~~~[m[K
[3.982s] [01m[K/usr/include/c++/11/bits/stl_vector.h:553:7:[m[K [01;36m[Knote: [m[K  candidate expects 1 argument, 2 provided
[3.982s] [01m[K/usr/include/c++/11/bits/stl_vector.h:522:7:[m[K [01;36m[Knote: [m[Kcandidate: ‘[01m[Kstd::vector<_Tp, _Alloc>::vector(std::vector<_Tp, _Alloc>::size_type, const value_type&, const allocator_type&) [with _Tp = std::vector<float>; _Alloc = std::allocator<std::vector<float> >; std::vector<_Tp, _Alloc>::size_type = long unsigned int; std::vector<_Tp, _Alloc>::value_type = std::vector<float>; std::vector<_Tp, _Alloc>::allocator_type = std::allocator<std::vector<float> >][m[K’
[3.982s]   522 |       [01;36m[Kvector[m[K(size_type __n, const value_type& __value,
[3.982s]       |       [01;36m[K^~~~~~[m[K
[3.983s] [01m[K/usr/include/c++/11/bits/stl_vector.h:522:47:[m[K [01;36m[Knote: [m[K  no known conversion for argument 2 from ‘[01m[Kstd::vector<int>[m[K’ to ‘[01m[Kconst value_type&[m[K’ {aka ‘[01m[Kconst std::vector<float>&[m[K’}
[3.983s]   522 |       vector(size_type __n, [01;36m[Kconst value_type& __value[m[K,
[3.983s]       |                             [01;36m[K~~~~~~~~~~~~~~~~~~^~~~~~~[m[K
[3.983s] [01m[K/usr/include/c++/11/bits/stl_vector.h:510:7:[m[K [01;36m[Knote: [m[Kcandidate: ‘[01m[Kstd::vector<_Tp, _Alloc>::vector(std::vector<_Tp, _Alloc>::size_type, const allocator_type&) [with _Tp = std::vector<float>; _Alloc = std::allocator<std::vector<float> >; std::vector<_Tp, _Alloc>::size_type = long unsigned int; std::vector<_Tp, _Alloc>::allocator_type = std::allocator<std::vector<float> >][m[K’
[3.983s]   510 |       [01;36m[Kvector[m[K(size_type __n, const allocator_type& __a = allocator_type())
[3.983s]       |       [01;36m[K^~~~~~[m[K
[3.983s] [01m[K/usr/include/c++/11/bits/stl_vector.h:510:51:[m[K [01;36m[Knote: [m[K  no known conversion for argument 2 from ‘[01m[Kstd::vector<int>[m[K’ to ‘[01m[Kconst allocator_type&[m[K’ {aka ‘[01m[Kconst std::allocator<std::vector<float> >&[m[K’}
[3.983s]   510 |       vector(size_type __n, [01;36m[Kconst allocator_type& __a = allocator_type()[m[K)
[3.984s]       |                             [01;36m[K~~~~~~~~~~~~~~~~~~~~~~^~~~~~~~~~~~~~~~~~~~~~[m[K
[3.984s] [01m[K/usr/include/c++/11/bits/stl_vector.h:497:7:[m[K [01;36m[Knote: [m[Kcandidate: ‘[01m[Kstd::vector<_Tp, _Alloc>::vector(const allocator_type&) [with _Tp = std::vector<float>; _Alloc = std::allocator<std::vector<float> >; std::vector<_Tp, _Alloc>::allocator_type = std::allocator<std::vector<float> >][m[K’
[3.984s]   497 |       [01;36m[Kvector[m[K(const allocator_type& __a) _GLIBCXX_NOEXCEPT
[3.984s]       |       [01;36m[K^~~~~~[m[K
[3.984s] [01m[K/usr/include/c++/11/bits/stl_vector.h:497:7:[m[K [01;36m[Knote: [m[K  candidate expects 1 argument, 2 provided
[3.984s] [01m[K/usr/include/c++/11/bits/stl_vector.h:487:7:[m[K [01;36m[Knote: [m[Kcandidate: ‘[01m[Kstd::vector<_Tp, _Alloc>::vector() [with _Tp = std::vector<float>; _Alloc = std::allocator<std::vector<float> >][m[K’
[3.984s]   487 |       [01;36m[Kvector[m[K() = default;
[3.984s]       |       [01;36m[K^~~~~~[m[K
[3.985s] [01m[K/usr/include/c++/11/bits/stl_vector.h:487:7:[m[K [01;36m[Knote: [m[K  candidate expects 0 arguments, 2 provided
[4.040s] [01m[K/home/niklas/Documents/Telerrobotics/Lab2/ros2_ws_hough/src/rwth/src/rwth.cpp:[m[K In lambda function:
[4.041s] [01m[K/home/niklas/Documents/Telerrobotics/Lab2/ros2_ws_hough/src/rwth/src/rwth.cpp:62:42:[m[K [01;35m[Kwarning: [m[Kcomparison of integer expressions of different signedness: ‘[01m[Kint[m[K’ and ‘[01m[Kstd::vector<float>::size_type[m[K’ {aka ‘[01m[Klong unsigned int[m[K’} [[01;35m[K]8;;https://gcc.gnu.org/onlinedocs/gcc/Warning-Options.html#index-Wsign-compare-Wsign-compare]8;;[m[K]
[4.041s]    62 |                         for(int i = 0; [01;35m[Ki < ranges.size()[m[K; i++)
[4.041s]       |                                        [01;35m[K~~^~~~~~~~~~~~~~~[m[K
[4.041s] [01m[K/home/niklas/Documents/Telerrobotics/Lab2/ros2_ws_hough/src/rwth/src/rwth.cpp:72:43:[m[K [01;35m[Kwarning: [m[Kcomparison of integer expressions of different signedness: ‘[01m[Kint[m[K’ and ‘[01m[Kstd::vector<float>::size_type[m[K’ {aka ‘[01m[Klong unsigned int[m[K’} [[01;35m[K]8;;https://gcc.gnu.org/onlinedocs/gcc/Warning-Options.html#index-Wsign-compare-Wsign-compare]8;;[m[K]
[4.041s]    72 |                         for (int i = 0; [01;35m[Ki < ranges.size()[m[K; ++i) {
[4.042s]       |                                         [01;35m[K~~^~~~~~~~~~~~~~~[m[K
[8.187s] gmake[2]: *** [CMakeFiles/rwth_publish.dir/build.make:76: CMakeFiles/rwth_publish.dir/src/rwth.cpp.o] Error 1
[8.188s] gmake[1]: *** [CMakeFiles/Makefile2:137: CMakeFiles/rwth_publish.dir/all] Error 2
[8.189s] gmake: *** [Makefile:146: all] Error 2
[8.193s] Invoked command in '/home/niklas/Documents/Telerrobotics/Lab2/ros2_ws_hough/build/rwth' returned '2': CMAKE_PREFIX_PATH=${CMAKE_PREFIX_PATH}:/home/niklas/Documents/Telerrobotics/Lab2/ros2_ws_hough/install/turtlebot3_teleop:/home/niklas/Documents/Telerrobotics/Lab2/ros2_ws_hough/install/turtlebot3_example:/opt/ros/humble /usr/bin/cmake --build /home/niklas/Documents/Telerrobotics/Lab2/ros2_ws_hough/build/rwth -- -j8 -l8
