[0.682s] Invoking command in '/home/niklas/Documents/Telerrobotics/Lab2/ros2_ws/build/turtlebot3_node': AMENT_PREFIX_PATH=/home/niklas/Documents/Telerrobotics/Lab2/ros2_ws/install/turtlebot3_msgs:/home/niklas/Documents/Telerrobotics/Lab2/ros2_ws/install/dynamixel_sdk:${AMENT_PREFIX_PATH} CMAKE_PREFIX_PATH=/home/niklas/Documents/Telerrobotics/Lab2/ros2_ws/install/turtlebot3_msgs:/home/niklas/Documents/Telerrobotics/Lab2/ros2_ws/install/dynamixel_sdk:/opt/ros/humble LD_LIBRARY_PATH=/home/niklas/Documents/Telerrobotics/Lab2/ros2_ws/install/turtlebot3_msgs/lib:/home/niklas/Documents/Telerrobotics/Lab2/ros2_ws/install/dynamixel_sdk/lib:${LD_LIBRARY_PATH} PYTHONPATH=/home/niklas/Documents/Telerrobotics/Lab2/ros2_ws/install/turtlebot3_msgs/local/lib/python3.10/dist-packages:${PYTHONPATH} /usr/bin/cmake /home/niklas/Documents/Telerrobotics/Lab2/ros2_ws/src/turtlebot3/turtlebot3_node -DCMAKE_INSTALL_PREFIX=/home/niklas/Documents/Telerrobotics/Lab2/ros2_ws/install/turtlebot3_node
[1.408s] -- The C compiler identification is GNU 11.4.0
[1.408s] -- The CXX compiler identification is GNU 11.4.0
[1.408s] -- Detecting C compiler ABI info
[1.408s] -- Detecting C compiler ABI info - done
[1.409s] -- Check for working C compiler: /usr/bin/cc - skipped
[1.409s] -- Detecting C compile features
[1.410s] -- Detecting C compile features - done
[1.410s] -- Detecting CXX compiler ABI info
[1.411s] -- Detecting CXX compiler ABI info - done
[1.411s] -- Check for working CXX compiler: /usr/bin/c++ - skipped
[1.411s] -- Detecting CXX compile features
[1.411s] -- Detecting CXX compile features - done
[1.411s] -- Found ament_cmake: 1.3.5 (/opt/ros/humble/share/ament_cmake/cmake)
[1.923s] -- Found Python3: /usr/bin/python3.10 (found version "3.10.12") found components: Interpreter 
[2.197s] -- Found dynamixel_sdk: 3.7.60 (/home/niklas/Documents/Telerrobotics/Lab2/ros2_ws/install/dynamixel_sdk/share/dynamixel_sdk/cmake)
[2.204s] -- Found geometry_msgs: 4.2.3 (/opt/ros/humble/share/geometry_msgs/cmake)
[2.341s] -- Found rosidl_generator_c: 3.1.5 (/opt/ros/humble/share/rosidl_generator_c/cmake)
[2.356s] -- Found rosidl_adapter: 3.1.5 (/opt/ros/humble/share/rosidl_adapter/cmake)
[2.378s] -- Found rosidl_generator_cpp: 3.1.5 (/opt/ros/humble/share/rosidl_generator_cpp/cmake)
[2.411s] -- Using all available rosidl_typesupport_c: rosidl_typesupport_fastrtps_c;rosidl_typesupport_introspection_c
[2.465s] -- Using all available rosidl_typesupport_cpp: rosidl_typesupport_fastrtps_cpp;rosidl_typesupport_introspection_cpp
[2.740s] -- Found message_filters: 4.3.3 (/opt/ros/humble/share/message_filters/cmake)
[2.902s] -- Found rmw_implementation_cmake: 6.1.1 (/opt/ros/humble/share/rmw_implementation_cmake/cmake)
[2.908s] -- Found rmw_fastrtps_cpp: 6.2.4 (/opt/ros/humble/share/rmw_fastrtps_cpp/cmake)
[3.134s] -- Found OpenSSL: /usr/lib/x86_64-linux-gnu/libcrypto.so (found version "3.0.2")  
[3.194s] -- Found FastRTPS: /opt/ros/humble/include  
[3.310s] -- Using RMW implementation 'rmw_fastrtps_cpp' as default
[3.331s] -- Looking for pthread.h
[3.507s] -- Looking for pthread.h - found
[3.508s] -- Performing Test CMAKE_HAVE_LIBC_PTHREAD
[3.694s] -- Performing Test CMAKE_HAVE_LIBC_PTHREAD - Success
[3.697s] -- Found Threads: TRUE  
[4.069s] -- Found nav_msgs: 4.2.3 (/opt/ros/humble/share/nav_msgs/cmake)
[4.290s] -- Found sensor_msgs: 4.2.3 (/opt/ros/humble/share/sensor_msgs/cmake)
[4.511s] -- Found std_srvs: 4.2.3 (/opt/ros/humble/share/std_srvs/cmake)
[4.622s] -- Found tf2: 0.25.4 (/opt/ros/humble/share/tf2/cmake)
[4.640s] -- Found tf2_ros: 0.25.4 (/opt/ros/humble/share/tf2_ros/cmake)
[5.393s] -- Found turtlebot3_msgs: 2.2.3 (/home/niklas/Documents/Telerrobotics/Lab2/ros2_ws/install/turtlebot3_msgs/share/turtlebot3_msgs/cmake)
[5.738s] -- Configuring done
[5.784s] -- Generating done
[5.788s] -- Build files have been written to: /home/niklas/Documents/Telerrobotics/Lab2/ros2_ws/build/turtlebot3_node
