[2.270s] Invoking command in '/home/niklas/Documents/Telerrobotics/Lab2/ros2_ws_hough/src/turtlebot3/turtlebot3_teleop': PYTHONPATH=/home/niklas/Documents/Telerrobotics/Lab2/ros2_ws_hough/build/turtlebot3_teleop/prefix_override:/home/niklas/Documents/Telerrobotics/Lab2/ros2_ws_hough/install/turtlebot3_teleop/lib/python3.10/site-packages:${PYTHONPATH} /usr/bin/python3 setup.py egg_info --egg-base ../../../build/turtlebot3_teleop build --build-base /home/niklas/Documents/Telerrobotics/Lab2/ros2_ws_hough/build/turtlebot3_teleop/build install --record /home/niklas/Documents/Telerrobotics/Lab2/ros2_ws_hough/build/turtlebot3_teleop/install.log --single-version-externally-managed
[3.009s] running egg_info
[3.011s] creating ../../../build/turtlebot3_teleop/turtlebot3_teleop.egg-info
[3.012s] writing ../../../build/turtlebot3_teleop/turtlebot3_teleop.egg-info/PKG-INFO
[3.016s] writing dependency_links to ../../../build/turtlebot3_teleop/turtlebot3_teleop.egg-info/dependency_links.txt
[3.022s] writing entry points to ../../../build/turtlebot3_teleop/turtlebot3_teleop.egg-info/entry_points.txt
[3.022s] writing requirements to ../../../build/turtlebot3_teleop/turtlebot3_teleop.egg-info/requires.txt
[3.023s] writing top-level names to ../../../build/turtlebot3_teleop/turtlebot3_teleop.egg-info/top_level.txt
[3.023s] writing manifest file '../../../build/turtlebot3_teleop/turtlebot3_teleop.egg-info/SOURCES.txt'
[3.026s] reading manifest file '../../../build/turtlebot3_teleop/turtlebot3_teleop.egg-info/SOURCES.txt'
[3.051s] /usr/lib/python3/dist-packages/setuptools/command/install.py:34: SetuptoolsDeprecationWarning: setup.py install is deprecated. Use build and pip and other standards-based tools.
[3.051s]   warnings.warn(
[3.051s] writing manifest file '../../../build/turtlebot3_teleop/turtlebot3_teleop.egg-info/SOURCES.txt'
[3.051s] running build
[3.051s] running build_py
[3.052s] creating /home/niklas/Documents/Telerrobotics/Lab2/ros2_ws_hough/build/turtlebot3_teleop/build
[3.052s] creating /home/niklas/Documents/Telerrobotics/Lab2/ros2_ws_hough/build/turtlebot3_teleop/build/lib
[3.052s] creating /home/niklas/Documents/Telerrobotics/Lab2/ros2_ws_hough/build/turtlebot3_teleop/build/lib/turtlebot3_teleop
[3.052s] copying turtlebot3_teleop/__init__.py -> /home/niklas/Documents/Telerrobotics/Lab2/ros2_ws_hough/build/turtlebot3_teleop/build/lib/turtlebot3_teleop
[3.052s] creating /home/niklas/Documents/Telerrobotics/Lab2/ros2_ws_hough/build/turtlebot3_teleop/build/lib/turtlebot3_teleop/script
[3.053s] copying turtlebot3_teleop/script/teleop_keyboard.py -> /home/niklas/Documents/Telerrobotics/Lab2/ros2_ws_hough/build/turtlebot3_teleop/build/lib/turtlebot3_teleop/script
[3.053s] copying turtlebot3_teleop/script/__init__.py -> /home/niklas/Documents/Telerrobotics/Lab2/ros2_ws_hough/build/turtlebot3_teleop/build/lib/turtlebot3_teleop/script
[3.053s] running install
[3.053s] running install_lib
[3.066s] creating /home/niklas/Documents/Telerrobotics/Lab2/ros2_ws_hough/install/turtlebot3_teleop/lib/python3.10/site-packages/turtlebot3_teleop
[3.067s] copying /home/niklas/Documents/Telerrobotics/Lab2/ros2_ws_hough/build/turtlebot3_teleop/build/lib/turtlebot3_teleop/__init__.py -> /home/niklas/Documents/Telerrobotics/Lab2/ros2_ws_hough/install/turtlebot3_teleop/lib/python3.10/site-packages/turtlebot3_teleop
[3.067s] creating /home/niklas/Documents/Telerrobotics/Lab2/ros2_ws_hough/install/turtlebot3_teleop/lib/python3.10/site-packages/turtlebot3_teleop/script
[3.067s] copying /home/niklas/Documents/Telerrobotics/Lab2/ros2_ws_hough/build/turtlebot3_teleop/build/lib/turtlebot3_teleop/script/teleop_keyboard.py -> /home/niklas/Documents/Telerrobotics/Lab2/ros2_ws_hough/install/turtlebot3_teleop/lib/python3.10/site-packages/turtlebot3_teleop/script
[3.067s] copying /home/niklas/Documents/Telerrobotics/Lab2/ros2_ws_hough/build/turtlebot3_teleop/build/lib/turtlebot3_teleop/script/__init__.py -> /home/niklas/Documents/Telerrobotics/Lab2/ros2_ws_hough/install/turtlebot3_teleop/lib/python3.10/site-packages/turtlebot3_teleop/script
[3.067s] byte-compiling /home/niklas/Documents/Telerrobotics/Lab2/ros2_ws_hough/install/turtlebot3_teleop/lib/python3.10/site-packages/turtlebot3_teleop/__init__.py to __init__.cpython-310.pyc
[3.068s] byte-compiling /home/niklas/Documents/Telerrobotics/Lab2/ros2_ws_hough/install/turtlebot3_teleop/lib/python3.10/site-packages/turtlebot3_teleop/script/teleop_keyboard.py to teleop_keyboard.cpython-310.pyc
[3.073s] byte-compiling /home/niklas/Documents/Telerrobotics/Lab2/ros2_ws_hough/install/turtlebot3_teleop/lib/python3.10/site-packages/turtlebot3_teleop/script/__init__.py to __init__.cpython-310.pyc
[3.077s] running install_data
[3.081s] creating /home/niklas/Documents/Telerrobotics/Lab2/ros2_ws_hough/install/turtlebot3_teleop/share/ament_index
[3.083s] creating /home/niklas/Documents/Telerrobotics/Lab2/ros2_ws_hough/install/turtlebot3_teleop/share/ament_index/resource_index
[3.083s] creating /home/niklas/Documents/Telerrobotics/Lab2/ros2_ws_hough/install/turtlebot3_teleop/share/ament_index/resource_index/packages
[3.084s] copying resource/turtlebot3_teleop -> /home/niklas/Documents/Telerrobotics/Lab2/ros2_ws_hough/install/turtlebot3_teleop/share/ament_index/resource_index/packages
[3.085s] copying package.xml -> /home/niklas/Documents/Telerrobotics/Lab2/ros2_ws_hough/install/turtlebot3_teleop/share/turtlebot3_teleop
[3.086s] running install_egg_info
[3.090s] Copying ../../../build/turtlebot3_teleop/turtlebot3_teleop.egg-info to /home/niklas/Documents/Telerrobotics/Lab2/ros2_ws_hough/install/turtlebot3_teleop/lib/python3.10/site-packages/turtlebot3_teleop-2.1.5-py3.10.egg-info
[3.119s] running install_scripts
[3.178s] Installing teleop_keyboard script to /home/niklas/Documents/Telerrobotics/Lab2/ros2_ws_hough/install/turtlebot3_teleop/lib/turtlebot3_teleop
[3.182s] writing list of installed files to '/home/niklas/Documents/Telerrobotics/Lab2/ros2_ws_hough/build/turtlebot3_teleop/install.log'
[3.546s] Invoked command in '/home/niklas/Documents/Telerrobotics/Lab2/ros2_ws_hough/src/turtlebot3/turtlebot3_teleop' returned '0': PYTHONPATH=/home/niklas/Documents/Telerrobotics/Lab2/ros2_ws_hough/build/turtlebot3_teleop/prefix_override:/home/niklas/Documents/Telerrobotics/Lab2/ros2_ws_hough/install/turtlebot3_teleop/lib/python3.10/site-packages:${PYTHONPATH} /usr/bin/python3 setup.py egg_info --egg-base ../../../build/turtlebot3_teleop build --build-base /home/niklas/Documents/Telerrobotics/Lab2/ros2_ws_hough/build/turtlebot3_teleop/build install --record /home/niklas/Documents/Telerrobotics/Lab2/ros2_ws_hough/build/turtlebot3_teleop/install.log --single-version-externally-managed
