[0.120s] Invoking command in '/home/niklas/Documents/Telerrobotics/Lab2/ros2_ws_hough/build/rwth': CMAKE_PREFIX_PATH=${CMAKE_PREFIX_PATH}:/home/niklas/Documents/Telerrobotics/Lab2/ros2_ws_hough/install/turtlebot3_teleop:/home/niklas/Documents/Telerrobotics/Lab2/ros2_ws_hough/install/turtlebot3_example:/opt/ros/humble /usr/bin/cmake --build /home/niklas/Documents/Telerrobotics/Lab2/ros2_ws_hough/build/rwth -- -j8 -l8
[0.204s] [35m[1mConsolidate compiler generated dependencies of target rwth_publish[0m
[0.243s] [ 50%] [32mBuilding CXX object CMakeFiles/rwth_publish.dir/src/rwth.cpp.o[0m
[3.984s] [01m[K/home/niklas/Documents/Telerrobotics/Lab2/ros2_ws_hough/src/rwth/src/rwth.cpp:[m[K In lambda function:
[3.984s] [01m[K/home/niklas/Documents/Telerrobotics/Lab2/ros2_ws_hough/src/rwth/src/rwth.cpp:62:42:[m[K [01;35m[Kwarning: [m[Kcomparison of integer expressions of different signedness: ‘[01m[Kint[m[K’ and ‘[01m[Kstd::vector<float>::size_type[m[K’ {aka ‘[01m[Klong unsigned int[m[K’} [[01;35m[K]8;;https://gcc.gnu.org/onlinedocs/gcc/Warning-Options.html#index-Wsign-compare-Wsign-compare]8;;[m[K]
[3.984s]    62 |                         for(int i = 0; [01;35m[Ki < ranges.size()[m[K; i++)
[3.984s]       |                                        [01;35m[K~~^~~~~~~~~~~~~~~[m[K
[3.985s] [01m[K/home/niklas/Documents/Telerrobotics/Lab2/ros2_ws_hough/src/rwth/src/rwth.cpp:72:43:[m[K [01;35m[Kwarning: [m[Kcomparison of integer expressions of different signedness: ‘[01m[Kint[m[K’ and ‘[01m[Kstd::vector<float>::size_type[m[K’ {aka ‘[01m[Klong unsigned int[m[K’} [[01;35m[K]8;;https://gcc.gnu.org/onlinedocs/gcc/Warning-Options.html#index-Wsign-compare-Wsign-compare]8;;[m[K]
[3.985s]    72 |                         for (int i = 0; [01;35m[Ki < ranges.size()[m[K; ++i) {
[3.985s]       |                                         [01;35m[K~~^~~~~~~~~~~~~~~[m[K
[13.437s] [100%] [32m[1mLinking CXX executable rwth_publish[0m
[14.372s] [100%] Built target rwth_publish
[14.396s] Invoked command in '/home/niklas/Documents/Telerrobotics/Lab2/ros2_ws_hough/build/rwth' returned '0': CMAKE_PREFIX_PATH=${CMAKE_PREFIX_PATH}:/home/niklas/Documents/Telerrobotics/Lab2/ros2_ws_hough/install/turtlebot3_teleop:/home/niklas/Documents/Telerrobotics/Lab2/ros2_ws_hough/install/turtlebot3_example:/opt/ros/humble /usr/bin/cmake --build /home/niklas/Documents/Telerrobotics/Lab2/ros2_ws_hough/build/rwth -- -j8 -l8
[14.476s] Invoking command in '/home/niklas/Documents/Telerrobotics/Lab2/ros2_ws_hough/build/rwth': CMAKE_PREFIX_PATH=${CMAKE_PREFIX_PATH}:/home/niklas/Documents/Telerrobotics/Lab2/ros2_ws_hough/install/turtlebot3_teleop:/home/niklas/Documents/Telerrobotics/Lab2/ros2_ws_hough/install/turtlebot3_example:/opt/ros/humble /usr/bin/cmake --install /home/niklas/Documents/Telerrobotics/Lab2/ros2_ws_hough/build/rwth
[14.491s] -- Install configuration: ""
[14.491s] -- Installing: /home/niklas/Documents/Telerrobotics/Lab2/ros2_ws_hough/install/rwth/lib/rwth/rwth_publish
[14.506s] -- Set runtime path of "/home/niklas/Documents/Telerrobotics/Lab2/ros2_ws_hough/install/rwth/lib/rwth/rwth_publish" to ""
[14.506s] -- Up-to-date: /home/niklas/Documents/Telerrobotics/Lab2/ros2_ws_hough/install/rwth/share/ament_index/resource_index/package_run_dependencies/rwth
[14.506s] -- Up-to-date: /home/niklas/Documents/Telerrobotics/Lab2/ros2_ws_hough/install/rwth/share/ament_index/resource_index/parent_prefix_path/rwth
[14.506s] -- Up-to-date: /home/niklas/Documents/Telerrobotics/Lab2/ros2_ws_hough/install/rwth/share/rwth/environment/ament_prefix_path.sh
[14.507s] -- Up-to-date: /home/niklas/Documents/Telerrobotics/Lab2/ros2_ws_hough/install/rwth/share/rwth/environment/ament_prefix_path.dsv
[14.507s] -- Up-to-date: /home/niklas/Documents/Telerrobotics/Lab2/ros2_ws_hough/install/rwth/share/rwth/environment/path.sh
[14.507s] -- Up-to-date: /home/niklas/Documents/Telerrobotics/Lab2/ros2_ws_hough/install/rwth/share/rwth/environment/path.dsv
[14.507s] -- Up-to-date: /home/niklas/Documents/Telerrobotics/Lab2/ros2_ws_hough/install/rwth/share/rwth/local_setup.bash
[14.507s] -- Up-to-date: /home/niklas/Documents/Telerrobotics/Lab2/ros2_ws_hough/install/rwth/share/rwth/local_setup.sh
[14.507s] -- Up-to-date: /home/niklas/Documents/Telerrobotics/Lab2/ros2_ws_hough/install/rwth/share/rwth/local_setup.zsh
[14.508s] -- Up-to-date: /home/niklas/Documents/Telerrobotics/Lab2/ros2_ws_hough/install/rwth/share/rwth/local_setup.dsv
[14.508s] -- Installing: /home/niklas/Documents/Telerrobotics/Lab2/ros2_ws_hough/install/rwth/share/rwth/package.dsv
[14.508s] -- Up-to-date: /home/niklas/Documents/Telerrobotics/Lab2/ros2_ws_hough/install/rwth/share/ament_index/resource_index/packages/rwth
[14.508s] -- Up-to-date: /home/niklas/Documents/Telerrobotics/Lab2/ros2_ws_hough/install/rwth/share/rwth/cmake/rwthConfig.cmake
[14.508s] -- Up-to-date: /home/niklas/Documents/Telerrobotics/Lab2/ros2_ws_hough/install/rwth/share/rwth/cmake/rwthConfig-version.cmake
[14.508s] -- Up-to-date: /home/niklas/Documents/Telerrobotics/Lab2/ros2_ws_hough/install/rwth/share/rwth/package.xml
[14.511s] Invoked command in '/home/niklas/Documents/Telerrobotics/Lab2/ros2_ws_hough/build/rwth' returned '0': CMAKE_PREFIX_PATH=${CMAKE_PREFIX_PATH}:/home/niklas/Documents/Telerrobotics/Lab2/ros2_ws_hough/install/turtlebot3_teleop:/home/niklas/Documents/Telerrobotics/Lab2/ros2_ws_hough/install/turtlebot3_example:/opt/ros/humble /usr/bin/cmake --install /home/niklas/Documents/Telerrobotics/Lab2/ros2_ws_hough/build/rwth
