[ 50%] [32mBuilding CXX object CMakeFiles/rwth_publish.dir/src/rwth.cpp.o[0m
[100%] [32m[1mLinking CXX executable rwth_publish[0m
[100%] Built target rwth_publish
-- Install configuration: ""
-- Installing: /home/niklas/Documents/Telerrobotics/Lab2/ros2_ws_hough/install/rwth/lib/rwth/rwth_publish
-- Set runtime path of "/home/niklas/Documents/Telerrobotics/Lab2/ros2_ws_hough/install/rwth/lib/rwth/rwth_publish" to ""
-- Up-to-date: /home/niklas/Documents/Telerrobotics/Lab2/ros2_ws_hough/install/rwth/share/ament_index/resource_index/package_run_dependencies/rwth
-- Up-to-date: /home/niklas/Documents/Telerrobotics/Lab2/ros2_ws_hough/install/rwth/share/ament_index/resource_index/parent_prefix_path/rwth
-- Up-to-date: /home/niklas/Documents/Telerrobotics/Lab2/ros2_ws_hough/install/rwth/share/rwth/environment/ament_prefix_path.sh
-- Up-to-date: /home/niklas/Documents/Telerrobotics/Lab2/ros2_ws_hough/install/rwth/share/rwth/environment/ament_prefix_path.dsv
-- Up-to-date: /home/niklas/Documents/Telerrobotics/Lab2/ros2_ws_hough/install/rwth/share/rwth/environment/path.sh
-- Up-to-date: /home/niklas/Documents/Telerrobotics/Lab2/ros2_ws_hough/install/rwth/share/rwth/environment/path.dsv
-- Up-to-date: /home/niklas/Documents/Telerrobotics/Lab2/ros2_ws_hough/install/rwth/share/rwth/local_setup.bash
-- Up-to-date: /home/niklas/Documents/Telerrobotics/Lab2/ros2_ws_hough/install/rwth/share/rwth/local_setup.sh
-- Up-to-date: /home/niklas/Documents/Telerrobotics/Lab2/ros2_ws_hough/install/rwth/share/rwth/local_setup.zsh
-- Up-to-date: /home/niklas/Documents/Telerrobotics/Lab2/ros2_ws_hough/install/rwth/share/rwth/local_setup.dsv
-- Installing: /home/niklas/Documents/Telerrobotics/Lab2/ros2_ws_hough/install/rwth/share/rwth/package.dsv
-- Up-to-date: /home/niklas/Documents/Telerrobotics/Lab2/ros2_ws_hough/install/rwth/share/ament_index/resource_index/packages/rwth
-- Up-to-date: /home/niklas/Documents/Telerrobotics/Lab2/ros2_ws_hough/install/rwth/share/rwth/cmake/rwthConfig.cmake
-- Up-to-date: /home/niklas/Documents/Telerrobotics/Lab2/ros2_ws_hough/install/rwth/share/rwth/cmake/rwthConfig-version.cmake
-- Up-to-date: /home/niklas/Documents/Telerrobotics/Lab2/ros2_ws_hough/install/rwth/share/rwth/package.xml
