[0.000000] (-) TimerEvent: {}
[0.001035] (houghmessage) JobQueued: {'identifier': 'houghmessage', 'dependencies': OrderedDict()}
[0.001156] (houghmessage) JobStarted: {'identifier': 'houghmessage'}
[0.056355] (houghmessage) JobProgress: {'identifier': 'houghmessage', 'progress': 'cmake'}
[0.058152] (houghmessage) JobProgress: {'identifier': 'houghmessage', 'progress': 'build'}
[0.058360] (houghmessage) Command: {'cmd': ['/home/niklas/MatlabInstall/bin/glnxa64/cmake/bin/cmake', '--build', '/home/niklas/Documents/Telerrobotics/Lab2/Matlab/ros2CustomMessages/matlab_msg_gen/glnxa64/build/houghmessage', '--', '-j8', '-l8'], 'cwd': '/home/niklas/Documents/Telerrobotics/Lab2/Matlab/ros2CustomMessages/matlab_msg_gen/glnxa64/build/houghmessage', 'env': OrderedDict([('GJS_DEBUG_TOPICS', 'JS ERROR;JS LOG'), ('ARCH', 'glnxa64'), ('CUSTOM_LD_LIBRARY_PATH', ''), ('USER', 'niklas'), ('LOCAL_PYTHON_VENV_PATH', '/home/niklas/.matlab/R2023b/ros2/glnxa64/venv'), ('MEMKIND_HEAP_MANAGER', 'TBB'), ('CUSTOM_AMENT_PREFIX_PATH', '/home/niklas/Documents/Telerrobotics/Lab2/Matlab/ros2CustomMessages/matlab_msg_gen/glnxa64/install:/home/niklas/MatlabInstall/sys/ros2/glnxa64/ros2'), ('XDG_SESSION_TYPE', 'wayland'), ('KMP_HANDLE_SIGNALS', '0'), ('SHLVL', '1'), ('ICU_TIMEZONE_FILES_DIR', '/home/niklas/MatlabInstall/bin/icutzdata'), ('LD_LIBRARY_PATH', ':/home/niklas/MatlabInstall/sys/ros2/glnxa64/ros2/lib:/home/niklas/MatlabInstall/sys/os/glnxa64:/home/niklas/MatlabInstall/bin/glnxa64:/home/niklas/.MathWorks/hI-hW4-1jBBiwHATctu_by6NbE_ktAtZ-IgcxHOTZjs/bin/glnxa64:/home/niklas/MatlabInstall/extern/lib/glnxa64:/home/niklas/MatlabInstall/cefclient/sys/os/glnxa64:/home/niklas/MatlabInstall/runtime/glnxa64:/home/niklas/MatlabInstall/sys/java/jre/glnxa64/jre/lib/amd64/native_threads:/home/niklas/MatlabInstall/sys/java/jre/glnxa64/jre/lib/amd64/server'), ('BASEMATLABPATH', ''), ('HOME', '/home/niklas'), ('AUTOMOUNT_MAP', ''), ('OLDPWD', '/home/niklas/MatlabInstall'), ('DESKTOP_SESSION', 'ubuntu'), ('MW_LD_SHIM', '/home/niklas/MatlabInstall/bin/glnxa64/ld_shim.so.2.35.ubuntu_22_04'), ('GIO_LAUNCHED_DESKTOP_FILE', '/usr/share/applications/matlab.desktop'), ('GNOME_SHELL_SESSION_MODE', 'ubuntu'), ('GTK_MODULES', ''), ('PS1', '(venv)'), ('LIBVA_MESSAGING_LEVEL', '0'), ('MANAGERPID', '1669'), ('SYSTEMD_EXEC_PID', '1850'), ('DBUS_SESSION_BUS_ADDRESS', 'unix:path=/run/user/1000/bus'), ('GIO_LAUNCHED_DESKTOP_FILE_PID', '5470'), ('CUSTOM_SITE_PACKAGES_PATH', ''), ('IM_CONFIG_PHASE', '1'), ('WAYLAND_DISPLAY', 'wayland-0'), ('COLCON_PREFIX_PATH', '/home/niklas/Documents/Telerrobotics/Lab2/Matlab/ros2CustomMessages/matlab_msg_gen/glnxa64/install:/home/niklas/MatlabInstall/sys/ros2/glnxa64/ros2:/home/niklas/MatlabInstall/sys/ros2/glnxa64/ros2'), ('ROS_DISTRO', 'humble'), ('LOGNAME', 'niklas'), ('JOURNAL_STREAM', '8:28522'), ('_', '/home/niklas/.matlab/R2023b/ros2/glnxa64/venv/bin/colcon'), ('PKG_CONFIG_PATH', '/home/niklas/MatlabInstall/sys/ros2/glnxa64/ros2/lib/pkgconfig'), ('XDG_SESSION_CLASS', 'user'), ('USERNAME', 'niklas'), ('TERM', 'dumb'), ('GNOME_DESKTOP_SESSION_ID', 'this-is-deprecated'), ('PATH', '/home/niklas/MatlabInstall/bin/glnxa64/cmake/bin::/home/niklas/MatlabInstall/sys/ros2/glnxa64/ros2/bin:/home/niklas/.matlab/R2023b/ros2/glnxa64/venv/bin:/home/niklas/.matlab/R2023b/ros2/glnxa64/venv/bin:/home/niklas/MatlabInstall/toolbox/shared/coder/ninja/glnxa64:/home/niklas/.local/bin:/usr/local/sbin:/usr/local/bin:/usr/sbin:/usr/bin:/sbin:/bin:/usr/games:/usr/local/games:/snap/bin:/snap/bin'), ('SESSION_MANAGER', 'local/niklas-Lenovo-V155-15API:@/tmp/.ICE-unix/1827,unix/niklas-Lenovo-V155-15API:/tmp/.ICE-unix/1827'), ('INVOCATION_ID', '22afe0b8969e4a86afb34ff2d199c9cb'), ('XDG_MENU_PREFIX', 'gnome-'), ('GNOME_SETUP_DISPLAY', ':1'), ('XDG_RUNTIME_DIR', '/run/user/1000'), ('TOOLBOX', '/home/niklas/MatlabInstall/toolbox'), ('MKL_DOMAIN_NUM_THREADS', ''), ('KMP_INIT_AT_FORK', 'false'), ('DISPLAY', ':0'), ('LD_PRELOAD', ''), ('LANG', 'en_US.UTF-8'), ('XDG_CURRENT_DESKTOP', 'ubuntu:GNOME'), ('PRE_LD_PRELOAD', ''), ('VIRTUAL_ENV_PROMPT', '(venv)'), ('RMW_IMPLEMENTATION', ''), ('XMODIFIERS', '@im=ibus'), ('XDG_SESSION_DESKTOP', 'ubuntu'), ('XAUTHORITY', '/run/user/1000/.mutter-Xwaylandauth.TY2NC2'), ('SSH_AGENT_LAUNCHER', 'gnome-keyring'), ('SSH_AUTH_SOCK', '/run/user/1000/keyring/ssh'), ('ROS_DOMAIN_ID', '1'), ('AMENT_PREFIX_PATH', '/home/niklas/Documents/Telerrobotics/Lab2/Matlab/ros2CustomMessages/matlab_msg_gen/glnxa64/install:/home/niklas/MatlabInstall/sys/ros2/glnxa64/ros2:/home/niklas/MatlabInstall/sys/ros2/glnxa64/ros2'), ('SHELL', '/bin/bash'), ('CMAKE_PATH', '/home/niklas/MatlabInstall/bin/glnxa64/cmake/bin'), ('XFILESEARCHPATH', '/home/niklas/MatlabInstall/sys/java/jre/glnxa64/jre/lib/locale/%L/%T/%N%S:'), ('QT_ACCESSIBILITY', '1'), ('GDMSESSION', 'ubuntu'), ('OSG_LD_LIBRARY_PATH', '/home/niklas/MatlabInstall/sys/openscenegraph/lib/glnxa64'), ('GJS_DEBUG_OUTPUT', 'stderr'), ('VIRTUAL_ENV', '/home/niklas/.matlab/R2023b/ros2/glnxa64/venv'), ('CUSTOM_PATH', ''), ('QT_IM_MODULE', 'ibus'), ('PWD', '/home/niklas/Documents/Telerrobotics/Lab2/Matlab/ros2CustomMessages/matlab_msg_gen/glnxa64/build/houghmessage'), ('XDG_CONFIG_DIRS', '/etc/xdg/xdg-ubuntu:/etc/xdg'), ('DYLD_LIBRARY_PATH', ':/home/niklas/MatlabInstall/sys/ros2/glnxa64/ros2/lib:'), ('XDG_DATA_DIRS', '/usr/share/ubuntu:/usr/local/share/:/usr/share/:/var/lib/snapd/desktop'), ('MKL_NUM_THREADS', ''), ('MW_PATCH_OFFSETS', '0000117000002EA0'), ('PYTHONPATH', ':/home/niklas/MatlabInstall/sys/ros2/glnxa64/ros2/lib/python3.9/site-packages:/home/niklas/.matlab/R2023b/ros2/glnxa64/venv/lib/python3.10/site-packages:'), ('LC_NUMERIC', 'C'), ('COLCON', '1'), ('CMAKE_PREFIX_PATH', '/home/niklas/Documents/Telerrobotics/Lab2/Matlab/ros2CustomMessages/matlab_msg_gen/glnxa64/install:/home/niklas/MatlabInstall/sys/ros2/glnxa64/ros2:/home/niklas/MatlabInstall/sys/ros2/glnxa64/ros2')]), 'shell': False}
[0.078503] (houghmessage) StdoutLine: {'line': b'[0/1] Re-running CMake...\n'}
[0.099503] (-) TimerEvent: {}
[0.101132] (houghmessage) StdoutLine: {'line': b'-- Found ament_cmake: 1.3.3 (/home/niklas/MatlabInstall/sys/ros2/glnxa64/ros2/share/ament_cmake/cmake)\n'}
[0.199601] (-) TimerEvent: {}
[0.279050] (houghmessage) StdoutLine: {'line': b'-- Found ament_cmake_ros: 0.10.0 (/home/niklas/MatlabInstall/sys/ros2/glnxa64/ros2/share/ament_cmake_ros/cmake)\n'}
[0.283455] (houghmessage) StdoutLine: {'line': b'-- Found rosidl_typesupport_c: 2.0.0 (/home/niklas/MatlabInstall/sys/ros2/glnxa64/ros2/share/rosidl_typesupport_c/cmake)\n'}
[0.284136] (houghmessage) StdoutLine: {'line': b'-- Using all available rosidl_typesupport_c: rosidl_typesupport_fastrtps_c;rosidl_typesupport_introspection_c\n'}
[0.290256] (houghmessage) StdoutLine: {'line': b'-- Found rosidl_adapter: 3.1.4 (/home/niklas/MatlabInstall/sys/ros2/glnxa64/ros2/share/rosidl_adapter/cmake)\n'}
[0.299743] (-) TimerEvent: {}
[0.352171] (houghmessage) StdoutLine: {'line': b'-- Found rosidl_typesupport_cpp: 2.0.0 (/home/niklas/MatlabInstall/sys/ros2/glnxa64/ros2/share/rosidl_typesupport_cpp/cmake)\n'}
[0.353179] (houghmessage) StdoutLine: {'line': b'-- Using all available rosidl_typesupport_cpp: rosidl_typesupport_fastrtps_cpp;rosidl_typesupport_introspection_cpp\n'}
[0.399897] (-) TimerEvent: {}
[0.400267] (houghmessage) StdoutLine: {'line': b'-- Found rosidl_default_generators: 1.2.0 (/home/niklas/MatlabInstall/sys/ros2/glnxa64/ros2/share/rosidl_default_generators/cmake)\n'}
[0.405992] (houghmessage) StdoutLine: {'line': b'-- Found class_loader: 2.2.0 (/home/niklas/MatlabInstall/sys/ros2/glnxa64/ros2/share/class_loader/cmake)\n'}
[0.410316] (houghmessage) StdoutLine: {'line': b'-- Found rclcpp: 16.0.3 (/home/niklas/MatlabInstall/sys/ros2/glnxa64/ros2/share/rclcpp/cmake)\n'}
[0.500070] (-) TimerEvent: {}
[0.533851] (houghmessage) StdoutLine: {'line': b'-- Found rmw_implementation_cmake: 6.1.1 (/home/niklas/MatlabInstall/sys/ros2/glnxa64/ros2/share/rmw_implementation_cmake/cmake)\n'}
[0.536204] (houghmessage) StdoutLine: {'line': b'-- Found rmw_fastrtps_cpp: 6.2.2 (/home/niklas/MatlabInstall/sys/ros2/glnxa64/ros2/share/rmw_fastrtps_cpp/cmake)\n'}
[0.600207] (-) TimerEvent: {}
[0.700616] (-) TimerEvent: {}
[0.701019] (houghmessage) StdoutLine: {'line': b"-- Using RMW implementation 'rmw_fastrtps_cpp' as default\n"}
[0.800774] (-) TimerEvent: {}
[0.901279] (-) TimerEvent: {}
[1.001979] (-) TimerEvent: {}
[1.102390] (-) TimerEvent: {}
[1.202770] (-) TimerEvent: {}
[1.293006] (houghmessage) StdoutLine: {'line': b'-- Using all available rosidl_typesupport_c: rosidl_typesupport_fastrtps_c;rosidl_typesupport_introspection_c\n'}
[1.302932] (-) TimerEvent: {}
[1.403435] (-) TimerEvent: {}
[1.451796] (houghmessage) StdoutLine: {'line': b'-- Using all available rosidl_typesupport_cpp: rosidl_typesupport_fastrtps_cpp;rosidl_typesupport_introspection_cpp\n'}
[1.465884] (houghmessage) StdoutLine: {'line': b'-- Configuring done\n'}
[1.497450] (houghmessage) StdoutLine: {'line': b'-- Generating done\n'}
[1.503581] (-) TimerEvent: {}
[1.507772] (houghmessage) StdoutLine: {'line': b'-- Build files have been written to: /home/niklas/Documents/Telerrobotics/Lab2/Matlab/ros2CustomMessages/matlab_msg_gen/glnxa64/build/houghmessage\n'}
[1.603769] (-) TimerEvent: {}
[1.704277] (-) TimerEvent: {}
[1.804761] (-) TimerEvent: {}
[1.905283] (-) TimerEvent: {}
[1.931733] (houghmessage) StdoutLine: {'line': b'[1/24] Generating C++ code for ROS interfaces\n'}
[1.934790] (houghmessage) StdoutLine: {'line': b'[2/24] Generating C code for ROS interfaces\n'}
[2.005430] (-) TimerEvent: {}
[2.105927] (-) TimerEvent: {}
[2.110178] (houghmessage) StdoutLine: {'line': b'[3/24] Building C object CMakeFiles/houghmessage__rosidl_generator_c.dir/rosidl_generator_c/houghmessage/msg/detail/r_whough_line__functions.c.o\n'}
[2.164954] (houghmessage) StdoutLine: {'line': b'[4/24] Linking C shared library libhoughmessage__rosidl_generator_c.so\n'}
[2.206062] (-) TimerEvent: {}
[2.306544] (-) TimerEvent: {}
[2.369352] (houghmessage) StdoutLine: {'line': b'[5/24] Generating C++ type support dispatch for ROS interfaces\n'}
[2.406683] (-) TimerEvent: {}
[2.420756] (houghmessage) StdoutLine: {'line': b'[6/24] Generating C++ introspection for ROS interfaces\n'}
[2.468886] (houghmessage) StdoutLine: {'line': b'[7/24] Generating C++ type support for eProsima Fast-RTPS\n'}
[2.506818] (-) TimerEvent: {}
[2.607270] (-) TimerEvent: {}
[2.707680] (-) TimerEvent: {}
[2.786144] (houghmessage) StdoutLine: {'line': b'[8/24] Generating C type support for eProsima Fast-RTPS\n'}
[2.801437] (houghmessage) StdoutLine: {'line': b'[9/24] Generating C type support dispatch for ROS interfaces\n'}
[2.806390] (houghmessage) StdoutLine: {'line': b'[10/24] Generating C introspection for ROS interfaces\n'}
[2.807826] (-) TimerEvent: {}
[2.862812] (houghmessage) StdoutLine: {'line': b'[11/24] Building CXX object CMakeFiles/houghmessage__rosidl_typesupport_c.dir/rosidl_typesupport_c/houghmessage/msg/r_whough_line__type_support.cpp.o\n'}
[2.907977] (-) TimerEvent: {}
[2.930896] (houghmessage) StdoutLine: {'line': b'[12/24] Building C object CMakeFiles/houghmessage__rosidl_typesupport_introspection_c.dir/rosidl_typesupport_introspection_c/houghmessage/msg/detail/r_whough_line__type_support.c.o\n'}
[2.974661] (houghmessage) StdoutLine: {'line': b'[13/24] Building CXX object CMakeFiles/houghmessage__rosidl_typesupport_cpp.dir/rosidl_typesupport_cpp/houghmessage/msg/r_whough_line__type_support.cpp.o\n'}
[2.998019] (houghmessage) StdoutLine: {'line': b'[14/24] Linking C shared library libhoughmessage__rosidl_typesupport_introspection_c.so\n'}
[3.008134] (-) TimerEvent: {}
[3.048246] (houghmessage) StdoutLine: {'line': b'[15/24] Linking CXX shared library libhoughmessage__rosidl_typesupport_c.so\n'}
[3.108324] (-) TimerEvent: {}
[3.151331] (houghmessage) StdoutLine: {'line': b'[16/24] Linking CXX shared library libhoughmessage__rosidl_typesupport_cpp.so\n'}
[3.208481] (-) TimerEvent: {}
[3.302287] (houghmessage) StdoutLine: {'line': b'[17/24] Building CXX object CMakeFiles/houghmessage__rosidl_typesupport_introspection_cpp.dir/rosidl_typesupport_introspection_cpp/houghmessage/msg/detail/r_whough_line__type_support.cpp.o\n'}
[3.308615] (-) TimerEvent: {}
[3.409079] (-) TimerEvent: {}
[3.417069] (houghmessage) StdoutLine: {'line': b'[18/24] Building CXX object CMakeFiles/houghmessage__rosidl_typesupport_fastrtps_cpp.dir/rosidl_typesupport_fastrtps_cpp/houghmessage/msg/detail/dds_fastrtps/r_whough_line__type_support.cpp.o\n'}
[3.452861] (houghmessage) StdoutLine: {'line': b'[19/24] Linking CXX shared library libhoughmessage__rosidl_typesupport_introspection_cpp.so\n'}
[3.497652] (houghmessage) StdoutLine: {'line': b'[20/24] Building CXX object CMakeFiles/houghmessage__rosidl_typesupport_fastrtps_c.dir/rosidl_typesupport_fastrtps_c/houghmessage/msg/detail/r_whough_line__type_support_c.cpp.o\n'}
[3.509253] (-) TimerEvent: {}
[3.572139] (houghmessage) StdoutLine: {'line': b'[21/24] Linking CXX shared library libhoughmessage__rosidl_typesupport_fastrtps_cpp.so\n'}
[3.609407] (-) TimerEvent: {}
[3.636336] (houghmessage) StdoutLine: {'line': b'[22/24] Linking CXX shared library libhoughmessage__rosidl_typesupport_fastrtps_c.so\n'}
[3.709570] (-) TimerEvent: {}
[3.810171] (-) TimerEvent: {}
[3.910695] (-) TimerEvent: {}
[4.011133] (-) TimerEvent: {}
[4.111579] (-) TimerEvent: {}
[4.212155] (-) TimerEvent: {}
[4.312681] (-) TimerEvent: {}
[4.413186] (-) TimerEvent: {}
[4.513958] (-) TimerEvent: {}
[4.614487] (-) TimerEvent: {}
[4.715022] (-) TimerEvent: {}
[4.815511] (-) TimerEvent: {}
[4.916054] (-) TimerEvent: {}
[5.016631] (-) TimerEvent: {}
[5.117155] (-) TimerEvent: {}
[5.217568] (-) TimerEvent: {}
[5.318085] (-) TimerEvent: {}
[5.418533] (-) TimerEvent: {}
[5.518953] (-) TimerEvent: {}
[5.619387] (-) TimerEvent: {}
[5.719900] (-) TimerEvent: {}
[5.820348] (-) TimerEvent: {}
[5.920781] (-) TimerEvent: {}
[6.021288] (-) TimerEvent: {}
[6.121895] (-) TimerEvent: {}
[6.222348] (-) TimerEvent: {}
[6.322848] (-) TimerEvent: {}
[6.423275] (-) TimerEvent: {}
[6.523670] (-) TimerEvent: {}
[6.624098] (-) TimerEvent: {}
[6.724663] (-) TimerEvent: {}
[6.825234] (-) TimerEvent: {}
[6.925725] (-) TimerEvent: {}
[7.026207] (-) TimerEvent: {}
[7.126688] (-) TimerEvent: {}
[7.227169] (-) TimerEvent: {}
[7.327733] (-) TimerEvent: {}
[7.428363] (-) TimerEvent: {}
[7.528921] (-) TimerEvent: {}
[7.629412] (-) TimerEvent: {}
[7.729937] (-) TimerEvent: {}
[7.830478] (-) TimerEvent: {}
[7.930960] (-) TimerEvent: {}
[8.031456] (-) TimerEvent: {}
[8.132221] (-) TimerEvent: {}
[8.232708] (-) TimerEvent: {}
[8.333209] (-) TimerEvent: {}
[8.433709] (-) TimerEvent: {}
[8.534241] (-) TimerEvent: {}
[8.634688] (-) TimerEvent: {}
[8.735151] (-) TimerEvent: {}
[8.835639] (-) TimerEvent: {}
[8.936101] (-) TimerEvent: {}
[9.036523] (-) TimerEvent: {}
[9.137023] (-) TimerEvent: {}
[9.237593] (-) TimerEvent: {}
[9.338312] (-) TimerEvent: {}
[9.438767] (-) TimerEvent: {}
[9.539229] (-) TimerEvent: {}
[9.639689] (-) TimerEvent: {}
[9.740118] (-) TimerEvent: {}
[9.840644] (-) TimerEvent: {}
[9.941156] (-) TimerEvent: {}
[10.041701] (-) TimerEvent: {}
[10.142254] (-) TimerEvent: {}
[10.242820] (-) TimerEvent: {}
[10.343350] (-) TimerEvent: {}
[10.443883] (-) TimerEvent: {}
[10.544353] (-) TimerEvent: {}
[10.644960] (-) TimerEvent: {}
[10.745596] (-) TimerEvent: {}
[10.846107] (-) TimerEvent: {}
[10.946562] (-) TimerEvent: {}
[11.047010] (-) TimerEvent: {}
[11.147428] (-) TimerEvent: {}
[11.247906] (-) TimerEvent: {}
[11.348433] (-) TimerEvent: {}
[11.449019] (-) TimerEvent: {}
[11.549455] (-) TimerEvent: {}
[11.649931] (-) TimerEvent: {}
[11.750431] (-) TimerEvent: {}
[11.850957] (-) TimerEvent: {}
[11.951436] (-) TimerEvent: {}
[12.052048] (-) TimerEvent: {}
[12.152721] (-) TimerEvent: {}
[12.253226] (-) TimerEvent: {}
[12.353737] (-) TimerEvent: {}
[12.454242] (-) TimerEvent: {}
[12.554685] (-) TimerEvent: {}
[12.655200] (-) TimerEvent: {}
[12.755687] (-) TimerEvent: {}
[12.856153] (-) TimerEvent: {}
[12.956611] (-) TimerEvent: {}
[13.057090] (-) TimerEvent: {}
[13.157650] (-) TimerEvent: {}
[13.258092] (-) TimerEvent: {}
[13.358550] (-) TimerEvent: {}
[13.459483] (-) TimerEvent: {}
[13.560576] (-) TimerEvent: {}
[13.661102] (-) TimerEvent: {}
[13.761573] (-) TimerEvent: {}
[13.862062] (-) TimerEvent: {}
[13.962497] (-) TimerEvent: {}
[14.062887] (-) TimerEvent: {}
[14.163381] (-) TimerEvent: {}
[14.264100] (-) TimerEvent: {}
[14.364569] (-) TimerEvent: {}
[14.465095] (-) TimerEvent: {}
[14.565538] (-) TimerEvent: {}
[14.665997] (-) TimerEvent: {}
[14.766434] (-) TimerEvent: {}
[14.866863] (-) TimerEvent: {}
[14.967339] (-) TimerEvent: {}
[15.067764] (-) TimerEvent: {}
[15.168197] (-) TimerEvent: {}
[15.268721] (-) TimerEvent: {}
[15.369197] (-) TimerEvent: {}
[15.469703] (-) TimerEvent: {}
[15.570206] (-) TimerEvent: {}
[15.670747] (-) TimerEvent: {}
[15.771233] (-) TimerEvent: {}
[15.871825] (-) TimerEvent: {}
[15.972374] (-) TimerEvent: {}
[16.072870] (-) TimerEvent: {}
[16.173271] (-) TimerEvent: {}
[16.273760] (-) TimerEvent: {}
[16.374296] (-) TimerEvent: {}
[16.474769] (-) TimerEvent: {}
[16.575175] (-) TimerEvent: {}
[16.675751] (-) TimerEvent: {}
[16.776374] (-) TimerEvent: {}
[16.876830] (-) TimerEvent: {}
[16.977263] (-) TimerEvent: {}
[17.077891] (-) TimerEvent: {}
[17.178408] (-) TimerEvent: {}
[17.278917] (-) TimerEvent: {}
[17.287831] (houghmessage) StdoutLine: {'line': b'[23/24] Building CXX object CMakeFiles/houghmessage_matlab.dir/src/houghmessage_RWhoughLine_message.cpp.o\n'}
[17.379105] (-) TimerEvent: {}
[17.479572] (-) TimerEvent: {}
[17.580079] (-) TimerEvent: {}
[17.680506] (-) TimerEvent: {}
[17.781020] (-) TimerEvent: {}
[17.881458] (-) TimerEvent: {}
[17.981888] (-) TimerEvent: {}
[18.082324] (-) TimerEvent: {}
[18.117938] (houghmessage) StdoutLine: {'line': b'[24/24] Linking CXX shared library libhoughmessage_matlab.so\n'}
[18.122308] (houghmessage) CommandEnded: {'returncode': 0}
[18.151095] (houghmessage) JobProgress: {'identifier': 'houghmessage', 'progress': 'install'}
[18.156059] (houghmessage) Command: {'cmd': ['/home/niklas/MatlabInstall/bin/glnxa64/cmake/bin/cmake', '--install', '/home/niklas/Documents/Telerrobotics/Lab2/Matlab/ros2CustomMessages/matlab_msg_gen/glnxa64/build/houghmessage'], 'cwd': '/home/niklas/Documents/Telerrobotics/Lab2/Matlab/ros2CustomMessages/matlab_msg_gen/glnxa64/build/houghmessage', 'env': OrderedDict([('GJS_DEBUG_TOPICS', 'JS ERROR;JS LOG'), ('ARCH', 'glnxa64'), ('CUSTOM_LD_LIBRARY_PATH', ''), ('USER', 'niklas'), ('LOCAL_PYTHON_VENV_PATH', '/home/niklas/.matlab/R2023b/ros2/glnxa64/venv'), ('MEMKIND_HEAP_MANAGER', 'TBB'), ('CUSTOM_AMENT_PREFIX_PATH', '/home/niklas/Documents/Telerrobotics/Lab2/Matlab/ros2CustomMessages/matlab_msg_gen/glnxa64/install:/home/niklas/MatlabInstall/sys/ros2/glnxa64/ros2'), ('XDG_SESSION_TYPE', 'wayland'), ('KMP_HANDLE_SIGNALS', '0'), ('SHLVL', '1'), ('ICU_TIMEZONE_FILES_DIR', '/home/niklas/MatlabInstall/bin/icutzdata'), ('LD_LIBRARY_PATH', ':/home/niklas/MatlabInstall/sys/ros2/glnxa64/ros2/lib:/home/niklas/MatlabInstall/sys/os/glnxa64:/home/niklas/MatlabInstall/bin/glnxa64:/home/niklas/.MathWorks/hI-hW4-1jBBiwHATctu_by6NbE_ktAtZ-IgcxHOTZjs/bin/glnxa64:/home/niklas/MatlabInstall/extern/lib/glnxa64:/home/niklas/MatlabInstall/cefclient/sys/os/glnxa64:/home/niklas/MatlabInstall/runtime/glnxa64:/home/niklas/MatlabInstall/sys/java/jre/glnxa64/jre/lib/amd64/native_threads:/home/niklas/MatlabInstall/sys/java/jre/glnxa64/jre/lib/amd64/server'), ('BASEMATLABPATH', ''), ('HOME', '/home/niklas'), ('AUTOMOUNT_MAP', ''), ('OLDPWD', '/home/niklas/MatlabInstall'), ('DESKTOP_SESSION', 'ubuntu'), ('MW_LD_SHIM', '/home/niklas/MatlabInstall/bin/glnxa64/ld_shim.so.2.35.ubuntu_22_04'), ('GIO_LAUNCHED_DESKTOP_FILE', '/usr/share/applications/matlab.desktop'), ('GNOME_SHELL_SESSION_MODE', 'ubuntu'), ('GTK_MODULES', ''), ('PS1', '(venv)'), ('LIBVA_MESSAGING_LEVEL', '0'), ('MANAGERPID', '1669'), ('SYSTEMD_EXEC_PID', '1850'), ('DBUS_SESSION_BUS_ADDRESS', 'unix:path=/run/user/1000/bus'), ('GIO_LAUNCHED_DESKTOP_FILE_PID', '5470'), ('CUSTOM_SITE_PACKAGES_PATH', ''), ('IM_CONFIG_PHASE', '1'), ('WAYLAND_DISPLAY', 'wayland-0'), ('COLCON_PREFIX_PATH', '/home/niklas/Documents/Telerrobotics/Lab2/Matlab/ros2CustomMessages/matlab_msg_gen/glnxa64/install:/home/niklas/MatlabInstall/sys/ros2/glnxa64/ros2:/home/niklas/MatlabInstall/sys/ros2/glnxa64/ros2'), ('ROS_DISTRO', 'humble'), ('LOGNAME', 'niklas'), ('JOURNAL_STREAM', '8:28522'), ('_', '/home/niklas/.matlab/R2023b/ros2/glnxa64/venv/bin/colcon'), ('PKG_CONFIG_PATH', '/home/niklas/MatlabInstall/sys/ros2/glnxa64/ros2/lib/pkgconfig'), ('XDG_SESSION_CLASS', 'user'), ('USERNAME', 'niklas'), ('TERM', 'dumb'), ('GNOME_DESKTOP_SESSION_ID', 'this-is-deprecated'), ('PATH', '/home/niklas/MatlabInstall/bin/glnxa64/cmake/bin::/home/niklas/MatlabInstall/sys/ros2/glnxa64/ros2/bin:/home/niklas/.matlab/R2023b/ros2/glnxa64/venv/bin:/home/niklas/.matlab/R2023b/ros2/glnxa64/venv/bin:/home/niklas/MatlabInstall/toolbox/shared/coder/ninja/glnxa64:/home/niklas/.local/bin:/usr/local/sbin:/usr/local/bin:/usr/sbin:/usr/bin:/sbin:/bin:/usr/games:/usr/local/games:/snap/bin:/snap/bin'), ('SESSION_MANAGER', 'local/niklas-Lenovo-V155-15API:@/tmp/.ICE-unix/1827,unix/niklas-Lenovo-V155-15API:/tmp/.ICE-unix/1827'), ('INVOCATION_ID', '22afe0b8969e4a86afb34ff2d199c9cb'), ('XDG_MENU_PREFIX', 'gnome-'), ('GNOME_SETUP_DISPLAY', ':1'), ('XDG_RUNTIME_DIR', '/run/user/1000'), ('TOOLBOX', '/home/niklas/MatlabInstall/toolbox'), ('MKL_DOMAIN_NUM_THREADS', ''), ('KMP_INIT_AT_FORK', 'false'), ('DISPLAY', ':0'), ('LD_PRELOAD', ''), ('LANG', 'en_US.UTF-8'), ('XDG_CURRENT_DESKTOP', 'ubuntu:GNOME'), ('PRE_LD_PRELOAD', ''), ('VIRTUAL_ENV_PROMPT', '(venv)'), ('RMW_IMPLEMENTATION', ''), ('XMODIFIERS', '@im=ibus'), ('XDG_SESSION_DESKTOP', 'ubuntu'), ('XAUTHORITY', '/run/user/1000/.mutter-Xwaylandauth.TY2NC2'), ('SSH_AGENT_LAUNCHER', 'gnome-keyring'), ('SSH_AUTH_SOCK', '/run/user/1000/keyring/ssh'), ('ROS_DOMAIN_ID', '1'), ('AMENT_PREFIX_PATH', '/home/niklas/Documents/Telerrobotics/Lab2/Matlab/ros2CustomMessages/matlab_msg_gen/glnxa64/install:/home/niklas/MatlabInstall/sys/ros2/glnxa64/ros2:/home/niklas/MatlabInstall/sys/ros2/glnxa64/ros2'), ('SHELL', '/bin/bash'), ('CMAKE_PATH', '/home/niklas/MatlabInstall/bin/glnxa64/cmake/bin'), ('XFILESEARCHPATH', '/home/niklas/MatlabInstall/sys/java/jre/glnxa64/jre/lib/locale/%L/%T/%N%S:'), ('QT_ACCESSIBILITY', '1'), ('GDMSESSION', 'ubuntu'), ('OSG_LD_LIBRARY_PATH', '/home/niklas/MatlabInstall/sys/openscenegraph/lib/glnxa64'), ('GJS_DEBUG_OUTPUT', 'stderr'), ('VIRTUAL_ENV', '/home/niklas/.matlab/R2023b/ros2/glnxa64/venv'), ('CUSTOM_PATH', ''), ('QT_IM_MODULE', 'ibus'), ('PWD', '/home/niklas/Documents/Telerrobotics/Lab2/Matlab/ros2CustomMessages/matlab_msg_gen/glnxa64/build/houghmessage'), ('XDG_CONFIG_DIRS', '/etc/xdg/xdg-ubuntu:/etc/xdg'), ('DYLD_LIBRARY_PATH', ':/home/niklas/MatlabInstall/sys/ros2/glnxa64/ros2/lib:'), ('XDG_DATA_DIRS', '/usr/share/ubuntu:/usr/local/share/:/usr/share/:/var/lib/snapd/desktop'), ('MKL_NUM_THREADS', ''), ('MW_PATCH_OFFSETS', '0000117000002EA0'), ('PYTHONPATH', ':/home/niklas/MatlabInstall/sys/ros2/glnxa64/ros2/lib/python3.9/site-packages:/home/niklas/.matlab/R2023b/ros2/glnxa64/venv/lib/python3.10/site-packages:'), ('LC_NUMERIC', 'C'), ('COLCON', '1'), ('CMAKE_PREFIX_PATH', '/home/niklas/Documents/Telerrobotics/Lab2/Matlab/ros2CustomMessages/matlab_msg_gen/glnxa64/install:/home/niklas/MatlabInstall/sys/ros2/glnxa64/ros2:/home/niklas/MatlabInstall/sys/ros2/glnxa64/ros2')]), 'shell': False}
[18.162307] (houghmessage) StdoutLine: {'line': b'-- Install configuration: "Release"\n'}
[18.162690] (houghmessage) StdoutLine: {'line': b'-- Up-to-date: /home/niklas/Documents/Telerrobotics/Lab2/Matlab/ros2CustomMessages/matlab_msg_gen/glnxa64/install/share/ament_index/resource_index/rosidl_interfaces/houghmessage\n'}
[18.162888] (houghmessage) StdoutLine: {'line': b'-- Up-to-date: /home/niklas/Documents/Telerrobotics/Lab2/Matlab/ros2CustomMessages/matlab_msg_gen/glnxa64/install/include/houghmessage/houghmessage\n'}
[18.163035] (houghmessage) StdoutLine: {'line': b'-- Up-to-date: /home/niklas/Documents/Telerrobotics/Lab2/Matlab/ros2CustomMessages/matlab_msg_gen/glnxa64/install/include/houghmessage/houghmessage/msg\n'}
[18.163245] (houghmessage) StdoutLine: {'line': b'-- Up-to-date: /home/niklas/Documents/Telerrobotics/Lab2/Matlab/ros2CustomMessages/matlab_msg_gen/glnxa64/install/include/houghmessage/houghmessage/msg/rosidl_generator_c__visibility_control.h\n'}
[18.163393] (houghmessage) StdoutLine: {'line': b'-- Installing: /home/niklas/Documents/Telerrobotics/Lab2/Matlab/ros2CustomMessages/matlab_msg_gen/glnxa64/install/include/houghmessage/houghmessage/msg/r_whough_line.h\n'}
[18.163569] (houghmessage) StdoutLine: {'line': b'-- Up-to-date: /home/niklas/Documents/Telerrobotics/Lab2/Matlab/ros2CustomMessages/matlab_msg_gen/glnxa64/install/include/houghmessage/houghmessage/msg/detail\n'}
[18.163739] (houghmessage) StdoutLine: {'line': b'-- Installing: /home/niklas/Documents/Telerrobotics/Lab2/Matlab/ros2CustomMessages/matlab_msg_gen/glnxa64/install/include/houghmessage/houghmessage/msg/detail/r_whough_line__struct.h\n'}
[18.163879] (houghmessage) StdoutLine: {'line': b'-- Installing: /home/niklas/Documents/Telerrobotics/Lab2/Matlab/ros2CustomMessages/matlab_msg_gen/glnxa64/install/include/houghmessage/houghmessage/msg/detail/r_whough_line__functions.h\n'}
[18.164063] (houghmessage) StdoutLine: {'line': b'-- Installing: /home/niklas/Documents/Telerrobotics/Lab2/Matlab/ros2CustomMessages/matlab_msg_gen/glnxa64/install/include/houghmessage/houghmessage/msg/detail/r_whough_line__functions.c\n'}
[18.164244] (houghmessage) StdoutLine: {'line': b'-- Installing: /home/niklas/Documents/Telerrobotics/Lab2/Matlab/ros2CustomMessages/matlab_msg_gen/glnxa64/install/include/houghmessage/houghmessage/msg/detail/r_whough_line__type_support.h\n'}
[18.164608] (houghmessage) StdoutLine: {'line': b'-- Up-to-date: /home/niklas/Documents/Telerrobotics/Lab2/Matlab/ros2CustomMessages/matlab_msg_gen/glnxa64/install/share/houghmessage/environment/library_path.sh\n'}
[18.164785] (houghmessage) StdoutLine: {'line': b'-- Installing: /home/niklas/Documents/Telerrobotics/Lab2/Matlab/ros2CustomMessages/matlab_msg_gen/glnxa64/install/share/houghmessage/environment/library_path.dsv\n'}
[18.165090] (houghmessage) StdoutLine: {'line': b'-- Installing: /home/niklas/Documents/Telerrobotics/Lab2/Matlab/ros2CustomMessages/matlab_msg_gen/glnxa64/install/lib/libhoughmessage__rosidl_generator_c.so\n'}
[18.165468] (houghmessage) StdoutLine: {'line': b'-- Up-to-date: /home/niklas/Documents/Telerrobotics/Lab2/Matlab/ros2CustomMessages/matlab_msg_gen/glnxa64/install/include/houghmessage/houghmessage\n'}
[18.165705] (houghmessage) StdoutLine: {'line': b'-- Up-to-date: /home/niklas/Documents/Telerrobotics/Lab2/Matlab/ros2CustomMessages/matlab_msg_gen/glnxa64/install/include/houghmessage/houghmessage/msg\n'}
[18.165884] (houghmessage) StdoutLine: {'line': b'-- Up-to-date: /home/niklas/Documents/Telerrobotics/Lab2/Matlab/ros2CustomMessages/matlab_msg_gen/glnxa64/install/include/houghmessage/houghmessage/msg/rosidl_typesupport_fastrtps_c__visibility_control.h\n'}
[18.166026] (houghmessage) StdoutLine: {'line': b'-- Up-to-date: /home/niklas/Documents/Telerrobotics/Lab2/Matlab/ros2CustomMessages/matlab_msg_gen/glnxa64/install/include/houghmessage/houghmessage/msg/detail\n'}
[18.166206] (houghmessage) StdoutLine: {'line': b'-- Installing: /home/niklas/Documents/Telerrobotics/Lab2/Matlab/ros2CustomMessages/matlab_msg_gen/glnxa64/install/include/houghmessage/houghmessage/msg/detail/r_whough_line__rosidl_typesupport_fastrtps_c.h\n'}
[18.166355] (houghmessage) StdoutLine: {'line': b'-- Installing: /home/niklas/Documents/Telerrobotics/Lab2/Matlab/ros2CustomMessages/matlab_msg_gen/glnxa64/install/lib/libhoughmessage__rosidl_typesupport_fastrtps_c.so\n'}
[18.166697] (houghmessage) StdoutLine: {'line': b'-- Up-to-date: /home/niklas/Documents/Telerrobotics/Lab2/Matlab/ros2CustomMessages/matlab_msg_gen/glnxa64/install/include/houghmessage/houghmessage\n'}
[18.166925] (houghmessage) StdoutLine: {'line': b'-- Up-to-date: /home/niklas/Documents/Telerrobotics/Lab2/Matlab/ros2CustomMessages/matlab_msg_gen/glnxa64/install/include/houghmessage/houghmessage/msg\n'}
[18.167088] (houghmessage) StdoutLine: {'line': b'-- Up-to-date: /home/niklas/Documents/Telerrobotics/Lab2/Matlab/ros2CustomMessages/matlab_msg_gen/glnxa64/install/include/houghmessage/houghmessage/msg/rosidl_typesupport_introspection_c__visibility_control.h\n'}
[18.167223] (houghmessage) StdoutLine: {'line': b'-- Up-to-date: /home/niklas/Documents/Telerrobotics/Lab2/Matlab/ros2CustomMessages/matlab_msg_gen/glnxa64/install/include/houghmessage/houghmessage/msg/detail\n'}
[18.167426] (houghmessage) StdoutLine: {'line': b'-- Installing: /home/niklas/Documents/Telerrobotics/Lab2/Matlab/ros2CustomMessages/matlab_msg_gen/glnxa64/install/include/houghmessage/houghmessage/msg/detail/r_whough_line__rosidl_typesupport_introspection_c.h\n'}
[18.167555] (houghmessage) StdoutLine: {'line': b'-- Installing: /home/niklas/Documents/Telerrobotics/Lab2/Matlab/ros2CustomMessages/matlab_msg_gen/glnxa64/install/include/houghmessage/houghmessage/msg/detail/r_whough_line__type_support.c\n'}
[18.167746] (houghmessage) StdoutLine: {'line': b'-- Installing: /home/niklas/Documents/Telerrobotics/Lab2/Matlab/ros2CustomMessages/matlab_msg_gen/glnxa64/install/lib/libhoughmessage__rosidl_typesupport_introspection_c.so\n'}
[18.168307] (houghmessage) StdoutLine: {'line': b'-- Installing: /home/niklas/Documents/Telerrobotics/Lab2/Matlab/ros2CustomMessages/matlab_msg_gen/glnxa64/install/lib/libhoughmessage__rosidl_typesupport_c.so\n'}
[18.168669] (houghmessage) StdoutLine: {'line': b'-- Up-to-date: /home/niklas/Documents/Telerrobotics/Lab2/Matlab/ros2CustomMessages/matlab_msg_gen/glnxa64/install/include/houghmessage/houghmessage\n'}
[18.168915] (houghmessage) StdoutLine: {'line': b'-- Up-to-date: /home/niklas/Documents/Telerrobotics/Lab2/Matlab/ros2CustomMessages/matlab_msg_gen/glnxa64/install/include/houghmessage/houghmessage/msg\n'}
[18.169055] (houghmessage) StdoutLine: {'line': b'-- Installing: /home/niklas/Documents/Telerrobotics/Lab2/Matlab/ros2CustomMessages/matlab_msg_gen/glnxa64/install/include/houghmessage/houghmessage/msg/r_whough_line.hpp\n'}
[18.169265] (houghmessage) StdoutLine: {'line': b'-- Up-to-date: /home/niklas/Documents/Telerrobotics/Lab2/Matlab/ros2CustomMessages/matlab_msg_gen/glnxa64/install/include/houghmessage/houghmessage/msg/detail\n'}
[18.169401] (houghmessage) StdoutLine: {'line': b'-- Installing: /home/niklas/Documents/Telerrobotics/Lab2/Matlab/ros2CustomMessages/matlab_msg_gen/glnxa64/install/include/houghmessage/houghmessage/msg/detail/r_whough_line__traits.hpp\n'}
[18.169589] (houghmessage) StdoutLine: {'line': b'-- Installing: /home/niklas/Documents/Telerrobotics/Lab2/Matlab/ros2CustomMessages/matlab_msg_gen/glnxa64/install/include/houghmessage/houghmessage/msg/detail/r_whough_line__builder.hpp\n'}
[18.169804] (houghmessage) StdoutLine: {'line': b'-- Installing: /home/niklas/Documents/Telerrobotics/Lab2/Matlab/ros2CustomMessages/matlab_msg_gen/glnxa64/install/include/houghmessage/houghmessage/msg/detail/r_whough_line__struct.hpp\n'}
[18.170162] (houghmessage) StdoutLine: {'line': b'-- Up-to-date: /home/niklas/Documents/Telerrobotics/Lab2/Matlab/ros2CustomMessages/matlab_msg_gen/glnxa64/install/include/houghmessage/houghmessage\n'}
[18.170388] (houghmessage) StdoutLine: {'line': b'-- Up-to-date: /home/niklas/Documents/Telerrobotics/Lab2/Matlab/ros2CustomMessages/matlab_msg_gen/glnxa64/install/include/houghmessage/houghmessage/msg\n'}
[18.170653] (houghmessage) StdoutLine: {'line': b'-- Up-to-date: /home/niklas/Documents/Telerrobotics/Lab2/Matlab/ros2CustomMessages/matlab_msg_gen/glnxa64/install/include/houghmessage/houghmessage/msg/rosidl_typesupport_fastrtps_cpp__visibility_control.h\n'}
[18.170815] (houghmessage) StdoutLine: {'line': b'-- Up-to-date: /home/niklas/Documents/Telerrobotics/Lab2/Matlab/ros2CustomMessages/matlab_msg_gen/glnxa64/install/include/houghmessage/houghmessage/msg/detail\n'}
[18.170961] (houghmessage) StdoutLine: {'line': b'-- Up-to-date: /home/niklas/Documents/Telerrobotics/Lab2/Matlab/ros2CustomMessages/matlab_msg_gen/glnxa64/install/include/houghmessage/houghmessage/msg/detail/dds_fastrtps\n'}
[18.171141] (houghmessage) StdoutLine: {'line': b'-- Installing: /home/niklas/Documents/Telerrobotics/Lab2/Matlab/ros2CustomMessages/matlab_msg_gen/glnxa64/install/include/houghmessage/houghmessage/msg/detail/r_whough_line__rosidl_typesupport_fastrtps_cpp.hpp\n'}
[18.171274] (houghmessage) StdoutLine: {'line': b'-- Installing: /home/niklas/Documents/Telerrobotics/Lab2/Matlab/ros2CustomMessages/matlab_msg_gen/glnxa64/install/lib/libhoughmessage__rosidl_typesupport_fastrtps_cpp.so\n'}
[18.171558] (houghmessage) StdoutLine: {'line': b'-- Up-to-date: /home/niklas/Documents/Telerrobotics/Lab2/Matlab/ros2CustomMessages/matlab_msg_gen/glnxa64/install/include/houghmessage/houghmessage\n'}
[18.171744] (houghmessage) StdoutLine: {'line': b'-- Up-to-date: /home/niklas/Documents/Telerrobotics/Lab2/Matlab/ros2CustomMessages/matlab_msg_gen/glnxa64/install/include/houghmessage/houghmessage/msg\n'}
[18.171950] (houghmessage) StdoutLine: {'line': b'-- Up-to-date: /home/niklas/Documents/Telerrobotics/Lab2/Matlab/ros2CustomMessages/matlab_msg_gen/glnxa64/install/include/houghmessage/houghmessage/msg/detail\n'}
[18.172087] (houghmessage) StdoutLine: {'line': b'-- Installing: /home/niklas/Documents/Telerrobotics/Lab2/Matlab/ros2CustomMessages/matlab_msg_gen/glnxa64/install/include/houghmessage/houghmessage/msg/detail/r_whough_line__type_support.cpp\n'}
[18.172291] (houghmessage) StdoutLine: {'line': b'-- Installing: /home/niklas/Documents/Telerrobotics/Lab2/Matlab/ros2CustomMessages/matlab_msg_gen/glnxa64/install/include/houghmessage/houghmessage/msg/detail/r_whough_line__rosidl_typesupport_introspection_cpp.hpp\n'}
[18.172536] (houghmessage) StdoutLine: {'line': b'-- Installing: /home/niklas/Documents/Telerrobotics/Lab2/Matlab/ros2CustomMessages/matlab_msg_gen/glnxa64/install/lib/libhoughmessage__rosidl_typesupport_introspection_cpp.so\n'}
[18.173040] (houghmessage) StdoutLine: {'line': b'-- Installing: /home/niklas/Documents/Telerrobotics/Lab2/Matlab/ros2CustomMessages/matlab_msg_gen/glnxa64/install/lib/libhoughmessage__rosidl_typesupport_cpp.so\n'}
[18.173498] (houghmessage) StdoutLine: {'line': b'-- Installing: /home/niklas/Documents/Telerrobotics/Lab2/Matlab/ros2CustomMessages/matlab_msg_gen/glnxa64/install/share/houghmessage/msg/RWhoughLine.idl\n'}
[18.173961] (houghmessage) StdoutLine: {'line': b'-- Installing: /home/niklas/Documents/Telerrobotics/Lab2/Matlab/ros2CustomMessages/matlab_msg_gen/glnxa64/install/share/houghmessage/msg/RWhoughLine.msg\n'}
[18.175855] (houghmessage) StdoutLine: {'line': b'-- Up-to-date: /home/niklas/Documents/Telerrobotics/Lab2/Matlab/ros2CustomMessages/matlab_msg_gen/glnxa64/install/include\n'}
[18.177394] (houghmessage) StdoutLine: {'line': b'-- Up-to-date: /home/niklas/Documents/Telerrobotics/Lab2/Matlab/ros2CustomMessages/matlab_msg_gen/glnxa64/install/include/houghmessage\n'}
[18.179011] (houghmessage) StdoutLine: {'line': b'-- Up-to-date: /home/niklas/Documents/Telerrobotics/Lab2/Matlab/ros2CustomMessages/matlab_msg_gen/glnxa64/install/include/houghmessage/visibility_control.h\n'}
[18.179315] (houghmessage) StdoutLine: {'line': b'-- Installing: /home/niklas/Documents/Telerrobotics/Lab2/Matlab/ros2CustomMessages/matlab_msg_gen/glnxa64/install/lib/libhoughmessage_matlab.so\n'}
[18.182448] (-) TimerEvent: {}
[18.197653] (houghmessage) StdoutLine: {'line': b'-- Up-to-date: /home/niklas/Documents/Telerrobotics/Lab2/Matlab/ros2CustomMessages/matlab_msg_gen/glnxa64/install/m/\n'}
[18.198172] (houghmessage) StdoutLine: {'line': b'-- Up-to-date: /home/niklas/Documents/Telerrobotics/Lab2/Matlab/ros2CustomMessages/matlab_msg_gen/glnxa64/install/m//+ros\n'}
[18.199047] (houghmessage) StdoutLine: {'line': b'-- Up-to-date: /home/niklas/Documents/Telerrobotics/Lab2/Matlab/ros2CustomMessages/matlab_msg_gen/glnxa64/install/m//+ros/+internal\n'}
[18.199245] (houghmessage) StdoutLine: {'line': b'-- Up-to-date: /home/niklas/Documents/Telerrobotics/Lab2/Matlab/ros2CustomMessages/matlab_msg_gen/glnxa64/install/m//+ros/+internal/+ros2\n'}
[18.199467] (houghmessage) StdoutLine: {'line': b'-- Up-to-date: /home/niklas/Documents/Telerrobotics/Lab2/Matlab/ros2CustomMessages/matlab_msg_gen/glnxa64/install/m//+ros/+internal/+ros2/+custommessages\n'}
[18.199686] (houghmessage) StdoutLine: {'line': b'-- Up-to-date: /home/niklas/Documents/Telerrobotics/Lab2/Matlab/ros2CustomMessages/matlab_msg_gen/glnxa64/install/m//+ros/+internal/+ros2/+custommessages/+houghmessage\n'}
[18.199858] (houghmessage) StdoutLine: {'line': b'-- Installing: /home/niklas/Documents/Telerrobotics/Lab2/Matlab/ros2CustomMessages/matlab_msg_gen/glnxa64/install/m//+ros/+internal/+ros2/+custommessages/+houghmessage/rWhoughLine.m\n'}
[18.200066] (houghmessage) StdoutLine: {'line': b'-- Installing: /home/niklas/Documents/Telerrobotics/Lab2/Matlab/ros2CustomMessages/matlab_msg_gen/glnxa64/install/m//+ros/+internal/+ros2/+custommessages/+houghmessage/houghmessage_msg_RWhoughLine_2To1_Converter.m\n'}
[18.200247] (houghmessage) StdoutLine: {'line': b'-- Installing: /home/niklas/Documents/Telerrobotics/Lab2/Matlab/ros2CustomMessages/matlab_msg_gen/glnxa64/install/m//+ros/+internal/+ros2/+custommessages/+houghmessage/houghmessage_msg_RWhoughLine_1To2_Converter.m\n'}
[18.200386] (houghmessage) StdoutLine: {'line': b'-- Up-to-date: /home/niklas/Documents/Telerrobotics/Lab2/Matlab/ros2CustomMessages/matlab_msg_gen/glnxa64/install/share/ament_index/resource_index/package_run_dependencies/houghmessage\n'}
[18.200604] (houghmessage) StdoutLine: {'line': b'-- Up-to-date: /home/niklas/Documents/Telerrobotics/Lab2/Matlab/ros2CustomMessages/matlab_msg_gen/glnxa64/install/share/ament_index/resource_index/parent_prefix_path/houghmessage\n'}
[18.200779] (houghmessage) StdoutLine: {'line': b'-- Up-to-date: /home/niklas/Documents/Telerrobotics/Lab2/Matlab/ros2CustomMessages/matlab_msg_gen/glnxa64/install/share/houghmessage/environment/ament_prefix_path.sh\n'}
[18.200925] (houghmessage) StdoutLine: {'line': b'-- Installing: /home/niklas/Documents/Telerrobotics/Lab2/Matlab/ros2CustomMessages/matlab_msg_gen/glnxa64/install/share/houghmessage/environment/ament_prefix_path.dsv\n'}
[18.201066] (houghmessage) StdoutLine: {'line': b'-- Up-to-date: /home/niklas/Documents/Telerrobotics/Lab2/Matlab/ros2CustomMessages/matlab_msg_gen/glnxa64/install/share/houghmessage/environment/path.sh\n'}
[18.201217] (houghmessage) StdoutLine: {'line': b'-- Installing: /home/niklas/Documents/Telerrobotics/Lab2/Matlab/ros2CustomMessages/matlab_msg_gen/glnxa64/install/share/houghmessage/environment/path.dsv\n'}
[18.201358] (houghmessage) StdoutLine: {'line': b'-- Up-to-date: /home/niklas/Documents/Telerrobotics/Lab2/Matlab/ros2CustomMessages/matlab_msg_gen/glnxa64/install/share/houghmessage/local_setup.bash\n'}
[18.201502] (houghmessage) StdoutLine: {'line': b'-- Up-to-date: /home/niklas/Documents/Telerrobotics/Lab2/Matlab/ros2CustomMessages/matlab_msg_gen/glnxa64/install/share/houghmessage/local_setup.sh\n'}
[18.201753] (houghmessage) StdoutLine: {'line': b'-- Up-to-date: /home/niklas/Documents/Telerrobotics/Lab2/Matlab/ros2CustomMessages/matlab_msg_gen/glnxa64/install/share/houghmessage/local_setup.zsh\n'}
[18.202003] (houghmessage) StdoutLine: {'line': b'-- Installing: /home/niklas/Documents/Telerrobotics/Lab2/Matlab/ros2CustomMessages/matlab_msg_gen/glnxa64/install/share/houghmessage/local_setup.dsv\n'}
[18.202191] (houghmessage) StdoutLine: {'line': b'-- Installing: /home/niklas/Documents/Telerrobotics/Lab2/Matlab/ros2CustomMessages/matlab_msg_gen/glnxa64/install/share/houghmessage/package.dsv\n'}
[18.202378] (houghmessage) StdoutLine: {'line': b'-- Up-to-date: /home/niklas/Documents/Telerrobotics/Lab2/Matlab/ros2CustomMessages/matlab_msg_gen/glnxa64/install/share/ament_index/resource_index/packages/houghmessage\n'}
[18.202542] (houghmessage) StdoutLine: {'line': b'-- Up-to-date: /home/niklas/Documents/Telerrobotics/Lab2/Matlab/ros2CustomMessages/matlab_msg_gen/glnxa64/install/share/houghmessage/cmake/export_houghmessage__rosidl_generator_cExport.cmake\n'}
[18.202721] (houghmessage) StdoutLine: {'line': b'-- Up-to-date: /home/niklas/Documents/Telerrobotics/Lab2/Matlab/ros2CustomMessages/matlab_msg_gen/glnxa64/install/share/houghmessage/cmake/export_houghmessage__rosidl_generator_cExport-release.cmake\n'}
[18.202919] (houghmessage) StdoutLine: {'line': b'-- Up-to-date: /home/niklas/Documents/Telerrobotics/Lab2/Matlab/ros2CustomMessages/matlab_msg_gen/glnxa64/install/share/houghmessage/cmake/export_houghmessage__rosidl_typesupport_fastrtps_cExport.cmake\n'}
[18.203229] (houghmessage) StdoutLine: {'line': b'-- Up-to-date: /home/niklas/Documents/Telerrobotics/Lab2/Matlab/ros2CustomMessages/matlab_msg_gen/glnxa64/install/share/houghmessage/cmake/export_houghmessage__rosidl_typesupport_fastrtps_cExport-release.cmake\n'}
[18.203385] (houghmessage) StdoutLine: {'line': b'-- Up-to-date: /home/niklas/Documents/Telerrobotics/Lab2/Matlab/ros2CustomMessages/matlab_msg_gen/glnxa64/install/share/houghmessage/cmake/houghmessage__rosidl_typesupport_introspection_cExport.cmake\n'}
[18.203603] (houghmessage) StdoutLine: {'line': b'-- Up-to-date: /home/niklas/Documents/Telerrobotics/Lab2/Matlab/ros2CustomMessages/matlab_msg_gen/glnxa64/install/share/houghmessage/cmake/houghmessage__rosidl_typesupport_introspection_cExport-release.cmake\n'}
[18.203779] (houghmessage) StdoutLine: {'line': b'-- Up-to-date: /home/niklas/Documents/Telerrobotics/Lab2/Matlab/ros2CustomMessages/matlab_msg_gen/glnxa64/install/share/houghmessage/cmake/houghmessage__rosidl_typesupport_cExport.cmake\n'}
[18.203972] (houghmessage) StdoutLine: {'line': b'-- Up-to-date: /home/niklas/Documents/Telerrobotics/Lab2/Matlab/ros2CustomMessages/matlab_msg_gen/glnxa64/install/share/houghmessage/cmake/houghmessage__rosidl_typesupport_cExport-release.cmake\n'}
[18.204146] (houghmessage) StdoutLine: {'line': b'-- Up-to-date: /home/niklas/Documents/Telerrobotics/Lab2/Matlab/ros2CustomMessages/matlab_msg_gen/glnxa64/install/share/houghmessage/cmake/export_houghmessage__rosidl_generator_cppExport.cmake\n'}
[18.204355] (houghmessage) StdoutLine: {'line': b'-- Up-to-date: /home/niklas/Documents/Telerrobotics/Lab2/Matlab/ros2CustomMessages/matlab_msg_gen/glnxa64/install/share/houghmessage/cmake/export_houghmessage__rosidl_typesupport_fastrtps_cppExport.cmake\n'}
[18.204510] (houghmessage) StdoutLine: {'line': b'-- Up-to-date: /home/niklas/Documents/Telerrobotics/Lab2/Matlab/ros2CustomMessages/matlab_msg_gen/glnxa64/install/share/houghmessage/cmake/export_houghmessage__rosidl_typesupport_fastrtps_cppExport-release.cmake\n'}
[18.204727] (houghmessage) StdoutLine: {'line': b'-- Up-to-date: /home/niklas/Documents/Telerrobotics/Lab2/Matlab/ros2CustomMessages/matlab_msg_gen/glnxa64/install/share/houghmessage/cmake/houghmessage__rosidl_typesupport_introspection_cppExport.cmake\n'}
[18.204910] (houghmessage) StdoutLine: {'line': b'-- Up-to-date: /home/niklas/Documents/Telerrobotics/Lab2/Matlab/ros2CustomMessages/matlab_msg_gen/glnxa64/install/share/houghmessage/cmake/houghmessage__rosidl_typesupport_introspection_cppExport-release.cmake\n'}
[18.205060] (houghmessage) StdoutLine: {'line': b'-- Up-to-date: /home/niklas/Documents/Telerrobotics/Lab2/Matlab/ros2CustomMessages/matlab_msg_gen/glnxa64/install/share/houghmessage/cmake/houghmessage__rosidl_typesupport_cppExport.cmake\n'}
[18.205205] (houghmessage) StdoutLine: {'line': b'-- Up-to-date: /home/niklas/Documents/Telerrobotics/Lab2/Matlab/ros2CustomMessages/matlab_msg_gen/glnxa64/install/share/houghmessage/cmake/houghmessage__rosidl_typesupport_cppExport-release.cmake\n'}
[18.205346] (houghmessage) StdoutLine: {'line': b'-- Up-to-date: /home/niklas/Documents/Telerrobotics/Lab2/Matlab/ros2CustomMessages/matlab_msg_gen/glnxa64/install/share/houghmessage/cmake/rosidl_cmake-extras.cmake\n'}
[18.205485] (houghmessage) StdoutLine: {'line': b'-- Up-to-date: /home/niklas/Documents/Telerrobotics/Lab2/Matlab/ros2CustomMessages/matlab_msg_gen/glnxa64/install/share/houghmessage/cmake/ament_cmake_export_include_directories-extras.cmake\n'}
[18.205710] (houghmessage) StdoutLine: {'line': b'-- Up-to-date: /home/niklas/Documents/Telerrobotics/Lab2/Matlab/ros2CustomMessages/matlab_msg_gen/glnxa64/install/share/houghmessage/cmake/ament_cmake_export_libraries-extras.cmake\n'}
[18.205869] (houghmessage) StdoutLine: {'line': b'-- Up-to-date: /home/niklas/Documents/Telerrobotics/Lab2/Matlab/ros2CustomMessages/matlab_msg_gen/glnxa64/install/share/houghmessage/cmake/ament_cmake_export_targets-extras.cmake\n'}
[18.206009] (houghmessage) StdoutLine: {'line': b'-- Up-to-date: /home/niklas/Documents/Telerrobotics/Lab2/Matlab/ros2CustomMessages/matlab_msg_gen/glnxa64/install/share/houghmessage/cmake/rosidl_cmake_export_typesupport_targets-extras.cmake\n'}
[18.206203] (houghmessage) StdoutLine: {'line': b'-- Up-to-date: /home/niklas/Documents/Telerrobotics/Lab2/Matlab/ros2CustomMessages/matlab_msg_gen/glnxa64/install/share/houghmessage/cmake/ament_cmake_export_dependencies-extras.cmake\n'}
[18.206331] (houghmessage) StdoutLine: {'line': b'-- Up-to-date: /home/niklas/Documents/Telerrobotics/Lab2/Matlab/ros2CustomMessages/matlab_msg_gen/glnxa64/install/share/houghmessage/cmake/rosidl_cmake_export_typesupport_libraries-extras.cmake\n'}
[18.206456] (houghmessage) StdoutLine: {'line': b'-- Up-to-date: /home/niklas/Documents/Telerrobotics/Lab2/Matlab/ros2CustomMessages/matlab_msg_gen/glnxa64/install/share/houghmessage/cmake/houghmessageConfig.cmake\n'}
[18.206582] (houghmessage) StdoutLine: {'line': b'-- Up-to-date: /home/niklas/Documents/Telerrobotics/Lab2/Matlab/ros2CustomMessages/matlab_msg_gen/glnxa64/install/share/houghmessage/cmake/houghmessageConfig-version.cmake\n'}
[18.206702] (houghmessage) StdoutLine: {'line': b'-- Installing: /home/niklas/Documents/Telerrobotics/Lab2/Matlab/ros2CustomMessages/matlab_msg_gen/glnxa64/install/share/houghmessage/package.xml\n'}
[18.208283] (houghmessage) CommandEnded: {'returncode': 0}
[18.282579] (-) TimerEvent: {}
[18.384491] (-) TimerEvent: {}
[18.391617] (houghmessage) JobEnded: {'identifier': 'houghmessage', 'rc': 0}
[18.392834] (-) EventReactorShutdown: {}
