[0.740s] Invoking command in '/home/niklas/Documents/Telerrobotics/Lab2/ros2_ws_hough/build/turtlebot3_description': CMAKE_PREFIX_PATH=${CMAKE_PREFIX_PATH}:/home/niklas/Documents/Telerrobotics/Lab2/ros2_ws_hough/install/turtlebot3_teleop:/home/niklas/Documents/Telerrobotics/Lab2/ros2_ws_hough/install/turtlebot3_example:/opt/ros/humble /usr/bin/cmake /home/niklas/Documents/Telerrobotics/Lab2/ros2_ws_hough/src/turtlebot3/turtlebot3_description -DCMAKE_INSTALL_PREFIX=/home/niklas/Documents/Telerrobotics/Lab2/ros2_ws_hough/install/turtlebot3_description
[0.947s] -- The C compiler identification is GNU 11.4.0
[1.183s] -- The CXX compiler identification is GNU 11.4.0
[1.212s] -- Detecting C compiler ABI info
[1.568s] -- Detecting C compiler ABI info - done
[1.606s] -- Check for working C compiler: /usr/bin/cc - skipped
[1.606s] -- Detecting C compile features
[1.606s] -- Detecting C compile features - done
[1.611s] -- Detecting CXX compiler ABI info
[1.931s] -- Detecting CXX compiler ABI info - done
[1.956s] -- Check for working CXX compiler: /usr/bin/c++ - skipped
[1.958s] -- Detecting CXX compile features
[1.960s] -- Detecting CXX compile features - done
[1.968s] -- Found ament_cmake: 1.3.5 (/opt/ros/humble/share/ament_cmake/cmake)
[2.795s] -- Found Python3: /usr/bin/python3.10 (found version "3.10.12") found components: Interpreter 
[3.131s] -- Found urdf: 2.6.0 (/opt/ros/humble/share/urdf/cmake)
[3.452s] -- Configuring done
[3.460s] -- Generating done
[3.462s] -- Build files have been written to: /home/niklas/Documents/Telerrobotics/Lab2/ros2_ws_hough/build/turtlebot3_description
[3.524s] Invoked command in '/home/niklas/Documents/Telerrobotics/Lab2/ros2_ws_hough/build/turtlebot3_description' returned '0': CMAKE_PREFIX_PATH=${CMAKE_PREFIX_PATH}:/home/niklas/Documents/Telerrobotics/Lab2/ros2_ws_hough/install/turtlebot3_teleop:/home/niklas/Documents/Telerrobotics/Lab2/ros2_ws_hough/install/turtlebot3_example:/opt/ros/humble /usr/bin/cmake /home/niklas/Documents/Telerrobotics/Lab2/ros2_ws_hough/src/turtlebot3/turtlebot3_description -DCMAKE_INSTALL_PREFIX=/home/niklas/Documents/Telerrobotics/Lab2/ros2_ws_hough/install/turtlebot3_description
[3.525s] Invoking command in '/home/niklas/Documents/Telerrobotics/Lab2/ros2_ws_hough/build/turtlebot3_description': CMAKE_PREFIX_PATH=${CMAKE_PREFIX_PATH}:/home/niklas/Documents/Telerrobotics/Lab2/ros2_ws_hough/install/turtlebot3_teleop:/home/niklas/Documents/Telerrobotics/Lab2/ros2_ws_hough/install/turtlebot3_example:/opt/ros/humble /usr/bin/cmake --build /home/niklas/Documents/Telerrobotics/Lab2/ros2_ws_hough/build/turtlebot3_description -- -j8 -l8
[4.077s] Invoked command in '/home/niklas/Documents/Telerrobotics/Lab2/ros2_ws_hough/build/turtlebot3_description' returned '0': CMAKE_PREFIX_PATH=${CMAKE_PREFIX_PATH}:/home/niklas/Documents/Telerrobotics/Lab2/ros2_ws_hough/install/turtlebot3_teleop:/home/niklas/Documents/Telerrobotics/Lab2/ros2_ws_hough/install/turtlebot3_example:/opt/ros/humble /usr/bin/cmake --build /home/niklas/Documents/Telerrobotics/Lab2/ros2_ws_hough/build/turtlebot3_description -- -j8 -l8
[5.073s] Invoking command in '/home/niklas/Documents/Telerrobotics/Lab2/ros2_ws_hough/build/turtlebot3_description': CMAKE_PREFIX_PATH=${CMAKE_PREFIX_PATH}:/home/niklas/Documents/Telerrobotics/Lab2/ros2_ws_hough/install/turtlebot3_teleop:/home/niklas/Documents/Telerrobotics/Lab2/ros2_ws_hough/install/turtlebot3_example:/opt/ros/humble /usr/bin/cmake --install /home/niklas/Documents/Telerrobotics/Lab2/ros2_ws_hough/build/turtlebot3_description
[5.279s] -- Install configuration: ""
[5.279s] -- Installing: /home/niklas/Documents/Telerrobotics/Lab2/ros2_ws_hough/install/turtlebot3_description/share/turtlebot3_description/meshes
[5.280s] -- Installing: /home/niklas/Documents/Telerrobotics/Lab2/ros2_ws_hough/install/turtlebot3_description/share/turtlebot3_description/meshes/sensors
[5.280s] -- Installing: /home/niklas/Documents/Telerrobotics/Lab2/ros2_ws_hough/install/turtlebot3_description/share/turtlebot3_description/meshes/sensors/astra.dae
[5.280s] -- Installing: /home/niklas/Documents/Telerrobotics/Lab2/ros2_ws_hough/install/turtlebot3_description/share/turtlebot3_description/meshes/sensors/r200.dae
[5.280s] -- Installing: /home/niklas/Documents/Telerrobotics/Lab2/ros2_ws_hough/install/turtlebot3_description/share/turtlebot3_description/meshes/sensors/r200.jpg
[5.280s] -- Installing: /home/niklas/Documents/Telerrobotics/Lab2/ros2_ws_hough/install/turtlebot3_description/share/turtlebot3_description/meshes/sensors/astra.jpg
[5.280s] -- Installing: /home/niklas/Documents/Telerrobotics/Lab2/ros2_ws_hough/install/turtlebot3_description/share/turtlebot3_description/meshes/sensors/lds.stl
[5.281s] -- Installing: /home/niklas/Documents/Telerrobotics/Lab2/ros2_ws_hough/install/turtlebot3_description/share/turtlebot3_description/meshes/wheels
[5.281s] -- Installing: /home/niklas/Documents/Telerrobotics/Lab2/ros2_ws_hough/install/turtlebot3_description/share/turtlebot3_description/meshes/wheels/right_tire.stl
[5.281s] -- Installing: /home/niklas/Documents/Telerrobotics/Lab2/ros2_ws_hough/install/turtlebot3_description/share/turtlebot3_description/meshes/wheels/left_tire.stl
[5.281s] -- Installing: /home/niklas/Documents/Telerrobotics/Lab2/ros2_ws_hough/install/turtlebot3_description/share/turtlebot3_description/meshes/bases
[5.281s] -- Installing: /home/niklas/Documents/Telerrobotics/Lab2/ros2_ws_hough/install/turtlebot3_description/share/turtlebot3_description/meshes/bases/waffle_base.stl
[5.281s] -- Installing: /home/niklas/Documents/Telerrobotics/Lab2/ros2_ws_hough/install/turtlebot3_description/share/turtlebot3_description/meshes/bases/waffle_pi_base.stl
[5.298s] -- Installing: /home/niklas/Documents/Telerrobotics/Lab2/ros2_ws_hough/install/turtlebot3_description/share/turtlebot3_description/meshes/bases/burger_base.stl
[5.324s] -- Installing: /home/niklas/Documents/Telerrobotics/Lab2/ros2_ws_hough/install/turtlebot3_description/share/turtlebot3_description/rviz
[5.324s] -- Installing: /home/niklas/Documents/Telerrobotics/Lab2/ros2_ws_hough/install/turtlebot3_description/share/turtlebot3_description/rviz/model.rviz
[5.325s] -- Installing: /home/niklas/Documents/Telerrobotics/Lab2/ros2_ws_hough/install/turtlebot3_description/share/turtlebot3_description/urdf
[5.325s] -- Installing: /home/niklas/Documents/Telerrobotics/Lab2/ros2_ws_hough/install/turtlebot3_description/share/turtlebot3_description/urdf/turtlebot3_waffle.urdf
[5.325s] -- Installing: /home/niklas/Documents/Telerrobotics/Lab2/ros2_ws_hough/install/turtlebot3_description/share/turtlebot3_description/urdf/turtlebot3_burger.urdf
[5.325s] -- Installing: /home/niklas/Documents/Telerrobotics/Lab2/ros2_ws_hough/install/turtlebot3_description/share/turtlebot3_description/urdf/common_properties.urdf
[5.325s] -- Installing: /home/niklas/Documents/Telerrobotics/Lab2/ros2_ws_hough/install/turtlebot3_description/share/turtlebot3_description/urdf/turtlebot3_waffle_pi.urdf
[5.326s] -- Installing: /home/niklas/Documents/Telerrobotics/Lab2/ros2_ws_hough/install/turtlebot3_description/share/ament_index/resource_index/package_run_dependencies/turtlebot3_description
[5.326s] -- Installing: /home/niklas/Documents/Telerrobotics/Lab2/ros2_ws_hough/install/turtlebot3_description/share/ament_index/resource_index/parent_prefix_path/turtlebot3_description
[5.326s] -- Installing: /home/niklas/Documents/Telerrobotics/Lab2/ros2_ws_hough/install/turtlebot3_description/share/turtlebot3_description/environment/ament_prefix_path.sh
[5.326s] -- Installing: /home/niklas/Documents/Telerrobotics/Lab2/ros2_ws_hough/install/turtlebot3_description/share/turtlebot3_description/environment/ament_prefix_path.dsv
[5.326s] -- Installing: /home/niklas/Documents/Telerrobotics/Lab2/ros2_ws_hough/install/turtlebot3_description/share/turtlebot3_description/environment/path.sh
[5.326s] -- Installing: /home/niklas/Documents/Telerrobotics/Lab2/ros2_ws_hough/install/turtlebot3_description/share/turtlebot3_description/environment/path.dsv
[5.327s] -- Installing: /home/niklas/Documents/Telerrobotics/Lab2/ros2_ws_hough/install/turtlebot3_description/share/turtlebot3_description/local_setup.bash
[5.328s] -- Installing: /home/niklas/Documents/Telerrobotics/Lab2/ros2_ws_hough/install/turtlebot3_description/share/turtlebot3_description/local_setup.sh
[5.328s] -- Installing: /home/niklas/Documents/Telerrobotics/Lab2/ros2_ws_hough/install/turtlebot3_description/share/turtlebot3_description/local_setup.zsh
[5.328s] -- Installing: /home/niklas/Documents/Telerrobotics/Lab2/ros2_ws_hough/install/turtlebot3_description/share/turtlebot3_description/local_setup.dsv
[5.331s] -- Installing: /home/niklas/Documents/Telerrobotics/Lab2/ros2_ws_hough/install/turtlebot3_description/share/turtlebot3_description/package.dsv
[5.331s] -- Installing: /home/niklas/Documents/Telerrobotics/Lab2/ros2_ws_hough/install/turtlebot3_description/share/ament_index/resource_index/packages/turtlebot3_description
[5.331s] -- Installing: /home/niklas/Documents/Telerrobotics/Lab2/ros2_ws_hough/install/turtlebot3_description/share/turtlebot3_description/cmake/turtlebot3_descriptionConfig.cmake
[5.332s] -- Installing: /home/niklas/Documents/Telerrobotics/Lab2/ros2_ws_hough/install/turtlebot3_description/share/turtlebot3_description/cmake/turtlebot3_descriptionConfig-version.cmake
[5.332s] -- Installing: /home/niklas/Documents/Telerrobotics/Lab2/ros2_ws_hough/install/turtlebot3_description/share/turtlebot3_description/package.xml
[5.532s] Invoked command in '/home/niklas/Documents/Telerrobotics/Lab2/ros2_ws_hough/build/turtlebot3_description' returned '0': CMAKE_PREFIX_PATH=${CMAKE_PREFIX_PATH}:/home/niklas/Documents/Telerrobotics/Lab2/ros2_ws_hough/install/turtlebot3_teleop:/home/niklas/Documents/Telerrobotics/Lab2/ros2_ws_hough/install/turtlebot3_example:/opt/ros/humble /usr/bin/cmake --install /home/niklas/Documents/Telerrobotics/Lab2/ros2_ws_hough/build/turtlebot3_description
