[0.072s] Invoking command in '/home/niklas/Documents/Telerrobotics/Lab2/ros2_ws/build/rwth': CMAKE_PREFIX_PATH=/opt/ros/humble /usr/bin/cmake /home/niklas/Documents/Telerrobotics/Lab2/ros2_ws/src/RWTH -DCMAKE_INSTALL_PREFIX=/home/niklas/Documents/Telerrobotics/Lab2/ros2_ws/install/rwth
[0.162s] -- The C compiler identification is GNU 11.4.0
[0.264s] -- The CXX compiler identification is GNU 11.4.0
[0.277s] -- Detecting C compiler ABI info
[0.396s] -- Detecting C compiler ABI info - done
[0.405s] -- Check for working C compiler: /usr/bin/cc - skipped
[0.405s] -- Detecting C compile features
[0.405s] -- Detecting C compile features - done
[0.409s] -- Detecting CXX compiler ABI info
[0.542s] -- Detecting CXX compiler ABI info - done
[0.565s] -- Check for working CXX compiler: /usr/bin/c++ - skipped
[0.565s] -- Detecting CXX compile features
[0.567s] -- Detecting CXX compile features - done
[0.574s] -- Found ament_cmake: 1.3.5 (/opt/ros/humble/share/ament_cmake/cmake)
[0.822s] -- Found Python3: /usr/bin/python3.10 (found version "3.10.12") found components: Interpreter 
[0.936s] -- Found rclcpp: 16.0.6 (/opt/ros/humble/share/rclcpp/cmake)
[0.999s] -- Found rosidl_generator_c: 3.1.5 (/opt/ros/humble/share/rosidl_generator_c/cmake)
[1.006s] -- Found rosidl_adapter: 3.1.5 (/opt/ros/humble/share/rosidl_adapter/cmake)
[1.016s] -- Found rosidl_generator_cpp: 3.1.5 (/opt/ros/humble/share/rosidl_generator_cpp/cmake)
[1.034s] -- Using all available rosidl_typesupport_c: rosidl_typesupport_fastrtps_c;rosidl_typesupport_introspection_c
[1.058s] -- Using all available rosidl_typesupport_cpp: rosidl_typesupport_fastrtps_cpp;rosidl_typesupport_introspection_cpp
[1.153s] -- Found rmw_implementation_cmake: 6.1.1 (/opt/ros/humble/share/rmw_implementation_cmake/cmake)
[1.158s] -- Found rmw_fastrtps_cpp: 6.2.4 (/opt/ros/humble/share/rmw_fastrtps_cpp/cmake)
[1.377s] -- Found OpenSSL: /usr/lib/x86_64-linux-gnu/libcrypto.so (found version "3.0.2")  
[1.420s] -- Found FastRTPS: /opt/ros/humble/include  
[1.490s] -- Using RMW implementation 'rmw_fastrtps_cpp' as default
[1.519s] -- Looking for pthread.h
[1.670s] -- Looking for pthread.h - found
[1.670s] -- Performing Test CMAKE_HAVE_LIBC_PTHREAD
[1.797s] -- Performing Test CMAKE_HAVE_LIBC_PTHREAD - Success
[1.799s] -- Found Threads: TRUE  
[2.022s] -- Found sensor_msgs: 4.2.3 (/opt/ros/humble/share/sensor_msgs/cmake)
[2.197s] [31mCMake Error at CMakeLists.txt:17 (find_package):
[2.197s]   By not providing "Findhoughmessage.cmake" in CMAKE_MODULE_PATH this project
[2.197s]   has asked CMake to find a package configuration file provided by
[2.197s]   "houghmessage", but CMake did not find one.
[2.198s] 
[2.198s]   Could not find a package configuration file provided by "houghmessage" with
[2.198s]   any of the following names:
[2.198s] 
[2.198s]     houghmessageConfig.cmake
[2.198s]     houghmessage-config.cmake
[2.199s] 
[2.199s]   Add the installation prefix of "houghmessage" to CMAKE_PREFIX_PATH or set
[2.199s]   "houghmessage_DIR" to a directory containing one of the above files.  If
[2.199s]   "houghmessage" provides a separate development package or SDK, be sure it
[2.199s]   has been installed.
[2.200s] 
[2.200s] [0m
[2.200s] -- Configuring incomplete, errors occurred!
[2.200s] See also "/home/niklas/Documents/Telerrobotics/Lab2/ros2_ws/build/rwth/CMakeFiles/CMakeOutput.log".
[2.207s] Invoked command in '/home/niklas/Documents/Telerrobotics/Lab2/ros2_ws/build/rwth' returned '1': CMAKE_PREFIX_PATH=/opt/ros/humble /usr/bin/cmake /home/niklas/Documents/Telerrobotics/Lab2/ros2_ws/src/RWTH -DCMAKE_INSTALL_PREFIX=/home/niklas/Documents/Telerrobotics/Lab2/ros2_ws/install/rwth
