[0.488s] Invoking command in '/home/niklas/Documents/Telerrobotics/Lab2/ros2_ws/build/rwth': CMAKE_PREFIX_PATH=/opt/ros/humble /usr/bin/cmake /home/niklas/Documents/Telerrobotics/Lab2/ros2_ws/src/RWTH -DCMAKE_INSTALL_PREFIX=/home/niklas/Documents/Telerrobotics/Lab2/ros2_ws/install/rwth
[0.845s] -- Found ament_cmake: 1.3.5 (/opt/ros/humble/share/ament_cmake/cmake)
[0.975s] -- Found rclcpp: 16.0.6 (/opt/ros/humble/share/rclcpp/cmake)
[1.050s] -- Found rosidl_generator_c: 3.1.5 (/opt/ros/humble/share/rosidl_generator_c/cmake)
[1.056s] -- Found rosidl_adapter: 3.1.5 (/opt/ros/humble/share/rosidl_adapter/cmake)
[1.070s] -- Found rosidl_generator_cpp: 3.1.5 (/opt/ros/humble/share/rosidl_generator_cpp/cmake)
[1.099s] -- Using all available rosidl_typesupport_c: rosidl_typesupport_fastrtps_c;rosidl_typesupport_introspection_c
[1.161s] -- Using all available rosidl_typesupport_cpp: rosidl_typesupport_fastrtps_cpp;rosidl_typesupport_introspection_cpp
[1.319s] -- Found rmw_implementation_cmake: 6.1.1 (/opt/ros/humble/share/rmw_implementation_cmake/cmake)
[1.320s] -- Found rmw_fastrtps_cpp: 6.2.4 (/opt/ros/humble/share/rmw_fastrtps_cpp/cmake)
[1.578s] -- Using RMW implementation 'rmw_fastrtps_cpp' as default
[1.915s] -- Found sensor_msgs: 4.2.3 (/opt/ros/humble/share/sensor_msgs/cmake)
[2.190s] [31mCMake Error at CMakeLists.txt:17 (find_package):
[2.190s]   By not providing "Findhoughmessage.cmake" in CMAKE_MODULE_PATH this project
[2.190s]   has asked CMake to find a package configuration file provided by
[2.193s]   "houghmessage", but CMake did not find one.
[2.193s] 
[2.193s]   Could not find a package configuration file provided by "houghmessage" with
[2.194s]   any of the following names:
[2.194s] 
[2.194s]     houghmessageConfig.cmake
[2.194s]     houghmessage-config.cmake
[2.194s] 
[2.194s]   Add the installation prefix of "houghmessage" to CMAKE_PREFIX_PATH or set
[2.195s]   "houghmessage_DIR" to a directory containing one of the above files.  If
[2.195s]   "houghmessage" provides a separate development package or SDK, be sure it
[2.195s]   has been installed.
[2.195s] 
[2.195s] [0m
[2.195s] -- Configuring incomplete, errors occurred!
[2.196s] See also "/home/niklas/Documents/Telerrobotics/Lab2/ros2_ws/build/rwth/CMakeFiles/CMakeOutput.log".
[2.927s] Invoked command in '/home/niklas/Documents/Telerrobotics/Lab2/ros2_ws/build/rwth' returned '1': CMAKE_PREFIX_PATH=/opt/ros/humble /usr/bin/cmake /home/niklas/Documents/Telerrobotics/Lab2/ros2_ws/src/RWTH -DCMAKE_INSTALL_PREFIX=/home/niklas/Documents/Telerrobotics/Lab2/ros2_ws/install/rwth
