-- The C compiler identification is GNU 11.4.0
-- The CXX compiler identification is GNU 11.4.0
-- Detecting C compiler ABI info
-- Detecting C compiler ABI info - done
-- Check for working C compiler: /usr/bin/cc - skipped
-- Detecting C compile features
-- Detecting C compile features - done
-- Detecting CXX compiler ABI info
-- Detecting CXX compiler ABI info - done
-- Check for working CXX compiler: /usr/bin/c++ - skipped
-- Detecting CXX compile features
-- Detecting CXX compile features - done
-- Found ament_cmake: 1.3.5 (/opt/ros/humble/share/ament_cmake/cmake)
-- Found Python3: /usr/bin/python3.10 (found version "3.10.12") found components: Interpreter 
-- Found ament_lint_auto: 0.12.8 (/opt/ros/humble/share/ament_lint_auto/cmake)
-- Found std_msgs: 4.2.3 (/opt/ros/humble/share/std_msgs/cmake)
-- Found rosidl_generator_c: 3.1.5 (/opt/ros/humble/share/rosidl_generator_c/cmake)
-- Found rosidl_adapter: 3.1.5 (/opt/ros/humble/share/rosidl_adapter/cmake)
-- Found rosidl_generator_cpp: 3.1.5 (/opt/ros/humble/share/rosidl_generator_cpp/cmake)
-- Using all available rosidl_typesupport_c: rosidl_typesupport_fastrtps_c;rosidl_typesupport_introspection_c
-- Using all available rosidl_typesupport_cpp: rosidl_typesupport_fastrtps_cpp;rosidl_typesupport_introspection_cpp
-- Found rosidl_default_generators: 1.2.0 (/opt/ros/humble/share/rosidl_default_generators/cmake)
-- Found ament_cmake_cpplint: 0.12.8 (/opt/ros/humble/share/ament_cmake_cpplint/cmake)
-- Found ament_cmake_ros: 0.10.0 (/opt/ros/humble/share/ament_cmake_ros/cmake)
-- Using all available rosidl_typesupport_c: rosidl_typesupport_fastrtps_c;rosidl_typesupport_introspection_c
-- Using all available rosidl_typesupport_cpp: rosidl_typesupport_fastrtps_cpp;rosidl_typesupport_introspection_cpp
-- Found PythonInterp: /usr/bin/python3 (found suitable version "3.10.12", minimum required is "3.6") 
-- Found python_cmake_module: 0.10.0 (/opt/ros/humble/share/python_cmake_module/cmake)
-- Found PythonLibs: /usr/lib/x86_64-linux-gnu/libpython3.10.so (found suitable version "3.10.12", minimum required is "3.5") 
-- Using PYTHON_EXECUTABLE: /usr/bin/python3
-- Using PYTHON_INCLUDE_DIRS: /usr/include/python3.10
-- Using PYTHON_LIBRARIES: /usr/lib/x86_64-linux-gnu/libpython3.10.so
-- Found PythonExtra: .so  
-- Added test 'lint_cmake' to check CMake code style
-- Added test 'xmllint' to check XML markup files
-- Configuring done
-- Generating done
-- Build files have been written to: /home/niklas/Documents/Telerrobotics/Lab2/ros2_ws/build/houghmessage
[  3%] [34m[1mGenerating C code for ROS interfaces[0m
[  6%] [34m[1mGenerating C++ code for ROS interfaces[0m
[  6%] Built target ament_cmake_python_copy_houghmessage
running egg_info
creating houghmessage.egg-info
writing houghmessage.egg-info/PKG-INFO
writing dependency_links to houghmessage.egg-info/dependency_links.txt
writing top-level names to houghmessage.egg-info/top_level.txt
writing manifest file 'houghmessage.egg-info/SOURCES.txt'
reading manifest file 'houghmessage.egg-info/SOURCES.txt'
writing manifest file 'houghmessage.egg-info/SOURCES.txt'
[  6%] Built target ament_cmake_python_build_houghmessage_egg
[  6%] Built target houghmessage__cpp
[ 12%] [34m[1mGenerating C++ type support for eProsima Fast-RTPS[0m
[ 12%] [34m[1mGenerating C++ introspection for ROS interfaces[0m
[ 16%] [34m[1mGenerating C++ type support dispatch for ROS interfaces[0m
[ 19%] [32mBuilding C object CMakeFiles/houghmessage__rosidl_generator_c.dir/rosidl_generator_c/houghmessage/msg/detail/r_whough_line__functions.c.o[0m
[ 22%] [32m[1mLinking C shared library libhoughmessage__rosidl_generator_c.so[0m
[ 22%] Built target houghmessage__rosidl_generator_c
[ 25%] [34m[1mGenerating C type support for eProsima Fast-RTPS[0m
[ 29%] [34m[1mGenerating C introspection for ROS interfaces[0m
[ 32%] [34m[1mGenerating C type support dispatch for ROS interfaces[0m
[ 35%] [32mBuilding CXX object CMakeFiles/houghmessage__rosidl_typesupport_cpp.dir/rosidl_typesupport_cpp/houghmessage/msg/r_whough_line__type_support.cpp.o[0m
[ 38%] [32mBuilding CXX object CMakeFiles/houghmessage__rosidl_typesupport_introspection_cpp.dir/rosidl_typesupport_introspection_cpp/houghmessage/msg/detail/r_whough_line__type_support.cpp.o[0m
[ 41%] [32mBuilding CXX object CMakeFiles/houghmessage__rosidl_typesupport_fastrtps_cpp.dir/rosidl_typesupport_fastrtps_cpp/houghmessage/msg/detail/dds_fastrtps/r_whough_line__type_support.cpp.o[0m
[ 45%] [32mBuilding CXX object CMakeFiles/houghmessage__rosidl_typesupport_c.dir/rosidl_typesupport_c/houghmessage/msg/r_whough_line__type_support.cpp.o[0m
[ 48%] [32mBuilding CXX object CMakeFiles/houghmessage__rosidl_typesupport_fastrtps_c.dir/rosidl_typesupport_fastrtps_c/houghmessage/msg/detail/r_whough_line__type_support_c.cpp.o[0m
[ 51%] [32m[1mLinking CXX shared library libhoughmessage__rosidl_typesupport_c.so[0m
[ 54%] [32mBuilding C object CMakeFiles/houghmessage__rosidl_typesupport_introspection_c.dir/rosidl_typesupport_introspection_c/houghmessage/msg/detail/r_whough_line__type_support.c.o[0m
[ 54%] Built target houghmessage__rosidl_typesupport_c
[ 58%] [32m[1mLinking C shared library libhoughmessage__rosidl_typesupport_introspection_c.so[0m
[ 58%] Built target houghmessage__rosidl_typesupport_introspection_c
[ 61%] [32m[1mLinking CXX shared library libhoughmessage__rosidl_typesupport_cpp.so[0m
[ 61%] Built target houghmessage__rosidl_typesupport_cpp
[ 64%] [32m[1mLinking CXX shared library libhoughmessage__rosidl_typesupport_introspection_cpp.so[0m
[ 67%] [32m[1mLinking CXX shared library libhoughmessage__rosidl_typesupport_fastrtps_c.so[0m
[ 70%] [32m[1mLinking CXX shared library libhoughmessage__rosidl_typesupport_fastrtps_cpp.so[0m
[ 70%] Built target houghmessage__rosidl_typesupport_introspection_cpp
[ 70%] Built target houghmessage__rosidl_typesupport_fastrtps_c
[ 70%] Built target houghmessage__rosidl_typesupport_fastrtps_cpp
[ 70%] Built target houghmessage
[ 74%] [34m[1mGenerating Python code for ROS interfaces[0m
[ 74%] Built target houghmessage__py
[ 77%] [32mBuilding C object CMakeFiles/houghmessage__rosidl_generator_py.dir/rosidl_generator_py/houghmessage/msg/_r_whough_line_s.c.o[0m
[ 80%] [32m[1mLinking C shared library rosidl_generator_py/houghmessage/libhoughmessage__rosidl_generator_py.so[0m
[ 80%] Built target houghmessage__rosidl_generator_py
[ 83%] [32mBuilding C object CMakeFiles/houghmessage__rosidl_typesupport_introspection_c__pyext.dir/rosidl_generator_py/houghmessage/_houghmessage_s.ep.rosidl_typesupport_introspection_c.c.o[0m
[ 87%] [32mBuilding C object CMakeFiles/houghmessage__rosidl_typesupport_fastrtps_c__pyext.dir/rosidl_generator_py/houghmessage/_houghmessage_s.ep.rosidl_typesupport_fastrtps_c.c.o[0m
[ 90%] [32mBuilding C object CMakeFiles/houghmessage__rosidl_typesupport_c__pyext.dir/rosidl_generator_py/houghmessage/_houghmessage_s.ep.rosidl_typesupport_c.c.o[0m
[ 93%] [32m[1mLinking C shared library rosidl_generator_py/houghmessage/houghmessage_s__rosidl_typesupport_fastrtps_c.cpython-310-x86_64-linux-gnu.so[0m
[ 96%] [32m[1mLinking C shared library rosidl_generator_py/houghmessage/houghmessage_s__rosidl_typesupport_c.cpython-310-x86_64-linux-gnu.so[0m
[100%] [32m[1mLinking C shared library rosidl_generator_py/houghmessage/houghmessage_s__rosidl_typesupport_introspection_c.cpython-310-x86_64-linux-gnu.so[0m
[100%] Built target houghmessage__rosidl_typesupport_fastrtps_c__pyext
[100%] Built target houghmessage__rosidl_typesupport_c__pyext
[100%] Built target houghmessage__rosidl_typesupport_introspection_c__pyext
-- Install configuration: ""
-- Installing: /home/niklas/Documents/Telerrobotics/Lab2/ros2_ws/install/houghmessage/share/ament_index/resource_index/rosidl_interfaces/houghmessage
-- Installing: /home/niklas/Documents/Telerrobotics/Lab2/ros2_ws/install/houghmessage/include/houghmessage/houghmessage
-- Installing: /home/niklas/Documents/Telerrobotics/Lab2/ros2_ws/install/houghmessage/include/houghmessage/houghmessage/msg
-- Installing: /home/niklas/Documents/Telerrobotics/Lab2/ros2_ws/install/houghmessage/include/houghmessage/houghmessage/msg/rosidl_generator_c__visibility_control.h
-- Installing: /home/niklas/Documents/Telerrobotics/Lab2/ros2_ws/install/houghmessage/include/houghmessage/houghmessage/msg/r_whough_line.h
-- Installing: /home/niklas/Documents/Telerrobotics/Lab2/ros2_ws/install/houghmessage/include/houghmessage/houghmessage/msg/detail
-- Installing: /home/niklas/Documents/Telerrobotics/Lab2/ros2_ws/install/houghmessage/include/houghmessage/houghmessage/msg/detail/r_whough_line__struct.h
-- Installing: /home/niklas/Documents/Telerrobotics/Lab2/ros2_ws/install/houghmessage/include/houghmessage/houghmessage/msg/detail/r_whough_line__functions.h
-- Installing: /home/niklas/Documents/Telerrobotics/Lab2/ros2_ws/install/houghmessage/include/houghmessage/houghmessage/msg/detail/r_whough_line__functions.c
-- Installing: /home/niklas/Documents/Telerrobotics/Lab2/ros2_ws/install/houghmessage/include/houghmessage/houghmessage/msg/detail/r_whough_line__type_support.h
-- Installing: /home/niklas/Documents/Telerrobotics/Lab2/ros2_ws/install/houghmessage/share/houghmessage/environment/library_path.sh
-- Installing: /home/niklas/Documents/Telerrobotics/Lab2/ros2_ws/install/houghmessage/share/houghmessage/environment/library_path.dsv
-- Installing: /home/niklas/Documents/Telerrobotics/Lab2/ros2_ws/install/houghmessage/lib/libhoughmessage__rosidl_generator_c.so
-- Set runtime path of "/home/niklas/Documents/Telerrobotics/Lab2/ros2_ws/install/houghmessage/lib/libhoughmessage__rosidl_generator_c.so" to ""
-- Up-to-date: /home/niklas/Documents/Telerrobotics/Lab2/ros2_ws/install/houghmessage/include/houghmessage/houghmessage
-- Up-to-date: /home/niklas/Documents/Telerrobotics/Lab2/ros2_ws/install/houghmessage/include/houghmessage/houghmessage/msg
-- Installing: /home/niklas/Documents/Telerrobotics/Lab2/ros2_ws/install/houghmessage/include/houghmessage/houghmessage/msg/rosidl_typesupport_fastrtps_c__visibility_control.h
-- Up-to-date: /home/niklas/Documents/Telerrobotics/Lab2/ros2_ws/install/houghmessage/include/houghmessage/houghmessage/msg/detail
-- Installing: /home/niklas/Documents/Telerrobotics/Lab2/ros2_ws/install/houghmessage/include/houghmessage/houghmessage/msg/detail/r_whough_line__rosidl_typesupport_fastrtps_c.h
-- Installing: /home/niklas/Documents/Telerrobotics/Lab2/ros2_ws/install/houghmessage/lib/libhoughmessage__rosidl_typesupport_fastrtps_c.so
-- Set runtime path of "/home/niklas/Documents/Telerrobotics/Lab2/ros2_ws/install/houghmessage/lib/libhoughmessage__rosidl_typesupport_fastrtps_c.so" to ""
-- Up-to-date: /home/niklas/Documents/Telerrobotics/Lab2/ros2_ws/install/houghmessage/include/houghmessage/houghmessage
-- Up-to-date: /home/niklas/Documents/Telerrobotics/Lab2/ros2_ws/install/houghmessage/include/houghmessage/houghmessage/msg
-- Installing: /home/niklas/Documents/Telerrobotics/Lab2/ros2_ws/install/houghmessage/include/houghmessage/houghmessage/msg/r_whough_line.hpp
-- Up-to-date: /home/niklas/Documents/Telerrobotics/Lab2/ros2_ws/install/houghmessage/include/houghmessage/houghmessage/msg/detail
-- Installing: /home/niklas/Documents/Telerrobotics/Lab2/ros2_ws/install/houghmessage/include/houghmessage/houghmessage/msg/detail/r_whough_line__traits.hpp
-- Installing: /home/niklas/Documents/Telerrobotics/Lab2/ros2_ws/install/houghmessage/include/houghmessage/houghmessage/msg/detail/r_whough_line__builder.hpp
-- Installing: /home/niklas/Documents/Telerrobotics/Lab2/ros2_ws/install/houghmessage/include/houghmessage/houghmessage/msg/detail/r_whough_line__struct.hpp
-- Up-to-date: /home/niklas/Documents/Telerrobotics/Lab2/ros2_ws/install/houghmessage/include/houghmessage/houghmessage
-- Up-to-date: /home/niklas/Documents/Telerrobotics/Lab2/ros2_ws/install/houghmessage/include/houghmessage/houghmessage/msg
-- Installing: /home/niklas/Documents/Telerrobotics/Lab2/ros2_ws/install/houghmessage/include/houghmessage/houghmessage/msg/rosidl_typesupport_fastrtps_cpp__visibility_control.h
-- Up-to-date: /home/niklas/Documents/Telerrobotics/Lab2/ros2_ws/install/houghmessage/include/houghmessage/houghmessage/msg/detail
-- Installing: /home/niklas/Documents/Telerrobotics/Lab2/ros2_ws/install/houghmessage/include/houghmessage/houghmessage/msg/detail/dds_fastrtps
-- Installing: /home/niklas/Documents/Telerrobotics/Lab2/ros2_ws/install/houghmessage/include/houghmessage/houghmessage/msg/detail/r_whough_line__rosidl_typesupport_fastrtps_cpp.hpp
-- Installing: /home/niklas/Documents/Telerrobotics/Lab2/ros2_ws/install/houghmessage/lib/libhoughmessage__rosidl_typesupport_fastrtps_cpp.so
-- Set runtime path of "/home/niklas/Documents/Telerrobotics/Lab2/ros2_ws/install/houghmessage/lib/libhoughmessage__rosidl_typesupport_fastrtps_cpp.so" to ""
-- Up-to-date: /home/niklas/Documents/Telerrobotics/Lab2/ros2_ws/install/houghmessage/include/houghmessage/houghmessage
-- Up-to-date: /home/niklas/Documents/Telerrobotics/Lab2/ros2_ws/install/houghmessage/include/houghmessage/houghmessage/msg
-- Installing: /home/niklas/Documents/Telerrobotics/Lab2/ros2_ws/install/houghmessage/include/houghmessage/houghmessage/msg/rosidl_typesupport_introspection_c__visibility_control.h
-- Up-to-date: /home/niklas/Documents/Telerrobotics/Lab2/ros2_ws/install/houghmessage/include/houghmessage/houghmessage/msg/detail
-- Installing: /home/niklas/Documents/Telerrobotics/Lab2/ros2_ws/install/houghmessage/include/houghmessage/houghmessage/msg/detail/r_whough_line__rosidl_typesupport_introspection_c.h
-- Installing: /home/niklas/Documents/Telerrobotics/Lab2/ros2_ws/install/houghmessage/include/houghmessage/houghmessage/msg/detail/r_whough_line__type_support.c
-- Installing: /home/niklas/Documents/Telerrobotics/Lab2/ros2_ws/install/houghmessage/lib/libhoughmessage__rosidl_typesupport_introspection_c.so
-- Set runtime path of "/home/niklas/Documents/Telerrobotics/Lab2/ros2_ws/install/houghmessage/lib/libhoughmessage__rosidl_typesupport_introspection_c.so" to ""
-- Installing: /home/niklas/Documents/Telerrobotics/Lab2/ros2_ws/install/houghmessage/lib/libhoughmessage__rosidl_typesupport_c.so
-- Set runtime path of "/home/niklas/Documents/Telerrobotics/Lab2/ros2_ws/install/houghmessage/lib/libhoughmessage__rosidl_typesupport_c.so" to ""
-- Up-to-date: /home/niklas/Documents/Telerrobotics/Lab2/ros2_ws/install/houghmessage/include/houghmessage/houghmessage
-- Up-to-date: /home/niklas/Documents/Telerrobotics/Lab2/ros2_ws/install/houghmessage/include/houghmessage/houghmessage/msg
-- Up-to-date: /home/niklas/Documents/Telerrobotics/Lab2/ros2_ws/install/houghmessage/include/houghmessage/houghmessage/msg/detail
-- Installing: /home/niklas/Documents/Telerrobotics/Lab2/ros2_ws/install/houghmessage/include/houghmessage/houghmessage/msg/detail/r_whough_line__type_support.cpp
-- Installing: /home/niklas/Documents/Telerrobotics/Lab2/ros2_ws/install/houghmessage/include/houghmessage/houghmessage/msg/detail/r_whough_line__rosidl_typesupport_introspection_cpp.hpp
-- Installing: /home/niklas/Documents/Telerrobotics/Lab2/ros2_ws/install/houghmessage/lib/libhoughmessage__rosidl_typesupport_introspection_cpp.so
-- Set runtime path of "/home/niklas/Documents/Telerrobotics/Lab2/ros2_ws/install/houghmessage/lib/libhoughmessage__rosidl_typesupport_introspection_cpp.so" to ""
-- Installing: /home/niklas/Documents/Telerrobotics/Lab2/ros2_ws/install/houghmessage/lib/libhoughmessage__rosidl_typesupport_cpp.so
-- Set runtime path of "/home/niklas/Documents/Telerrobotics/Lab2/ros2_ws/install/houghmessage/lib/libhoughmessage__rosidl_typesupport_cpp.so" to ""
-- Installing: /home/niklas/Documents/Telerrobotics/Lab2/ros2_ws/install/houghmessage/share/houghmessage/environment/pythonpath.sh
-- Installing: /home/niklas/Documents/Telerrobotics/Lab2/ros2_ws/install/houghmessage/share/houghmessage/environment/pythonpath.dsv
-- Installing: /home/niklas/Documents/Telerrobotics/Lab2/ros2_ws/install/houghmessage/local/lib/python3.10/dist-packages/houghmessage-0.0.0-py3.10.egg-info
-- Installing: /home/niklas/Documents/Telerrobotics/Lab2/ros2_ws/install/houghmessage/local/lib/python3.10/dist-packages/houghmessage-0.0.0-py3.10.egg-info/dependency_links.txt
-- Installing: /home/niklas/Documents/Telerrobotics/Lab2/ros2_ws/install/houghmessage/local/lib/python3.10/dist-packages/houghmessage-0.0.0-py3.10.egg-info/PKG-INFO
-- Installing: /home/niklas/Documents/Telerrobotics/Lab2/ros2_ws/install/houghmessage/local/lib/python3.10/dist-packages/houghmessage-0.0.0-py3.10.egg-info/SOURCES.txt
-- Installing: /home/niklas/Documents/Telerrobotics/Lab2/ros2_ws/install/houghmessage/local/lib/python3.10/dist-packages/houghmessage-0.0.0-py3.10.egg-info/top_level.txt
-- Installing: /home/niklas/Documents/Telerrobotics/Lab2/ros2_ws/install/houghmessage/local/lib/python3.10/dist-packages/houghmessage
-- Installing: /home/niklas/Documents/Telerrobotics/Lab2/ros2_ws/install/houghmessage/local/lib/python3.10/dist-packages/houghmessage/_houghmessage_s.ep.rosidl_typesupport_fastrtps_c.c
-- Installing: /home/niklas/Documents/Telerrobotics/Lab2/ros2_ws/install/houghmessage/local/lib/python3.10/dist-packages/houghmessage/_houghmessage_s.ep.rosidl_typesupport_introspection_c.c
-- Installing: /home/niklas/Documents/Telerrobotics/Lab2/ros2_ws/install/houghmessage/local/lib/python3.10/dist-packages/houghmessage/houghmessage_s__rosidl_typesupport_introspection_c.cpython-310-x86_64-linux-gnu.so
-- Installing: /home/niklas/Documents/Telerrobotics/Lab2/ros2_ws/install/houghmessage/local/lib/python3.10/dist-packages/houghmessage/_houghmessage_s.ep.rosidl_typesupport_c.c
-- Installing: /home/niklas/Documents/Telerrobotics/Lab2/ros2_ws/install/houghmessage/local/lib/python3.10/dist-packages/houghmessage/__init__.py
-- Installing: /home/niklas/Documents/Telerrobotics/Lab2/ros2_ws/install/houghmessage/local/lib/python3.10/dist-packages/houghmessage/houghmessage_s__rosidl_typesupport_fastrtps_c.cpython-310-x86_64-linux-gnu.so
-- Installing: /home/niklas/Documents/Telerrobotics/Lab2/ros2_ws/install/houghmessage/local/lib/python3.10/dist-packages/houghmessage/msg
-- Installing: /home/niklas/Documents/Telerrobotics/Lab2/ros2_ws/install/houghmessage/local/lib/python3.10/dist-packages/houghmessage/msg/__init__.py
-- Installing: /home/niklas/Documents/Telerrobotics/Lab2/ros2_ws/install/houghmessage/local/lib/python3.10/dist-packages/houghmessage/msg/_r_whough_line.py
-- Installing: /home/niklas/Documents/Telerrobotics/Lab2/ros2_ws/install/houghmessage/local/lib/python3.10/dist-packages/houghmessage/msg/_r_whough_line_s.c
-- Installing: /home/niklas/Documents/Telerrobotics/Lab2/ros2_ws/install/houghmessage/local/lib/python3.10/dist-packages/houghmessage/libhoughmessage__rosidl_generator_py.so
-- Installing: /home/niklas/Documents/Telerrobotics/Lab2/ros2_ws/install/houghmessage/local/lib/python3.10/dist-packages/houghmessage/houghmessage_s__rosidl_typesupport_c.cpython-310-x86_64-linux-gnu.so
Listing '/home/niklas/Documents/Telerrobotics/Lab2/ros2_ws/install/houghmessage/local/lib/python3.10/dist-packages/houghmessage'...
Compiling '/home/niklas/Documents/Telerrobotics/Lab2/ros2_ws/install/houghmessage/local/lib/python3.10/dist-packages/houghmessage/__init__.py'...
Listing '/home/niklas/Documents/Telerrobotics/Lab2/ros2_ws/install/houghmessage/local/lib/python3.10/dist-packages/houghmessage/msg'...
Compiling '/home/niklas/Documents/Telerrobotics/Lab2/ros2_ws/install/houghmessage/local/lib/python3.10/dist-packages/houghmessage/msg/__init__.py'...
Compiling '/home/niklas/Documents/Telerrobotics/Lab2/ros2_ws/install/houghmessage/local/lib/python3.10/dist-packages/houghmessage/msg/_r_whough_line.py'...
-- Installing: /home/niklas/Documents/Telerrobotics/Lab2/ros2_ws/install/houghmessage/local/lib/python3.10/dist-packages/houghmessage/houghmessage_s__rosidl_typesupport_fastrtps_c.cpython-310-x86_64-linux-gnu.so
-- Set runtime path of "/home/niklas/Documents/Telerrobotics/Lab2/ros2_ws/install/houghmessage/local/lib/python3.10/dist-packages/houghmessage/houghmessage_s__rosidl_typesupport_fastrtps_c.cpython-310-x86_64-linux-gnu.so" to ""
-- Installing: /home/niklas/Documents/Telerrobotics/Lab2/ros2_ws/install/houghmessage/local/lib/python3.10/dist-packages/houghmessage/houghmessage_s__rosidl_typesupport_introspection_c.cpython-310-x86_64-linux-gnu.so
-- Set runtime path of "/home/niklas/Documents/Telerrobotics/Lab2/ros2_ws/install/houghmessage/local/lib/python3.10/dist-packages/houghmessage/houghmessage_s__rosidl_typesupport_introspection_c.cpython-310-x86_64-linux-gnu.so" to ""
-- Installing: /home/niklas/Documents/Telerrobotics/Lab2/ros2_ws/install/houghmessage/local/lib/python3.10/dist-packages/houghmessage/houghmessage_s__rosidl_typesupport_c.cpython-310-x86_64-linux-gnu.so
-- Set runtime path of "/home/niklas/Documents/Telerrobotics/Lab2/ros2_ws/install/houghmessage/local/lib/python3.10/dist-packages/houghmessage/houghmessage_s__rosidl_typesupport_c.cpython-310-x86_64-linux-gnu.so" to ""
-- Installing: /home/niklas/Documents/Telerrobotics/Lab2/ros2_ws/install/houghmessage/lib/libhoughmessage__rosidl_generator_py.so
-- Set runtime path of "/home/niklas/Documents/Telerrobotics/Lab2/ros2_ws/install/houghmessage/lib/libhoughmessage__rosidl_generator_py.so" to ""
-- Installing: /home/niklas/Documents/Telerrobotics/Lab2/ros2_ws/install/houghmessage/share/houghmessage/msg/RWhoughLine.idl
-- Installing: /home/niklas/Documents/Telerrobotics/Lab2/ros2_ws/install/houghmessage/share/houghmessage/msg/RWhoughLine.msg
-- Installing: /home/niklas/Documents/Telerrobotics/Lab2/ros2_ws/install/houghmessage/share/ament_index/resource_index/package_run_dependencies/houghmessage
-- Installing: /home/niklas/Documents/Telerrobotics/Lab2/ros2_ws/install/houghmessage/share/ament_index/resource_index/parent_prefix_path/houghmessage
-- Installing: /home/niklas/Documents/Telerrobotics/Lab2/ros2_ws/install/houghmessage/share/houghmessage/environment/ament_prefix_path.sh
-- Installing: /home/niklas/Documents/Telerrobotics/Lab2/ros2_ws/install/houghmessage/share/houghmessage/environment/ament_prefix_path.dsv
-- Installing: /home/niklas/Documents/Telerrobotics/Lab2/ros2_ws/install/houghmessage/share/houghmessage/environment/path.sh
-- Installing: /home/niklas/Documents/Telerrobotics/Lab2/ros2_ws/install/houghmessage/share/houghmessage/environment/path.dsv
-- Installing: /home/niklas/Documents/Telerrobotics/Lab2/ros2_ws/install/houghmessage/share/houghmessage/local_setup.bash
-- Installing: /home/niklas/Documents/Telerrobotics/Lab2/ros2_ws/install/houghmessage/share/houghmessage/local_setup.sh
-- Installing: /home/niklas/Documents/Telerrobotics/Lab2/ros2_ws/install/houghmessage/share/houghmessage/local_setup.zsh
-- Installing: /home/niklas/Documents/Telerrobotics/Lab2/ros2_ws/install/houghmessage/share/houghmessage/local_setup.dsv
-- Installing: /home/niklas/Documents/Telerrobotics/Lab2/ros2_ws/install/houghmessage/share/houghmessage/package.dsv
-- Installing: /home/niklas/Documents/Telerrobotics/Lab2/ros2_ws/install/houghmessage/share/ament_index/resource_index/packages/houghmessage
-- Installing: /home/niklas/Documents/Telerrobotics/Lab2/ros2_ws/install/houghmessage/share/houghmessage/cmake/export_houghmessage__rosidl_generator_cExport.cmake
-- Installing: /home/niklas/Documents/Telerrobotics/Lab2/ros2_ws/install/houghmessage/share/houghmessage/cmake/export_houghmessage__rosidl_generator_cExport-noconfig.cmake
-- Installing: /home/niklas/Documents/Telerrobotics/Lab2/ros2_ws/install/houghmessage/share/houghmessage/cmake/export_houghmessage__rosidl_typesupport_fastrtps_cExport.cmake
-- Installing: /home/niklas/Documents/Telerrobotics/Lab2/ros2_ws/install/houghmessage/share/houghmessage/cmake/export_houghmessage__rosidl_typesupport_fastrtps_cExport-noconfig.cmake
-- Installing: /home/niklas/Documents/Telerrobotics/Lab2/ros2_ws/install/houghmessage/share/houghmessage/cmake/export_houghmessage__rosidl_generator_cppExport.cmake
-- Installing: /home/niklas/Documents/Telerrobotics/Lab2/ros2_ws/install/houghmessage/share/houghmessage/cmake/export_houghmessage__rosidl_typesupport_fastrtps_cppExport.cmake
-- Installing: /home/niklas/Documents/Telerrobotics/Lab2/ros2_ws/install/houghmessage/share/houghmessage/cmake/export_houghmessage__rosidl_typesupport_fastrtps_cppExport-noconfig.cmake
-- Installing: /home/niklas/Documents/Telerrobotics/Lab2/ros2_ws/install/houghmessage/share/houghmessage/cmake/houghmessage__rosidl_typesupport_introspection_cExport.cmake
-- Installing: /home/niklas/Documents/Telerrobotics/Lab2/ros2_ws/install/houghmessage/share/houghmessage/cmake/houghmessage__rosidl_typesupport_introspection_cExport-noconfig.cmake
-- Installing: /home/niklas/Documents/Telerrobotics/Lab2/ros2_ws/install/houghmessage/share/houghmessage/cmake/houghmessage__rosidl_typesupport_cExport.cmake
-- Installing: /home/niklas/Documents/Telerrobotics/Lab2/ros2_ws/install/houghmessage/share/houghmessage/cmake/houghmessage__rosidl_typesupport_cExport-noconfig.cmake
-- Installing: /home/niklas/Documents/Telerrobotics/Lab2/ros2_ws/install/houghmessage/share/houghmessage/cmake/houghmessage__rosidl_typesupport_introspection_cppExport.cmake
-- Installing: /home/niklas/Documents/Telerrobotics/Lab2/ros2_ws/install/houghmessage/share/houghmessage/cmake/houghmessage__rosidl_typesupport_introspection_cppExport-noconfig.cmake
-- Installing: /home/niklas/Documents/Telerrobotics/Lab2/ros2_ws/install/houghmessage/share/houghmessage/cmake/houghmessage__rosidl_typesupport_cppExport.cmake
-- Installing: /home/niklas/Documents/Telerrobotics/Lab2/ros2_ws/install/houghmessage/share/houghmessage/cmake/houghmessage__rosidl_typesupport_cppExport-noconfig.cmake
-- Installing: /home/niklas/Documents/Telerrobotics/Lab2/ros2_ws/install/houghmessage/share/houghmessage/cmake/export_houghmessage__rosidl_generator_pyExport.cmake
-- Installing: /home/niklas/Documents/Telerrobotics/Lab2/ros2_ws/install/houghmessage/share/houghmessage/cmake/export_houghmessage__rosidl_generator_pyExport-noconfig.cmake
-- Installing: /home/niklas/Documents/Telerrobotics/Lab2/ros2_ws/install/houghmessage/share/houghmessage/cmake/rosidl_cmake-extras.cmake
-- Installing: /home/niklas/Documents/Telerrobotics/Lab2/ros2_ws/install/houghmessage/share/houghmessage/cmake/ament_cmake_export_dependencies-extras.cmake
-- Installing: /home/niklas/Documents/Telerrobotics/Lab2/ros2_ws/install/houghmessage/share/houghmessage/cmake/ament_cmake_export_include_directories-extras.cmake
-- Installing: /home/niklas/Documents/Telerrobotics/Lab2/ros2_ws/install/houghmessage/share/houghmessage/cmake/ament_cmake_export_libraries-extras.cmake
-- Installing: /home/niklas/Documents/Telerrobotics/Lab2/ros2_ws/install/houghmessage/share/houghmessage/cmake/ament_cmake_export_targets-extras.cmake
-- Installing: /home/niklas/Documents/Telerrobotics/Lab2/ros2_ws/install/houghmessage/share/houghmessage/cmake/rosidl_cmake_export_typesupport_targets-extras.cmake
-- Installing: /home/niklas/Documents/Telerrobotics/Lab2/ros2_ws/install/houghmessage/share/houghmessage/cmake/rosidl_cmake_export_typesupport_libraries-extras.cmake
-- Installing: /home/niklas/Documents/Telerrobotics/Lab2/ros2_ws/install/houghmessage/share/houghmessage/cmake/houghmessageConfig.cmake
-- Installing: /home/niklas/Documents/Telerrobotics/Lab2/ros2_ws/install/houghmessage/share/houghmessage/cmake/houghmessageConfig-version.cmake
-- Installing: /home/niklas/Documents/Telerrobotics/Lab2/ros2_ws/install/houghmessage/share/houghmessage/package.xml
