[0.485s] Invoking command in '/home/niklas/Documents/Telerrobotics/Lab2/ros2_ws/build/rwth': CMAKE_PREFIX_PATH=/opt/ros/humble /usr/bin/cmake /home/niklas/Documents/Telerrobotics/Lab2/ros2_ws/src/RWTH -DCMAKE_INSTALL_PREFIX=/home/niklas/Documents/Telerrobotics/Lab2/ros2_ws/install/rwth
[0.511s] -- Found ament_cmake: 1.3.5 (/opt/ros/humble/share/ament_cmake/cmake)
[0.890s] -- Found rclcpp: 16.0.6 (/opt/ros/humble/share/rclcpp/cmake)
[0.957s] -- Found rosidl_generator_c: 3.1.5 (/opt/ros/humble/share/rosidl_generator_c/cmake)
[0.958s] -- Found rosidl_adapter: 3.1.5 (/opt/ros/humble/share/rosidl_adapter/cmake)
[0.974s] -- Found rosidl_generator_cpp: 3.1.5 (/opt/ros/humble/share/rosidl_generator_cpp/cmake)
[0.999s] -- Using all available rosidl_typesupport_c: rosidl_typesupport_fastrtps_c;rosidl_typesupport_introspection_c
[1.033s] -- Using all available rosidl_typesupport_cpp: rosidl_typesupport_fastrtps_cpp;rosidl_typesupport_introspection_cpp
[1.191s] -- Found rmw_implementation_cmake: 6.1.1 (/opt/ros/humble/share/rmw_implementation_cmake/cmake)
[1.196s] -- Found rmw_fastrtps_cpp: 6.2.4 (/opt/ros/humble/share/rmw_fastrtps_cpp/cmake)
[1.426s] -- Using RMW implementation 'rmw_fastrtps_cpp' as default
[1.738s] -- Found sensor_msgs: 4.2.3 (/opt/ros/humble/share/sensor_msgs/cmake)
[2.198s] [31mCMake Error at CMakeLists.txt:17 (find_package):
[2.198s]   By not providing "Findhoughmessage.cmake" in CMAKE_MODULE_PATH this project
[2.198s]   has asked CMake to find a package configuration file provided by
[2.199s]   "houghmessage", but CMake did not find one.
[2.199s] 
[2.199s]   Could not find a package configuration file provided by "houghmessage" with
[2.199s]   any of the following names:
[2.199s] 
[2.199s]     houghmessageConfig.cmake
[2.199s]     houghmessage-config.cmake
[2.200s] 
[2.200s]   Add the installation prefix of "houghmessage" to CMAKE_PREFIX_PATH or set
[2.200s]   "houghmessage_DIR" to a directory containing one of the above files.  If
[2.200s]   "houghmessage" provides a separate development package or SDK, be sure it
[2.200s]   has been installed.
[2.202s] 
[2.202s] [0m
[2.202s] -- Configuring incomplete, errors occurred!
[2.202s] See also "/home/niklas/Documents/Telerrobotics/Lab2/ros2_ws/build/rwth/CMakeFiles/CMakeOutput.log".
[2.572s] Invoked command in '/home/niklas/Documents/Telerrobotics/Lab2/ros2_ws/build/rwth' returned '1': CMAKE_PREFIX_PATH=/opt/ros/humble /usr/bin/cmake /home/niklas/Documents/Telerrobotics/Lab2/ros2_ws/src/RWTH -DCMAKE_INSTALL_PREFIX=/home/niklas/Documents/Telerrobotics/Lab2/ros2_ws/install/rwth
