[0.541s] Invoking command in '/home/niklas/Documents/Telerrobotics/Lab2/ros2_ws/build/turtlebot3_msgs': CMAKE_PREFIX_PATH=/opt/ros/humble /usr/bin/cmake --build /home/niklas/Documents/Telerrobotics/Lab2/ros2_ws/build/turtlebot3_msgs -- -j8 -l8
[0.683s] [  1%] Built target turtlebot3_msgs__cpp
[0.730s] [ 12%] Built target turtlebot3_msgs__rosidl_generator_c
[0.764s] [ 23%] Built target turtlebot3_msgs__rosidl_typesupport_cpp
[0.778s] [ 23%] Built target ament_cmake_python_copy_turtlebot3_msgs
[0.820s] [ 35%] Built target turtlebot3_msgs__rosidl_typesupport_fastrtps_cpp
[0.845s] [ 46%] Built target turtlebot3_msgs__rosidl_typesupport_fastrtps_c
[0.854s] [ 57%] Built target turtlebot3_msgs__rosidl_typesupport_introspection_cpp
[0.858s] [ 69%] Built target turtlebot3_msgs__rosidl_typesupport_introspection_c
[0.888s] [ 80%] Built target turtlebot3_msgs__rosidl_typesupport_c
[0.945s] [ 80%] Built target turtlebot3_msgs
[0.993s] [ 81%] Built target turtlebot3_msgs__py
[1.048s] [ 91%] Built target turtlebot3_msgs__rosidl_generator_py
[1.100s] [ 94%] Built target turtlebot3_msgs__rosidl_typesupport_fastrtps_c__pyext
[1.116s] [ 97%] Built target turtlebot3_msgs__rosidl_typesupport_c__pyext
[1.118s] [100%] Built target turtlebot3_msgs__rosidl_typesupport_introspection_c__pyext
[1.405s] running egg_info
[1.408s] writing turtlebot3_msgs.egg-info/PKG-INFO
[1.409s] writing dependency_links to turtlebot3_msgs.egg-info/dependency_links.txt
[1.411s] writing top-level names to turtlebot3_msgs.egg-info/top_level.txt
[1.435s] reading manifest file 'turtlebot3_msgs.egg-info/SOURCES.txt'
[1.435s] writing manifest file 'turtlebot3_msgs.egg-info/SOURCES.txt'
[1.519s] [100%] Built target ament_cmake_python_build_turtlebot3_msgs_egg
[1.814s] Invoked command in '/home/niklas/Documents/Telerrobotics/Lab2/ros2_ws/build/turtlebot3_msgs' returned '0': CMAKE_PREFIX_PATH=/opt/ros/humble /usr/bin/cmake --build /home/niklas/Documents/Telerrobotics/Lab2/ros2_ws/build/turtlebot3_msgs -- -j8 -l8
[2.508s] Invoking command in '/home/niklas/Documents/Telerrobotics/Lab2/ros2_ws/build/turtlebot3_msgs': CMAKE_PREFIX_PATH=/opt/ros/humble /usr/bin/cmake --install /home/niklas/Documents/Telerrobotics/Lab2/ros2_ws/build/turtlebot3_msgs
[2.522s] -- Install configuration: ""
[2.523s] -- Up-to-date: /home/niklas/Documents/Telerrobotics/Lab2/ros2_ws/install/turtlebot3_msgs/share/ament_index/resource_index/rosidl_interfaces/turtlebot3_msgs
[2.523s] -- Up-to-date: /home/niklas/Documents/Telerrobotics/Lab2/ros2_ws/install/turtlebot3_msgs/include/turtlebot3_msgs/turtlebot3_msgs
[2.523s] -- Up-to-date: /home/niklas/Documents/Telerrobotics/Lab2/ros2_ws/install/turtlebot3_msgs/include/turtlebot3_msgs/turtlebot3_msgs/srv
[2.523s] -- Up-to-date: /home/niklas/Documents/Telerrobotics/Lab2/ros2_ws/install/turtlebot3_msgs/include/turtlebot3_msgs/turtlebot3_msgs/srv/dqn.h
[2.523s] -- Up-to-date: /home/niklas/Documents/Telerrobotics/Lab2/ros2_ws/install/turtlebot3_msgs/include/turtlebot3_msgs/turtlebot3_msgs/srv/detail
[2.524s] -- Up-to-date: /home/niklas/Documents/Telerrobotics/Lab2/ros2_ws/install/turtlebot3_msgs/include/turtlebot3_msgs/turtlebot3_msgs/srv/detail/dqn__functions.c
[2.524s] -- Up-to-date: /home/niklas/Documents/Telerrobotics/Lab2/ros2_ws/install/turtlebot3_msgs/include/turtlebot3_msgs/turtlebot3_msgs/srv/detail/dqn__type_support.h
[2.524s] -- Up-to-date: /home/niklas/Documents/Telerrobotics/Lab2/ros2_ws/install/turtlebot3_msgs/include/turtlebot3_msgs/turtlebot3_msgs/srv/detail/sound__struct.h
[2.524s] -- Up-to-date: /home/niklas/Documents/Telerrobotics/Lab2/ros2_ws/install/turtlebot3_msgs/include/turtlebot3_msgs/turtlebot3_msgs/srv/detail/sound__type_support.h
[2.524s] -- Up-to-date: /home/niklas/Documents/Telerrobotics/Lab2/ros2_ws/install/turtlebot3_msgs/include/turtlebot3_msgs/turtlebot3_msgs/srv/detail/dqn__struct.h
[2.524s] -- Up-to-date: /home/niklas/Documents/Telerrobotics/Lab2/ros2_ws/install/turtlebot3_msgs/include/turtlebot3_msgs/turtlebot3_msgs/srv/detail/dqn__functions.h
[2.524s] -- Up-to-date: /home/niklas/Documents/Telerrobotics/Lab2/ros2_ws/install/turtlebot3_msgs/include/turtlebot3_msgs/turtlebot3_msgs/srv/detail/sound__functions.c
[2.525s] -- Up-to-date: /home/niklas/Documents/Telerrobotics/Lab2/ros2_ws/install/turtlebot3_msgs/include/turtlebot3_msgs/turtlebot3_msgs/srv/detail/sound__functions.h
[2.525s] -- Up-to-date: /home/niklas/Documents/Telerrobotics/Lab2/ros2_ws/install/turtlebot3_msgs/include/turtlebot3_msgs/turtlebot3_msgs/srv/sound.h
[2.525s] -- Up-to-date: /home/niklas/Documents/Telerrobotics/Lab2/ros2_ws/install/turtlebot3_msgs/include/turtlebot3_msgs/turtlebot3_msgs/msg
[2.525s] -- Up-to-date: /home/niklas/Documents/Telerrobotics/Lab2/ros2_ws/install/turtlebot3_msgs/include/turtlebot3_msgs/turtlebot3_msgs/msg/rosidl_generator_c__visibility_control.h
[2.525s] -- Up-to-date: /home/niklas/Documents/Telerrobotics/Lab2/ros2_ws/install/turtlebot3_msgs/include/turtlebot3_msgs/turtlebot3_msgs/msg/version_info.h
[2.525s] -- Up-to-date: /home/niklas/Documents/Telerrobotics/Lab2/ros2_ws/install/turtlebot3_msgs/include/turtlebot3_msgs/turtlebot3_msgs/msg/sensor_state.h
[2.526s] -- Up-to-date: /home/niklas/Documents/Telerrobotics/Lab2/ros2_ws/install/turtlebot3_msgs/include/turtlebot3_msgs/turtlebot3_msgs/msg/detail
[2.526s] -- Up-to-date: /home/niklas/Documents/Telerrobotics/Lab2/ros2_ws/install/turtlebot3_msgs/include/turtlebot3_msgs/turtlebot3_msgs/msg/detail/version_info__functions.h
[2.526s] -- Up-to-date: /home/niklas/Documents/Telerrobotics/Lab2/ros2_ws/install/turtlebot3_msgs/include/turtlebot3_msgs/turtlebot3_msgs/msg/detail/sound__struct.h
[2.528s] -- Up-to-date: /home/niklas/Documents/Telerrobotics/Lab2/ros2_ws/install/turtlebot3_msgs/include/turtlebot3_msgs/turtlebot3_msgs/msg/detail/sound__type_support.h
[2.529s] -- Up-to-date: /home/niklas/Documents/Telerrobotics/Lab2/ros2_ws/install/turtlebot3_msgs/include/turtlebot3_msgs/turtlebot3_msgs/msg/detail/sensor_state__struct.h
[2.531s] -- Up-to-date: /home/niklas/Documents/Telerrobotics/Lab2/ros2_ws/install/turtlebot3_msgs/include/turtlebot3_msgs/turtlebot3_msgs/msg/detail/version_info__struct.h
[2.532s] -- Up-to-date: /home/niklas/Documents/Telerrobotics/Lab2/ros2_ws/install/turtlebot3_msgs/include/turtlebot3_msgs/turtlebot3_msgs/msg/detail/version_info__type_support.h
[2.536s] -- Up-to-date: /home/niklas/Documents/Telerrobotics/Lab2/ros2_ws/install/turtlebot3_msgs/include/turtlebot3_msgs/turtlebot3_msgs/msg/detail/sensor_state__type_support.h
[2.537s] -- Up-to-date: /home/niklas/Documents/Telerrobotics/Lab2/ros2_ws/install/turtlebot3_msgs/include/turtlebot3_msgs/turtlebot3_msgs/msg/detail/version_info__functions.c
[2.538s] -- Up-to-date: /home/niklas/Documents/Telerrobotics/Lab2/ros2_ws/install/turtlebot3_msgs/include/turtlebot3_msgs/turtlebot3_msgs/msg/detail/sensor_state__functions.c
[2.539s] -- Up-to-date: /home/niklas/Documents/Telerrobotics/Lab2/ros2_ws/install/turtlebot3_msgs/include/turtlebot3_msgs/turtlebot3_msgs/msg/detail/sound__functions.c
[2.539s] -- Up-to-date: /home/niklas/Documents/Telerrobotics/Lab2/ros2_ws/install/turtlebot3_msgs/include/turtlebot3_msgs/turtlebot3_msgs/msg/detail/sensor_state__functions.h
[2.539s] -- Up-to-date: /home/niklas/Documents/Telerrobotics/Lab2/ros2_ws/install/turtlebot3_msgs/include/turtlebot3_msgs/turtlebot3_msgs/msg/detail/sound__functions.h
[2.540s] -- Up-to-date: /home/niklas/Documents/Telerrobotics/Lab2/ros2_ws/install/turtlebot3_msgs/include/turtlebot3_msgs/turtlebot3_msgs/msg/sound.h
[2.549s] -- Up-to-date: /home/niklas/Documents/Telerrobotics/Lab2/ros2_ws/install/turtlebot3_msgs/include/turtlebot3_msgs/turtlebot3_msgs/action
[2.550s] -- Up-to-date: /home/niklas/Documents/Telerrobotics/Lab2/ros2_ws/install/turtlebot3_msgs/include/turtlebot3_msgs/turtlebot3_msgs/action/patrol.h
[2.550s] -- Up-to-date: /home/niklas/Documents/Telerrobotics/Lab2/ros2_ws/install/turtlebot3_msgs/include/turtlebot3_msgs/turtlebot3_msgs/action/detail
[2.550s] -- Up-to-date: /home/niklas/Documents/Telerrobotics/Lab2/ros2_ws/install/turtlebot3_msgs/include/turtlebot3_msgs/turtlebot3_msgs/action/detail/patrol__struct.h
[2.551s] -- Up-to-date: /home/niklas/Documents/Telerrobotics/Lab2/ros2_ws/install/turtlebot3_msgs/include/turtlebot3_msgs/turtlebot3_msgs/action/detail/patrol__functions.c
[2.552s] -- Up-to-date: /home/niklas/Documents/Telerrobotics/Lab2/ros2_ws/install/turtlebot3_msgs/include/turtlebot3_msgs/turtlebot3_msgs/action/detail/patrol__type_support.h
[2.552s] -- Up-to-date: /home/niklas/Documents/Telerrobotics/Lab2/ros2_ws/install/turtlebot3_msgs/include/turtlebot3_msgs/turtlebot3_msgs/action/detail/patrol__functions.h
[2.553s] -- Up-to-date: /home/niklas/Documents/Telerrobotics/Lab2/ros2_ws/install/turtlebot3_msgs/share/turtlebot3_msgs/environment/library_path.sh
[2.553s] -- Up-to-date: /home/niklas/Documents/Telerrobotics/Lab2/ros2_ws/install/turtlebot3_msgs/share/turtlebot3_msgs/environment/library_path.dsv
[2.554s] -- Up-to-date: /home/niklas/Documents/Telerrobotics/Lab2/ros2_ws/install/turtlebot3_msgs/lib/libturtlebot3_msgs__rosidl_generator_c.so
[2.554s] -- Up-to-date: /home/niklas/Documents/Telerrobotics/Lab2/ros2_ws/install/turtlebot3_msgs/include/turtlebot3_msgs/turtlebot3_msgs
[2.554s] -- Up-to-date: /home/niklas/Documents/Telerrobotics/Lab2/ros2_ws/install/turtlebot3_msgs/include/turtlebot3_msgs/turtlebot3_msgs/srv
[2.554s] -- Up-to-date: /home/niklas/Documents/Telerrobotics/Lab2/ros2_ws/install/turtlebot3_msgs/include/turtlebot3_msgs/turtlebot3_msgs/srv/detail
[2.557s] -- Up-to-date: /home/niklas/Documents/Telerrobotics/Lab2/ros2_ws/install/turtlebot3_msgs/include/turtlebot3_msgs/turtlebot3_msgs/srv/detail/dqn__rosidl_typesupport_fastrtps_c.h
[2.558s] -- Up-to-date: /home/niklas/Documents/Telerrobotics/Lab2/ros2_ws/install/turtlebot3_msgs/include/turtlebot3_msgs/turtlebot3_msgs/srv/detail/sound__rosidl_typesupport_fastrtps_c.h
[2.560s] -- Up-to-date: /home/niklas/Documents/Telerrobotics/Lab2/ros2_ws/install/turtlebot3_msgs/include/turtlebot3_msgs/turtlebot3_msgs/msg
[2.563s] -- Up-to-date: /home/niklas/Documents/Telerrobotics/Lab2/ros2_ws/install/turtlebot3_msgs/include/turtlebot3_msgs/turtlebot3_msgs/msg/rosidl_typesupport_fastrtps_c__visibility_control.h
[2.563s] -- Up-to-date: /home/niklas/Documents/Telerrobotics/Lab2/ros2_ws/install/turtlebot3_msgs/include/turtlebot3_msgs/turtlebot3_msgs/msg/detail
[2.564s] -- Up-to-date: /home/niklas/Documents/Telerrobotics/Lab2/ros2_ws/install/turtlebot3_msgs/include/turtlebot3_msgs/turtlebot3_msgs/msg/detail/version_info__rosidl_typesupport_fastrtps_c.h
[2.564s] -- Up-to-date: /home/niklas/Documents/Telerrobotics/Lab2/ros2_ws/install/turtlebot3_msgs/include/turtlebot3_msgs/turtlebot3_msgs/msg/detail/sound__rosidl_typesupport_fastrtps_c.h
[2.564s] -- Up-to-date: /home/niklas/Documents/Telerrobotics/Lab2/ros2_ws/install/turtlebot3_msgs/include/turtlebot3_msgs/turtlebot3_msgs/msg/detail/sensor_state__rosidl_typesupport_fastrtps_c.h
[2.564s] -- Up-to-date: /home/niklas/Documents/Telerrobotics/Lab2/ros2_ws/install/turtlebot3_msgs/include/turtlebot3_msgs/turtlebot3_msgs/action
[2.564s] -- Up-to-date: /home/niklas/Documents/Telerrobotics/Lab2/ros2_ws/install/turtlebot3_msgs/include/turtlebot3_msgs/turtlebot3_msgs/action/detail
[2.564s] -- Up-to-date: /home/niklas/Documents/Telerrobotics/Lab2/ros2_ws/install/turtlebot3_msgs/include/turtlebot3_msgs/turtlebot3_msgs/action/detail/patrol__rosidl_typesupport_fastrtps_c.h
[2.565s] -- Up-to-date: /home/niklas/Documents/Telerrobotics/Lab2/ros2_ws/install/turtlebot3_msgs/lib/libturtlebot3_msgs__rosidl_typesupport_fastrtps_c.so
[2.565s] -- Up-to-date: /home/niklas/Documents/Telerrobotics/Lab2/ros2_ws/install/turtlebot3_msgs/include/turtlebot3_msgs/turtlebot3_msgs
[2.566s] -- Up-to-date: /home/niklas/Documents/Telerrobotics/Lab2/ros2_ws/install/turtlebot3_msgs/include/turtlebot3_msgs/turtlebot3_msgs/srv
[2.566s] -- Up-to-date: /home/niklas/Documents/Telerrobotics/Lab2/ros2_ws/install/turtlebot3_msgs/include/turtlebot3_msgs/turtlebot3_msgs/srv/sound.hpp
[2.566s] -- Up-to-date: /home/niklas/Documents/Telerrobotics/Lab2/ros2_ws/install/turtlebot3_msgs/include/turtlebot3_msgs/turtlebot3_msgs/srv/dqn.hpp
[2.567s] -- Up-to-date: /home/niklas/Documents/Telerrobotics/Lab2/ros2_ws/install/turtlebot3_msgs/include/turtlebot3_msgs/turtlebot3_msgs/srv/detail
[2.567s] -- Up-to-date: /home/niklas/Documents/Telerrobotics/Lab2/ros2_ws/install/turtlebot3_msgs/include/turtlebot3_msgs/turtlebot3_msgs/srv/detail/sound__struct.hpp
[2.567s] -- Up-to-date: /home/niklas/Documents/Telerrobotics/Lab2/ros2_ws/install/turtlebot3_msgs/include/turtlebot3_msgs/turtlebot3_msgs/srv/detail/dqn__traits.hpp
[2.567s] -- Up-to-date: /home/niklas/Documents/Telerrobotics/Lab2/ros2_ws/install/turtlebot3_msgs/include/turtlebot3_msgs/turtlebot3_msgs/srv/detail/sound__builder.hpp
[2.567s] -- Up-to-date: /home/niklas/Documents/Telerrobotics/Lab2/ros2_ws/install/turtlebot3_msgs/include/turtlebot3_msgs/turtlebot3_msgs/srv/detail/sound__traits.hpp
[2.568s] -- Up-to-date: /home/niklas/Documents/Telerrobotics/Lab2/ros2_ws/install/turtlebot3_msgs/include/turtlebot3_msgs/turtlebot3_msgs/srv/detail/dqn__struct.hpp
[2.568s] -- Up-to-date: /home/niklas/Documents/Telerrobotics/Lab2/ros2_ws/install/turtlebot3_msgs/include/turtlebot3_msgs/turtlebot3_msgs/srv/detail/dqn__builder.hpp
[2.568s] -- Up-to-date: /home/niklas/Documents/Telerrobotics/Lab2/ros2_ws/install/turtlebot3_msgs/include/turtlebot3_msgs/turtlebot3_msgs/msg
[2.568s] -- Up-to-date: /home/niklas/Documents/Telerrobotics/Lab2/ros2_ws/install/turtlebot3_msgs/include/turtlebot3_msgs/turtlebot3_msgs/msg/sound.hpp
[2.568s] -- Up-to-date: /home/niklas/Documents/Telerrobotics/Lab2/ros2_ws/install/turtlebot3_msgs/include/turtlebot3_msgs/turtlebot3_msgs/msg/sensor_state.hpp
[2.569s] -- Up-to-date: /home/niklas/Documents/Telerrobotics/Lab2/ros2_ws/install/turtlebot3_msgs/include/turtlebot3_msgs/turtlebot3_msgs/msg/version_info.hpp
[2.569s] -- Up-to-date: /home/niklas/Documents/Telerrobotics/Lab2/ros2_ws/install/turtlebot3_msgs/include/turtlebot3_msgs/turtlebot3_msgs/msg/detail
[2.569s] -- Up-to-date: /home/niklas/Documents/Telerrobotics/Lab2/ros2_ws/install/turtlebot3_msgs/include/turtlebot3_msgs/turtlebot3_msgs/msg/detail/sound__struct.hpp
[2.569s] -- Up-to-date: /home/niklas/Documents/Telerrobotics/Lab2/ros2_ws/install/turtlebot3_msgs/include/turtlebot3_msgs/turtlebot3_msgs/msg/detail/sound__builder.hpp
[2.569s] -- Up-to-date: /home/niklas/Documents/Telerrobotics/Lab2/ros2_ws/install/turtlebot3_msgs/include/turtlebot3_msgs/turtlebot3_msgs/msg/detail/sound__traits.hpp
[2.569s] -- Up-to-date: /home/niklas/Documents/Telerrobotics/Lab2/ros2_ws/install/turtlebot3_msgs/include/turtlebot3_msgs/turtlebot3_msgs/msg/detail/version_info__traits.hpp
[2.570s] -- Up-to-date: /home/niklas/Documents/Telerrobotics/Lab2/ros2_ws/install/turtlebot3_msgs/include/turtlebot3_msgs/turtlebot3_msgs/msg/detail/sensor_state__traits.hpp
[2.570s] -- Up-to-date: /home/niklas/Documents/Telerrobotics/Lab2/ros2_ws/install/turtlebot3_msgs/include/turtlebot3_msgs/turtlebot3_msgs/msg/detail/version_info__builder.hpp
[2.570s] -- Up-to-date: /home/niklas/Documents/Telerrobotics/Lab2/ros2_ws/install/turtlebot3_msgs/include/turtlebot3_msgs/turtlebot3_msgs/msg/detail/sensor_state__builder.hpp
[2.570s] -- Up-to-date: /home/niklas/Documents/Telerrobotics/Lab2/ros2_ws/install/turtlebot3_msgs/include/turtlebot3_msgs/turtlebot3_msgs/msg/detail/version_info__struct.hpp
[2.570s] -- Up-to-date: /home/niklas/Documents/Telerrobotics/Lab2/ros2_ws/install/turtlebot3_msgs/include/turtlebot3_msgs/turtlebot3_msgs/msg/detail/sensor_state__struct.hpp
[2.571s] -- Up-to-date: /home/niklas/Documents/Telerrobotics/Lab2/ros2_ws/install/turtlebot3_msgs/include/turtlebot3_msgs/turtlebot3_msgs/action
[2.571s] -- Up-to-date: /home/niklas/Documents/Telerrobotics/Lab2/ros2_ws/install/turtlebot3_msgs/include/turtlebot3_msgs/turtlebot3_msgs/action/detail
[2.571s] -- Up-to-date: /home/niklas/Documents/Telerrobotics/Lab2/ros2_ws/install/turtlebot3_msgs/include/turtlebot3_msgs/turtlebot3_msgs/action/detail/patrol__builder.hpp
[2.571s] -- Up-to-date: /home/niklas/Documents/Telerrobotics/Lab2/ros2_ws/install/turtlebot3_msgs/include/turtlebot3_msgs/turtlebot3_msgs/action/detail/patrol__struct.hpp
[2.571s] -- Up-to-date: /home/niklas/Documents/Telerrobotics/Lab2/ros2_ws/install/turtlebot3_msgs/include/turtlebot3_msgs/turtlebot3_msgs/action/detail/patrol__traits.hpp
[2.571s] -- Up-to-date: /home/niklas/Documents/Telerrobotics/Lab2/ros2_ws/install/turtlebot3_msgs/include/turtlebot3_msgs/turtlebot3_msgs/action/patrol.hpp
[2.572s] -- Up-to-date: /home/niklas/Documents/Telerrobotics/Lab2/ros2_ws/install/turtlebot3_msgs/include/turtlebot3_msgs/turtlebot3_msgs
[2.572s] -- Up-to-date: /home/niklas/Documents/Telerrobotics/Lab2/ros2_ws/install/turtlebot3_msgs/include/turtlebot3_msgs/turtlebot3_msgs/srv
[2.572s] -- Up-to-date: /home/niklas/Documents/Telerrobotics/Lab2/ros2_ws/install/turtlebot3_msgs/include/turtlebot3_msgs/turtlebot3_msgs/srv/detail
[2.572s] -- Up-to-date: /home/niklas/Documents/Telerrobotics/Lab2/ros2_ws/install/turtlebot3_msgs/include/turtlebot3_msgs/turtlebot3_msgs/srv/detail/dds_fastrtps
[2.572s] -- Up-to-date: /home/niklas/Documents/Telerrobotics/Lab2/ros2_ws/install/turtlebot3_msgs/include/turtlebot3_msgs/turtlebot3_msgs/srv/detail/sound__rosidl_typesupport_fastrtps_cpp.hpp
[2.572s] -- Up-to-date: /home/niklas/Documents/Telerrobotics/Lab2/ros2_ws/install/turtlebot3_msgs/include/turtlebot3_msgs/turtlebot3_msgs/srv/detail/dqn__rosidl_typesupport_fastrtps_cpp.hpp
[2.572s] -- Up-to-date: /home/niklas/Documents/Telerrobotics/Lab2/ros2_ws/install/turtlebot3_msgs/include/turtlebot3_msgs/turtlebot3_msgs/msg
[2.573s] -- Up-to-date: /home/niklas/Documents/Telerrobotics/Lab2/ros2_ws/install/turtlebot3_msgs/include/turtlebot3_msgs/turtlebot3_msgs/msg/rosidl_typesupport_fastrtps_cpp__visibility_control.h
[2.573s] -- Up-to-date: /home/niklas/Documents/Telerrobotics/Lab2/ros2_ws/install/turtlebot3_msgs/include/turtlebot3_msgs/turtlebot3_msgs/msg/detail
[2.573s] -- Up-to-date: /home/niklas/Documents/Telerrobotics/Lab2/ros2_ws/install/turtlebot3_msgs/include/turtlebot3_msgs/turtlebot3_msgs/msg/detail/dds_fastrtps
[2.573s] -- Up-to-date: /home/niklas/Documents/Telerrobotics/Lab2/ros2_ws/install/turtlebot3_msgs/include/turtlebot3_msgs/turtlebot3_msgs/msg/detail/sound__rosidl_typesupport_fastrtps_cpp.hpp
[2.573s] -- Up-to-date: /home/niklas/Documents/Telerrobotics/Lab2/ros2_ws/install/turtlebot3_msgs/include/turtlebot3_msgs/turtlebot3_msgs/msg/detail/sensor_state__rosidl_typesupport_fastrtps_cpp.hpp
[2.574s] -- Up-to-date: /home/niklas/Documents/Telerrobotics/Lab2/ros2_ws/install/turtlebot3_msgs/include/turtlebot3_msgs/turtlebot3_msgs/msg/detail/version_info__rosidl_typesupport_fastrtps_cpp.hpp
[2.574s] -- Up-to-date: /home/niklas/Documents/Telerrobotics/Lab2/ros2_ws/install/turtlebot3_msgs/include/turtlebot3_msgs/turtlebot3_msgs/action
[2.574s] -- Up-to-date: /home/niklas/Documents/Telerrobotics/Lab2/ros2_ws/install/turtlebot3_msgs/include/turtlebot3_msgs/turtlebot3_msgs/action/detail
[2.574s] -- Up-to-date: /home/niklas/Documents/Telerrobotics/Lab2/ros2_ws/install/turtlebot3_msgs/include/turtlebot3_msgs/turtlebot3_msgs/action/detail/dds_fastrtps
[2.574s] -- Up-to-date: /home/niklas/Documents/Telerrobotics/Lab2/ros2_ws/install/turtlebot3_msgs/include/turtlebot3_msgs/turtlebot3_msgs/action/detail/patrol__rosidl_typesupport_fastrtps_cpp.hpp
[2.574s] -- Up-to-date: /home/niklas/Documents/Telerrobotics/Lab2/ros2_ws/install/turtlebot3_msgs/lib/libturtlebot3_msgs__rosidl_typesupport_fastrtps_cpp.so
[2.575s] -- Up-to-date: /home/niklas/Documents/Telerrobotics/Lab2/ros2_ws/install/turtlebot3_msgs/include/turtlebot3_msgs/turtlebot3_msgs
[2.575s] -- Up-to-date: /home/niklas/Documents/Telerrobotics/Lab2/ros2_ws/install/turtlebot3_msgs/include/turtlebot3_msgs/turtlebot3_msgs/srv
[2.575s] -- Up-to-date: /home/niklas/Documents/Telerrobotics/Lab2/ros2_ws/install/turtlebot3_msgs/include/turtlebot3_msgs/turtlebot3_msgs/srv/detail
[2.575s] -- Up-to-date: /home/niklas/Documents/Telerrobotics/Lab2/ros2_ws/install/turtlebot3_msgs/include/turtlebot3_msgs/turtlebot3_msgs/srv/detail/sound__rosidl_typesupport_introspection_c.h
[2.575s] -- Up-to-date: /home/niklas/Documents/Telerrobotics/Lab2/ros2_ws/install/turtlebot3_msgs/include/turtlebot3_msgs/turtlebot3_msgs/srv/detail/dqn__rosidl_typesupport_introspection_c.h
[2.575s] -- Up-to-date: /home/niklas/Documents/Telerrobotics/Lab2/ros2_ws/install/turtlebot3_msgs/include/turtlebot3_msgs/turtlebot3_msgs/srv/detail/sound__type_support.c
[2.576s] -- Up-to-date: /home/niklas/Documents/Telerrobotics/Lab2/ros2_ws/install/turtlebot3_msgs/include/turtlebot3_msgs/turtlebot3_msgs/srv/detail/dqn__type_support.c
[2.576s] -- Up-to-date: /home/niklas/Documents/Telerrobotics/Lab2/ros2_ws/install/turtlebot3_msgs/include/turtlebot3_msgs/turtlebot3_msgs/msg
[2.576s] -- Up-to-date: /home/niklas/Documents/Telerrobotics/Lab2/ros2_ws/install/turtlebot3_msgs/include/turtlebot3_msgs/turtlebot3_msgs/msg/rosidl_typesupport_introspection_c__visibility_control.h
[2.576s] -- Up-to-date: /home/niklas/Documents/Telerrobotics/Lab2/ros2_ws/install/turtlebot3_msgs/include/turtlebot3_msgs/turtlebot3_msgs/msg/detail
[2.576s] -- Up-to-date: /home/niklas/Documents/Telerrobotics/Lab2/ros2_ws/install/turtlebot3_msgs/include/turtlebot3_msgs/turtlebot3_msgs/msg/detail/sound__rosidl_typesupport_introspection_c.h
[2.576s] -- Up-to-date: /home/niklas/Documents/Telerrobotics/Lab2/ros2_ws/install/turtlebot3_msgs/include/turtlebot3_msgs/turtlebot3_msgs/msg/detail/sound__type_support.c
[2.576s] -- Up-to-date: /home/niklas/Documents/Telerrobotics/Lab2/ros2_ws/install/turtlebot3_msgs/include/turtlebot3_msgs/turtlebot3_msgs/msg/detail/sensor_state__rosidl_typesupport_introspection_c.h
[2.580s] -- Up-to-date: /home/niklas/Documents/Telerrobotics/Lab2/ros2_ws/install/turtlebot3_msgs/include/turtlebot3_msgs/turtlebot3_msgs/msg/detail/version_info__type_support.c
[2.582s] -- Up-to-date: /home/niklas/Documents/Telerrobotics/Lab2/ros2_ws/install/turtlebot3_msgs/include/turtlebot3_msgs/turtlebot3_msgs/msg/detail/sensor_state__type_support.c
[2.583s] -- Up-to-date: /home/niklas/Documents/Telerrobotics/Lab2/ros2_ws/install/turtlebot3_msgs/include/turtlebot3_msgs/turtlebot3_msgs/msg/detail/version_info__rosidl_typesupport_introspection_c.h
[2.584s] -- Up-to-date: /home/niklas/Documents/Telerrobotics/Lab2/ros2_ws/install/turtlebot3_msgs/include/turtlebot3_msgs/turtlebot3_msgs/action
[2.585s] -- Up-to-date: /home/niklas/Documents/Telerrobotics/Lab2/ros2_ws/install/turtlebot3_msgs/include/turtlebot3_msgs/turtlebot3_msgs/action/detail
[2.586s] -- Up-to-date: /home/niklas/Documents/Telerrobotics/Lab2/ros2_ws/install/turtlebot3_msgs/include/turtlebot3_msgs/turtlebot3_msgs/action/detail/patrol__rosidl_typesupport_introspection_c.h
[2.586s] -- Up-to-date: /home/niklas/Documents/Telerrobotics/Lab2/ros2_ws/install/turtlebot3_msgs/include/turtlebot3_msgs/turtlebot3_msgs/action/detail/patrol__type_support.c
[2.587s] -- Up-to-date: /home/niklas/Documents/Telerrobotics/Lab2/ros2_ws/install/turtlebot3_msgs/lib/libturtlebot3_msgs__rosidl_typesupport_introspection_c.so
[2.613s] -- Up-to-date: /home/niklas/Documents/Telerrobotics/Lab2/ros2_ws/install/turtlebot3_msgs/lib/libturtlebot3_msgs__rosidl_typesupport_c.so
[2.613s] -- Up-to-date: /home/niklas/Documents/Telerrobotics/Lab2/ros2_ws/install/turtlebot3_msgs/include/turtlebot3_msgs/turtlebot3_msgs
[2.613s] -- Up-to-date: /home/niklas/Documents/Telerrobotics/Lab2/ros2_ws/install/turtlebot3_msgs/include/turtlebot3_msgs/turtlebot3_msgs/srv
[2.613s] -- Up-to-date: /home/niklas/Documents/Telerrobotics/Lab2/ros2_ws/install/turtlebot3_msgs/include/turtlebot3_msgs/turtlebot3_msgs/srv/detail
[2.613s] -- Up-to-date: /home/niklas/Documents/Telerrobotics/Lab2/ros2_ws/install/turtlebot3_msgs/include/turtlebot3_msgs/turtlebot3_msgs/srv/detail/dqn__rosidl_typesupport_introspection_cpp.hpp
[2.614s] -- Up-to-date: /home/niklas/Documents/Telerrobotics/Lab2/ros2_ws/install/turtlebot3_msgs/include/turtlebot3_msgs/turtlebot3_msgs/srv/detail/dqn__type_support.cpp
[2.614s] -- Up-to-date: /home/niklas/Documents/Telerrobotics/Lab2/ros2_ws/install/turtlebot3_msgs/include/turtlebot3_msgs/turtlebot3_msgs/srv/detail/sound__rosidl_typesupport_introspection_cpp.hpp
[2.614s] -- Up-to-date: /home/niklas/Documents/Telerrobotics/Lab2/ros2_ws/install/turtlebot3_msgs/include/turtlebot3_msgs/turtlebot3_msgs/srv/detail/sound__type_support.cpp
[2.615s] -- Up-to-date: /home/niklas/Documents/Telerrobotics/Lab2/ros2_ws/install/turtlebot3_msgs/include/turtlebot3_msgs/turtlebot3_msgs/msg
[2.615s] -- Up-to-date: /home/niklas/Documents/Telerrobotics/Lab2/ros2_ws/install/turtlebot3_msgs/include/turtlebot3_msgs/turtlebot3_msgs/msg/detail
[2.615s] -- Up-to-date: /home/niklas/Documents/Telerrobotics/Lab2/ros2_ws/install/turtlebot3_msgs/include/turtlebot3_msgs/turtlebot3_msgs/msg/detail/sensor_state__rosidl_typesupport_introspection_cpp.hpp
[2.626s] -- Up-to-date: /home/niklas/Documents/Telerrobotics/Lab2/ros2_ws/install/turtlebot3_msgs/include/turtlebot3_msgs/turtlebot3_msgs/msg/detail/sound__rosidl_typesupport_introspection_cpp.hpp
[2.626s] -- Up-to-date: /home/niklas/Documents/Telerrobotics/Lab2/ros2_ws/install/turtlebot3_msgs/include/turtlebot3_msgs/turtlebot3_msgs/msg/detail/sensor_state__type_support.cpp
[2.627s] -- Up-to-date: /home/niklas/Documents/Telerrobotics/Lab2/ros2_ws/install/turtlebot3_msgs/include/turtlebot3_msgs/turtlebot3_msgs/msg/detail/version_info__type_support.cpp
[2.627s] -- Up-to-date: /home/niklas/Documents/Telerrobotics/Lab2/ros2_ws/install/turtlebot3_msgs/include/turtlebot3_msgs/turtlebot3_msgs/msg/detail/version_info__rosidl_typesupport_introspection_cpp.hpp
[2.627s] -- Up-to-date: /home/niklas/Documents/Telerrobotics/Lab2/ros2_ws/install/turtlebot3_msgs/include/turtlebot3_msgs/turtlebot3_msgs/msg/detail/sound__type_support.cpp
[2.627s] -- Up-to-date: /home/niklas/Documents/Telerrobotics/Lab2/ros2_ws/install/turtlebot3_msgs/include/turtlebot3_msgs/turtlebot3_msgs/action
[2.628s] -- Up-to-date: /home/niklas/Documents/Telerrobotics/Lab2/ros2_ws/install/turtlebot3_msgs/include/turtlebot3_msgs/turtlebot3_msgs/action/detail
[2.628s] -- Up-to-date: /home/niklas/Documents/Telerrobotics/Lab2/ros2_ws/install/turtlebot3_msgs/include/turtlebot3_msgs/turtlebot3_msgs/action/detail/patrol__rosidl_typesupport_introspection_cpp.hpp
[2.628s] -- Up-to-date: /home/niklas/Documents/Telerrobotics/Lab2/ros2_ws/install/turtlebot3_msgs/include/turtlebot3_msgs/turtlebot3_msgs/action/detail/patrol__type_support.cpp
[2.628s] -- Up-to-date: /home/niklas/Documents/Telerrobotics/Lab2/ros2_ws/install/turtlebot3_msgs/lib/libturtlebot3_msgs__rosidl_typesupport_introspection_cpp.so
[2.628s] -- Up-to-date: /home/niklas/Documents/Telerrobotics/Lab2/ros2_ws/install/turtlebot3_msgs/lib/libturtlebot3_msgs__rosidl_typesupport_cpp.so
[2.629s] -- Up-to-date: /home/niklas/Documents/Telerrobotics/Lab2/ros2_ws/install/turtlebot3_msgs/share/turtlebot3_msgs/environment/pythonpath.sh
[2.629s] -- Up-to-date: /home/niklas/Documents/Telerrobotics/Lab2/ros2_ws/install/turtlebot3_msgs/share/turtlebot3_msgs/environment/pythonpath.dsv
[2.630s] -- Up-to-date: /home/niklas/Documents/Telerrobotics/Lab2/ros2_ws/install/turtlebot3_msgs/local/lib/python3.10/dist-packages/turtlebot3_msgs-2.2.3-py3.10.egg-info
[2.630s] -- Installing: /home/niklas/Documents/Telerrobotics/Lab2/ros2_ws/install/turtlebot3_msgs/local/lib/python3.10/dist-packages/turtlebot3_msgs-2.2.3-py3.10.egg-info/dependency_links.txt
[2.649s] -- Installing: /home/niklas/Documents/Telerrobotics/Lab2/ros2_ws/install/turtlebot3_msgs/local/lib/python3.10/dist-packages/turtlebot3_msgs-2.2.3-py3.10.egg-info/PKG-INFO
[2.649s] -- Installing: /home/niklas/Documents/Telerrobotics/Lab2/ros2_ws/install/turtlebot3_msgs/local/lib/python3.10/dist-packages/turtlebot3_msgs-2.2.3-py3.10.egg-info/SOURCES.txt
[2.676s] -- Installing: /home/niklas/Documents/Telerrobotics/Lab2/ros2_ws/install/turtlebot3_msgs/local/lib/python3.10/dist-packages/turtlebot3_msgs-2.2.3-py3.10.egg-info/top_level.txt
[2.676s] -- Up-to-date: /home/niklas/Documents/Telerrobotics/Lab2/ros2_ws/install/turtlebot3_msgs/local/lib/python3.10/dist-packages/turtlebot3_msgs
[2.676s] -- Up-to-date: /home/niklas/Documents/Telerrobotics/Lab2/ros2_ws/install/turtlebot3_msgs/local/lib/python3.10/dist-packages/turtlebot3_msgs/turtlebot3_msgs_s__rosidl_typesupport_fastrtps_c.cpython-310-x86_64-linux-gnu.so
[2.677s] -- Up-to-date: /home/niklas/Documents/Telerrobotics/Lab2/ros2_ws/install/turtlebot3_msgs/local/lib/python3.10/dist-packages/turtlebot3_msgs/_turtlebot3_msgs_s.ep.rosidl_typesupport_c.c
[2.677s] -- Up-to-date: /home/niklas/Documents/Telerrobotics/Lab2/ros2_ws/install/turtlebot3_msgs/local/lib/python3.10/dist-packages/turtlebot3_msgs/_turtlebot3_msgs_s.ep.rosidl_typesupport_introspection_c.c
[2.677s] -- Up-to-date: /home/niklas/Documents/Telerrobotics/Lab2/ros2_ws/install/turtlebot3_msgs/local/lib/python3.10/dist-packages/turtlebot3_msgs/turtlebot3_msgs_s__rosidl_typesupport_c.cpython-310-x86_64-linux-gnu.so
[2.677s] -- Up-to-date: /home/niklas/Documents/Telerrobotics/Lab2/ros2_ws/install/turtlebot3_msgs/local/lib/python3.10/dist-packages/turtlebot3_msgs/__init__.py
[2.677s] -- Up-to-date: /home/niklas/Documents/Telerrobotics/Lab2/ros2_ws/install/turtlebot3_msgs/local/lib/python3.10/dist-packages/turtlebot3_msgs/_turtlebot3_msgs_s.ep.rosidl_typesupport_fastrtps_c.c
[2.678s] -- Up-to-date: /home/niklas/Documents/Telerrobotics/Lab2/ros2_ws/install/turtlebot3_msgs/local/lib/python3.10/dist-packages/turtlebot3_msgs/srv
[2.678s] -- Up-to-date: /home/niklas/Documents/Telerrobotics/Lab2/ros2_ws/install/turtlebot3_msgs/local/lib/python3.10/dist-packages/turtlebot3_msgs/srv/_dqn.py
[2.678s] -- Up-to-date: /home/niklas/Documents/Telerrobotics/Lab2/ros2_ws/install/turtlebot3_msgs/local/lib/python3.10/dist-packages/turtlebot3_msgs/srv/_dqn_s.c
[2.678s] -- Up-to-date: /home/niklas/Documents/Telerrobotics/Lab2/ros2_ws/install/turtlebot3_msgs/local/lib/python3.10/dist-packages/turtlebot3_msgs/srv/_sound.py
[2.678s] -- Up-to-date: /home/niklas/Documents/Telerrobotics/Lab2/ros2_ws/install/turtlebot3_msgs/local/lib/python3.10/dist-packages/turtlebot3_msgs/srv/__init__.py
[2.678s] -- Up-to-date: /home/niklas/Documents/Telerrobotics/Lab2/ros2_ws/install/turtlebot3_msgs/local/lib/python3.10/dist-packages/turtlebot3_msgs/srv/_sound_s.c
[2.679s] -- Up-to-date: /home/niklas/Documents/Telerrobotics/Lab2/ros2_ws/install/turtlebot3_msgs/local/lib/python3.10/dist-packages/turtlebot3_msgs/libturtlebot3_msgs__rosidl_generator_py.so
[2.679s] -- Up-to-date: /home/niklas/Documents/Telerrobotics/Lab2/ros2_ws/install/turtlebot3_msgs/local/lib/python3.10/dist-packages/turtlebot3_msgs/msg
[2.679s] -- Up-to-date: /home/niklas/Documents/Telerrobotics/Lab2/ros2_ws/install/turtlebot3_msgs/local/lib/python3.10/dist-packages/turtlebot3_msgs/msg/_sensor_state_s.c
[2.679s] -- Up-to-date: /home/niklas/Documents/Telerrobotics/Lab2/ros2_ws/install/turtlebot3_msgs/local/lib/python3.10/dist-packages/turtlebot3_msgs/msg/_sound.py
[2.679s] -- Up-to-date: /home/niklas/Documents/Telerrobotics/Lab2/ros2_ws/install/turtlebot3_msgs/local/lib/python3.10/dist-packages/turtlebot3_msgs/msg/__init__.py
[2.679s] -- Up-to-date: /home/niklas/Documents/Telerrobotics/Lab2/ros2_ws/install/turtlebot3_msgs/local/lib/python3.10/dist-packages/turtlebot3_msgs/msg/_sensor_state.py
[2.680s] -- Up-to-date: /home/niklas/Documents/Telerrobotics/Lab2/ros2_ws/install/turtlebot3_msgs/local/lib/python3.10/dist-packages/turtlebot3_msgs/msg/_sound_s.c
[2.680s] -- Up-to-date: /home/niklas/Documents/Telerrobotics/Lab2/ros2_ws/install/turtlebot3_msgs/local/lib/python3.10/dist-packages/turtlebot3_msgs/msg/_version_info_s.c
[2.690s] -- Up-to-date: /home/niklas/Documents/Telerrobotics/Lab2/ros2_ws/install/turtlebot3_msgs/local/lib/python3.10/dist-packages/turtlebot3_msgs/msg/_version_info.py
[2.690s] -- Up-to-date: /home/niklas/Documents/Telerrobotics/Lab2/ros2_ws/install/turtlebot3_msgs/local/lib/python3.10/dist-packages/turtlebot3_msgs/turtlebot3_msgs_s__rosidl_typesupport_introspection_c.cpython-310-x86_64-linux-gnu.so
[2.690s] -- Up-to-date: /home/niklas/Documents/Telerrobotics/Lab2/ros2_ws/install/turtlebot3_msgs/local/lib/python3.10/dist-packages/turtlebot3_msgs/action
[2.690s] -- Up-to-date: /home/niklas/Documents/Telerrobotics/Lab2/ros2_ws/install/turtlebot3_msgs/local/lib/python3.10/dist-packages/turtlebot3_msgs/action/__init__.py
[2.690s] -- Up-to-date: /home/niklas/Documents/Telerrobotics/Lab2/ros2_ws/install/turtlebot3_msgs/local/lib/python3.10/dist-packages/turtlebot3_msgs/action/_patrol_s.c
[2.690s] -- Up-to-date: /home/niklas/Documents/Telerrobotics/Lab2/ros2_ws/install/turtlebot3_msgs/local/lib/python3.10/dist-packages/turtlebot3_msgs/action/_patrol.py
[2.693s] Listing '/home/niklas/Documents/Telerrobotics/Lab2/ros2_ws/install/turtlebot3_msgs/local/lib/python3.10/dist-packages/turtlebot3_msgs'...
[2.693s] Listing '/home/niklas/Documents/Telerrobotics/Lab2/ros2_ws/install/turtlebot3_msgs/local/lib/python3.10/dist-packages/turtlebot3_msgs/action'...
[2.693s] Listing '/home/niklas/Documents/Telerrobotics/Lab2/ros2_ws/install/turtlebot3_msgs/local/lib/python3.10/dist-packages/turtlebot3_msgs/msg'...
[2.693s] Listing '/home/niklas/Documents/Telerrobotics/Lab2/ros2_ws/install/turtlebot3_msgs/local/lib/python3.10/dist-packages/turtlebot3_msgs/srv'...
[2.698s] -- Up-to-date: /home/niklas/Documents/Telerrobotics/Lab2/ros2_ws/install/turtlebot3_msgs/local/lib/python3.10/dist-packages/turtlebot3_msgs/turtlebot3_msgs_s__rosidl_typesupport_fastrtps_c.cpython-310-x86_64-linux-gnu.so
[2.699s] -- Up-to-date: /home/niklas/Documents/Telerrobotics/Lab2/ros2_ws/install/turtlebot3_msgs/local/lib/python3.10/dist-packages/turtlebot3_msgs/turtlebot3_msgs_s__rosidl_typesupport_introspection_c.cpython-310-x86_64-linux-gnu.so
[2.700s] -- Up-to-date: /home/niklas/Documents/Telerrobotics/Lab2/ros2_ws/install/turtlebot3_msgs/local/lib/python3.10/dist-packages/turtlebot3_msgs/turtlebot3_msgs_s__rosidl_typesupport_c.cpython-310-x86_64-linux-gnu.so
[2.700s] -- Up-to-date: /home/niklas/Documents/Telerrobotics/Lab2/ros2_ws/install/turtlebot3_msgs/lib/libturtlebot3_msgs__rosidl_generator_py.so
[2.700s] -- Up-to-date: /home/niklas/Documents/Telerrobotics/Lab2/ros2_ws/install/turtlebot3_msgs/share/turtlebot3_msgs/msg/SensorState.idl
[2.701s] -- Up-to-date: /home/niklas/Documents/Telerrobotics/Lab2/ros2_ws/install/turtlebot3_msgs/share/turtlebot3_msgs/msg/Sound.idl
[2.715s] -- Up-to-date: /home/niklas/Documents/Telerrobotics/Lab2/ros2_ws/install/turtlebot3_msgs/share/turtlebot3_msgs/msg/VersionInfo.idl
[2.715s] -- Up-to-date: /home/niklas/Documents/Telerrobotics/Lab2/ros2_ws/install/turtlebot3_msgs/share/turtlebot3_msgs/srv/Sound.idl
[2.716s] -- Up-to-date: /home/niklas/Documents/Telerrobotics/Lab2/ros2_ws/install/turtlebot3_msgs/share/turtlebot3_msgs/srv/Dqn.idl
[2.716s] -- Up-to-date: /home/niklas/Documents/Telerrobotics/Lab2/ros2_ws/install/turtlebot3_msgs/share/turtlebot3_msgs/action/Patrol.idl
[2.716s] -- Up-to-date: /home/niklas/Documents/Telerrobotics/Lab2/ros2_ws/install/turtlebot3_msgs/share/turtlebot3_msgs/msg/SensorState.msg
[2.716s] -- Up-to-date: /home/niklas/Documents/Telerrobotics/Lab2/ros2_ws/install/turtlebot3_msgs/share/turtlebot3_msgs/msg/Sound.msg
[2.716s] -- Up-to-date: /home/niklas/Documents/Telerrobotics/Lab2/ros2_ws/install/turtlebot3_msgs/share/turtlebot3_msgs/msg/VersionInfo.msg
[2.716s] -- Up-to-date: /home/niklas/Documents/Telerrobotics/Lab2/ros2_ws/install/turtlebot3_msgs/share/turtlebot3_msgs/srv/Sound.srv
[2.717s] -- Up-to-date: /home/niklas/Documents/Telerrobotics/Lab2/ros2_ws/install/turtlebot3_msgs/share/turtlebot3_msgs/srv/Sound_Request.msg
[2.717s] -- Up-to-date: /home/niklas/Documents/Telerrobotics/Lab2/ros2_ws/install/turtlebot3_msgs/share/turtlebot3_msgs/srv/Sound_Response.msg
[2.717s] -- Up-to-date: /home/niklas/Documents/Telerrobotics/Lab2/ros2_ws/install/turtlebot3_msgs/share/turtlebot3_msgs/srv/Dqn.srv
[2.717s] -- Up-to-date: /home/niklas/Documents/Telerrobotics/Lab2/ros2_ws/install/turtlebot3_msgs/share/turtlebot3_msgs/srv/Dqn_Request.msg
[2.717s] -- Up-to-date: /home/niklas/Documents/Telerrobotics/Lab2/ros2_ws/install/turtlebot3_msgs/share/turtlebot3_msgs/srv/Dqn_Response.msg
[2.717s] -- Up-to-date: /home/niklas/Documents/Telerrobotics/Lab2/ros2_ws/install/turtlebot3_msgs/share/turtlebot3_msgs/action/Patrol.action
[2.718s] -- Up-to-date: /home/niklas/Documents/Telerrobotics/Lab2/ros2_ws/install/turtlebot3_msgs/share/ament_index/resource_index/package_run_dependencies/turtlebot3_msgs
[2.718s] -- Up-to-date: /home/niklas/Documents/Telerrobotics/Lab2/ros2_ws/install/turtlebot3_msgs/share/ament_index/resource_index/parent_prefix_path/turtlebot3_msgs
[2.718s] -- Up-to-date: /home/niklas/Documents/Telerrobotics/Lab2/ros2_ws/install/turtlebot3_msgs/share/turtlebot3_msgs/environment/ament_prefix_path.sh
[2.718s] -- Up-to-date: /home/niklas/Documents/Telerrobotics/Lab2/ros2_ws/install/turtlebot3_msgs/share/turtlebot3_msgs/environment/ament_prefix_path.dsv
[2.718s] -- Up-to-date: /home/niklas/Documents/Telerrobotics/Lab2/ros2_ws/install/turtlebot3_msgs/share/turtlebot3_msgs/environment/path.sh
[2.718s] -- Up-to-date: /home/niklas/Documents/Telerrobotics/Lab2/ros2_ws/install/turtlebot3_msgs/share/turtlebot3_msgs/environment/path.dsv
[2.719s] -- Up-to-date: /home/niklas/Documents/Telerrobotics/Lab2/ros2_ws/install/turtlebot3_msgs/share/turtlebot3_msgs/local_setup.bash
[2.719s] -- Up-to-date: /home/niklas/Documents/Telerrobotics/Lab2/ros2_ws/install/turtlebot3_msgs/share/turtlebot3_msgs/local_setup.sh
[2.719s] -- Up-to-date: /home/niklas/Documents/Telerrobotics/Lab2/ros2_ws/install/turtlebot3_msgs/share/turtlebot3_msgs/local_setup.zsh
[2.719s] -- Up-to-date: /home/niklas/Documents/Telerrobotics/Lab2/ros2_ws/install/turtlebot3_msgs/share/turtlebot3_msgs/local_setup.dsv
[2.719s] -- Installing: /home/niklas/Documents/Telerrobotics/Lab2/ros2_ws/install/turtlebot3_msgs/share/turtlebot3_msgs/package.dsv
[2.719s] -- Up-to-date: /home/niklas/Documents/Telerrobotics/Lab2/ros2_ws/install/turtlebot3_msgs/share/ament_index/resource_index/packages/turtlebot3_msgs
[2.720s] -- Up-to-date: /home/niklas/Documents/Telerrobotics/Lab2/ros2_ws/install/turtlebot3_msgs/share/turtlebot3_msgs/cmake/export_turtlebot3_msgs__rosidl_generator_cExport.cmake
[2.720s] -- Up-to-date: /home/niklas/Documents/Telerrobotics/Lab2/ros2_ws/install/turtlebot3_msgs/share/turtlebot3_msgs/cmake/export_turtlebot3_msgs__rosidl_generator_cExport-noconfig.cmake
[2.720s] -- Up-to-date: /home/niklas/Documents/Telerrobotics/Lab2/ros2_ws/install/turtlebot3_msgs/share/turtlebot3_msgs/cmake/export_turtlebot3_msgs__rosidl_typesupport_fastrtps_cExport.cmake
[2.720s] -- Up-to-date: /home/niklas/Documents/Telerrobotics/Lab2/ros2_ws/install/turtlebot3_msgs/share/turtlebot3_msgs/cmake/export_turtlebot3_msgs__rosidl_typesupport_fastrtps_cExport-noconfig.cmake
[2.720s] -- Up-to-date: /home/niklas/Documents/Telerrobotics/Lab2/ros2_ws/install/turtlebot3_msgs/share/turtlebot3_msgs/cmake/export_turtlebot3_msgs__rosidl_generator_cppExport.cmake
[2.720s] -- Up-to-date: /home/niklas/Documents/Telerrobotics/Lab2/ros2_ws/install/turtlebot3_msgs/share/turtlebot3_msgs/cmake/export_turtlebot3_msgs__rosidl_typesupport_fastrtps_cppExport.cmake
[2.721s] -- Up-to-date: /home/niklas/Documents/Telerrobotics/Lab2/ros2_ws/install/turtlebot3_msgs/share/turtlebot3_msgs/cmake/export_turtlebot3_msgs__rosidl_typesupport_fastrtps_cppExport-noconfig.cmake
[2.721s] -- Up-to-date: /home/niklas/Documents/Telerrobotics/Lab2/ros2_ws/install/turtlebot3_msgs/share/turtlebot3_msgs/cmake/turtlebot3_msgs__rosidl_typesupport_introspection_cExport.cmake
[2.721s] -- Up-to-date: /home/niklas/Documents/Telerrobotics/Lab2/ros2_ws/install/turtlebot3_msgs/share/turtlebot3_msgs/cmake/turtlebot3_msgs__rosidl_typesupport_introspection_cExport-noconfig.cmake
[2.721s] -- Up-to-date: /home/niklas/Documents/Telerrobotics/Lab2/ros2_ws/install/turtlebot3_msgs/share/turtlebot3_msgs/cmake/turtlebot3_msgs__rosidl_typesupport_cExport.cmake
[2.721s] -- Up-to-date: /home/niklas/Documents/Telerrobotics/Lab2/ros2_ws/install/turtlebot3_msgs/share/turtlebot3_msgs/cmake/turtlebot3_msgs__rosidl_typesupport_cExport-noconfig.cmake
[2.721s] -- Up-to-date: /home/niklas/Documents/Telerrobotics/Lab2/ros2_ws/install/turtlebot3_msgs/share/turtlebot3_msgs/cmake/turtlebot3_msgs__rosidl_typesupport_introspection_cppExport.cmake
[2.722s] -- Up-to-date: /home/niklas/Documents/Telerrobotics/Lab2/ros2_ws/install/turtlebot3_msgs/share/turtlebot3_msgs/cmake/turtlebot3_msgs__rosidl_typesupport_introspection_cppExport-noconfig.cmake
[2.722s] -- Up-to-date: /home/niklas/Documents/Telerrobotics/Lab2/ros2_ws/install/turtlebot3_msgs/share/turtlebot3_msgs/cmake/turtlebot3_msgs__rosidl_typesupport_cppExport.cmake
[2.722s] -- Up-to-date: /home/niklas/Documents/Telerrobotics/Lab2/ros2_ws/install/turtlebot3_msgs/share/turtlebot3_msgs/cmake/turtlebot3_msgs__rosidl_typesupport_cppExport-noconfig.cmake
[2.722s] -- Up-to-date: /home/niklas/Documents/Telerrobotics/Lab2/ros2_ws/install/turtlebot3_msgs/share/turtlebot3_msgs/cmake/export_turtlebot3_msgs__rosidl_generator_pyExport.cmake
[2.722s] -- Up-to-date: /home/niklas/Documents/Telerrobotics/Lab2/ros2_ws/install/turtlebot3_msgs/share/turtlebot3_msgs/cmake/export_turtlebot3_msgs__rosidl_generator_pyExport-noconfig.cmake
[2.722s] -- Up-to-date: /home/niklas/Documents/Telerrobotics/Lab2/ros2_ws/install/turtlebot3_msgs/share/turtlebot3_msgs/cmake/rosidl_cmake-extras.cmake
[2.723s] -- Up-to-date: /home/niklas/Documents/Telerrobotics/Lab2/ros2_ws/install/turtlebot3_msgs/share/turtlebot3_msgs/cmake/ament_cmake_export_dependencies-extras.cmake
[2.723s] -- Up-to-date: /home/niklas/Documents/Telerrobotics/Lab2/ros2_ws/install/turtlebot3_msgs/share/turtlebot3_msgs/cmake/ament_cmake_export_include_directories-extras.cmake
[2.723s] -- Up-to-date: /home/niklas/Documents/Telerrobotics/Lab2/ros2_ws/install/turtlebot3_msgs/share/turtlebot3_msgs/cmake/ament_cmake_export_libraries-extras.cmake
[2.723s] -- Up-to-date: /home/niklas/Documents/Telerrobotics/Lab2/ros2_ws/install/turtlebot3_msgs/share/turtlebot3_msgs/cmake/ament_cmake_export_targets-extras.cmake
[2.723s] -- Up-to-date: /home/niklas/Documents/Telerrobotics/Lab2/ros2_ws/install/turtlebot3_msgs/share/turtlebot3_msgs/cmake/rosidl_cmake_export_typesupport_targets-extras.cmake
[2.723s] -- Up-to-date: /home/niklas/Documents/Telerrobotics/Lab2/ros2_ws/install/turtlebot3_msgs/share/turtlebot3_msgs/cmake/rosidl_cmake_export_typesupport_libraries-extras.cmake
[2.724s] -- Up-to-date: /home/niklas/Documents/Telerrobotics/Lab2/ros2_ws/install/turtlebot3_msgs/share/turtlebot3_msgs/cmake/turtlebot3_msgsConfig.cmake
[2.724s] -- Up-to-date: /home/niklas/Documents/Telerrobotics/Lab2/ros2_ws/install/turtlebot3_msgs/share/turtlebot3_msgs/cmake/turtlebot3_msgsConfig-version.cmake
[2.724s] -- Up-to-date: /home/niklas/Documents/Telerrobotics/Lab2/ros2_ws/install/turtlebot3_msgs/share/turtlebot3_msgs/package.xml
[2.864s] Invoked command in '/home/niklas/Documents/Telerrobotics/Lab2/ros2_ws/build/turtlebot3_msgs' returned '0': CMAKE_PREFIX_PATH=/opt/ros/humble /usr/bin/cmake --install /home/niklas/Documents/Telerrobotics/Lab2/ros2_ws/build/turtlebot3_msgs
