[0.398s] Invoking command in '/home/niklas/Documents/Telerrobotics/Lab2/ros2_ws/build/turtlebot3_description': CMAKE_PREFIX_PATH=/opt/ros/humble /usr/bin/cmake /home/niklas/Documents/Telerrobotics/Lab2/ros2_ws/src/turtlebot3/turtlebot3_description -DCMAKE_INSTALL_PREFIX=/home/niklas/Documents/Telerrobotics/Lab2/ros2_ws/install/turtlebot3_description
[0.561s] -- The C compiler identification is GNU 11.4.0
[0.723s] -- The CXX compiler identification is GNU 11.4.0
[0.748s] -- Detecting C compiler ABI info
[0.961s] -- Detecting C compiler ABI info - done
[0.996s] -- Check for working C compiler: /usr/bin/cc - skipped
[0.996s] -- Detecting C compile features
[0.997s] -- Detecting C compile features - done
[0.999s] -- Detecting CXX compiler ABI info
[1.203s] -- Detecting CXX compiler ABI info - done
[1.220s] -- Check for working CXX compiler: /usr/bin/c++ - skipped
[1.220s] -- Detecting CXX compile features
[1.221s] -- Detecting CXX compile features - done
[1.241s] -- Found ament_cmake: 1.3.5 (/opt/ros/humble/share/ament_cmake/cmake)
[1.839s] -- Found Python3: /usr/bin/python3.10 (found version "3.10.12") found components: Interpreter 
[2.104s] -- Found urdf: 2.6.0 (/opt/ros/humble/share/urdf/cmake)
[2.747s] -- Configuring done
[2.769s] -- Generating done
[2.769s] -- Build files have been written to: /home/niklas/Documents/Telerrobotics/Lab2/ros2_ws/build/turtlebot3_description
[3.133s] Invoked command in '/home/niklas/Documents/Telerrobotics/Lab2/ros2_ws/build/turtlebot3_description' returned '0': CMAKE_PREFIX_PATH=/opt/ros/humble /usr/bin/cmake /home/niklas/Documents/Telerrobotics/Lab2/ros2_ws/src/turtlebot3/turtlebot3_description -DCMAKE_INSTALL_PREFIX=/home/niklas/Documents/Telerrobotics/Lab2/ros2_ws/install/turtlebot3_description
[3.134s] Invoking command in '/home/niklas/Documents/Telerrobotics/Lab2/ros2_ws/build/turtlebot3_description': CMAKE_PREFIX_PATH=/opt/ros/humble /usr/bin/cmake --build /home/niklas/Documents/Telerrobotics/Lab2/ros2_ws/build/turtlebot3_description -- -j8 -l8
[3.476s] Invoked command in '/home/niklas/Documents/Telerrobotics/Lab2/ros2_ws/build/turtlebot3_description' returned '0': CMAKE_PREFIX_PATH=/opt/ros/humble /usr/bin/cmake --build /home/niklas/Documents/Telerrobotics/Lab2/ros2_ws/build/turtlebot3_description -- -j8 -l8
[3.780s] Invoking command in '/home/niklas/Documents/Telerrobotics/Lab2/ros2_ws/build/turtlebot3_description': CMAKE_PREFIX_PATH=/opt/ros/humble /usr/bin/cmake --install /home/niklas/Documents/Telerrobotics/Lab2/ros2_ws/build/turtlebot3_description
[3.836s] -- Install configuration: ""
[3.836s] -- Installing: /home/niklas/Documents/Telerrobotics/Lab2/ros2_ws/install/turtlebot3_description/share/turtlebot3_description/meshes
[3.836s] -- Installing: /home/niklas/Documents/Telerrobotics/Lab2/ros2_ws/install/turtlebot3_description/share/turtlebot3_description/meshes/sensors
[3.836s] -- Installing: /home/niklas/Documents/Telerrobotics/Lab2/ros2_ws/install/turtlebot3_description/share/turtlebot3_description/meshes/sensors/astra.dae
[3.842s] -- Installing: /home/niklas/Documents/Telerrobotics/Lab2/ros2_ws/install/turtlebot3_description/share/turtlebot3_description/meshes/sensors/r200.dae
[3.845s] -- Installing: /home/niklas/Documents/Telerrobotics/Lab2/ros2_ws/install/turtlebot3_description/share/turtlebot3_description/meshes/sensors/r200.jpg
[3.848s] -- Installing: /home/niklas/Documents/Telerrobotics/Lab2/ros2_ws/install/turtlebot3_description/share/turtlebot3_description/meshes/sensors/astra.jpg
[3.849s] -- Installing: /home/niklas/Documents/Telerrobotics/Lab2/ros2_ws/install/turtlebot3_description/share/turtlebot3_description/meshes/sensors/lds.stl
[3.863s] -- Installing: /home/niklas/Documents/Telerrobotics/Lab2/ros2_ws/install/turtlebot3_description/share/turtlebot3_description/meshes/wheels
[3.863s] -- Installing: /home/niklas/Documents/Telerrobotics/Lab2/ros2_ws/install/turtlebot3_description/share/turtlebot3_description/meshes/wheels/right_tire.stl
[3.870s] -- Installing: /home/niklas/Documents/Telerrobotics/Lab2/ros2_ws/install/turtlebot3_description/share/turtlebot3_description/meshes/wheels/left_tire.stl
[3.886s] -- Installing: /home/niklas/Documents/Telerrobotics/Lab2/ros2_ws/install/turtlebot3_description/share/turtlebot3_description/meshes/bases
[3.887s] -- Installing: /home/niklas/Documents/Telerrobotics/Lab2/ros2_ws/install/turtlebot3_description/share/turtlebot3_description/meshes/bases/waffle_base.stl
[4.059s] -- Installing: /home/niklas/Documents/Telerrobotics/Lab2/ros2_ws/install/turtlebot3_description/share/turtlebot3_description/meshes/bases/waffle_pi_base.stl
[4.122s] -- Installing: /home/niklas/Documents/Telerrobotics/Lab2/ros2_ws/install/turtlebot3_description/share/turtlebot3_description/meshes/bases/burger_base.stl
[4.171s] -- Installing: /home/niklas/Documents/Telerrobotics/Lab2/ros2_ws/install/turtlebot3_description/share/turtlebot3_description/rviz
[4.171s] -- Installing: /home/niklas/Documents/Telerrobotics/Lab2/ros2_ws/install/turtlebot3_description/share/turtlebot3_description/rviz/model.rviz
[4.172s] -- Installing: /home/niklas/Documents/Telerrobotics/Lab2/ros2_ws/install/turtlebot3_description/share/turtlebot3_description/urdf
[4.172s] -- Installing: /home/niklas/Documents/Telerrobotics/Lab2/ros2_ws/install/turtlebot3_description/share/turtlebot3_description/urdf/turtlebot3_waffle.urdf
[4.172s] -- Installing: /home/niklas/Documents/Telerrobotics/Lab2/ros2_ws/install/turtlebot3_description/share/turtlebot3_description/urdf/turtlebot3_burger.urdf
[4.172s] -- Installing: /home/niklas/Documents/Telerrobotics/Lab2/ros2_ws/install/turtlebot3_description/share/turtlebot3_description/urdf/common_properties.urdf
[4.173s] -- Installing: /home/niklas/Documents/Telerrobotics/Lab2/ros2_ws/install/turtlebot3_description/share/turtlebot3_description/urdf/turtlebot3_waffle_pi.urdf
[4.174s] -- Installing: /home/niklas/Documents/Telerrobotics/Lab2/ros2_ws/install/turtlebot3_description/share/ament_index/resource_index/package_run_dependencies/turtlebot3_description
[4.175s] -- Installing: /home/niklas/Documents/Telerrobotics/Lab2/ros2_ws/install/turtlebot3_description/share/ament_index/resource_index/parent_prefix_path/turtlebot3_description
[4.175s] -- Installing: /home/niklas/Documents/Telerrobotics/Lab2/ros2_ws/install/turtlebot3_description/share/turtlebot3_description/environment/ament_prefix_path.sh
[4.175s] -- Installing: /home/niklas/Documents/Telerrobotics/Lab2/ros2_ws/install/turtlebot3_description/share/turtlebot3_description/environment/ament_prefix_path.dsv
[4.176s] -- Installing: /home/niklas/Documents/Telerrobotics/Lab2/ros2_ws/install/turtlebot3_description/share/turtlebot3_description/environment/path.sh
[4.177s] -- Installing: /home/niklas/Documents/Telerrobotics/Lab2/ros2_ws/install/turtlebot3_description/share/turtlebot3_description/environment/path.dsv
[4.177s] -- Installing: /home/niklas/Documents/Telerrobotics/Lab2/ros2_ws/install/turtlebot3_description/share/turtlebot3_description/local_setup.bash
[4.177s] -- Installing: /home/niklas/Documents/Telerrobotics/Lab2/ros2_ws/install/turtlebot3_description/share/turtlebot3_description/local_setup.sh
[4.178s] -- Installing: /home/niklas/Documents/Telerrobotics/Lab2/ros2_ws/install/turtlebot3_description/share/turtlebot3_description/local_setup.zsh
[4.178s] -- Installing: /home/niklas/Documents/Telerrobotics/Lab2/ros2_ws/install/turtlebot3_description/share/turtlebot3_description/local_setup.dsv
[4.179s] -- Installing: /home/niklas/Documents/Telerrobotics/Lab2/ros2_ws/install/turtlebot3_description/share/turtlebot3_description/package.dsv
[4.180s] -- Installing: /home/niklas/Documents/Telerrobotics/Lab2/ros2_ws/install/turtlebot3_description/share/ament_index/resource_index/packages/turtlebot3_description
[4.182s] -- Installing: /home/niklas/Documents/Telerrobotics/Lab2/ros2_ws/install/turtlebot3_description/share/turtlebot3_description/cmake/turtlebot3_descriptionConfig.cmake
[4.183s] -- Installing: /home/niklas/Documents/Telerrobotics/Lab2/ros2_ws/install/turtlebot3_description/share/turtlebot3_description/cmake/turtlebot3_descriptionConfig-version.cmake
[4.186s] -- Installing: /home/niklas/Documents/Telerrobotics/Lab2/ros2_ws/install/turtlebot3_description/share/turtlebot3_description/package.xml
[4.191s] Invoked command in '/home/niklas/Documents/Telerrobotics/Lab2/ros2_ws/build/turtlebot3_description' returned '0': CMAKE_PREFIX_PATH=/opt/ros/humble /usr/bin/cmake --install /home/niklas/Documents/Telerrobotics/Lab2/ros2_ws/build/turtlebot3_description
