[0.432s] Invoking command in '/home/niklas/Documents/Telerrobotics/Lab2/ros2_ws/build/turtlebot3_description': CMAKE_PREFIX_PATH=/opt/ros/humble /usr/bin/cmake --build /home/niklas/Documents/Telerrobotics/Lab2/ros2_ws/build/turtlebot3_description -- -j8 -l8
[1.305s] Invoked command in '/home/niklas/Documents/Telerrobotics/Lab2/ros2_ws/build/turtlebot3_description' returned '0': CMAKE_PREFIX_PATH=/opt/ros/humble /usr/bin/cmake --build /home/niklas/Documents/Telerrobotics/Lab2/ros2_ws/build/turtlebot3_description -- -j8 -l8
[1.394s] Invoking command in '/home/niklas/Documents/Telerrobotics/Lab2/ros2_ws/build/turtlebot3_description': CMAKE_PREFIX_PATH=/opt/ros/humble /usr/bin/cmake --install /home/niklas/Documents/Telerrobotics/Lab2/ros2_ws/build/turtlebot3_description
[1.409s] -- Install configuration: ""
[1.411s] -- Up-to-date: /home/niklas/Documents/Telerrobotics/Lab2/ros2_ws/install/turtlebot3_description/share/turtlebot3_description/meshes
[1.412s] -- Up-to-date: /home/niklas/Documents/Telerrobotics/Lab2/ros2_ws/install/turtlebot3_description/share/turtlebot3_description/meshes/sensors
[1.413s] -- Up-to-date: /home/niklas/Documents/Telerrobotics/Lab2/ros2_ws/install/turtlebot3_description/share/turtlebot3_description/meshes/sensors/astra.dae
[1.413s] -- Up-to-date: /home/niklas/Documents/Telerrobotics/Lab2/ros2_ws/install/turtlebot3_description/share/turtlebot3_description/meshes/sensors/r200.dae
[1.413s] -- Up-to-date: /home/niklas/Documents/Telerrobotics/Lab2/ros2_ws/install/turtlebot3_description/share/turtlebot3_description/meshes/sensors/r200.jpg
[1.413s] -- Up-to-date: /home/niklas/Documents/Telerrobotics/Lab2/ros2_ws/install/turtlebot3_description/share/turtlebot3_description/meshes/sensors/astra.jpg
[1.414s] -- Up-to-date: /home/niklas/Documents/Telerrobotics/Lab2/ros2_ws/install/turtlebot3_description/share/turtlebot3_description/meshes/sensors/lds.stl
[1.414s] -- Up-to-date: /home/niklas/Documents/Telerrobotics/Lab2/ros2_ws/install/turtlebot3_description/share/turtlebot3_description/meshes/wheels
[1.415s] -- Up-to-date: /home/niklas/Documents/Telerrobotics/Lab2/ros2_ws/install/turtlebot3_description/share/turtlebot3_description/meshes/wheels/right_tire.stl
[1.415s] -- Up-to-date: /home/niklas/Documents/Telerrobotics/Lab2/ros2_ws/install/turtlebot3_description/share/turtlebot3_description/meshes/wheels/left_tire.stl
[1.415s] -- Up-to-date: /home/niklas/Documents/Telerrobotics/Lab2/ros2_ws/install/turtlebot3_description/share/turtlebot3_description/meshes/bases
[1.416s] -- Up-to-date: /home/niklas/Documents/Telerrobotics/Lab2/ros2_ws/install/turtlebot3_description/share/turtlebot3_description/meshes/bases/waffle_base.stl
[1.416s] -- Up-to-date: /home/niklas/Documents/Telerrobotics/Lab2/ros2_ws/install/turtlebot3_description/share/turtlebot3_description/meshes/bases/waffle_pi_base.stl
[1.419s] -- Up-to-date: /home/niklas/Documents/Telerrobotics/Lab2/ros2_ws/install/turtlebot3_description/share/turtlebot3_description/meshes/bases/burger_base.stl
[1.422s] -- Up-to-date: /home/niklas/Documents/Telerrobotics/Lab2/ros2_ws/install/turtlebot3_description/share/turtlebot3_description/rviz
[1.425s] -- Up-to-date: /home/niklas/Documents/Telerrobotics/Lab2/ros2_ws/install/turtlebot3_description/share/turtlebot3_description/rviz/model.rviz
[1.425s] -- Up-to-date: /home/niklas/Documents/Telerrobotics/Lab2/ros2_ws/install/turtlebot3_description/share/turtlebot3_description/urdf
[1.426s] -- Up-to-date: /home/niklas/Documents/Telerrobotics/Lab2/ros2_ws/install/turtlebot3_description/share/turtlebot3_description/urdf/turtlebot3_waffle.urdf
[1.426s] -- Up-to-date: /home/niklas/Documents/Telerrobotics/Lab2/ros2_ws/install/turtlebot3_description/share/turtlebot3_description/urdf/turtlebot3_burger.urdf
[1.426s] -- Up-to-date: /home/niklas/Documents/Telerrobotics/Lab2/ros2_ws/install/turtlebot3_description/share/turtlebot3_description/urdf/common_properties.urdf
[1.426s] -- Up-to-date: /home/niklas/Documents/Telerrobotics/Lab2/ros2_ws/install/turtlebot3_description/share/turtlebot3_description/urdf/turtlebot3_waffle_pi.urdf
[1.427s] -- Up-to-date: /home/niklas/Documents/Telerrobotics/Lab2/ros2_ws/install/turtlebot3_description/share/ament_index/resource_index/package_run_dependencies/turtlebot3_description
[1.427s] -- Up-to-date: /home/niklas/Documents/Telerrobotics/Lab2/ros2_ws/install/turtlebot3_description/share/ament_index/resource_index/parent_prefix_path/turtlebot3_description
[1.427s] -- Up-to-date: /home/niklas/Documents/Telerrobotics/Lab2/ros2_ws/install/turtlebot3_description/share/turtlebot3_description/environment/ament_prefix_path.sh
[1.427s] -- Up-to-date: /home/niklas/Documents/Telerrobotics/Lab2/ros2_ws/install/turtlebot3_description/share/turtlebot3_description/environment/ament_prefix_path.dsv
[1.427s] -- Up-to-date: /home/niklas/Documents/Telerrobotics/Lab2/ros2_ws/install/turtlebot3_description/share/turtlebot3_description/environment/path.sh
[1.427s] -- Up-to-date: /home/niklas/Documents/Telerrobotics/Lab2/ros2_ws/install/turtlebot3_description/share/turtlebot3_description/environment/path.dsv
[1.428s] -- Up-to-date: /home/niklas/Documents/Telerrobotics/Lab2/ros2_ws/install/turtlebot3_description/share/turtlebot3_description/local_setup.bash
[1.428s] -- Up-to-date: /home/niklas/Documents/Telerrobotics/Lab2/ros2_ws/install/turtlebot3_description/share/turtlebot3_description/local_setup.sh
[1.432s] -- Up-to-date: /home/niklas/Documents/Telerrobotics/Lab2/ros2_ws/install/turtlebot3_description/share/turtlebot3_description/local_setup.zsh
[1.432s] -- Up-to-date: /home/niklas/Documents/Telerrobotics/Lab2/ros2_ws/install/turtlebot3_description/share/turtlebot3_description/local_setup.dsv
[1.439s] -- Installing: /home/niklas/Documents/Telerrobotics/Lab2/ros2_ws/install/turtlebot3_description/share/turtlebot3_description/package.dsv
[1.440s] -- Up-to-date: /home/niklas/Documents/Telerrobotics/Lab2/ros2_ws/install/turtlebot3_description/share/ament_index/resource_index/packages/turtlebot3_description
[1.440s] -- Up-to-date: /home/niklas/Documents/Telerrobotics/Lab2/ros2_ws/install/turtlebot3_description/share/turtlebot3_description/cmake/turtlebot3_descriptionConfig.cmake
[1.440s] -- Up-to-date: /home/niklas/Documents/Telerrobotics/Lab2/ros2_ws/install/turtlebot3_description/share/turtlebot3_description/cmake/turtlebot3_descriptionConfig-version.cmake
[1.441s] -- Up-to-date: /home/niklas/Documents/Telerrobotics/Lab2/ros2_ws/install/turtlebot3_description/share/turtlebot3_description/package.xml
[1.677s] Invoked command in '/home/niklas/Documents/Telerrobotics/Lab2/ros2_ws/build/turtlebot3_description' returned '0': CMAKE_PREFIX_PATH=/opt/ros/humble /usr/bin/cmake --install /home/niklas/Documents/Telerrobotics/Lab2/ros2_ws/build/turtlebot3_description
