[0.402s] Invoking command in '/home/niklas/Documents/Telerrobotics/Lab2/ros2_ws/build/houghmessage': CMAKE_PREFIX_PATH=/opt/ros/humble /usr/bin/cmake --build /home/niklas/Documents/Telerrobotics/Lab2/ros2_ws/build/houghmessage -- -j8 -l8
[0.610s] [  9%] Built target houghmessage__rosidl_generator_c
[0.610s] [ 12%] Built target houghmessage__cpp
[0.628s] [ 12%] Built target ament_cmake_python_copy_houghmessage
[0.640s] [ 22%] Built target houghmessage__rosidl_typesupport_fastrtps_cpp
[0.651s] [ 32%] Built target houghmessage__rosidl_typesupport_fastrtps_c
[0.655s] [ 41%] Built target houghmessage__rosidl_typesupport_introspection_c
[0.669s] [ 51%] Built target houghmessage__rosidl_typesupport_c
[0.674s] [ 61%] Built target houghmessage__rosidl_typesupport_cpp
[0.688s] [ 70%] Built target houghmessage__rosidl_typesupport_introspection_cpp
[0.737s] [ 70%] Built target houghmessage
[0.811s] [ 74%] Built target houghmessage__py
[0.865s] [ 80%] Built target houghmessage__rosidl_generator_py
[0.939s] [ 87%] Built target houghmessage__rosidl_typesupport_c__pyext
[0.968s] [ 93%] Built target houghmessage__rosidl_typesupport_introspection_c__pyext
[0.971s] [100%] Built target houghmessage__rosidl_typesupport_fastrtps_c__pyext
[1.246s] running egg_info
[1.247s] writing houghmessage.egg-info/PKG-INFO
[1.248s] writing dependency_links to houghmessage.egg-info/dependency_links.txt
[1.248s] writing top-level names to houghmessage.egg-info/top_level.txt
[1.254s] reading manifest file 'houghmessage.egg-info/SOURCES.txt'
[1.255s] writing manifest file 'houghmessage.egg-info/SOURCES.txt'
[1.331s] [100%] Built target ament_cmake_python_build_houghmessage_egg
[1.916s] Invoked command in '/home/niklas/Documents/Telerrobotics/Lab2/ros2_ws/build/houghmessage' returned '0': CMAKE_PREFIX_PATH=/opt/ros/humble /usr/bin/cmake --build /home/niklas/Documents/Telerrobotics/Lab2/ros2_ws/build/houghmessage -- -j8 -l8
[2.594s] Invoking command in '/home/niklas/Documents/Telerrobotics/Lab2/ros2_ws/build/houghmessage': CMAKE_PREFIX_PATH=/opt/ros/humble /usr/bin/cmake --install /home/niklas/Documents/Telerrobotics/Lab2/ros2_ws/build/houghmessage
[2.625s] -- Install configuration: ""
[2.626s] -- Up-to-date: /home/niklas/Documents/Telerrobotics/Lab2/ros2_ws/install/houghmessage/share/ament_index/resource_index/rosidl_interfaces/houghmessage
[2.626s] -- Up-to-date: /home/niklas/Documents/Telerrobotics/Lab2/ros2_ws/install/houghmessage/include/houghmessage/houghmessage
[2.626s] -- Up-to-date: /home/niklas/Documents/Telerrobotics/Lab2/ros2_ws/install/houghmessage/include/houghmessage/houghmessage/msg
[2.626s] -- Up-to-date: /home/niklas/Documents/Telerrobotics/Lab2/ros2_ws/install/houghmessage/include/houghmessage/houghmessage/msg/rosidl_generator_c__visibility_control.h
[2.626s] -- Up-to-date: /home/niklas/Documents/Telerrobotics/Lab2/ros2_ws/install/houghmessage/include/houghmessage/houghmessage/msg/r_whough_line.h
[2.626s] -- Up-to-date: /home/niklas/Documents/Telerrobotics/Lab2/ros2_ws/install/houghmessage/include/houghmessage/houghmessage/msg/detail
[2.627s] -- Up-to-date: /home/niklas/Documents/Telerrobotics/Lab2/ros2_ws/install/houghmessage/include/houghmessage/houghmessage/msg/detail/r_whough_line__struct.h
[2.627s] -- Up-to-date: /home/niklas/Documents/Telerrobotics/Lab2/ros2_ws/install/houghmessage/include/houghmessage/houghmessage/msg/detail/r_whough_line__functions.h
[2.627s] -- Up-to-date: /home/niklas/Documents/Telerrobotics/Lab2/ros2_ws/install/houghmessage/include/houghmessage/houghmessage/msg/detail/r_whough_line__functions.c
[2.627s] -- Up-to-date: /home/niklas/Documents/Telerrobotics/Lab2/ros2_ws/install/houghmessage/include/houghmessage/houghmessage/msg/detail/r_whough_line__type_support.h
[2.627s] -- Up-to-date: /home/niklas/Documents/Telerrobotics/Lab2/ros2_ws/install/houghmessage/share/houghmessage/environment/library_path.sh
[2.627s] -- Up-to-date: /home/niklas/Documents/Telerrobotics/Lab2/ros2_ws/install/houghmessage/share/houghmessage/environment/library_path.dsv
[2.627s] -- Up-to-date: /home/niklas/Documents/Telerrobotics/Lab2/ros2_ws/install/houghmessage/lib/libhoughmessage__rosidl_generator_c.so
[2.628s] -- Up-to-date: /home/niklas/Documents/Telerrobotics/Lab2/ros2_ws/install/houghmessage/include/houghmessage/houghmessage
[2.628s] -- Up-to-date: /home/niklas/Documents/Telerrobotics/Lab2/ros2_ws/install/houghmessage/include/houghmessage/houghmessage/msg
[2.628s] -- Up-to-date: /home/niklas/Documents/Telerrobotics/Lab2/ros2_ws/install/houghmessage/include/houghmessage/houghmessage/msg/rosidl_typesupport_fastrtps_c__visibility_control.h
[2.628s] -- Up-to-date: /home/niklas/Documents/Telerrobotics/Lab2/ros2_ws/install/houghmessage/include/houghmessage/houghmessage/msg/detail
[2.628s] -- Up-to-date: /home/niklas/Documents/Telerrobotics/Lab2/ros2_ws/install/houghmessage/include/houghmessage/houghmessage/msg/detail/r_whough_line__rosidl_typesupport_fastrtps_c.h
[2.629s] -- Up-to-date: /home/niklas/Documents/Telerrobotics/Lab2/ros2_ws/install/houghmessage/lib/libhoughmessage__rosidl_typesupport_fastrtps_c.so
[2.630s] -- Up-to-date: /home/niklas/Documents/Telerrobotics/Lab2/ros2_ws/install/houghmessage/include/houghmessage/houghmessage
[2.630s] -- Up-to-date: /home/niklas/Documents/Telerrobotics/Lab2/ros2_ws/install/houghmessage/include/houghmessage/houghmessage/msg
[2.631s] -- Up-to-date: /home/niklas/Documents/Telerrobotics/Lab2/ros2_ws/install/houghmessage/include/houghmessage/houghmessage/msg/r_whough_line.hpp
[2.631s] -- Up-to-date: /home/niklas/Documents/Telerrobotics/Lab2/ros2_ws/install/houghmessage/include/houghmessage/houghmessage/msg/detail
[2.631s] -- Up-to-date: /home/niklas/Documents/Telerrobotics/Lab2/ros2_ws/install/houghmessage/include/houghmessage/houghmessage/msg/detail/r_whough_line__traits.hpp
[2.632s] -- Up-to-date: /home/niklas/Documents/Telerrobotics/Lab2/ros2_ws/install/houghmessage/include/houghmessage/houghmessage/msg/detail/r_whough_line__builder.hpp
[2.632s] -- Up-to-date: /home/niklas/Documents/Telerrobotics/Lab2/ros2_ws/install/houghmessage/include/houghmessage/houghmessage/msg/detail/r_whough_line__struct.hpp
[2.632s] -- Up-to-date: /home/niklas/Documents/Telerrobotics/Lab2/ros2_ws/install/houghmessage/include/houghmessage/houghmessage
[2.633s] -- Up-to-date: /home/niklas/Documents/Telerrobotics/Lab2/ros2_ws/install/houghmessage/include/houghmessage/houghmessage/msg
[2.633s] -- Up-to-date: /home/niklas/Documents/Telerrobotics/Lab2/ros2_ws/install/houghmessage/include/houghmessage/houghmessage/msg/rosidl_typesupport_fastrtps_cpp__visibility_control.h
[2.633s] -- Up-to-date: /home/niklas/Documents/Telerrobotics/Lab2/ros2_ws/install/houghmessage/include/houghmessage/houghmessage/msg/detail
[2.634s] -- Up-to-date: /home/niklas/Documents/Telerrobotics/Lab2/ros2_ws/install/houghmessage/include/houghmessage/houghmessage/msg/detail/dds_fastrtps
[2.634s] -- Up-to-date: /home/niklas/Documents/Telerrobotics/Lab2/ros2_ws/install/houghmessage/include/houghmessage/houghmessage/msg/detail/r_whough_line__rosidl_typesupport_fastrtps_cpp.hpp
[2.635s] -- Up-to-date: /home/niklas/Documents/Telerrobotics/Lab2/ros2_ws/install/houghmessage/lib/libhoughmessage__rosidl_typesupport_fastrtps_cpp.so
[2.636s] -- Up-to-date: /home/niklas/Documents/Telerrobotics/Lab2/ros2_ws/install/houghmessage/include/houghmessage/houghmessage
[2.636s] -- Up-to-date: /home/niklas/Documents/Telerrobotics/Lab2/ros2_ws/install/houghmessage/include/houghmessage/houghmessage/msg
[2.636s] -- Up-to-date: /home/niklas/Documents/Telerrobotics/Lab2/ros2_ws/install/houghmessage/include/houghmessage/houghmessage/msg/rosidl_typesupport_introspection_c__visibility_control.h
[2.637s] -- Up-to-date: /home/niklas/Documents/Telerrobotics/Lab2/ros2_ws/install/houghmessage/include/houghmessage/houghmessage/msg/detail
[2.637s] -- Up-to-date: /home/niklas/Documents/Telerrobotics/Lab2/ros2_ws/install/houghmessage/include/houghmessage/houghmessage/msg/detail/r_whough_line__rosidl_typesupport_introspection_c.h
[2.637s] -- Up-to-date: /home/niklas/Documents/Telerrobotics/Lab2/ros2_ws/install/houghmessage/include/houghmessage/houghmessage/msg/detail/r_whough_line__type_support.c
[2.638s] -- Up-to-date: /home/niklas/Documents/Telerrobotics/Lab2/ros2_ws/install/houghmessage/lib/libhoughmessage__rosidl_typesupport_introspection_c.so
[2.639s] -- Up-to-date: /home/niklas/Documents/Telerrobotics/Lab2/ros2_ws/install/houghmessage/lib/libhoughmessage__rosidl_typesupport_c.so
[2.639s] -- Up-to-date: /home/niklas/Documents/Telerrobotics/Lab2/ros2_ws/install/houghmessage/include/houghmessage/houghmessage
[2.639s] -- Up-to-date: /home/niklas/Documents/Telerrobotics/Lab2/ros2_ws/install/houghmessage/include/houghmessage/houghmessage/msg
[2.639s] -- Up-to-date: /home/niklas/Documents/Telerrobotics/Lab2/ros2_ws/install/houghmessage/include/houghmessage/houghmessage/msg/detail
[2.640s] -- Up-to-date: /home/niklas/Documents/Telerrobotics/Lab2/ros2_ws/install/houghmessage/include/houghmessage/houghmessage/msg/detail/r_whough_line__type_support.cpp
[2.640s] -- Up-to-date: /home/niklas/Documents/Telerrobotics/Lab2/ros2_ws/install/houghmessage/include/houghmessage/houghmessage/msg/detail/r_whough_line__rosidl_typesupport_introspection_cpp.hpp
[2.640s] -- Up-to-date: /home/niklas/Documents/Telerrobotics/Lab2/ros2_ws/install/houghmessage/lib/libhoughmessage__rosidl_typesupport_introspection_cpp.so
[2.641s] -- Up-to-date: /home/niklas/Documents/Telerrobotics/Lab2/ros2_ws/install/houghmessage/lib/libhoughmessage__rosidl_typesupport_cpp.so
[2.660s] -- Up-to-date: /home/niklas/Documents/Telerrobotics/Lab2/ros2_ws/install/houghmessage/share/houghmessage/environment/pythonpath.sh
[2.660s] -- Up-to-date: /home/niklas/Documents/Telerrobotics/Lab2/ros2_ws/install/houghmessage/share/houghmessage/environment/pythonpath.dsv
[2.661s] -- Up-to-date: /home/niklas/Documents/Telerrobotics/Lab2/ros2_ws/install/houghmessage/local/lib/python3.10/dist-packages/houghmessage-0.0.0-py3.10.egg-info
[2.661s] -- Installing: /home/niklas/Documents/Telerrobotics/Lab2/ros2_ws/install/houghmessage/local/lib/python3.10/dist-packages/houghmessage-0.0.0-py3.10.egg-info/dependency_links.txt
[3.125s] -- Installing: /home/niklas/Documents/Telerrobotics/Lab2/ros2_ws/install/houghmessage/local/lib/python3.10/dist-packages/houghmessage-0.0.0-py3.10.egg-info/PKG-INFO
[3.127s] -- Installing: /home/niklas/Documents/Telerrobotics/Lab2/ros2_ws/install/houghmessage/local/lib/python3.10/dist-packages/houghmessage-0.0.0-py3.10.egg-info/SOURCES.txt
[3.508s] -- Installing: /home/niklas/Documents/Telerrobotics/Lab2/ros2_ws/install/houghmessage/local/lib/python3.10/dist-packages/houghmessage-0.0.0-py3.10.egg-info/top_level.txt
[3.678s] -- Up-to-date: /home/niklas/Documents/Telerrobotics/Lab2/ros2_ws/install/houghmessage/local/lib/python3.10/dist-packages/houghmessage
[3.679s] -- Up-to-date: /home/niklas/Documents/Telerrobotics/Lab2/ros2_ws/install/houghmessage/local/lib/python3.10/dist-packages/houghmessage/_houghmessage_s.ep.rosidl_typesupport_fastrtps_c.c
[3.679s] -- Up-to-date: /home/niklas/Documents/Telerrobotics/Lab2/ros2_ws/install/houghmessage/local/lib/python3.10/dist-packages/houghmessage/_houghmessage_s.ep.rosidl_typesupport_introspection_c.c
[3.679s] -- Up-to-date: /home/niklas/Documents/Telerrobotics/Lab2/ros2_ws/install/houghmessage/local/lib/python3.10/dist-packages/houghmessage/houghmessage_s__rosidl_typesupport_introspection_c.cpython-310-x86_64-linux-gnu.so
[3.679s] -- Up-to-date: /home/niklas/Documents/Telerrobotics/Lab2/ros2_ws/install/houghmessage/local/lib/python3.10/dist-packages/houghmessage/_houghmessage_s.ep.rosidl_typesupport_c.c
[3.679s] -- Up-to-date: /home/niklas/Documents/Telerrobotics/Lab2/ros2_ws/install/houghmessage/local/lib/python3.10/dist-packages/houghmessage/__init__.py
[3.680s] -- Up-to-date: /home/niklas/Documents/Telerrobotics/Lab2/ros2_ws/install/houghmessage/local/lib/python3.10/dist-packages/houghmessage/houghmessage_s__rosidl_typesupport_fastrtps_c.cpython-310-x86_64-linux-gnu.so
[3.681s] -- Up-to-date: /home/niklas/Documents/Telerrobotics/Lab2/ros2_ws/install/houghmessage/local/lib/python3.10/dist-packages/houghmessage/msg
[3.681s] -- Up-to-date: /home/niklas/Documents/Telerrobotics/Lab2/ros2_ws/install/houghmessage/local/lib/python3.10/dist-packages/houghmessage/msg/__init__.py
[3.681s] -- Up-to-date: /home/niklas/Documents/Telerrobotics/Lab2/ros2_ws/install/houghmessage/local/lib/python3.10/dist-packages/houghmessage/msg/_r_whough_line.py
[3.681s] -- Up-to-date: /home/niklas/Documents/Telerrobotics/Lab2/ros2_ws/install/houghmessage/local/lib/python3.10/dist-packages/houghmessage/msg/_r_whough_line_s.c
[3.681s] -- Up-to-date: /home/niklas/Documents/Telerrobotics/Lab2/ros2_ws/install/houghmessage/local/lib/python3.10/dist-packages/houghmessage/libhoughmessage__rosidl_generator_py.so
[3.681s] -- Up-to-date: /home/niklas/Documents/Telerrobotics/Lab2/ros2_ws/install/houghmessage/local/lib/python3.10/dist-packages/houghmessage/houghmessage_s__rosidl_typesupport_c.cpython-310-x86_64-linux-gnu.so
[3.834s] Listing '/home/niklas/Documents/Telerrobotics/Lab2/ros2_ws/install/houghmessage/local/lib/python3.10/dist-packages/houghmessage'...
[3.834s] Listing '/home/niklas/Documents/Telerrobotics/Lab2/ros2_ws/install/houghmessage/local/lib/python3.10/dist-packages/houghmessage/msg'...
[3.851s] -- Up-to-date: /home/niklas/Documents/Telerrobotics/Lab2/ros2_ws/install/houghmessage/local/lib/python3.10/dist-packages/houghmessage/houghmessage_s__rosidl_typesupport_fastrtps_c.cpython-310-x86_64-linux-gnu.so
[3.852s] -- Up-to-date: /home/niklas/Documents/Telerrobotics/Lab2/ros2_ws/install/houghmessage/local/lib/python3.10/dist-packages/houghmessage/houghmessage_s__rosidl_typesupport_introspection_c.cpython-310-x86_64-linux-gnu.so
[3.853s] -- Up-to-date: /home/niklas/Documents/Telerrobotics/Lab2/ros2_ws/install/houghmessage/local/lib/python3.10/dist-packages/houghmessage/houghmessage_s__rosidl_typesupport_c.cpython-310-x86_64-linux-gnu.so
[3.853s] -- Up-to-date: /home/niklas/Documents/Telerrobotics/Lab2/ros2_ws/install/houghmessage/lib/libhoughmessage__rosidl_generator_py.so
[3.854s] -- Up-to-date: /home/niklas/Documents/Telerrobotics/Lab2/ros2_ws/install/houghmessage/share/houghmessage/msg/RWhoughLine.idl
[3.855s] -- Up-to-date: /home/niklas/Documents/Telerrobotics/Lab2/ros2_ws/install/houghmessage/share/houghmessage/msg/RWhoughLine.msg
[3.855s] -- Up-to-date: /home/niklas/Documents/Telerrobotics/Lab2/ros2_ws/install/houghmessage/share/ament_index/resource_index/package_run_dependencies/houghmessage
[3.855s] -- Up-to-date: /home/niklas/Documents/Telerrobotics/Lab2/ros2_ws/install/houghmessage/share/ament_index/resource_index/parent_prefix_path/houghmessage
[3.855s] -- Up-to-date: /home/niklas/Documents/Telerrobotics/Lab2/ros2_ws/install/houghmessage/share/houghmessage/environment/ament_prefix_path.sh
[3.855s] -- Up-to-date: /home/niklas/Documents/Telerrobotics/Lab2/ros2_ws/install/houghmessage/share/houghmessage/environment/ament_prefix_path.dsv
[3.856s] -- Up-to-date: /home/niklas/Documents/Telerrobotics/Lab2/ros2_ws/install/houghmessage/share/houghmessage/environment/path.sh
[3.856s] -- Up-to-date: /home/niklas/Documents/Telerrobotics/Lab2/ros2_ws/install/houghmessage/share/houghmessage/environment/path.dsv
[3.858s] -- Up-to-date: /home/niklas/Documents/Telerrobotics/Lab2/ros2_ws/install/houghmessage/share/houghmessage/local_setup.bash
[3.858s] -- Up-to-date: /home/niklas/Documents/Telerrobotics/Lab2/ros2_ws/install/houghmessage/share/houghmessage/local_setup.sh
[3.859s] -- Up-to-date: /home/niklas/Documents/Telerrobotics/Lab2/ros2_ws/install/houghmessage/share/houghmessage/local_setup.zsh
[3.859s] -- Up-to-date: /home/niklas/Documents/Telerrobotics/Lab2/ros2_ws/install/houghmessage/share/houghmessage/local_setup.dsv
[3.859s] -- Installing: /home/niklas/Documents/Telerrobotics/Lab2/ros2_ws/install/houghmessage/share/houghmessage/package.dsv
[3.869s] -- Up-to-date: /home/niklas/Documents/Telerrobotics/Lab2/ros2_ws/install/houghmessage/share/ament_index/resource_index/packages/houghmessage
[3.870s] -- Up-to-date: /home/niklas/Documents/Telerrobotics/Lab2/ros2_ws/install/houghmessage/share/houghmessage/cmake/export_houghmessage__rosidl_generator_cExport.cmake
[3.870s] -- Up-to-date: /home/niklas/Documents/Telerrobotics/Lab2/ros2_ws/install/houghmessage/share/houghmessage/cmake/export_houghmessage__rosidl_generator_cExport-noconfig.cmake
[3.870s] -- Up-to-date: /home/niklas/Documents/Telerrobotics/Lab2/ros2_ws/install/houghmessage/share/houghmessage/cmake/export_houghmessage__rosidl_typesupport_fastrtps_cExport.cmake
[3.871s] -- Up-to-date: /home/niklas/Documents/Telerrobotics/Lab2/ros2_ws/install/houghmessage/share/houghmessage/cmake/export_houghmessage__rosidl_typesupport_fastrtps_cExport-noconfig.cmake
[3.871s] -- Up-to-date: /home/niklas/Documents/Telerrobotics/Lab2/ros2_ws/install/houghmessage/share/houghmessage/cmake/export_houghmessage__rosidl_generator_cppExport.cmake
[3.871s] -- Up-to-date: /home/niklas/Documents/Telerrobotics/Lab2/ros2_ws/install/houghmessage/share/houghmessage/cmake/export_houghmessage__rosidl_typesupport_fastrtps_cppExport.cmake
[3.872s] -- Up-to-date: /home/niklas/Documents/Telerrobotics/Lab2/ros2_ws/install/houghmessage/share/houghmessage/cmake/export_houghmessage__rosidl_typesupport_fastrtps_cppExport-noconfig.cmake
[3.873s] -- Up-to-date: /home/niklas/Documents/Telerrobotics/Lab2/ros2_ws/install/houghmessage/share/houghmessage/cmake/houghmessage__rosidl_typesupport_introspection_cExport.cmake
[3.874s] -- Up-to-date: /home/niklas/Documents/Telerrobotics/Lab2/ros2_ws/install/houghmessage/share/houghmessage/cmake/houghmessage__rosidl_typesupport_introspection_cExport-noconfig.cmake
[3.874s] -- Up-to-date: /home/niklas/Documents/Telerrobotics/Lab2/ros2_ws/install/houghmessage/share/houghmessage/cmake/houghmessage__rosidl_typesupport_cExport.cmake
[3.874s] -- Up-to-date: /home/niklas/Documents/Telerrobotics/Lab2/ros2_ws/install/houghmessage/share/houghmessage/cmake/houghmessage__rosidl_typesupport_cExport-noconfig.cmake
[3.874s] -- Up-to-date: /home/niklas/Documents/Telerrobotics/Lab2/ros2_ws/install/houghmessage/share/houghmessage/cmake/houghmessage__rosidl_typesupport_introspection_cppExport.cmake
[3.874s] -- Up-to-date: /home/niklas/Documents/Telerrobotics/Lab2/ros2_ws/install/houghmessage/share/houghmessage/cmake/houghmessage__rosidl_typesupport_introspection_cppExport-noconfig.cmake
[3.874s] -- Up-to-date: /home/niklas/Documents/Telerrobotics/Lab2/ros2_ws/install/houghmessage/share/houghmessage/cmake/houghmessage__rosidl_typesupport_cppExport.cmake
[3.875s] -- Up-to-date: /home/niklas/Documents/Telerrobotics/Lab2/ros2_ws/install/houghmessage/share/houghmessage/cmake/houghmessage__rosidl_typesupport_cppExport-noconfig.cmake
[3.875s] -- Up-to-date: /home/niklas/Documents/Telerrobotics/Lab2/ros2_ws/install/houghmessage/share/houghmessage/cmake/export_houghmessage__rosidl_generator_pyExport.cmake
[3.875s] -- Up-to-date: /home/niklas/Documents/Telerrobotics/Lab2/ros2_ws/install/houghmessage/share/houghmessage/cmake/export_houghmessage__rosidl_generator_pyExport-noconfig.cmake
[3.875s] -- Up-to-date: /home/niklas/Documents/Telerrobotics/Lab2/ros2_ws/install/houghmessage/share/houghmessage/cmake/rosidl_cmake-extras.cmake
[3.875s] -- Up-to-date: /home/niklas/Documents/Telerrobotics/Lab2/ros2_ws/install/houghmessage/share/houghmessage/cmake/ament_cmake_export_dependencies-extras.cmake
[3.875s] -- Up-to-date: /home/niklas/Documents/Telerrobotics/Lab2/ros2_ws/install/houghmessage/share/houghmessage/cmake/ament_cmake_export_include_directories-extras.cmake
[3.875s] -- Up-to-date: /home/niklas/Documents/Telerrobotics/Lab2/ros2_ws/install/houghmessage/share/houghmessage/cmake/ament_cmake_export_libraries-extras.cmake
[3.876s] -- Up-to-date: /home/niklas/Documents/Telerrobotics/Lab2/ros2_ws/install/houghmessage/share/houghmessage/cmake/ament_cmake_export_targets-extras.cmake
[3.877s] -- Up-to-date: /home/niklas/Documents/Telerrobotics/Lab2/ros2_ws/install/houghmessage/share/houghmessage/cmake/rosidl_cmake_export_typesupport_targets-extras.cmake
[3.878s] -- Up-to-date: /home/niklas/Documents/Telerrobotics/Lab2/ros2_ws/install/houghmessage/share/houghmessage/cmake/rosidl_cmake_export_typesupport_libraries-extras.cmake
[3.880s] -- Up-to-date: /home/niklas/Documents/Telerrobotics/Lab2/ros2_ws/install/houghmessage/share/houghmessage/cmake/houghmessageConfig.cmake
[3.880s] -- Up-to-date: /home/niklas/Documents/Telerrobotics/Lab2/ros2_ws/install/houghmessage/share/houghmessage/cmake/houghmessageConfig-version.cmake
[3.880s] -- Up-to-date: /home/niklas/Documents/Telerrobotics/Lab2/ros2_ws/install/houghmessage/share/houghmessage/package.xml
