[1.148s] Invoking command in '/home/niklas/Documents/Telerrobotics/Lab2/ros2_ws_hough/build/turtlebot3_node': CMAKE_PREFIX_PATH=/home/niklas/Documents/Telerrobotics/Lab2/ros2_ws_hough/install/turtlebot3_msgs:/home/niklas/Documents/Telerrobotics/Lab2/ros2_ws_hough/install/dynamixel_sdk:/home/niklas/Documents/Telerrobotics/Lab2/ros2_ws_hough/install/turtlebot3:/home/niklas/Documents/Telerrobotics/Lab2/ros2_ws_hough/install/turtlebot3_simulations:/home/niklas/Documents/Telerrobotics/Lab2/ros2_ws_hough/install/turtlebot3_bringup:/home/niklas/Documents/Telerrobotics/Lab2/ros2_ws_hough/install/turtlebot3_node:/home/niklas/Documents/Telerrobotics/Lab2/ros2_ws_hough/install/turtlebot3_navigation2:/home/niklas/Documents/Telerrobotics/Lab2/ros2_ws_hough/install/turtlebot3_fake_node:/home/niklas/Documents/Telerrobotics/Lab2/ros2_ws_hough/install/turtlebot3_gazebo:/home/niklas/Documents/Telerrobotics/Lab2/ros2_ws_hough/install/turtlebot3_description:/home/niklas/Documents/Telerrobotics/Lab2/ros2_ws_hough/install/turtlebot3_cartographer:/home/niklas/Documents/Telerrobotics/Lab2/ros2_ws_hough/install/rwth:/home/niklas/Documents/Telerrobotics/Lab2/ros2_ws_hough/install/houghmessage:/home/niklas/Documents/Telerrobotics/Lab2/ros2_ws_hough/install/dynamixel_sdk_examples:/home/niklas/Documents/Telerrobotics/Lab2/ros2_ws_hough/install/dynamixel_sdk_custom_interfaces:/home/niklas/Documents/Telerrobotics/Lab2/ros2_ws_hough/install/turtlebot3_teleop:/home/niklas/Documents/Telerrobotics/Lab2/ros2_ws_hough/install/turtlebot3_example:/opt/ros/humble LD_LIBRARY_PATH=/home/niklas/Documents/Telerrobotics/Lab2/ros2_ws_hough/install/turtlebot3_msgs/lib:/home/niklas/Documents/Telerrobotics/Lab2/ros2_ws_hough/install/dynamixel_sdk/lib:/home/niklas/Documents/Telerrobotics/Lab2/ros2_ws_hough/install/houghmessage/lib:/home/niklas/Documents/Telerrobotics/Lab2/ros2_ws_hough/install/dynamixel_sdk_custom_interfaces/lib:/usr/lib/x86_64-linux-gnu/gazebo-11/plugins:/opt/ros/humble/opt/rviz_ogre_vendor/lib:/opt/ros/humble/lib/x86_64-linux-gnu:/opt/ros/humble/lib /usr/bin/cmake /home/niklas/Documents/Telerrobotics/Lab2/ros2_ws_hough/src/turtlebot3/turtlebot3_node -DCMAKE_INSTALL_PREFIX=/home/niklas/Documents/Telerrobotics/Lab2/ros2_ws_hough/install/turtlebot3_node
[2.291s] -- The C compiler identification is GNU 11.4.0
[2.291s] -- The CXX compiler identification is GNU 11.4.0
[2.292s] -- Detecting C compiler ABI info
[2.292s] -- Detecting C compiler ABI info - done
[2.293s] -- Check for working C compiler: /usr/bin/cc - skipped
[2.293s] -- Detecting C compile features
[2.300s] -- Detecting C compile features - done
[2.301s] -- Detecting CXX compiler ABI info
[2.433s] -- Detecting CXX compiler ABI info - done
[2.481s] -- Check for working CXX compiler: /usr/bin/c++ - skipped
[2.482s] -- Detecting CXX compile features
[2.483s] -- Detecting CXX compile features - done
[2.496s] -- Found ament_cmake: 1.3.5 (/opt/ros/humble/share/ament_cmake/cmake)
[3.401s] -- Found Python3: /usr/bin/python3.10 (found version "3.10.12") found components: Interpreter 
[3.868s] -- Found dynamixel_sdk: 3.7.60 (/home/niklas/Documents/Telerrobotics/Lab2/ros2_ws_hough/install/dynamixel_sdk/share/dynamixel_sdk/cmake)
[3.877s] -- Found geometry_msgs: 4.2.3 (/opt/ros/humble/share/geometry_msgs/cmake)
[4.154s] -- Found rosidl_generator_c: 3.1.5 (/opt/ros/humble/share/rosidl_generator_c/cmake)
[4.194s] -- Found rosidl_adapter: 3.1.5 (/opt/ros/humble/share/rosidl_adapter/cmake)
[4.232s] -- Found rosidl_generator_cpp: 3.1.5 (/opt/ros/humble/share/rosidl_generator_cpp/cmake)
[4.281s] -- Using all available rosidl_typesupport_c: rosidl_typesupport_fastrtps_c;rosidl_typesupport_introspection_c
[4.351s] -- Using all available rosidl_typesupport_cpp: rosidl_typesupport_fastrtps_cpp;rosidl_typesupport_introspection_cpp
[4.868s] -- Found message_filters: 4.3.3 (/opt/ros/humble/share/message_filters/cmake)
[5.171s] -- Found rmw_implementation_cmake: 6.1.1 (/opt/ros/humble/share/rmw_implementation_cmake/cmake)
[5.197s] -- Found rmw_fastrtps_cpp: 6.2.4 (/opt/ros/humble/share/rmw_fastrtps_cpp/cmake)
[5.841s] -- Found OpenSSL: /usr/lib/x86_64-linux-gnu/libcrypto.so (found version "3.0.2")  
[5.987s] -- Found FastRTPS: /opt/ros/humble/include  
[6.220s] -- Using RMW implementation 'rmw_fastrtps_cpp' as default
[6.287s] -- Looking for pthread.h
[6.830s] -- Looking for pthread.h - found
[6.831s] -- Performing Test CMAKE_HAVE_LIBC_PTHREAD
[7.295s] -- Performing Test CMAKE_HAVE_LIBC_PTHREAD - Success
[7.298s] -- Found Threads: TRUE  
[7.933s] -- Found nav_msgs: 4.2.3 (/opt/ros/humble/share/nav_msgs/cmake)
[8.291s] -- Found sensor_msgs: 4.2.3 (/opt/ros/humble/share/sensor_msgs/cmake)
[8.590s] -- Found std_srvs: 4.2.3 (/opt/ros/humble/share/std_srvs/cmake)
[8.657s] -- Found tf2: 0.25.4 (/opt/ros/humble/share/tf2/cmake)
[8.714s] -- Found tf2_ros: 0.25.4 (/opt/ros/humble/share/tf2_ros/cmake)
[9.741s] -- Found turtlebot3_msgs: 2.2.3 (/home/niklas/Documents/Telerrobotics/Lab2/ros2_ws_hough/install/turtlebot3_msgs/share/turtlebot3_msgs/cmake)
[10.369s] -- Configuring done
[10.439s] -- Generating done
[10.456s] -- Build files have been written to: /home/niklas/Documents/Telerrobotics/Lab2/ros2_ws_hough/build/turtlebot3_node
[10.528s] Invoked command in '/home/niklas/Documents/Telerrobotics/Lab2/ros2_ws_hough/build/turtlebot3_node' returned '0': CMAKE_PREFIX_PATH=/home/niklas/Documents/Telerrobotics/Lab2/ros2_ws_hough/install/turtlebot3_msgs:/home/niklas/Documents/Telerrobotics/Lab2/ros2_ws_hough/install/dynamixel_sdk:/home/niklas/Documents/Telerrobotics/Lab2/ros2_ws_hough/install/turtlebot3:/home/niklas/Documents/Telerrobotics/Lab2/ros2_ws_hough/install/turtlebot3_simulations:/home/niklas/Documents/Telerrobotics/Lab2/ros2_ws_hough/install/turtlebot3_bringup:/home/niklas/Documents/Telerrobotics/Lab2/ros2_ws_hough/install/turtlebot3_node:/home/niklas/Documents/Telerrobotics/Lab2/ros2_ws_hough/install/turtlebot3_navigation2:/home/niklas/Documents/Telerrobotics/Lab2/ros2_ws_hough/install/turtlebot3_fake_node:/home/niklas/Documents/Telerrobotics/Lab2/ros2_ws_hough/install/turtlebot3_gazebo:/home/niklas/Documents/Telerrobotics/Lab2/ros2_ws_hough/install/turtlebot3_description:/home/niklas/Documents/Telerrobotics/Lab2/ros2_ws_hough/install/turtlebot3_cartographer:/home/niklas/Documents/Telerrobotics/Lab2/ros2_ws_hough/install/rwth:/home/niklas/Documents/Telerrobotics/Lab2/ros2_ws_hough/install/houghmessage:/home/niklas/Documents/Telerrobotics/Lab2/ros2_ws_hough/install/dynamixel_sdk_examples:/home/niklas/Documents/Telerrobotics/Lab2/ros2_ws_hough/install/dynamixel_sdk_custom_interfaces:/home/niklas/Documents/Telerrobotics/Lab2/ros2_ws_hough/install/turtlebot3_teleop:/home/niklas/Documents/Telerrobotics/Lab2/ros2_ws_hough/install/turtlebot3_example:/opt/ros/humble LD_LIBRARY_PATH=/home/niklas/Documents/Telerrobotics/Lab2/ros2_ws_hough/install/turtlebot3_msgs/lib:/home/niklas/Documents/Telerrobotics/Lab2/ros2_ws_hough/install/dynamixel_sdk/lib:/home/niklas/Documents/Telerrobotics/Lab2/ros2_ws_hough/install/houghmessage/lib:/home/niklas/Documents/Telerrobotics/Lab2/ros2_ws_hough/install/dynamixel_sdk_custom_interfaces/lib:/usr/lib/x86_64-linux-gnu/gazebo-11/plugins:/opt/ros/humble/opt/rviz_ogre_vendor/lib:/opt/ros/humble/lib/x86_64-linux-gnu:/opt/ros/humble/lib /usr/bin/cmake /home/niklas/Documents/Telerrobotics/Lab2/ros2_ws_hough/src/turtlebot3/turtlebot3_node -DCMAKE_INSTALL_PREFIX=/home/niklas/Documents/Telerrobotics/Lab2/ros2_ws_hough/install/turtlebot3_node
[10.543s] Invoking command in '/home/niklas/Documents/Telerrobotics/Lab2/ros2_ws_hough/build/turtlebot3_node': CMAKE_PREFIX_PATH=/home/niklas/Documents/Telerrobotics/Lab2/ros2_ws_hough/install/turtlebot3_msgs:/home/niklas/Documents/Telerrobotics/Lab2/ros2_ws_hough/install/dynamixel_sdk:/home/niklas/Documents/Telerrobotics/Lab2/ros2_ws_hough/install/turtlebot3:/home/niklas/Documents/Telerrobotics/Lab2/ros2_ws_hough/install/turtlebot3_simulations:/home/niklas/Documents/Telerrobotics/Lab2/ros2_ws_hough/install/turtlebot3_bringup:/home/niklas/Documents/Telerrobotics/Lab2/ros2_ws_hough/install/turtlebot3_node:/home/niklas/Documents/Telerrobotics/Lab2/ros2_ws_hough/install/turtlebot3_navigation2:/home/niklas/Documents/Telerrobotics/Lab2/ros2_ws_hough/install/turtlebot3_fake_node:/home/niklas/Documents/Telerrobotics/Lab2/ros2_ws_hough/install/turtlebot3_gazebo:/home/niklas/Documents/Telerrobotics/Lab2/ros2_ws_hough/install/turtlebot3_description:/home/niklas/Documents/Telerrobotics/Lab2/ros2_ws_hough/install/turtlebot3_cartographer:/home/niklas/Documents/Telerrobotics/Lab2/ros2_ws_hough/install/rwth:/home/niklas/Documents/Telerrobotics/Lab2/ros2_ws_hough/install/houghmessage:/home/niklas/Documents/Telerrobotics/Lab2/ros2_ws_hough/install/dynamixel_sdk_examples:/home/niklas/Documents/Telerrobotics/Lab2/ros2_ws_hough/install/dynamixel_sdk_custom_interfaces:/home/niklas/Documents/Telerrobotics/Lab2/ros2_ws_hough/install/turtlebot3_teleop:/home/niklas/Documents/Telerrobotics/Lab2/ros2_ws_hough/install/turtlebot3_example:/opt/ros/humble LD_LIBRARY_PATH=/home/niklas/Documents/Telerrobotics/Lab2/ros2_ws_hough/install/turtlebot3_msgs/lib:/home/niklas/Documents/Telerrobotics/Lab2/ros2_ws_hough/install/dynamixel_sdk/lib:/home/niklas/Documents/Telerrobotics/Lab2/ros2_ws_hough/install/houghmessage/lib:/home/niklas/Documents/Telerrobotics/Lab2/ros2_ws_hough/install/dynamixel_sdk_custom_interfaces/lib:/usr/lib/x86_64-linux-gnu/gazebo-11/plugins:/opt/ros/humble/opt/rviz_ogre_vendor/lib:/opt/ros/humble/lib/x86_64-linux-gnu:/opt/ros/humble/lib /usr/bin/cmake --build /home/niklas/Documents/Telerrobotics/Lab2/ros2_ws_hough/build/turtlebot3_node -- -j8 -l8
[10.870s] [  7%] [32mBuilding CXX object CMakeFiles/turtlebot3_node_lib.dir/src/devices/motor_power.cpp.o[0m
[10.885s] [ 14%] [32mBuilding CXX object CMakeFiles/turtlebot3_node_lib.dir/src/devices/sound.cpp.o[0m
[10.914s] [ 21%] [32mBuilding CXX object CMakeFiles/turtlebot3_node_lib.dir/src/devices/reset.cpp.o[0m
[10.921s] [ 28%] [32mBuilding CXX object CMakeFiles/turtlebot3_node_lib.dir/src/diff_drive_controller.cpp.o[0m
[10.957s] [ 35%] [32mBuilding CXX object CMakeFiles/turtlebot3_node_lib.dir/src/dynamixel_sdk_wrapper.cpp.o[0m
[11.063s] [ 42%] [32mBuilding CXX object CMakeFiles/turtlebot3_node_lib.dir/src/odometry.cpp.o[0m
[12.141s] [ 50%] [32mBuilding CXX object CMakeFiles/turtlebot3_node_lib.dir/src/sensors/battery_state.cpp.o[0m
[12.235s] [ 57%] [32mBuilding CXX object CMakeFiles/turtlebot3_node_lib.dir/src/turtlebot3.cpp.o[0m
[13.613s] [ 64%] [32mBuilding CXX object CMakeFiles/turtlebot3_node_lib.dir/src/sensors/imu.cpp.o[0m
[62.863s] [ 71%] [32mBuilding CXX object CMakeFiles/turtlebot3_node_lib.dir/src/sensors/sensor_state.cpp.o[0m
[71.460s] [ 78%] [32mBuilding CXX object CMakeFiles/turtlebot3_node_lib.dir/src/sensors/joint_state.cpp.o[0m
[79.545s] [ 85%] [32m[1mLinking CXX static library libturtlebot3_node_lib.a[0m
[81.374s] [ 85%] Built target turtlebot3_node_lib
[81.423s] [ 92%] [32mBuilding CXX object CMakeFiles/turtlebot3_ros.dir/src/node_main.cpp.o[0m
[86.941s] [100%] [32m[1mLinking CXX executable turtlebot3_ros[0m
[90.256s] [100%] Built target turtlebot3_ros
[90.291s] Invoked command in '/home/niklas/Documents/Telerrobotics/Lab2/ros2_ws_hough/build/turtlebot3_node' returned '0': CMAKE_PREFIX_PATH=/home/niklas/Documents/Telerrobotics/Lab2/ros2_ws_hough/install/turtlebot3_msgs:/home/niklas/Documents/Telerrobotics/Lab2/ros2_ws_hough/install/dynamixel_sdk:/home/niklas/Documents/Telerrobotics/Lab2/ros2_ws_hough/install/turtlebot3:/home/niklas/Documents/Telerrobotics/Lab2/ros2_ws_hough/install/turtlebot3_simulations:/home/niklas/Documents/Telerrobotics/Lab2/ros2_ws_hough/install/turtlebot3_bringup:/home/niklas/Documents/Telerrobotics/Lab2/ros2_ws_hough/install/turtlebot3_node:/home/niklas/Documents/Telerrobotics/Lab2/ros2_ws_hough/install/turtlebot3_navigation2:/home/niklas/Documents/Telerrobotics/Lab2/ros2_ws_hough/install/turtlebot3_fake_node:/home/niklas/Documents/Telerrobotics/Lab2/ros2_ws_hough/install/turtlebot3_gazebo:/home/niklas/Documents/Telerrobotics/Lab2/ros2_ws_hough/install/turtlebot3_description:/home/niklas/Documents/Telerrobotics/Lab2/ros2_ws_hough/install/turtlebot3_cartographer:/home/niklas/Documents/Telerrobotics/Lab2/ros2_ws_hough/install/rwth:/home/niklas/Documents/Telerrobotics/Lab2/ros2_ws_hough/install/houghmessage:/home/niklas/Documents/Telerrobotics/Lab2/ros2_ws_hough/install/dynamixel_sdk_examples:/home/niklas/Documents/Telerrobotics/Lab2/ros2_ws_hough/install/dynamixel_sdk_custom_interfaces:/home/niklas/Documents/Telerrobotics/Lab2/ros2_ws_hough/install/turtlebot3_teleop:/home/niklas/Documents/Telerrobotics/Lab2/ros2_ws_hough/install/turtlebot3_example:/opt/ros/humble LD_LIBRARY_PATH=/home/niklas/Documents/Telerrobotics/Lab2/ros2_ws_hough/install/turtlebot3_msgs/lib:/home/niklas/Documents/Telerrobotics/Lab2/ros2_ws_hough/install/dynamixel_sdk/lib:/home/niklas/Documents/Telerrobotics/Lab2/ros2_ws_hough/install/houghmessage/lib:/home/niklas/Documents/Telerrobotics/Lab2/ros2_ws_hough/install/dynamixel_sdk_custom_interfaces/lib:/usr/lib/x86_64-linux-gnu/gazebo-11/plugins:/opt/ros/humble/opt/rviz_ogre_vendor/lib:/opt/ros/humble/lib/x86_64-linux-gnu:/opt/ros/humble/lib /usr/bin/cmake --build /home/niklas/Documents/Telerrobotics/Lab2/ros2_ws_hough/build/turtlebot3_node -- -j8 -l8
[90.423s] Invoking command in '/home/niklas/Documents/Telerrobotics/Lab2/ros2_ws_hough/build/turtlebot3_node': CMAKE_PREFIX_PATH=/home/niklas/Documents/Telerrobotics/Lab2/ros2_ws_hough/install/turtlebot3_msgs:/home/niklas/Documents/Telerrobotics/Lab2/ros2_ws_hough/install/dynamixel_sdk:/home/niklas/Documents/Telerrobotics/Lab2/ros2_ws_hough/install/turtlebot3:/home/niklas/Documents/Telerrobotics/Lab2/ros2_ws_hough/install/turtlebot3_simulations:/home/niklas/Documents/Telerrobotics/Lab2/ros2_ws_hough/install/turtlebot3_bringup:/home/niklas/Documents/Telerrobotics/Lab2/ros2_ws_hough/install/turtlebot3_node:/home/niklas/Documents/Telerrobotics/Lab2/ros2_ws_hough/install/turtlebot3_navigation2:/home/niklas/Documents/Telerrobotics/Lab2/ros2_ws_hough/install/turtlebot3_fake_node:/home/niklas/Documents/Telerrobotics/Lab2/ros2_ws_hough/install/turtlebot3_gazebo:/home/niklas/Documents/Telerrobotics/Lab2/ros2_ws_hough/install/turtlebot3_description:/home/niklas/Documents/Telerrobotics/Lab2/ros2_ws_hough/install/turtlebot3_cartographer:/home/niklas/Documents/Telerrobotics/Lab2/ros2_ws_hough/install/rwth:/home/niklas/Documents/Telerrobotics/Lab2/ros2_ws_hough/install/houghmessage:/home/niklas/Documents/Telerrobotics/Lab2/ros2_ws_hough/install/dynamixel_sdk_examples:/home/niklas/Documents/Telerrobotics/Lab2/ros2_ws_hough/install/dynamixel_sdk_custom_interfaces:/home/niklas/Documents/Telerrobotics/Lab2/ros2_ws_hough/install/turtlebot3_teleop:/home/niklas/Documents/Telerrobotics/Lab2/ros2_ws_hough/install/turtlebot3_example:/opt/ros/humble LD_LIBRARY_PATH=/home/niklas/Documents/Telerrobotics/Lab2/ros2_ws_hough/install/turtlebot3_msgs/lib:/home/niklas/Documents/Telerrobotics/Lab2/ros2_ws_hough/install/dynamixel_sdk/lib:/home/niklas/Documents/Telerrobotics/Lab2/ros2_ws_hough/install/houghmessage/lib:/home/niklas/Documents/Telerrobotics/Lab2/ros2_ws_hough/install/dynamixel_sdk_custom_interfaces/lib:/usr/lib/x86_64-linux-gnu/gazebo-11/plugins:/opt/ros/humble/opt/rviz_ogre_vendor/lib:/opt/ros/humble/lib/x86_64-linux-gnu:/opt/ros/humble/lib /usr/bin/cmake --install /home/niklas/Documents/Telerrobotics/Lab2/ros2_ws_hough/build/turtlebot3_node
[90.438s] -- Install configuration: ""
[90.438s] -- Installing: /home/niklas/Documents/Telerrobotics/Lab2/ros2_ws_hough/install/turtlebot3_node/share/turtlebot3_node/param
[90.438s] -- Installing: /home/niklas/Documents/Telerrobotics/Lab2/ros2_ws_hough/install/turtlebot3_node/share/turtlebot3_node/param/waffle_pi.yaml
[90.438s] -- Installing: /home/niklas/Documents/Telerrobotics/Lab2/ros2_ws_hough/install/turtlebot3_node/share/turtlebot3_node/param/burger.yaml
[90.438s] -- Installing: /home/niklas/Documents/Telerrobotics/Lab2/ros2_ws_hough/install/turtlebot3_node/share/turtlebot3_node/param/waffle.yaml
[90.439s] -- Installing: /home/niklas/Documents/Telerrobotics/Lab2/ros2_ws_hough/install/turtlebot3_node/lib/turtlebot3_node/turtlebot3_ros
[90.468s] -- Set runtime path of "/home/niklas/Documents/Telerrobotics/Lab2/ros2_ws_hough/install/turtlebot3_node/lib/turtlebot3_node/turtlebot3_ros" to ""
[90.468s] -- Installing: /home/niklas/Documents/Telerrobotics/Lab2/ros2_ws_hough/install/turtlebot3_node/share/ament_index/resource_index/package_run_dependencies/turtlebot3_node
[90.468s] -- Installing: /home/niklas/Documents/Telerrobotics/Lab2/ros2_ws_hough/install/turtlebot3_node/share/ament_index/resource_index/parent_prefix_path/turtlebot3_node
[90.468s] -- Installing: /home/niklas/Documents/Telerrobotics/Lab2/ros2_ws_hough/install/turtlebot3_node/share/turtlebot3_node/environment/ament_prefix_path.sh
[90.469s] -- Installing: /home/niklas/Documents/Telerrobotics/Lab2/ros2_ws_hough/install/turtlebot3_node/share/turtlebot3_node/environment/ament_prefix_path.dsv
[90.469s] -- Installing: /home/niklas/Documents/Telerrobotics/Lab2/ros2_ws_hough/install/turtlebot3_node/share/turtlebot3_node/environment/path.sh
[90.469s] -- Installing: /home/niklas/Documents/Telerrobotics/Lab2/ros2_ws_hough/install/turtlebot3_node/share/turtlebot3_node/environment/path.dsv
[90.469s] -- Installing: /home/niklas/Documents/Telerrobotics/Lab2/ros2_ws_hough/install/turtlebot3_node/share/turtlebot3_node/local_setup.bash
[90.470s] -- Installing: /home/niklas/Documents/Telerrobotics/Lab2/ros2_ws_hough/install/turtlebot3_node/share/turtlebot3_node/local_setup.sh
[90.470s] -- Installing: /home/niklas/Documents/Telerrobotics/Lab2/ros2_ws_hough/install/turtlebot3_node/share/turtlebot3_node/local_setup.zsh
[90.470s] -- Installing: /home/niklas/Documents/Telerrobotics/Lab2/ros2_ws_hough/install/turtlebot3_node/share/turtlebot3_node/local_setup.dsv
[90.471s] -- Installing: /home/niklas/Documents/Telerrobotics/Lab2/ros2_ws_hough/install/turtlebot3_node/share/turtlebot3_node/package.dsv
[90.471s] -- Installing: /home/niklas/Documents/Telerrobotics/Lab2/ros2_ws_hough/install/turtlebot3_node/share/ament_index/resource_index/packages/turtlebot3_node
[90.471s] -- Installing: /home/niklas/Documents/Telerrobotics/Lab2/ros2_ws_hough/install/turtlebot3_node/share/turtlebot3_node/cmake/ament_cmake_export_include_directories-extras.cmake
[90.472s] -- Installing: /home/niklas/Documents/Telerrobotics/Lab2/ros2_ws_hough/install/turtlebot3_node/share/turtlebot3_node/cmake/turtlebot3_nodeConfig.cmake
[90.472s] -- Installing: /home/niklas/Documents/Telerrobotics/Lab2/ros2_ws_hough/install/turtlebot3_node/share/turtlebot3_node/cmake/turtlebot3_nodeConfig-version.cmake
[90.472s] -- Installing: /home/niklas/Documents/Telerrobotics/Lab2/ros2_ws_hough/install/turtlebot3_node/share/turtlebot3_node/package.xml
[90.477s] Invoked command in '/home/niklas/Documents/Telerrobotics/Lab2/ros2_ws_hough/build/turtlebot3_node' returned '0': CMAKE_PREFIX_PATH=/home/niklas/Documents/Telerrobotics/Lab2/ros2_ws_hough/install/turtlebot3_msgs:/home/niklas/Documents/Telerrobotics/Lab2/ros2_ws_hough/install/dynamixel_sdk:/home/niklas/Documents/Telerrobotics/Lab2/ros2_ws_hough/install/turtlebot3:/home/niklas/Documents/Telerrobotics/Lab2/ros2_ws_hough/install/turtlebot3_simulations:/home/niklas/Documents/Telerrobotics/Lab2/ros2_ws_hough/install/turtlebot3_bringup:/home/niklas/Documents/Telerrobotics/Lab2/ros2_ws_hough/install/turtlebot3_node:/home/niklas/Documents/Telerrobotics/Lab2/ros2_ws_hough/install/turtlebot3_navigation2:/home/niklas/Documents/Telerrobotics/Lab2/ros2_ws_hough/install/turtlebot3_fake_node:/home/niklas/Documents/Telerrobotics/Lab2/ros2_ws_hough/install/turtlebot3_gazebo:/home/niklas/Documents/Telerrobotics/Lab2/ros2_ws_hough/install/turtlebot3_description:/home/niklas/Documents/Telerrobotics/Lab2/ros2_ws_hough/install/turtlebot3_cartographer:/home/niklas/Documents/Telerrobotics/Lab2/ros2_ws_hough/install/rwth:/home/niklas/Documents/Telerrobotics/Lab2/ros2_ws_hough/install/houghmessage:/home/niklas/Documents/Telerrobotics/Lab2/ros2_ws_hough/install/dynamixel_sdk_examples:/home/niklas/Documents/Telerrobotics/Lab2/ros2_ws_hough/install/dynamixel_sdk_custom_interfaces:/home/niklas/Documents/Telerrobotics/Lab2/ros2_ws_hough/install/turtlebot3_teleop:/home/niklas/Documents/Telerrobotics/Lab2/ros2_ws_hough/install/turtlebot3_example:/opt/ros/humble LD_LIBRARY_PATH=/home/niklas/Documents/Telerrobotics/Lab2/ros2_ws_hough/install/turtlebot3_msgs/lib:/home/niklas/Documents/Telerrobotics/Lab2/ros2_ws_hough/install/dynamixel_sdk/lib:/home/niklas/Documents/Telerrobotics/Lab2/ros2_ws_hough/install/houghmessage/lib:/home/niklas/Documents/Telerrobotics/Lab2/ros2_ws_hough/install/dynamixel_sdk_custom_interfaces/lib:/usr/lib/x86_64-linux-gnu/gazebo-11/plugins:/opt/ros/humble/opt/rviz_ogre_vendor/lib:/opt/ros/humble/lib/x86_64-linux-gnu:/opt/ros/humble/lib /usr/bin/cmake --install /home/niklas/Documents/Telerrobotics/Lab2/ros2_ws_hough/build/turtlebot3_node
