[0.411s] Invoking command in '/home/niklas/Documents/Telerrobotics/Lab2/ros2_ws/build/houghmessage': CMAKE_PREFIX_PATH=/opt/ros/humble /usr/bin/cmake --build /home/niklas/Documents/Telerrobotics/Lab2/ros2_ws/build/houghmessage -- -j8 -l8
[0.529s] [35m[1mConsolidate compiler generated dependencies of target houghmessage__rosidl_generator_c[0m
[0.557s] [  9%] Built target houghmessage__rosidl_generator_c
[0.573s] [ 12%] Built target houghmessage__cpp
[0.582s] [35m[1mConsolidate compiler generated dependencies of target houghmessage__rosidl_typesupport_c[0m
[0.582s] [35m[1mConsolidate compiler generated dependencies of target houghmessage__rosidl_typesupport_introspection_c[0m
[0.595s] [ 12%] Built target ament_cmake_python_copy_houghmessage
[0.601s] [35m[1mConsolidate compiler generated dependencies of target houghmessage__rosidl_typesupport_fastrtps_cpp[0m
[0.603s] [35m[1mConsolidate compiler generated dependencies of target houghmessage__rosidl_typesupport_cpp[0m
[0.609s] [35m[1mConsolidate compiler generated dependencies of target houghmessage__rosidl_typesupport_fastrtps_c[0m
[0.643s] [35m[1mConsolidate compiler generated dependencies of target houghmessage__rosidl_typesupport_introspection_cpp[0m
[0.644s] [ 22%] Built target houghmessage__rosidl_typesupport_c
[0.645s] [ 32%] Built target houghmessage__rosidl_typesupport_introspection_c
[0.659s] [ 41%] Built target houghmessage__rosidl_typesupport_fastrtps_cpp
[0.661s] [ 51%] Built target houghmessage__rosidl_typesupport_cpp
[0.677s] [ 61%] Built target houghmessage__rosidl_typesupport_fastrtps_c
[0.685s] [ 70%] Built target houghmessage__rosidl_typesupport_introspection_cpp
[0.731s] [ 70%] Built target houghmessage
[0.777s] [ 74%] Built target houghmessage__py
[0.806s] [35m[1mConsolidate compiler generated dependencies of target houghmessage__rosidl_generator_py[0m
[0.853s] [ 80%] Built target houghmessage__rosidl_generator_py
[0.871s] [35m[1mConsolidate compiler generated dependencies of target houghmessage__rosidl_typesupport_c__pyext[0m
[0.871s] [35m[1mConsolidate compiler generated dependencies of target houghmessage__rosidl_typesupport_introspection_c__pyext[0m
[0.874s] [35m[1mConsolidate compiler generated dependencies of target houghmessage__rosidl_typesupport_fastrtps_c__pyext[0m
[0.905s] [ 87%] Built target houghmessage__rosidl_typesupport_introspection_c__pyext
[0.915s] [ 93%] Built target houghmessage__rosidl_typesupport_fastrtps_c__pyext
[0.926s] [100%] Built target houghmessage__rosidl_typesupport_c__pyext
[1.181s] running egg_info
[1.182s] writing houghmessage.egg-info/PKG-INFO
[1.182s] writing dependency_links to houghmessage.egg-info/dependency_links.txt
[1.182s] writing top-level names to houghmessage.egg-info/top_level.txt
[1.190s] reading manifest file 'houghmessage.egg-info/SOURCES.txt'
[1.190s] writing manifest file 'houghmessage.egg-info/SOURCES.txt'
[1.262s] [100%] Built target ament_cmake_python_build_houghmessage_egg
[1.409s] Invoked command in '/home/niklas/Documents/Telerrobotics/Lab2/ros2_ws/build/houghmessage' returned '0': CMAKE_PREFIX_PATH=/opt/ros/humble /usr/bin/cmake --build /home/niklas/Documents/Telerrobotics/Lab2/ros2_ws/build/houghmessage -- -j8 -l8
[1.558s] Invoking command in '/home/niklas/Documents/Telerrobotics/Lab2/ros2_ws/build/houghmessage': CMAKE_PREFIX_PATH=/opt/ros/humble /usr/bin/cmake --install /home/niklas/Documents/Telerrobotics/Lab2/ros2_ws/build/houghmessage
[1.576s] -- Install configuration: ""
[1.576s] -- Up-to-date: /home/niklas/Documents/Telerrobotics/Lab2/ros2_ws/install/houghmessage/share/ament_index/resource_index/rosidl_interfaces/houghmessage
[1.576s] -- Up-to-date: /home/niklas/Documents/Telerrobotics/Lab2/ros2_ws/install/houghmessage/include/houghmessage/houghmessage
[1.577s] -- Up-to-date: /home/niklas/Documents/Telerrobotics/Lab2/ros2_ws/install/houghmessage/include/houghmessage/houghmessage/msg
[1.577s] -- Up-to-date: /home/niklas/Documents/Telerrobotics/Lab2/ros2_ws/install/houghmessage/include/houghmessage/houghmessage/msg/rosidl_generator_c__visibility_control.h
[1.577s] -- Up-to-date: /home/niklas/Documents/Telerrobotics/Lab2/ros2_ws/install/houghmessage/include/houghmessage/houghmessage/msg/r_whough_line.h
[1.577s] -- Up-to-date: /home/niklas/Documents/Telerrobotics/Lab2/ros2_ws/install/houghmessage/include/houghmessage/houghmessage/msg/detail
[1.577s] -- Up-to-date: /home/niklas/Documents/Telerrobotics/Lab2/ros2_ws/install/houghmessage/include/houghmessage/houghmessage/msg/detail/r_whough_line__struct.h
[1.578s] -- Up-to-date: /home/niklas/Documents/Telerrobotics/Lab2/ros2_ws/install/houghmessage/include/houghmessage/houghmessage/msg/detail/r_whough_line__functions.h
[1.578s] -- Up-to-date: /home/niklas/Documents/Telerrobotics/Lab2/ros2_ws/install/houghmessage/include/houghmessage/houghmessage/msg/detail/r_whough_line__functions.c
[1.578s] -- Up-to-date: /home/niklas/Documents/Telerrobotics/Lab2/ros2_ws/install/houghmessage/include/houghmessage/houghmessage/msg/detail/r_whough_line__type_support.h
[1.578s] -- Up-to-date: /home/niklas/Documents/Telerrobotics/Lab2/ros2_ws/install/houghmessage/share/houghmessage/environment/library_path.sh
[1.579s] -- Up-to-date: /home/niklas/Documents/Telerrobotics/Lab2/ros2_ws/install/houghmessage/share/houghmessage/environment/library_path.dsv
[1.579s] -- Up-to-date: /home/niklas/Documents/Telerrobotics/Lab2/ros2_ws/install/houghmessage/lib/libhoughmessage__rosidl_generator_c.so
[1.579s] -- Up-to-date: /home/niklas/Documents/Telerrobotics/Lab2/ros2_ws/install/houghmessage/include/houghmessage/houghmessage
[1.580s] -- Up-to-date: /home/niklas/Documents/Telerrobotics/Lab2/ros2_ws/install/houghmessage/include/houghmessage/houghmessage/msg
[1.580s] -- Up-to-date: /home/niklas/Documents/Telerrobotics/Lab2/ros2_ws/install/houghmessage/include/houghmessage/houghmessage/msg/rosidl_typesupport_fastrtps_c__visibility_control.h
[1.580s] -- Up-to-date: /home/niklas/Documents/Telerrobotics/Lab2/ros2_ws/install/houghmessage/include/houghmessage/houghmessage/msg/detail
[1.580s] -- Up-to-date: /home/niklas/Documents/Telerrobotics/Lab2/ros2_ws/install/houghmessage/include/houghmessage/houghmessage/msg/detail/r_whough_line__rosidl_typesupport_fastrtps_c.h
[1.580s] -- Up-to-date: /home/niklas/Documents/Telerrobotics/Lab2/ros2_ws/install/houghmessage/lib/libhoughmessage__rosidl_typesupport_fastrtps_c.so
[1.580s] -- Up-to-date: /home/niklas/Documents/Telerrobotics/Lab2/ros2_ws/install/houghmessage/include/houghmessage/houghmessage
[1.581s] -- Up-to-date: /home/niklas/Documents/Telerrobotics/Lab2/ros2_ws/install/houghmessage/include/houghmessage/houghmessage/msg
[1.581s] -- Up-to-date: /home/niklas/Documents/Telerrobotics/Lab2/ros2_ws/install/houghmessage/include/houghmessage/houghmessage/msg/r_whough_line.hpp
[1.581s] -- Up-to-date: /home/niklas/Documents/Telerrobotics/Lab2/ros2_ws/install/houghmessage/include/houghmessage/houghmessage/msg/detail
[1.581s] -- Up-to-date: /home/niklas/Documents/Telerrobotics/Lab2/ros2_ws/install/houghmessage/include/houghmessage/houghmessage/msg/detail/r_whough_line__traits.hpp
[1.581s] -- Up-to-date: /home/niklas/Documents/Telerrobotics/Lab2/ros2_ws/install/houghmessage/include/houghmessage/houghmessage/msg/detail/r_whough_line__builder.hpp
[1.582s] -- Up-to-date: /home/niklas/Documents/Telerrobotics/Lab2/ros2_ws/install/houghmessage/include/houghmessage/houghmessage/msg/detail/r_whough_line__struct.hpp
[1.582s] -- Up-to-date: /home/niklas/Documents/Telerrobotics/Lab2/ros2_ws/install/houghmessage/include/houghmessage/houghmessage
[1.582s] -- Up-to-date: /home/niklas/Documents/Telerrobotics/Lab2/ros2_ws/install/houghmessage/include/houghmessage/houghmessage/msg
[1.582s] -- Up-to-date: /home/niklas/Documents/Telerrobotics/Lab2/ros2_ws/install/houghmessage/include/houghmessage/houghmessage/msg/rosidl_typesupport_fastrtps_cpp__visibility_control.h
[1.582s] -- Up-to-date: /home/niklas/Documents/Telerrobotics/Lab2/ros2_ws/install/houghmessage/include/houghmessage/houghmessage/msg/detail
[1.583s] -- Up-to-date: /home/niklas/Documents/Telerrobotics/Lab2/ros2_ws/install/houghmessage/include/houghmessage/houghmessage/msg/detail/dds_fastrtps
[1.583s] -- Up-to-date: /home/niklas/Documents/Telerrobotics/Lab2/ros2_ws/install/houghmessage/include/houghmessage/houghmessage/msg/detail/r_whough_line__rosidl_typesupport_fastrtps_cpp.hpp
[1.583s] -- Up-to-date: /home/niklas/Documents/Telerrobotics/Lab2/ros2_ws/install/houghmessage/lib/libhoughmessage__rosidl_typesupport_fastrtps_cpp.so
[1.583s] -- Up-to-date: /home/niklas/Documents/Telerrobotics/Lab2/ros2_ws/install/houghmessage/include/houghmessage/houghmessage
[1.583s] -- Up-to-date: /home/niklas/Documents/Telerrobotics/Lab2/ros2_ws/install/houghmessage/include/houghmessage/houghmessage/msg
[1.584s] -- Up-to-date: /home/niklas/Documents/Telerrobotics/Lab2/ros2_ws/install/houghmessage/include/houghmessage/houghmessage/msg/rosidl_typesupport_introspection_c__visibility_control.h
[1.584s] -- Up-to-date: /home/niklas/Documents/Telerrobotics/Lab2/ros2_ws/install/houghmessage/include/houghmessage/houghmessage/msg/detail
[1.584s] -- Up-to-date: /home/niklas/Documents/Telerrobotics/Lab2/ros2_ws/install/houghmessage/include/houghmessage/houghmessage/msg/detail/r_whough_line__rosidl_typesupport_introspection_c.h
[1.584s] -- Up-to-date: /home/niklas/Documents/Telerrobotics/Lab2/ros2_ws/install/houghmessage/include/houghmessage/houghmessage/msg/detail/r_whough_line__type_support.c
[1.584s] -- Up-to-date: /home/niklas/Documents/Telerrobotics/Lab2/ros2_ws/install/houghmessage/lib/libhoughmessage__rosidl_typesupport_introspection_c.so
[1.588s] -- Up-to-date: /home/niklas/Documents/Telerrobotics/Lab2/ros2_ws/install/houghmessage/lib/libhoughmessage__rosidl_typesupport_c.so
[1.588s] -- Up-to-date: /home/niklas/Documents/Telerrobotics/Lab2/ros2_ws/install/houghmessage/include/houghmessage/houghmessage
[1.588s] -- Up-to-date: /home/niklas/Documents/Telerrobotics/Lab2/ros2_ws/install/houghmessage/include/houghmessage/houghmessage/msg
[1.588s] -- Up-to-date: /home/niklas/Documents/Telerrobotics/Lab2/ros2_ws/install/houghmessage/include/houghmessage/houghmessage/msg/detail
[1.589s] -- Up-to-date: /home/niklas/Documents/Telerrobotics/Lab2/ros2_ws/install/houghmessage/include/houghmessage/houghmessage/msg/detail/r_whough_line__type_support.cpp
[1.589s] -- Up-to-date: /home/niklas/Documents/Telerrobotics/Lab2/ros2_ws/install/houghmessage/include/houghmessage/houghmessage/msg/detail/r_whough_line__rosidl_typesupport_introspection_cpp.hpp
[1.589s] -- Up-to-date: /home/niklas/Documents/Telerrobotics/Lab2/ros2_ws/install/houghmessage/lib/libhoughmessage__rosidl_typesupport_introspection_cpp.so
[1.589s] -- Up-to-date: /home/niklas/Documents/Telerrobotics/Lab2/ros2_ws/install/houghmessage/lib/libhoughmessage__rosidl_typesupport_cpp.so
[1.589s] -- Up-to-date: /home/niklas/Documents/Telerrobotics/Lab2/ros2_ws/install/houghmessage/share/houghmessage/environment/pythonpath.sh
[1.589s] -- Up-to-date: /home/niklas/Documents/Telerrobotics/Lab2/ros2_ws/install/houghmessage/share/houghmessage/environment/pythonpath.dsv
[1.590s] -- Up-to-date: /home/niklas/Documents/Telerrobotics/Lab2/ros2_ws/install/houghmessage/local/lib/python3.10/dist-packages/houghmessage-0.0.0-py3.10.egg-info
[1.590s] -- Installing: /home/niklas/Documents/Telerrobotics/Lab2/ros2_ws/install/houghmessage/local/lib/python3.10/dist-packages/houghmessage-0.0.0-py3.10.egg-info/dependency_links.txt
[1.590s] -- Installing: /home/niklas/Documents/Telerrobotics/Lab2/ros2_ws/install/houghmessage/local/lib/python3.10/dist-packages/houghmessage-0.0.0-py3.10.egg-info/PKG-INFO
[1.590s] -- Installing: /home/niklas/Documents/Telerrobotics/Lab2/ros2_ws/install/houghmessage/local/lib/python3.10/dist-packages/houghmessage-0.0.0-py3.10.egg-info/SOURCES.txt
[1.590s] -- Installing: /home/niklas/Documents/Telerrobotics/Lab2/ros2_ws/install/houghmessage/local/lib/python3.10/dist-packages/houghmessage-0.0.0-py3.10.egg-info/top_level.txt
[1.590s] -- Up-to-date: /home/niklas/Documents/Telerrobotics/Lab2/ros2_ws/install/houghmessage/local/lib/python3.10/dist-packages/houghmessage
[1.591s] -- Up-to-date: /home/niklas/Documents/Telerrobotics/Lab2/ros2_ws/install/houghmessage/local/lib/python3.10/dist-packages/houghmessage/_houghmessage_s.ep.rosidl_typesupport_fastrtps_c.c
[1.591s] -- Up-to-date: /home/niklas/Documents/Telerrobotics/Lab2/ros2_ws/install/houghmessage/local/lib/python3.10/dist-packages/houghmessage/_houghmessage_s.ep.rosidl_typesupport_introspection_c.c
[1.591s] -- Up-to-date: /home/niklas/Documents/Telerrobotics/Lab2/ros2_ws/install/houghmessage/local/lib/python3.10/dist-packages/houghmessage/houghmessage_s__rosidl_typesupport_introspection_c.cpython-310-x86_64-linux-gnu.so
[1.591s] -- Up-to-date: /home/niklas/Documents/Telerrobotics/Lab2/ros2_ws/install/houghmessage/local/lib/python3.10/dist-packages/houghmessage/_houghmessage_s.ep.rosidl_typesupport_c.c
[1.591s] -- Up-to-date: /home/niklas/Documents/Telerrobotics/Lab2/ros2_ws/install/houghmessage/local/lib/python3.10/dist-packages/houghmessage/__init__.py
[1.591s] -- Up-to-date: /home/niklas/Documents/Telerrobotics/Lab2/ros2_ws/install/houghmessage/local/lib/python3.10/dist-packages/houghmessage/houghmessage_s__rosidl_typesupport_fastrtps_c.cpython-310-x86_64-linux-gnu.so
[1.592s] -- Up-to-date: /home/niklas/Documents/Telerrobotics/Lab2/ros2_ws/install/houghmessage/local/lib/python3.10/dist-packages/houghmessage/msg
[1.592s] -- Up-to-date: /home/niklas/Documents/Telerrobotics/Lab2/ros2_ws/install/houghmessage/local/lib/python3.10/dist-packages/houghmessage/msg/__init__.py
[1.592s] -- Up-to-date: /home/niklas/Documents/Telerrobotics/Lab2/ros2_ws/install/houghmessage/local/lib/python3.10/dist-packages/houghmessage/msg/_r_whough_line.py
[1.592s] -- Up-to-date: /home/niklas/Documents/Telerrobotics/Lab2/ros2_ws/install/houghmessage/local/lib/python3.10/dist-packages/houghmessage/msg/_r_whough_line_s.c
[1.592s] -- Up-to-date: /home/niklas/Documents/Telerrobotics/Lab2/ros2_ws/install/houghmessage/local/lib/python3.10/dist-packages/houghmessage/libhoughmessage__rosidl_generator_py.so
[1.592s] -- Up-to-date: /home/niklas/Documents/Telerrobotics/Lab2/ros2_ws/install/houghmessage/local/lib/python3.10/dist-packages/houghmessage/houghmessage_s__rosidl_typesupport_c.cpython-310-x86_64-linux-gnu.so
[1.656s] Listing '/home/niklas/Documents/Telerrobotics/Lab2/ros2_ws/install/houghmessage/local/lib/python3.10/dist-packages/houghmessage'...
[1.657s] Listing '/home/niklas/Documents/Telerrobotics/Lab2/ros2_ws/install/houghmessage/local/lib/python3.10/dist-packages/houghmessage/msg'...
[1.666s] -- Up-to-date: /home/niklas/Documents/Telerrobotics/Lab2/ros2_ws/install/houghmessage/local/lib/python3.10/dist-packages/houghmessage/houghmessage_s__rosidl_typesupport_fastrtps_c.cpython-310-x86_64-linux-gnu.so
[1.667s] -- Up-to-date: /home/niklas/Documents/Telerrobotics/Lab2/ros2_ws/install/houghmessage/local/lib/python3.10/dist-packages/houghmessage/houghmessage_s__rosidl_typesupport_introspection_c.cpython-310-x86_64-linux-gnu.so
[1.668s] -- Up-to-date: /home/niklas/Documents/Telerrobotics/Lab2/ros2_ws/install/houghmessage/local/lib/python3.10/dist-packages/houghmessage/houghmessage_s__rosidl_typesupport_c.cpython-310-x86_64-linux-gnu.so
[1.668s] -- Up-to-date: /home/niklas/Documents/Telerrobotics/Lab2/ros2_ws/install/houghmessage/lib/libhoughmessage__rosidl_generator_py.so
[1.669s] -- Up-to-date: /home/niklas/Documents/Telerrobotics/Lab2/ros2_ws/install/houghmessage/share/houghmessage/msg/RWhoughLine.idl
[1.669s] -- Up-to-date: /home/niklas/Documents/Telerrobotics/Lab2/ros2_ws/install/houghmessage/share/houghmessage/msg/RWhoughLine.msg
[1.669s] -- Up-to-date: /home/niklas/Documents/Telerrobotics/Lab2/ros2_ws/install/houghmessage/share/ament_index/resource_index/package_run_dependencies/houghmessage
[1.670s] -- Up-to-date: /home/niklas/Documents/Telerrobotics/Lab2/ros2_ws/install/houghmessage/share/ament_index/resource_index/parent_prefix_path/houghmessage
[1.670s] -- Up-to-date: /home/niklas/Documents/Telerrobotics/Lab2/ros2_ws/install/houghmessage/share/houghmessage/environment/ament_prefix_path.sh
[1.670s] -- Up-to-date: /home/niklas/Documents/Telerrobotics/Lab2/ros2_ws/install/houghmessage/share/houghmessage/environment/ament_prefix_path.dsv
[1.670s] -- Up-to-date: /home/niklas/Documents/Telerrobotics/Lab2/ros2_ws/install/houghmessage/share/houghmessage/environment/path.sh
[1.671s] -- Up-to-date: /home/niklas/Documents/Telerrobotics/Lab2/ros2_ws/install/houghmessage/share/houghmessage/environment/path.dsv
[1.671s] -- Up-to-date: /home/niklas/Documents/Telerrobotics/Lab2/ros2_ws/install/houghmessage/share/houghmessage/local_setup.bash
[1.671s] -- Up-to-date: /home/niklas/Documents/Telerrobotics/Lab2/ros2_ws/install/houghmessage/share/houghmessage/local_setup.sh
[1.671s] -- Up-to-date: /home/niklas/Documents/Telerrobotics/Lab2/ros2_ws/install/houghmessage/share/houghmessage/local_setup.zsh
[1.671s] -- Up-to-date: /home/niklas/Documents/Telerrobotics/Lab2/ros2_ws/install/houghmessage/share/houghmessage/local_setup.dsv
[1.672s] -- Installing: /home/niklas/Documents/Telerrobotics/Lab2/ros2_ws/install/houghmessage/share/houghmessage/package.dsv
[1.672s] -- Up-to-date: /home/niklas/Documents/Telerrobotics/Lab2/ros2_ws/install/houghmessage/share/ament_index/resource_index/packages/houghmessage
[1.672s] -- Up-to-date: /home/niklas/Documents/Telerrobotics/Lab2/ros2_ws/install/houghmessage/share/houghmessage/cmake/export_houghmessage__rosidl_generator_cExport.cmake
[1.672s] -- Up-to-date: /home/niklas/Documents/Telerrobotics/Lab2/ros2_ws/install/houghmessage/share/houghmessage/cmake/export_houghmessage__rosidl_generator_cExport-noconfig.cmake
[1.672s] -- Up-to-date: /home/niklas/Documents/Telerrobotics/Lab2/ros2_ws/install/houghmessage/share/houghmessage/cmake/export_houghmessage__rosidl_typesupport_fastrtps_cExport.cmake
[1.673s] -- Up-to-date: /home/niklas/Documents/Telerrobotics/Lab2/ros2_ws/install/houghmessage/share/houghmessage/cmake/export_houghmessage__rosidl_typesupport_fastrtps_cExport-noconfig.cmake
[1.673s] -- Up-to-date: /home/niklas/Documents/Telerrobotics/Lab2/ros2_ws/install/houghmessage/share/houghmessage/cmake/export_houghmessage__rosidl_generator_cppExport.cmake
[1.673s] -- Up-to-date: /home/niklas/Documents/Telerrobotics/Lab2/ros2_ws/install/houghmessage/share/houghmessage/cmake/export_houghmessage__rosidl_typesupport_fastrtps_cppExport.cmake
[1.673s] -- Up-to-date: /home/niklas/Documents/Telerrobotics/Lab2/ros2_ws/install/houghmessage/share/houghmessage/cmake/export_houghmessage__rosidl_typesupport_fastrtps_cppExport-noconfig.cmake
[1.673s] -- Up-to-date: /home/niklas/Documents/Telerrobotics/Lab2/ros2_ws/install/houghmessage/share/houghmessage/cmake/houghmessage__rosidl_typesupport_introspection_cExport.cmake
[1.674s] -- Up-to-date: /home/niklas/Documents/Telerrobotics/Lab2/ros2_ws/install/houghmessage/share/houghmessage/cmake/houghmessage__rosidl_typesupport_introspection_cExport-noconfig.cmake
[1.674s] -- Up-to-date: /home/niklas/Documents/Telerrobotics/Lab2/ros2_ws/install/houghmessage/share/houghmessage/cmake/houghmessage__rosidl_typesupport_cExport.cmake
[1.674s] -- Up-to-date: /home/niklas/Documents/Telerrobotics/Lab2/ros2_ws/install/houghmessage/share/houghmessage/cmake/houghmessage__rosidl_typesupport_cExport-noconfig.cmake
[1.674s] -- Up-to-date: /home/niklas/Documents/Telerrobotics/Lab2/ros2_ws/install/houghmessage/share/houghmessage/cmake/houghmessage__rosidl_typesupport_introspection_cppExport.cmake
[1.675s] -- Up-to-date: /home/niklas/Documents/Telerrobotics/Lab2/ros2_ws/install/houghmessage/share/houghmessage/cmake/houghmessage__rosidl_typesupport_introspection_cppExport-noconfig.cmake
[1.675s] -- Up-to-date: /home/niklas/Documents/Telerrobotics/Lab2/ros2_ws/install/houghmessage/share/houghmessage/cmake/houghmessage__rosidl_typesupport_cppExport.cmake
[1.675s] -- Up-to-date: /home/niklas/Documents/Telerrobotics/Lab2/ros2_ws/install/houghmessage/share/houghmessage/cmake/houghmessage__rosidl_typesupport_cppExport-noconfig.cmake
[1.675s] -- Up-to-date: /home/niklas/Documents/Telerrobotics/Lab2/ros2_ws/install/houghmessage/share/houghmessage/cmake/export_houghmessage__rosidl_generator_pyExport.cmake
[1.675s] -- Up-to-date: /home/niklas/Documents/Telerrobotics/Lab2/ros2_ws/install/houghmessage/share/houghmessage/cmake/export_houghmessage__rosidl_generator_pyExport-noconfig.cmake
[1.675s] -- Up-to-date: /home/niklas/Documents/Telerrobotics/Lab2/ros2_ws/install/houghmessage/share/houghmessage/cmake/rosidl_cmake-extras.cmake
[1.675s] -- Up-to-date: /home/niklas/Documents/Telerrobotics/Lab2/ros2_ws/install/houghmessage/share/houghmessage/cmake/ament_cmake_export_dependencies-extras.cmake
[1.676s] -- Up-to-date: /home/niklas/Documents/Telerrobotics/Lab2/ros2_ws/install/houghmessage/share/houghmessage/cmake/ament_cmake_export_include_directories-extras.cmake
[1.676s] -- Up-to-date: /home/niklas/Documents/Telerrobotics/Lab2/ros2_ws/install/houghmessage/share/houghmessage/cmake/ament_cmake_export_libraries-extras.cmake
[1.676s] -- Up-to-date: /home/niklas/Documents/Telerrobotics/Lab2/ros2_ws/install/houghmessage/share/houghmessage/cmake/ament_cmake_export_targets-extras.cmake
[1.676s] -- Up-to-date: /home/niklas/Documents/Telerrobotics/Lab2/ros2_ws/install/houghmessage/share/houghmessage/cmake/rosidl_cmake_export_typesupport_targets-extras.cmake
[1.676s] -- Up-to-date: /home/niklas/Documents/Telerrobotics/Lab2/ros2_ws/install/houghmessage/share/houghmessage/cmake/rosidl_cmake_export_typesupport_libraries-extras.cmake
[1.676s] -- Up-to-date: /home/niklas/Documents/Telerrobotics/Lab2/ros2_ws/install/houghmessage/share/houghmessage/cmake/houghmessageConfig.cmake
[1.677s] -- Up-to-date: /home/niklas/Documents/Telerrobotics/Lab2/ros2_ws/install/houghmessage/share/houghmessage/cmake/houghmessageConfig-version.cmake
[1.677s] -- Up-to-date: /home/niklas/Documents/Telerrobotics/Lab2/ros2_ws/install/houghmessage/share/houghmessage/package.xml
[1.680s] Invoked command in '/home/niklas/Documents/Telerrobotics/Lab2/ros2_ws/build/houghmessage' returned '0': CMAKE_PREFIX_PATH=/opt/ros/humble /usr/bin/cmake --install /home/niklas/Documents/Telerrobotics/Lab2/ros2_ws/build/houghmessage
