[0.863s] Invoking command in '/home/niklas/Documents/Telerrobotics/Lab2/ros2_ws/build/dynamixel_sdk_examples': AMENT_PREFIX_PATH=/home/niklas/Documents/Telerrobotics/Lab2/ros2_ws/install/dynamixel_sdk_custom_interfaces:/home/niklas/Documents/Telerrobotics/Lab2/ros2_ws/install/dynamixel_sdk:${AMENT_PREFIX_PATH} CMAKE_PREFIX_PATH=/home/niklas/Documents/Telerrobotics/Lab2/ros2_ws/install/dynamixel_sdk_custom_interfaces:/home/niklas/Documents/Telerrobotics/Lab2/ros2_ws/install/dynamixel_sdk:/opt/ros/humble LD_LIBRARY_PATH=/home/niklas/Documents/Telerrobotics/Lab2/ros2_ws/install/dynamixel_sdk_custom_interfaces/lib:/home/niklas/Documents/Telerrobotics/Lab2/ros2_ws/install/dynamixel_sdk/lib:${LD_LIBRARY_PATH} PYTHONPATH=/home/niklas/Documents/Telerrobotics/Lab2/ros2_ws/install/dynamixel_sdk_custom_interfaces/local/lib/python3.10/dist-packages:${PYTHONPATH} /usr/bin/cmake /home/niklas/Documents/Telerrobotics/Lab2/ros2_ws/src/DynamixelSDK/dynamixel_sdk_examples -DCMAKE_INSTALL_PREFIX=/home/niklas/Documents/Telerrobotics/Lab2/ros2_ws/install/dynamixel_sdk_examples
[1.085s] -- The C compiler identification is GNU 11.4.0
[1.317s] -- The CXX compiler identification is GNU 11.4.0
[1.333s] -- Detecting C compiler ABI info
[1.645s] -- Detecting C compiler ABI info - done
[1.664s] -- Check for working C compiler: /usr/bin/cc - skipped
[1.664s] -- Detecting C compile features
[1.665s] -- Detecting C compile features - done
[1.675s] -- Detecting CXX compiler ABI info
[1.926s] -- Detecting CXX compiler ABI info - done
[1.942s] -- Check for working CXX compiler: /usr/bin/c++ - skipped
[1.943s] -- Detecting CXX compile features
[1.943s] -- Detecting CXX compile features - done
[1.949s] -- Found ament_cmake: 1.3.5 (/opt/ros/humble/share/ament_cmake/cmake)
[2.350s] -- Found Python3: /usr/bin/python3.10 (found version "3.10.12") found components: Interpreter 
[2.534s] -- Found dynamixel_sdk: 3.7.60 (/home/niklas/Documents/Telerrobotics/Lab2/ros2_ws/install/dynamixel_sdk/share/dynamixel_sdk/cmake)
[2.537s] -- Found dynamixel_sdk_custom_interfaces: 3.7.60 (/home/niklas/Documents/Telerrobotics/Lab2/ros2_ws/install/dynamixel_sdk_custom_interfaces/share/dynamixel_sdk_custom_interfaces/cmake)
[2.615s] -- Found rosidl_generator_c: 3.1.5 (/opt/ros/humble/share/rosidl_generator_c/cmake)
[2.626s] -- Found rosidl_adapter: 3.1.5 (/opt/ros/humble/share/rosidl_adapter/cmake)
[2.645s] -- Found rosidl_generator_cpp: 3.1.5 (/opt/ros/humble/share/rosidl_generator_cpp/cmake)
[2.676s] -- Using all available rosidl_typesupport_c: rosidl_typesupport_fastrtps_c;rosidl_typesupport_introspection_c
[2.722s] -- Using all available rosidl_typesupport_cpp: rosidl_typesupport_fastrtps_cpp;rosidl_typesupport_introspection_cpp
[2.856s] -- Found rclcpp: 16.0.6 (/opt/ros/humble/share/rclcpp/cmake)
[2.994s] -- Found rmw_implementation_cmake: 6.1.1 (/opt/ros/humble/share/rmw_implementation_cmake/cmake)
[3.002s] -- Found rmw_fastrtps_cpp: 6.2.4 (/opt/ros/humble/share/rmw_fastrtps_cpp/cmake)
[3.264s] -- Found OpenSSL: /usr/lib/x86_64-linux-gnu/libcrypto.so (found version "3.0.2")  
[3.347s] -- Found FastRTPS: /opt/ros/humble/include  
[3.463s] -- Using RMW implementation 'rmw_fastrtps_cpp' as default
[3.482s] -- Looking for pthread.h
[3.649s] -- Looking for pthread.h - found
[3.649s] -- Performing Test CMAKE_HAVE_LIBC_PTHREAD
[3.838s] -- Performing Test CMAKE_HAVE_LIBC_PTHREAD - Success
[3.838s] -- Found Threads: TRUE  
[4.185s] -- Found ament_lint_auto: 0.12.8 (/opt/ros/humble/share/ament_lint_auto/cmake)
[4.463s] -- Added test 'copyright' to check source files copyright and LICENSE
[4.477s] -- Added test 'cppcheck' to perform static code analysis on C / C++ code
[4.478s] -- Configured cppcheck include dirs: /home/niklas/Documents/Telerrobotics/Lab2/ros2_ws/src/DynamixelSDK/dynamixel_sdk_examples/include
[4.478s] -- Configured cppcheck exclude dirs and/or files: 
[4.482s] -- Added test 'cpplint' to check C / C++ code against the Google style
[4.483s] -- Configured cpplint exclude dirs and/or files: 
[4.486s] -- Added test 'lint_cmake' to check CMake code style
[4.490s] -- Added test 'uncrustify' to check C / C++ code style
[4.490s] -- Configured uncrustify additional arguments: 
[4.492s] -- Added test 'xmllint' to check XML markup files
[4.501s] -- Configuring done
[4.529s] -- Generating done
[4.534s] -- Build files have been written to: /home/niklas/Documents/Telerrobotics/Lab2/ros2_ws/build/dynamixel_sdk_examples
