[0.540s] Invoking command in '/home/niklas/Documents/Telerrobotics/Lab2/ros2_ws/build/turtlebot3_msgs': CMAKE_PREFIX_PATH=/opt/ros/humble /usr/bin/cmake --build /home/niklas/Documents/Telerrobotics/Lab2/ros2_ws/build/turtlebot3_msgs -- -j8 -l8
[0.628s] [35m[1mConsolidate compiler generated dependencies of target turtlebot3_msgs__rosidl_generator_c[0m
[0.670s] [  1%] Built target turtlebot3_msgs__cpp
[0.681s] [ 12%] Built target turtlebot3_msgs__rosidl_generator_c
[0.706s] [35m[1mConsolidate compiler generated dependencies of target turtlebot3_msgs__rosidl_typesupport_fastrtps_cpp[0m
[0.708s] [35m[1mConsolidate compiler generated dependencies of target turtlebot3_msgs__rosidl_typesupport_cpp[0m
[0.743s] [ 12%] Built target ament_cmake_python_copy_turtlebot3_msgs
[0.768s] [35m[1mConsolidate compiler generated dependencies of target turtlebot3_msgs__rosidl_typesupport_introspection_cpp[0m
[0.780s] [35m[1mConsolidate compiler generated dependencies of target turtlebot3_msgs__rosidl_typesupport_fastrtps_c[0m
[0.781s] [ 23%] Built target turtlebot3_msgs__rosidl_typesupport_cpp
[0.781s] [35m[1mConsolidate compiler generated dependencies of target turtlebot3_msgs__rosidl_typesupport_c[0m
[0.789s] [35m[1mConsolidate compiler generated dependencies of target turtlebot3_msgs__rosidl_typesupport_introspection_c[0m
[0.846s] [ 35%] Built target turtlebot3_msgs__rosidl_typesupport_fastrtps_cpp
[0.874s] [ 46%] Built target turtlebot3_msgs__rosidl_typesupport_introspection_cpp
[0.921s] [ 57%] Built target turtlebot3_msgs__rosidl_typesupport_c
[0.926s] [ 69%] Built target turtlebot3_msgs__rosidl_typesupport_introspection_c
[0.950s] [ 80%] Built target turtlebot3_msgs__rosidl_typesupport_fastrtps_c
[1.010s] [ 80%] Built target turtlebot3_msgs
[1.104s] [ 81%] Built target turtlebot3_msgs__py
[1.136s] [35m[1mConsolidate compiler generated dependencies of target turtlebot3_msgs__rosidl_generator_py[0m
[1.181s] [ 91%] Built target turtlebot3_msgs__rosidl_generator_py
[1.205s] [35m[1mConsolidate compiler generated dependencies of target turtlebot3_msgs__rosidl_typesupport_introspection_c__pyext[0m
[1.205s] [35m[1mConsolidate compiler generated dependencies of target turtlebot3_msgs__rosidl_typesupport_fastrtps_c__pyext[0m
[1.206s] [35m[1mConsolidate compiler generated dependencies of target turtlebot3_msgs__rosidl_typesupport_c__pyext[0m
[1.246s] [ 94%] Built target turtlebot3_msgs__rosidl_typesupport_introspection_c__pyext
[1.251s] [100%] Built target turtlebot3_msgs__rosidl_typesupport_c__pyext
[1.251s] [100%] Built target turtlebot3_msgs__rosidl_typesupport_fastrtps_c__pyext
[1.385s] running egg_info
[1.386s] writing turtlebot3_msgs.egg-info/PKG-INFO
[1.397s] writing dependency_links to turtlebot3_msgs.egg-info/dependency_links.txt
[1.398s] writing top-level names to turtlebot3_msgs.egg-info/top_level.txt
[1.399s] reading manifest file 'turtlebot3_msgs.egg-info/SOURCES.txt'
[1.399s] writing manifest file 'turtlebot3_msgs.egg-info/SOURCES.txt'
[1.486s] [100%] Built target ament_cmake_python_build_turtlebot3_msgs_egg
[1.565s] Invoked command in '/home/niklas/Documents/Telerrobotics/Lab2/ros2_ws/build/turtlebot3_msgs' returned '0': CMAKE_PREFIX_PATH=/opt/ros/humble /usr/bin/cmake --build /home/niklas/Documents/Telerrobotics/Lab2/ros2_ws/build/turtlebot3_msgs -- -j8 -l8
[1.909s] Invoking command in '/home/niklas/Documents/Telerrobotics/Lab2/ros2_ws/build/turtlebot3_msgs': CMAKE_PREFIX_PATH=/opt/ros/humble /usr/bin/cmake --install /home/niklas/Documents/Telerrobotics/Lab2/ros2_ws/build/turtlebot3_msgs
[2.159s] -- Install configuration: ""
[2.161s] -- Installing: /home/niklas/Documents/Telerrobotics/Lab2/ros2_ws/install/turtlebot3_msgs/share/ament_index/resource_index/rosidl_interfaces/turtlebot3_msgs
[2.162s] -- Installing: /home/niklas/Documents/Telerrobotics/Lab2/ros2_ws/install/turtlebot3_msgs/include/turtlebot3_msgs/turtlebot3_msgs
[2.162s] -- Installing: /home/niklas/Documents/Telerrobotics/Lab2/ros2_ws/install/turtlebot3_msgs/include/turtlebot3_msgs/turtlebot3_msgs/srv
[2.162s] -- Installing: /home/niklas/Documents/Telerrobotics/Lab2/ros2_ws/install/turtlebot3_msgs/include/turtlebot3_msgs/turtlebot3_msgs/srv/dqn.h
[2.162s] -- Installing: /home/niklas/Documents/Telerrobotics/Lab2/ros2_ws/install/turtlebot3_msgs/include/turtlebot3_msgs/turtlebot3_msgs/srv/detail
[2.162s] -- Installing: /home/niklas/Documents/Telerrobotics/Lab2/ros2_ws/install/turtlebot3_msgs/include/turtlebot3_msgs/turtlebot3_msgs/srv/detail/dqn__functions.c
[2.162s] -- Installing: /home/niklas/Documents/Telerrobotics/Lab2/ros2_ws/install/turtlebot3_msgs/include/turtlebot3_msgs/turtlebot3_msgs/srv/detail/dqn__type_support.h
[2.163s] -- Installing: /home/niklas/Documents/Telerrobotics/Lab2/ros2_ws/install/turtlebot3_msgs/include/turtlebot3_msgs/turtlebot3_msgs/srv/detail/sound__struct.h
[2.163s] -- Installing: /home/niklas/Documents/Telerrobotics/Lab2/ros2_ws/install/turtlebot3_msgs/include/turtlebot3_msgs/turtlebot3_msgs/srv/detail/sound__type_support.h
[2.163s] -- Installing: /home/niklas/Documents/Telerrobotics/Lab2/ros2_ws/install/turtlebot3_msgs/include/turtlebot3_msgs/turtlebot3_msgs/srv/detail/dqn__struct.h
[2.163s] -- Installing: /home/niklas/Documents/Telerrobotics/Lab2/ros2_ws/install/turtlebot3_msgs/include/turtlebot3_msgs/turtlebot3_msgs/srv/detail/dqn__functions.h
[2.163s] -- Installing: /home/niklas/Documents/Telerrobotics/Lab2/ros2_ws/install/turtlebot3_msgs/include/turtlebot3_msgs/turtlebot3_msgs/srv/detail/sound__functions.c
[2.164s] -- Installing: /home/niklas/Documents/Telerrobotics/Lab2/ros2_ws/install/turtlebot3_msgs/include/turtlebot3_msgs/turtlebot3_msgs/srv/detail/sound__functions.h
[2.164s] -- Installing: /home/niklas/Documents/Telerrobotics/Lab2/ros2_ws/install/turtlebot3_msgs/include/turtlebot3_msgs/turtlebot3_msgs/srv/sound.h
[2.170s] -- Installing: /home/niklas/Documents/Telerrobotics/Lab2/ros2_ws/install/turtlebot3_msgs/include/turtlebot3_msgs/turtlebot3_msgs/msg
[2.170s] -- Installing: /home/niklas/Documents/Telerrobotics/Lab2/ros2_ws/install/turtlebot3_msgs/include/turtlebot3_msgs/turtlebot3_msgs/msg/rosidl_generator_c__visibility_control.h
[2.170s] -- Installing: /home/niklas/Documents/Telerrobotics/Lab2/ros2_ws/install/turtlebot3_msgs/include/turtlebot3_msgs/turtlebot3_msgs/msg/version_info.h
[2.170s] -- Installing: /home/niklas/Documents/Telerrobotics/Lab2/ros2_ws/install/turtlebot3_msgs/include/turtlebot3_msgs/turtlebot3_msgs/msg/sensor_state.h
[2.171s] -- Installing: /home/niklas/Documents/Telerrobotics/Lab2/ros2_ws/install/turtlebot3_msgs/include/turtlebot3_msgs/turtlebot3_msgs/msg/detail
[2.171s] -- Installing: /home/niklas/Documents/Telerrobotics/Lab2/ros2_ws/install/turtlebot3_msgs/include/turtlebot3_msgs/turtlebot3_msgs/msg/detail/version_info__functions.h
[2.171s] -- Installing: /home/niklas/Documents/Telerrobotics/Lab2/ros2_ws/install/turtlebot3_msgs/include/turtlebot3_msgs/turtlebot3_msgs/msg/detail/sound__struct.h
[2.171s] -- Installing: /home/niklas/Documents/Telerrobotics/Lab2/ros2_ws/install/turtlebot3_msgs/include/turtlebot3_msgs/turtlebot3_msgs/msg/detail/sound__type_support.h
[2.171s] -- Installing: /home/niklas/Documents/Telerrobotics/Lab2/ros2_ws/install/turtlebot3_msgs/include/turtlebot3_msgs/turtlebot3_msgs/msg/detail/sensor_state__struct.h
[2.171s] -- Installing: /home/niklas/Documents/Telerrobotics/Lab2/ros2_ws/install/turtlebot3_msgs/include/turtlebot3_msgs/turtlebot3_msgs/msg/detail/version_info__struct.h
[2.172s] -- Installing: /home/niklas/Documents/Telerrobotics/Lab2/ros2_ws/install/turtlebot3_msgs/include/turtlebot3_msgs/turtlebot3_msgs/msg/detail/version_info__type_support.h
[2.172s] -- Installing: /home/niklas/Documents/Telerrobotics/Lab2/ros2_ws/install/turtlebot3_msgs/include/turtlebot3_msgs/turtlebot3_msgs/msg/detail/sensor_state__type_support.h
[2.172s] -- Installing: /home/niklas/Documents/Telerrobotics/Lab2/ros2_ws/install/turtlebot3_msgs/include/turtlebot3_msgs/turtlebot3_msgs/msg/detail/version_info__functions.c
[2.172s] -- Installing: /home/niklas/Documents/Telerrobotics/Lab2/ros2_ws/install/turtlebot3_msgs/include/turtlebot3_msgs/turtlebot3_msgs/msg/detail/sensor_state__functions.c
[2.172s] -- Installing: /home/niklas/Documents/Telerrobotics/Lab2/ros2_ws/install/turtlebot3_msgs/include/turtlebot3_msgs/turtlebot3_msgs/msg/detail/sound__functions.c
[2.172s] -- Installing: /home/niklas/Documents/Telerrobotics/Lab2/ros2_ws/install/turtlebot3_msgs/include/turtlebot3_msgs/turtlebot3_msgs/msg/detail/sensor_state__functions.h
[2.173s] -- Installing: /home/niklas/Documents/Telerrobotics/Lab2/ros2_ws/install/turtlebot3_msgs/include/turtlebot3_msgs/turtlebot3_msgs/msg/detail/sound__functions.h
[2.173s] -- Installing: /home/niklas/Documents/Telerrobotics/Lab2/ros2_ws/install/turtlebot3_msgs/include/turtlebot3_msgs/turtlebot3_msgs/msg/sound.h
[2.173s] -- Installing: /home/niklas/Documents/Telerrobotics/Lab2/ros2_ws/install/turtlebot3_msgs/include/turtlebot3_msgs/turtlebot3_msgs/action
[2.174s] -- Installing: /home/niklas/Documents/Telerrobotics/Lab2/ros2_ws/install/turtlebot3_msgs/include/turtlebot3_msgs/turtlebot3_msgs/action/patrol.h
[2.174s] -- Installing: /home/niklas/Documents/Telerrobotics/Lab2/ros2_ws/install/turtlebot3_msgs/include/turtlebot3_msgs/turtlebot3_msgs/action/detail
[2.174s] -- Installing: /home/niklas/Documents/Telerrobotics/Lab2/ros2_ws/install/turtlebot3_msgs/include/turtlebot3_msgs/turtlebot3_msgs/action/detail/patrol__struct.h
[2.175s] -- Installing: /home/niklas/Documents/Telerrobotics/Lab2/ros2_ws/install/turtlebot3_msgs/include/turtlebot3_msgs/turtlebot3_msgs/action/detail/patrol__functions.c
[2.175s] -- Installing: /home/niklas/Documents/Telerrobotics/Lab2/ros2_ws/install/turtlebot3_msgs/include/turtlebot3_msgs/turtlebot3_msgs/action/detail/patrol__type_support.h
[2.175s] -- Installing: /home/niklas/Documents/Telerrobotics/Lab2/ros2_ws/install/turtlebot3_msgs/include/turtlebot3_msgs/turtlebot3_msgs/action/detail/patrol__functions.h
[2.175s] -- Installing: /home/niklas/Documents/Telerrobotics/Lab2/ros2_ws/install/turtlebot3_msgs/share/turtlebot3_msgs/environment/library_path.sh
[2.175s] -- Installing: /home/niklas/Documents/Telerrobotics/Lab2/ros2_ws/install/turtlebot3_msgs/share/turtlebot3_msgs/environment/library_path.dsv
[2.175s] -- Installing: /home/niklas/Documents/Telerrobotics/Lab2/ros2_ws/install/turtlebot3_msgs/lib/libturtlebot3_msgs__rosidl_generator_c.so
[2.175s] -- Set runtime path of "/home/niklas/Documents/Telerrobotics/Lab2/ros2_ws/install/turtlebot3_msgs/lib/libturtlebot3_msgs__rosidl_generator_c.so" to ""
[2.176s] -- Up-to-date: /home/niklas/Documents/Telerrobotics/Lab2/ros2_ws/install/turtlebot3_msgs/include/turtlebot3_msgs/turtlebot3_msgs
[2.176s] -- Up-to-date: /home/niklas/Documents/Telerrobotics/Lab2/ros2_ws/install/turtlebot3_msgs/include/turtlebot3_msgs/turtlebot3_msgs/srv
[2.176s] -- Up-to-date: /home/niklas/Documents/Telerrobotics/Lab2/ros2_ws/install/turtlebot3_msgs/include/turtlebot3_msgs/turtlebot3_msgs/srv/detail
[2.176s] -- Installing: /home/niklas/Documents/Telerrobotics/Lab2/ros2_ws/install/turtlebot3_msgs/include/turtlebot3_msgs/turtlebot3_msgs/srv/detail/dqn__rosidl_typesupport_fastrtps_c.h
[2.176s] -- Installing: /home/niklas/Documents/Telerrobotics/Lab2/ros2_ws/install/turtlebot3_msgs/include/turtlebot3_msgs/turtlebot3_msgs/srv/detail/sound__rosidl_typesupport_fastrtps_c.h
[2.176s] -- Up-to-date: /home/niklas/Documents/Telerrobotics/Lab2/ros2_ws/install/turtlebot3_msgs/include/turtlebot3_msgs/turtlebot3_msgs/msg
[2.176s] -- Installing: /home/niklas/Documents/Telerrobotics/Lab2/ros2_ws/install/turtlebot3_msgs/include/turtlebot3_msgs/turtlebot3_msgs/msg/rosidl_typesupport_fastrtps_c__visibility_control.h
[2.177s] -- Up-to-date: /home/niklas/Documents/Telerrobotics/Lab2/ros2_ws/install/turtlebot3_msgs/include/turtlebot3_msgs/turtlebot3_msgs/msg/detail
[2.177s] -- Installing: /home/niklas/Documents/Telerrobotics/Lab2/ros2_ws/install/turtlebot3_msgs/include/turtlebot3_msgs/turtlebot3_msgs/msg/detail/version_info__rosidl_typesupport_fastrtps_c.h
[2.183s] -- Installing: /home/niklas/Documents/Telerrobotics/Lab2/ros2_ws/install/turtlebot3_msgs/include/turtlebot3_msgs/turtlebot3_msgs/msg/detail/sound__rosidl_typesupport_fastrtps_c.h
[2.183s] -- Installing: /home/niklas/Documents/Telerrobotics/Lab2/ros2_ws/install/turtlebot3_msgs/include/turtlebot3_msgs/turtlebot3_msgs/msg/detail/sensor_state__rosidl_typesupport_fastrtps_c.h
[2.184s] -- Up-to-date: /home/niklas/Documents/Telerrobotics/Lab2/ros2_ws/install/turtlebot3_msgs/include/turtlebot3_msgs/turtlebot3_msgs/action
[2.186s] -- Up-to-date: /home/niklas/Documents/Telerrobotics/Lab2/ros2_ws/install/turtlebot3_msgs/include/turtlebot3_msgs/turtlebot3_msgs/action/detail
[2.186s] -- Installing: /home/niklas/Documents/Telerrobotics/Lab2/ros2_ws/install/turtlebot3_msgs/include/turtlebot3_msgs/turtlebot3_msgs/action/detail/patrol__rosidl_typesupport_fastrtps_c.h
[2.188s] -- Installing: /home/niklas/Documents/Telerrobotics/Lab2/ros2_ws/install/turtlebot3_msgs/lib/libturtlebot3_msgs__rosidl_typesupport_fastrtps_c.so
[2.189s] -- Set runtime path of "/home/niklas/Documents/Telerrobotics/Lab2/ros2_ws/install/turtlebot3_msgs/lib/libturtlebot3_msgs__rosidl_typesupport_fastrtps_c.so" to ""
[2.189s] -- Up-to-date: /home/niklas/Documents/Telerrobotics/Lab2/ros2_ws/install/turtlebot3_msgs/include/turtlebot3_msgs/turtlebot3_msgs
[2.189s] -- Up-to-date: /home/niklas/Documents/Telerrobotics/Lab2/ros2_ws/install/turtlebot3_msgs/include/turtlebot3_msgs/turtlebot3_msgs/srv
[2.190s] -- Installing: /home/niklas/Documents/Telerrobotics/Lab2/ros2_ws/install/turtlebot3_msgs/include/turtlebot3_msgs/turtlebot3_msgs/srv/sound.hpp
[2.190s] -- Installing: /home/niklas/Documents/Telerrobotics/Lab2/ros2_ws/install/turtlebot3_msgs/include/turtlebot3_msgs/turtlebot3_msgs/srv/dqn.hpp
[2.190s] -- Up-to-date: /home/niklas/Documents/Telerrobotics/Lab2/ros2_ws/install/turtlebot3_msgs/include/turtlebot3_msgs/turtlebot3_msgs/srv/detail
[2.191s] -- Installing: /home/niklas/Documents/Telerrobotics/Lab2/ros2_ws/install/turtlebot3_msgs/include/turtlebot3_msgs/turtlebot3_msgs/srv/detail/sound__struct.hpp
[2.191s] -- Installing: /home/niklas/Documents/Telerrobotics/Lab2/ros2_ws/install/turtlebot3_msgs/include/turtlebot3_msgs/turtlebot3_msgs/srv/detail/dqn__traits.hpp
[2.191s] -- Installing: /home/niklas/Documents/Telerrobotics/Lab2/ros2_ws/install/turtlebot3_msgs/include/turtlebot3_msgs/turtlebot3_msgs/srv/detail/sound__builder.hpp
[2.191s] -- Installing: /home/niklas/Documents/Telerrobotics/Lab2/ros2_ws/install/turtlebot3_msgs/include/turtlebot3_msgs/turtlebot3_msgs/srv/detail/sound__traits.hpp
[2.193s] -- Installing: /home/niklas/Documents/Telerrobotics/Lab2/ros2_ws/install/turtlebot3_msgs/include/turtlebot3_msgs/turtlebot3_msgs/srv/detail/dqn__struct.hpp
[2.195s] -- Installing: /home/niklas/Documents/Telerrobotics/Lab2/ros2_ws/install/turtlebot3_msgs/include/turtlebot3_msgs/turtlebot3_msgs/srv/detail/dqn__builder.hpp
[2.196s] -- Up-to-date: /home/niklas/Documents/Telerrobotics/Lab2/ros2_ws/install/turtlebot3_msgs/include/turtlebot3_msgs/turtlebot3_msgs/msg
[2.196s] -- Installing: /home/niklas/Documents/Telerrobotics/Lab2/ros2_ws/install/turtlebot3_msgs/include/turtlebot3_msgs/turtlebot3_msgs/msg/sound.hpp
[2.196s] -- Installing: /home/niklas/Documents/Telerrobotics/Lab2/ros2_ws/install/turtlebot3_msgs/include/turtlebot3_msgs/turtlebot3_msgs/msg/sensor_state.hpp
[2.196s] -- Installing: /home/niklas/Documents/Telerrobotics/Lab2/ros2_ws/install/turtlebot3_msgs/include/turtlebot3_msgs/turtlebot3_msgs/msg/version_info.hpp
[2.196s] -- Up-to-date: /home/niklas/Documents/Telerrobotics/Lab2/ros2_ws/install/turtlebot3_msgs/include/turtlebot3_msgs/turtlebot3_msgs/msg/detail
[2.197s] -- Installing: /home/niklas/Documents/Telerrobotics/Lab2/ros2_ws/install/turtlebot3_msgs/include/turtlebot3_msgs/turtlebot3_msgs/msg/detail/sound__struct.hpp
[2.197s] -- Installing: /home/niklas/Documents/Telerrobotics/Lab2/ros2_ws/install/turtlebot3_msgs/include/turtlebot3_msgs/turtlebot3_msgs/msg/detail/sound__builder.hpp
[2.197s] -- Installing: /home/niklas/Documents/Telerrobotics/Lab2/ros2_ws/install/turtlebot3_msgs/include/turtlebot3_msgs/turtlebot3_msgs/msg/detail/sound__traits.hpp
[2.199s] -- Installing: /home/niklas/Documents/Telerrobotics/Lab2/ros2_ws/install/turtlebot3_msgs/include/turtlebot3_msgs/turtlebot3_msgs/msg/detail/version_info__traits.hpp
[2.201s] -- Installing: /home/niklas/Documents/Telerrobotics/Lab2/ros2_ws/install/turtlebot3_msgs/include/turtlebot3_msgs/turtlebot3_msgs/msg/detail/sensor_state__traits.hpp
[2.201s] -- Installing: /home/niklas/Documents/Telerrobotics/Lab2/ros2_ws/install/turtlebot3_msgs/include/turtlebot3_msgs/turtlebot3_msgs/msg/detail/version_info__builder.hpp
[2.203s] -- Installing: /home/niklas/Documents/Telerrobotics/Lab2/ros2_ws/install/turtlebot3_msgs/include/turtlebot3_msgs/turtlebot3_msgs/msg/detail/sensor_state__builder.hpp
[2.203s] -- Installing: /home/niklas/Documents/Telerrobotics/Lab2/ros2_ws/install/turtlebot3_msgs/include/turtlebot3_msgs/turtlebot3_msgs/msg/detail/version_info__struct.hpp
[2.203s] -- Installing: /home/niklas/Documents/Telerrobotics/Lab2/ros2_ws/install/turtlebot3_msgs/include/turtlebot3_msgs/turtlebot3_msgs/msg/detail/sensor_state__struct.hpp
[2.204s] -- Up-to-date: /home/niklas/Documents/Telerrobotics/Lab2/ros2_ws/install/turtlebot3_msgs/include/turtlebot3_msgs/turtlebot3_msgs/action
[2.204s] -- Up-to-date: /home/niklas/Documents/Telerrobotics/Lab2/ros2_ws/install/turtlebot3_msgs/include/turtlebot3_msgs/turtlebot3_msgs/action/detail
[2.204s] -- Installing: /home/niklas/Documents/Telerrobotics/Lab2/ros2_ws/install/turtlebot3_msgs/include/turtlebot3_msgs/turtlebot3_msgs/action/detail/patrol__builder.hpp
[2.205s] -- Installing: /home/niklas/Documents/Telerrobotics/Lab2/ros2_ws/install/turtlebot3_msgs/include/turtlebot3_msgs/turtlebot3_msgs/action/detail/patrol__struct.hpp
[2.205s] -- Installing: /home/niklas/Documents/Telerrobotics/Lab2/ros2_ws/install/turtlebot3_msgs/include/turtlebot3_msgs/turtlebot3_msgs/action/detail/patrol__traits.hpp
[2.205s] -- Installing: /home/niklas/Documents/Telerrobotics/Lab2/ros2_ws/install/turtlebot3_msgs/include/turtlebot3_msgs/turtlebot3_msgs/action/patrol.hpp
[2.206s] -- Up-to-date: /home/niklas/Documents/Telerrobotics/Lab2/ros2_ws/install/turtlebot3_msgs/include/turtlebot3_msgs/turtlebot3_msgs
[2.206s] -- Up-to-date: /home/niklas/Documents/Telerrobotics/Lab2/ros2_ws/install/turtlebot3_msgs/include/turtlebot3_msgs/turtlebot3_msgs/srv
[2.207s] -- Up-to-date: /home/niklas/Documents/Telerrobotics/Lab2/ros2_ws/install/turtlebot3_msgs/include/turtlebot3_msgs/turtlebot3_msgs/srv/detail
[2.207s] -- Installing: /home/niklas/Documents/Telerrobotics/Lab2/ros2_ws/install/turtlebot3_msgs/include/turtlebot3_msgs/turtlebot3_msgs/srv/detail/dds_fastrtps
[2.208s] -- Installing: /home/niklas/Documents/Telerrobotics/Lab2/ros2_ws/install/turtlebot3_msgs/include/turtlebot3_msgs/turtlebot3_msgs/srv/detail/sound__rosidl_typesupport_fastrtps_cpp.hpp
[2.209s] -- Installing: /home/niklas/Documents/Telerrobotics/Lab2/ros2_ws/install/turtlebot3_msgs/include/turtlebot3_msgs/turtlebot3_msgs/srv/detail/dqn__rosidl_typesupport_fastrtps_cpp.hpp
[2.209s] -- Up-to-date: /home/niklas/Documents/Telerrobotics/Lab2/ros2_ws/install/turtlebot3_msgs/include/turtlebot3_msgs/turtlebot3_msgs/msg
[2.211s] -- Installing: /home/niklas/Documents/Telerrobotics/Lab2/ros2_ws/install/turtlebot3_msgs/include/turtlebot3_msgs/turtlebot3_msgs/msg/rosidl_typesupport_fastrtps_cpp__visibility_control.h
[2.212s] -- Up-to-date: /home/niklas/Documents/Telerrobotics/Lab2/ros2_ws/install/turtlebot3_msgs/include/turtlebot3_msgs/turtlebot3_msgs/msg/detail
[2.215s] -- Installing: /home/niklas/Documents/Telerrobotics/Lab2/ros2_ws/install/turtlebot3_msgs/include/turtlebot3_msgs/turtlebot3_msgs/msg/detail/dds_fastrtps
[2.217s] -- Installing: /home/niklas/Documents/Telerrobotics/Lab2/ros2_ws/install/turtlebot3_msgs/include/turtlebot3_msgs/turtlebot3_msgs/msg/detail/sound__rosidl_typesupport_fastrtps_cpp.hpp
[2.221s] -- Installing: /home/niklas/Documents/Telerrobotics/Lab2/ros2_ws/install/turtlebot3_msgs/include/turtlebot3_msgs/turtlebot3_msgs/msg/detail/sensor_state__rosidl_typesupport_fastrtps_cpp.hpp
[2.221s] -- Installing: /home/niklas/Documents/Telerrobotics/Lab2/ros2_ws/install/turtlebot3_msgs/include/turtlebot3_msgs/turtlebot3_msgs/msg/detail/version_info__rosidl_typesupport_fastrtps_cpp.hpp
[2.221s] -- Up-to-date: /home/niklas/Documents/Telerrobotics/Lab2/ros2_ws/install/turtlebot3_msgs/include/turtlebot3_msgs/turtlebot3_msgs/action
[2.221s] -- Up-to-date: /home/niklas/Documents/Telerrobotics/Lab2/ros2_ws/install/turtlebot3_msgs/include/turtlebot3_msgs/turtlebot3_msgs/action/detail
[2.221s] -- Installing: /home/niklas/Documents/Telerrobotics/Lab2/ros2_ws/install/turtlebot3_msgs/include/turtlebot3_msgs/turtlebot3_msgs/action/detail/dds_fastrtps
[2.222s] -- Installing: /home/niklas/Documents/Telerrobotics/Lab2/ros2_ws/install/turtlebot3_msgs/include/turtlebot3_msgs/turtlebot3_msgs/action/detail/patrol__rosidl_typesupport_fastrtps_cpp.hpp
[2.222s] -- Installing: /home/niklas/Documents/Telerrobotics/Lab2/ros2_ws/install/turtlebot3_msgs/lib/libturtlebot3_msgs__rosidl_typesupport_fastrtps_cpp.so
[2.222s] -- Set runtime path of "/home/niklas/Documents/Telerrobotics/Lab2/ros2_ws/install/turtlebot3_msgs/lib/libturtlebot3_msgs__rosidl_typesupport_fastrtps_cpp.so" to ""
[2.222s] -- Up-to-date: /home/niklas/Documents/Telerrobotics/Lab2/ros2_ws/install/turtlebot3_msgs/include/turtlebot3_msgs/turtlebot3_msgs
[2.223s] -- Up-to-date: /home/niklas/Documents/Telerrobotics/Lab2/ros2_ws/install/turtlebot3_msgs/include/turtlebot3_msgs/turtlebot3_msgs/srv
[2.223s] -- Up-to-date: /home/niklas/Documents/Telerrobotics/Lab2/ros2_ws/install/turtlebot3_msgs/include/turtlebot3_msgs/turtlebot3_msgs/srv/detail
[2.223s] -- Installing: /home/niklas/Documents/Telerrobotics/Lab2/ros2_ws/install/turtlebot3_msgs/include/turtlebot3_msgs/turtlebot3_msgs/srv/detail/sound__rosidl_typesupport_introspection_c.h
[2.223s] -- Installing: /home/niklas/Documents/Telerrobotics/Lab2/ros2_ws/install/turtlebot3_msgs/include/turtlebot3_msgs/turtlebot3_msgs/srv/detail/dqn__rosidl_typesupport_introspection_c.h
[2.223s] -- Installing: /home/niklas/Documents/Telerrobotics/Lab2/ros2_ws/install/turtlebot3_msgs/include/turtlebot3_msgs/turtlebot3_msgs/srv/detail/sound__type_support.c
[2.223s] -- Installing: /home/niklas/Documents/Telerrobotics/Lab2/ros2_ws/install/turtlebot3_msgs/include/turtlebot3_msgs/turtlebot3_msgs/srv/detail/dqn__type_support.c
[2.223s] -- Up-to-date: /home/niklas/Documents/Telerrobotics/Lab2/ros2_ws/install/turtlebot3_msgs/include/turtlebot3_msgs/turtlebot3_msgs/msg
[2.224s] -- Installing: /home/niklas/Documents/Telerrobotics/Lab2/ros2_ws/install/turtlebot3_msgs/include/turtlebot3_msgs/turtlebot3_msgs/msg/rosidl_typesupport_introspection_c__visibility_control.h
[2.224s] -- Up-to-date: /home/niklas/Documents/Telerrobotics/Lab2/ros2_ws/install/turtlebot3_msgs/include/turtlebot3_msgs/turtlebot3_msgs/msg/detail
[2.224s] -- Installing: /home/niklas/Documents/Telerrobotics/Lab2/ros2_ws/install/turtlebot3_msgs/include/turtlebot3_msgs/turtlebot3_msgs/msg/detail/sound__rosidl_typesupport_introspection_c.h
[2.224s] -- Installing: /home/niklas/Documents/Telerrobotics/Lab2/ros2_ws/install/turtlebot3_msgs/include/turtlebot3_msgs/turtlebot3_msgs/msg/detail/sound__type_support.c
[2.224s] -- Installing: /home/niklas/Documents/Telerrobotics/Lab2/ros2_ws/install/turtlebot3_msgs/include/turtlebot3_msgs/turtlebot3_msgs/msg/detail/sensor_state__rosidl_typesupport_introspection_c.h
[2.224s] -- Installing: /home/niklas/Documents/Telerrobotics/Lab2/ros2_ws/install/turtlebot3_msgs/include/turtlebot3_msgs/turtlebot3_msgs/msg/detail/version_info__type_support.c
[2.225s] -- Installing: /home/niklas/Documents/Telerrobotics/Lab2/ros2_ws/install/turtlebot3_msgs/include/turtlebot3_msgs/turtlebot3_msgs/msg/detail/sensor_state__type_support.c
[2.225s] -- Installing: /home/niklas/Documents/Telerrobotics/Lab2/ros2_ws/install/turtlebot3_msgs/include/turtlebot3_msgs/turtlebot3_msgs/msg/detail/version_info__rosidl_typesupport_introspection_c.h
[2.225s] -- Up-to-date: /home/niklas/Documents/Telerrobotics/Lab2/ros2_ws/install/turtlebot3_msgs/include/turtlebot3_msgs/turtlebot3_msgs/action
[2.225s] -- Up-to-date: /home/niklas/Documents/Telerrobotics/Lab2/ros2_ws/install/turtlebot3_msgs/include/turtlebot3_msgs/turtlebot3_msgs/action/detail
[2.225s] -- Installing: /home/niklas/Documents/Telerrobotics/Lab2/ros2_ws/install/turtlebot3_msgs/include/turtlebot3_msgs/turtlebot3_msgs/action/detail/patrol__rosidl_typesupport_introspection_c.h
[2.226s] -- Installing: /home/niklas/Documents/Telerrobotics/Lab2/ros2_ws/install/turtlebot3_msgs/include/turtlebot3_msgs/turtlebot3_msgs/action/detail/patrol__type_support.c
[2.226s] -- Installing: /home/niklas/Documents/Telerrobotics/Lab2/ros2_ws/install/turtlebot3_msgs/lib/libturtlebot3_msgs__rosidl_typesupport_introspection_c.so
[2.226s] -- Set runtime path of "/home/niklas/Documents/Telerrobotics/Lab2/ros2_ws/install/turtlebot3_msgs/lib/libturtlebot3_msgs__rosidl_typesupport_introspection_c.so" to ""
[2.226s] -- Installing: /home/niklas/Documents/Telerrobotics/Lab2/ros2_ws/install/turtlebot3_msgs/lib/libturtlebot3_msgs__rosidl_typesupport_c.so
[2.226s] -- Set runtime path of "/home/niklas/Documents/Telerrobotics/Lab2/ros2_ws/install/turtlebot3_msgs/lib/libturtlebot3_msgs__rosidl_typesupport_c.so" to ""
[2.226s] -- Up-to-date: /home/niklas/Documents/Telerrobotics/Lab2/ros2_ws/install/turtlebot3_msgs/include/turtlebot3_msgs/turtlebot3_msgs
[2.227s] -- Up-to-date: /home/niklas/Documents/Telerrobotics/Lab2/ros2_ws/install/turtlebot3_msgs/include/turtlebot3_msgs/turtlebot3_msgs/srv
[2.227s] -- Up-to-date: /home/niklas/Documents/Telerrobotics/Lab2/ros2_ws/install/turtlebot3_msgs/include/turtlebot3_msgs/turtlebot3_msgs/srv/detail
[2.227s] -- Installing: /home/niklas/Documents/Telerrobotics/Lab2/ros2_ws/install/turtlebot3_msgs/include/turtlebot3_msgs/turtlebot3_msgs/srv/detail/dqn__rosidl_typesupport_introspection_cpp.hpp
[2.227s] -- Installing: /home/niklas/Documents/Telerrobotics/Lab2/ros2_ws/install/turtlebot3_msgs/include/turtlebot3_msgs/turtlebot3_msgs/srv/detail/dqn__type_support.cpp
[2.227s] -- Installing: /home/niklas/Documents/Telerrobotics/Lab2/ros2_ws/install/turtlebot3_msgs/include/turtlebot3_msgs/turtlebot3_msgs/srv/detail/sound__rosidl_typesupport_introspection_cpp.hpp
[2.228s] -- Installing: /home/niklas/Documents/Telerrobotics/Lab2/ros2_ws/install/turtlebot3_msgs/include/turtlebot3_msgs/turtlebot3_msgs/srv/detail/sound__type_support.cpp
[2.228s] -- Up-to-date: /home/niklas/Documents/Telerrobotics/Lab2/ros2_ws/install/turtlebot3_msgs/include/turtlebot3_msgs/turtlebot3_msgs/msg
[2.228s] -- Up-to-date: /home/niklas/Documents/Telerrobotics/Lab2/ros2_ws/install/turtlebot3_msgs/include/turtlebot3_msgs/turtlebot3_msgs/msg/detail
[2.228s] -- Installing: /home/niklas/Documents/Telerrobotics/Lab2/ros2_ws/install/turtlebot3_msgs/include/turtlebot3_msgs/turtlebot3_msgs/msg/detail/sensor_state__rosidl_typesupport_introspection_cpp.hpp
[2.228s] -- Installing: /home/niklas/Documents/Telerrobotics/Lab2/ros2_ws/install/turtlebot3_msgs/include/turtlebot3_msgs/turtlebot3_msgs/msg/detail/sound__rosidl_typesupport_introspection_cpp.hpp
[2.229s] -- Installing: /home/niklas/Documents/Telerrobotics/Lab2/ros2_ws/install/turtlebot3_msgs/include/turtlebot3_msgs/turtlebot3_msgs/msg/detail/sensor_state__type_support.cpp
[2.229s] -- Installing: /home/niklas/Documents/Telerrobotics/Lab2/ros2_ws/install/turtlebot3_msgs/include/turtlebot3_msgs/turtlebot3_msgs/msg/detail/version_info__type_support.cpp
[2.229s] -- Installing: /home/niklas/Documents/Telerrobotics/Lab2/ros2_ws/install/turtlebot3_msgs/include/turtlebot3_msgs/turtlebot3_msgs/msg/detail/version_info__rosidl_typesupport_introspection_cpp.hpp
[2.229s] -- Installing: /home/niklas/Documents/Telerrobotics/Lab2/ros2_ws/install/turtlebot3_msgs/include/turtlebot3_msgs/turtlebot3_msgs/msg/detail/sound__type_support.cpp
[2.229s] -- Up-to-date: /home/niklas/Documents/Telerrobotics/Lab2/ros2_ws/install/turtlebot3_msgs/include/turtlebot3_msgs/turtlebot3_msgs/action
[2.229s] -- Up-to-date: /home/niklas/Documents/Telerrobotics/Lab2/ros2_ws/install/turtlebot3_msgs/include/turtlebot3_msgs/turtlebot3_msgs/action/detail
[2.230s] -- Installing: /home/niklas/Documents/Telerrobotics/Lab2/ros2_ws/install/turtlebot3_msgs/include/turtlebot3_msgs/turtlebot3_msgs/action/detail/patrol__rosidl_typesupport_introspection_cpp.hpp
[2.230s] -- Installing: /home/niklas/Documents/Telerrobotics/Lab2/ros2_ws/install/turtlebot3_msgs/include/turtlebot3_msgs/turtlebot3_msgs/action/detail/patrol__type_support.cpp
[2.230s] -- Installing: /home/niklas/Documents/Telerrobotics/Lab2/ros2_ws/install/turtlebot3_msgs/lib/libturtlebot3_msgs__rosidl_typesupport_introspection_cpp.so
[2.230s] -- Set runtime path of "/home/niklas/Documents/Telerrobotics/Lab2/ros2_ws/install/turtlebot3_msgs/lib/libturtlebot3_msgs__rosidl_typesupport_introspection_cpp.so" to ""
[2.230s] -- Installing: /home/niklas/Documents/Telerrobotics/Lab2/ros2_ws/install/turtlebot3_msgs/lib/libturtlebot3_msgs__rosidl_typesupport_cpp.so
[2.230s] -- Set runtime path of "/home/niklas/Documents/Telerrobotics/Lab2/ros2_ws/install/turtlebot3_msgs/lib/libturtlebot3_msgs__rosidl_typesupport_cpp.so" to ""
[2.231s] -- Installing: /home/niklas/Documents/Telerrobotics/Lab2/ros2_ws/install/turtlebot3_msgs/share/turtlebot3_msgs/environment/pythonpath.sh
[2.231s] -- Installing: /home/niklas/Documents/Telerrobotics/Lab2/ros2_ws/install/turtlebot3_msgs/share/turtlebot3_msgs/environment/pythonpath.dsv
[2.231s] -- Installing: /home/niklas/Documents/Telerrobotics/Lab2/ros2_ws/install/turtlebot3_msgs/local/lib/python3.10/dist-packages/turtlebot3_msgs-2.2.3-py3.10.egg-info
[2.231s] -- Installing: /home/niklas/Documents/Telerrobotics/Lab2/ros2_ws/install/turtlebot3_msgs/local/lib/python3.10/dist-packages/turtlebot3_msgs-2.2.3-py3.10.egg-info/dependency_links.txt
[2.233s] -- Installing: /home/niklas/Documents/Telerrobotics/Lab2/ros2_ws/install/turtlebot3_msgs/local/lib/python3.10/dist-packages/turtlebot3_msgs-2.2.3-py3.10.egg-info/PKG-INFO
[2.234s] -- Installing: /home/niklas/Documents/Telerrobotics/Lab2/ros2_ws/install/turtlebot3_msgs/local/lib/python3.10/dist-packages/turtlebot3_msgs-2.2.3-py3.10.egg-info/SOURCES.txt
[2.235s] -- Installing: /home/niklas/Documents/Telerrobotics/Lab2/ros2_ws/install/turtlebot3_msgs/local/lib/python3.10/dist-packages/turtlebot3_msgs-2.2.3-py3.10.egg-info/top_level.txt
[2.235s] -- Installing: /home/niklas/Documents/Telerrobotics/Lab2/ros2_ws/install/turtlebot3_msgs/local/lib/python3.10/dist-packages/turtlebot3_msgs
[2.235s] -- Installing: /home/niklas/Documents/Telerrobotics/Lab2/ros2_ws/install/turtlebot3_msgs/local/lib/python3.10/dist-packages/turtlebot3_msgs/turtlebot3_msgs_s__rosidl_typesupport_fastrtps_c.cpython-310-x86_64-linux-gnu.so
[2.235s] -- Installing: /home/niklas/Documents/Telerrobotics/Lab2/ros2_ws/install/turtlebot3_msgs/local/lib/python3.10/dist-packages/turtlebot3_msgs/_turtlebot3_msgs_s.ep.rosidl_typesupport_c.c
[2.236s] -- Installing: /home/niklas/Documents/Telerrobotics/Lab2/ros2_ws/install/turtlebot3_msgs/local/lib/python3.10/dist-packages/turtlebot3_msgs/_turtlebot3_msgs_s.ep.rosidl_typesupport_introspection_c.c
[2.237s] -- Installing: /home/niklas/Documents/Telerrobotics/Lab2/ros2_ws/install/turtlebot3_msgs/local/lib/python3.10/dist-packages/turtlebot3_msgs/turtlebot3_msgs_s__rosidl_typesupport_c.cpython-310-x86_64-linux-gnu.so
[2.238s] -- Installing: /home/niklas/Documents/Telerrobotics/Lab2/ros2_ws/install/turtlebot3_msgs/local/lib/python3.10/dist-packages/turtlebot3_msgs/__init__.py
[2.239s] -- Installing: /home/niklas/Documents/Telerrobotics/Lab2/ros2_ws/install/turtlebot3_msgs/local/lib/python3.10/dist-packages/turtlebot3_msgs/_turtlebot3_msgs_s.ep.rosidl_typesupport_fastrtps_c.c
[2.240s] -- Installing: /home/niklas/Documents/Telerrobotics/Lab2/ros2_ws/install/turtlebot3_msgs/local/lib/python3.10/dist-packages/turtlebot3_msgs/srv
[2.240s] -- Installing: /home/niklas/Documents/Telerrobotics/Lab2/ros2_ws/install/turtlebot3_msgs/local/lib/python3.10/dist-packages/turtlebot3_msgs/srv/_dqn.py
[2.241s] -- Installing: /home/niklas/Documents/Telerrobotics/Lab2/ros2_ws/install/turtlebot3_msgs/local/lib/python3.10/dist-packages/turtlebot3_msgs/srv/_dqn_s.c
[2.241s] -- Installing: /home/niklas/Documents/Telerrobotics/Lab2/ros2_ws/install/turtlebot3_msgs/local/lib/python3.10/dist-packages/turtlebot3_msgs/srv/_sound.py
[2.241s] -- Installing: /home/niklas/Documents/Telerrobotics/Lab2/ros2_ws/install/turtlebot3_msgs/local/lib/python3.10/dist-packages/turtlebot3_msgs/srv/__init__.py
[2.242s] -- Installing: /home/niklas/Documents/Telerrobotics/Lab2/ros2_ws/install/turtlebot3_msgs/local/lib/python3.10/dist-packages/turtlebot3_msgs/srv/_sound_s.c
[2.242s] -- Installing: /home/niklas/Documents/Telerrobotics/Lab2/ros2_ws/install/turtlebot3_msgs/local/lib/python3.10/dist-packages/turtlebot3_msgs/libturtlebot3_msgs__rosidl_generator_py.so
[2.243s] -- Installing: /home/niklas/Documents/Telerrobotics/Lab2/ros2_ws/install/turtlebot3_msgs/local/lib/python3.10/dist-packages/turtlebot3_msgs/msg
[2.243s] -- Installing: /home/niklas/Documents/Telerrobotics/Lab2/ros2_ws/install/turtlebot3_msgs/local/lib/python3.10/dist-packages/turtlebot3_msgs/msg/_sensor_state_s.c
[2.245s] -- Installing: /home/niklas/Documents/Telerrobotics/Lab2/ros2_ws/install/turtlebot3_msgs/local/lib/python3.10/dist-packages/turtlebot3_msgs/msg/_sound.py
[2.246s] -- Installing: /home/niklas/Documents/Telerrobotics/Lab2/ros2_ws/install/turtlebot3_msgs/local/lib/python3.10/dist-packages/turtlebot3_msgs/msg/__init__.py
[2.246s] -- Installing: /home/niklas/Documents/Telerrobotics/Lab2/ros2_ws/install/turtlebot3_msgs/local/lib/python3.10/dist-packages/turtlebot3_msgs/msg/_sensor_state.py
[2.247s] -- Installing: /home/niklas/Documents/Telerrobotics/Lab2/ros2_ws/install/turtlebot3_msgs/local/lib/python3.10/dist-packages/turtlebot3_msgs/msg/_sound_s.c
[2.247s] -- Installing: /home/niklas/Documents/Telerrobotics/Lab2/ros2_ws/install/turtlebot3_msgs/local/lib/python3.10/dist-packages/turtlebot3_msgs/msg/_version_info_s.c
[2.247s] -- Installing: /home/niklas/Documents/Telerrobotics/Lab2/ros2_ws/install/turtlebot3_msgs/local/lib/python3.10/dist-packages/turtlebot3_msgs/msg/_version_info.py
[2.248s] -- Installing: /home/niklas/Documents/Telerrobotics/Lab2/ros2_ws/install/turtlebot3_msgs/local/lib/python3.10/dist-packages/turtlebot3_msgs/turtlebot3_msgs_s__rosidl_typesupport_introspection_c.cpython-310-x86_64-linux-gnu.so
[2.248s] -- Installing: /home/niklas/Documents/Telerrobotics/Lab2/ros2_ws/install/turtlebot3_msgs/local/lib/python3.10/dist-packages/turtlebot3_msgs/action
[2.249s] -- Installing: /home/niklas/Documents/Telerrobotics/Lab2/ros2_ws/install/turtlebot3_msgs/local/lib/python3.10/dist-packages/turtlebot3_msgs/action/__init__.py
[2.251s] -- Installing: /home/niklas/Documents/Telerrobotics/Lab2/ros2_ws/install/turtlebot3_msgs/local/lib/python3.10/dist-packages/turtlebot3_msgs/action/_patrol_s.c
[2.251s] -- Installing: /home/niklas/Documents/Telerrobotics/Lab2/ros2_ws/install/turtlebot3_msgs/local/lib/python3.10/dist-packages/turtlebot3_msgs/action/_patrol.py
[2.284s] Listing '/home/niklas/Documents/Telerrobotics/Lab2/ros2_ws/install/turtlebot3_msgs/local/lib/python3.10/dist-packages/turtlebot3_msgs'...
[2.285s] Compiling '/home/niklas/Documents/Telerrobotics/Lab2/ros2_ws/install/turtlebot3_msgs/local/lib/python3.10/dist-packages/turtlebot3_msgs/__init__.py'...
[2.286s] Listing '/home/niklas/Documents/Telerrobotics/Lab2/ros2_ws/install/turtlebot3_msgs/local/lib/python3.10/dist-packages/turtlebot3_msgs/action'...
[2.286s] Compiling '/home/niklas/Documents/Telerrobotics/Lab2/ros2_ws/install/turtlebot3_msgs/local/lib/python3.10/dist-packages/turtlebot3_msgs/action/__init__.py'...
[2.288s] Compiling '/home/niklas/Documents/Telerrobotics/Lab2/ros2_ws/install/turtlebot3_msgs/local/lib/python3.10/dist-packages/turtlebot3_msgs/action/_patrol.py'...
[2.291s] Listing '/home/niklas/Documents/Telerrobotics/Lab2/ros2_ws/install/turtlebot3_msgs/local/lib/python3.10/dist-packages/turtlebot3_msgs/msg'...
[2.291s] Compiling '/home/niklas/Documents/Telerrobotics/Lab2/ros2_ws/install/turtlebot3_msgs/local/lib/python3.10/dist-packages/turtlebot3_msgs/msg/__init__.py'...
[2.291s] Compiling '/home/niklas/Documents/Telerrobotics/Lab2/ros2_ws/install/turtlebot3_msgs/local/lib/python3.10/dist-packages/turtlebot3_msgs/msg/_sensor_state.py'...
[2.292s] Compiling '/home/niklas/Documents/Telerrobotics/Lab2/ros2_ws/install/turtlebot3_msgs/local/lib/python3.10/dist-packages/turtlebot3_msgs/msg/_sound.py'...
[2.292s] Compiling '/home/niklas/Documents/Telerrobotics/Lab2/ros2_ws/install/turtlebot3_msgs/local/lib/python3.10/dist-packages/turtlebot3_msgs/msg/_version_info.py'...
[2.292s] Listing '/home/niklas/Documents/Telerrobotics/Lab2/ros2_ws/install/turtlebot3_msgs/local/lib/python3.10/dist-packages/turtlebot3_msgs/srv'...
[2.292s] Compiling '/home/niklas/Documents/Telerrobotics/Lab2/ros2_ws/install/turtlebot3_msgs/local/lib/python3.10/dist-packages/turtlebot3_msgs/srv/__init__.py'...
[2.292s] Compiling '/home/niklas/Documents/Telerrobotics/Lab2/ros2_ws/install/turtlebot3_msgs/local/lib/python3.10/dist-packages/turtlebot3_msgs/srv/_dqn.py'...
[2.293s] Compiling '/home/niklas/Documents/Telerrobotics/Lab2/ros2_ws/install/turtlebot3_msgs/local/lib/python3.10/dist-packages/turtlebot3_msgs/srv/_sound.py'...
[2.298s] -- Installing: /home/niklas/Documents/Telerrobotics/Lab2/ros2_ws/install/turtlebot3_msgs/local/lib/python3.10/dist-packages/turtlebot3_msgs/turtlebot3_msgs_s__rosidl_typesupport_fastrtps_c.cpython-310-x86_64-linux-gnu.so
[2.299s] -- Set runtime path of "/home/niklas/Documents/Telerrobotics/Lab2/ros2_ws/install/turtlebot3_msgs/local/lib/python3.10/dist-packages/turtlebot3_msgs/turtlebot3_msgs_s__rosidl_typesupport_fastrtps_c.cpython-310-x86_64-linux-gnu.so" to ""
[2.299s] -- Installing: /home/niklas/Documents/Telerrobotics/Lab2/ros2_ws/install/turtlebot3_msgs/local/lib/python3.10/dist-packages/turtlebot3_msgs/turtlebot3_msgs_s__rosidl_typesupport_introspection_c.cpython-310-x86_64-linux-gnu.so
[2.301s] -- Set runtime path of "/home/niklas/Documents/Telerrobotics/Lab2/ros2_ws/install/turtlebot3_msgs/local/lib/python3.10/dist-packages/turtlebot3_msgs/turtlebot3_msgs_s__rosidl_typesupport_introspection_c.cpython-310-x86_64-linux-gnu.so" to ""
[2.303s] -- Installing: /home/niklas/Documents/Telerrobotics/Lab2/ros2_ws/install/turtlebot3_msgs/local/lib/python3.10/dist-packages/turtlebot3_msgs/turtlebot3_msgs_s__rosidl_typesupport_c.cpython-310-x86_64-linux-gnu.so
[2.305s] -- Set runtime path of "/home/niklas/Documents/Telerrobotics/Lab2/ros2_ws/install/turtlebot3_msgs/local/lib/python3.10/dist-packages/turtlebot3_msgs/turtlebot3_msgs_s__rosidl_typesupport_c.cpython-310-x86_64-linux-gnu.so" to ""
[2.305s] -- Installing: /home/niklas/Documents/Telerrobotics/Lab2/ros2_ws/install/turtlebot3_msgs/lib/libturtlebot3_msgs__rosidl_generator_py.so
[2.308s] -- Set runtime path of "/home/niklas/Documents/Telerrobotics/Lab2/ros2_ws/install/turtlebot3_msgs/lib/libturtlebot3_msgs__rosidl_generator_py.so" to ""
[2.308s] -- Installing: /home/niklas/Documents/Telerrobotics/Lab2/ros2_ws/install/turtlebot3_msgs/share/turtlebot3_msgs/msg/SensorState.idl
[2.309s] -- Installing: /home/niklas/Documents/Telerrobotics/Lab2/ros2_ws/install/turtlebot3_msgs/share/turtlebot3_msgs/msg/Sound.idl
[2.309s] -- Installing: /home/niklas/Documents/Telerrobotics/Lab2/ros2_ws/install/turtlebot3_msgs/share/turtlebot3_msgs/msg/VersionInfo.idl
[2.309s] -- Installing: /home/niklas/Documents/Telerrobotics/Lab2/ros2_ws/install/turtlebot3_msgs/share/turtlebot3_msgs/srv/Sound.idl
[2.310s] -- Installing: /home/niklas/Documents/Telerrobotics/Lab2/ros2_ws/install/turtlebot3_msgs/share/turtlebot3_msgs/srv/Dqn.idl
[2.312s] -- Installing: /home/niklas/Documents/Telerrobotics/Lab2/ros2_ws/install/turtlebot3_msgs/share/turtlebot3_msgs/action/Patrol.idl
[2.314s] -- Installing: /home/niklas/Documents/Telerrobotics/Lab2/ros2_ws/install/turtlebot3_msgs/share/turtlebot3_msgs/msg/SensorState.msg
[2.316s] -- Installing: /home/niklas/Documents/Telerrobotics/Lab2/ros2_ws/install/turtlebot3_msgs/share/turtlebot3_msgs/msg/Sound.msg
[2.317s] -- Installing: /home/niklas/Documents/Telerrobotics/Lab2/ros2_ws/install/turtlebot3_msgs/share/turtlebot3_msgs/msg/VersionInfo.msg
[2.318s] -- Installing: /home/niklas/Documents/Telerrobotics/Lab2/ros2_ws/install/turtlebot3_msgs/share/turtlebot3_msgs/srv/Sound.srv
[2.318s] -- Installing: /home/niklas/Documents/Telerrobotics/Lab2/ros2_ws/install/turtlebot3_msgs/share/turtlebot3_msgs/srv/Sound_Request.msg
[2.318s] -- Installing: /home/niklas/Documents/Telerrobotics/Lab2/ros2_ws/install/turtlebot3_msgs/share/turtlebot3_msgs/srv/Sound_Response.msg
[2.319s] -- Installing: /home/niklas/Documents/Telerrobotics/Lab2/ros2_ws/install/turtlebot3_msgs/share/turtlebot3_msgs/srv/Dqn.srv
[2.319s] -- Installing: /home/niklas/Documents/Telerrobotics/Lab2/ros2_ws/install/turtlebot3_msgs/share/turtlebot3_msgs/srv/Dqn_Request.msg
[2.319s] -- Installing: /home/niklas/Documents/Telerrobotics/Lab2/ros2_ws/install/turtlebot3_msgs/share/turtlebot3_msgs/srv/Dqn_Response.msg
[2.320s] -- Installing: /home/niklas/Documents/Telerrobotics/Lab2/ros2_ws/install/turtlebot3_msgs/share/turtlebot3_msgs/action/Patrol.action
[2.321s] -- Installing: /home/niklas/Documents/Telerrobotics/Lab2/ros2_ws/install/turtlebot3_msgs/share/ament_index/resource_index/package_run_dependencies/turtlebot3_msgs
[2.322s] -- Installing: /home/niklas/Documents/Telerrobotics/Lab2/ros2_ws/install/turtlebot3_msgs/share/ament_index/resource_index/parent_prefix_path/turtlebot3_msgs
[2.325s] -- Installing: /home/niklas/Documents/Telerrobotics/Lab2/ros2_ws/install/turtlebot3_msgs/share/turtlebot3_msgs/environment/ament_prefix_path.sh
[2.326s] -- Installing: /home/niklas/Documents/Telerrobotics/Lab2/ros2_ws/install/turtlebot3_msgs/share/turtlebot3_msgs/environment/ament_prefix_path.dsv
[2.326s] -- Installing: /home/niklas/Documents/Telerrobotics/Lab2/ros2_ws/install/turtlebot3_msgs/share/turtlebot3_msgs/environment/path.sh
[2.326s] -- Installing: /home/niklas/Documents/Telerrobotics/Lab2/ros2_ws/install/turtlebot3_msgs/share/turtlebot3_msgs/environment/path.dsv
[2.326s] -- Installing: /home/niklas/Documents/Telerrobotics/Lab2/ros2_ws/install/turtlebot3_msgs/share/turtlebot3_msgs/local_setup.bash
[2.332s] -- Installing: /home/niklas/Documents/Telerrobotics/Lab2/ros2_ws/install/turtlebot3_msgs/share/turtlebot3_msgs/local_setup.sh
[2.333s] -- Installing: /home/niklas/Documents/Telerrobotics/Lab2/ros2_ws/install/turtlebot3_msgs/share/turtlebot3_msgs/local_setup.zsh
[2.333s] -- Installing: /home/niklas/Documents/Telerrobotics/Lab2/ros2_ws/install/turtlebot3_msgs/share/turtlebot3_msgs/local_setup.dsv
[2.333s] -- Installing: /home/niklas/Documents/Telerrobotics/Lab2/ros2_ws/install/turtlebot3_msgs/share/turtlebot3_msgs/package.dsv
[2.334s] -- Installing: /home/niklas/Documents/Telerrobotics/Lab2/ros2_ws/install/turtlebot3_msgs/share/ament_index/resource_index/packages/turtlebot3_msgs
[2.334s] -- Installing: /home/niklas/Documents/Telerrobotics/Lab2/ros2_ws/install/turtlebot3_msgs/share/turtlebot3_msgs/cmake/export_turtlebot3_msgs__rosidl_generator_cExport.cmake
[2.335s] -- Installing: /home/niklas/Documents/Telerrobotics/Lab2/ros2_ws/install/turtlebot3_msgs/share/turtlebot3_msgs/cmake/export_turtlebot3_msgs__rosidl_generator_cExport-noconfig.cmake
[2.335s] -- Installing: /home/niklas/Documents/Telerrobotics/Lab2/ros2_ws/install/turtlebot3_msgs/share/turtlebot3_msgs/cmake/export_turtlebot3_msgs__rosidl_typesupport_fastrtps_cExport.cmake
[2.335s] -- Installing: /home/niklas/Documents/Telerrobotics/Lab2/ros2_ws/install/turtlebot3_msgs/share/turtlebot3_msgs/cmake/export_turtlebot3_msgs__rosidl_typesupport_fastrtps_cExport-noconfig.cmake
[2.336s] -- Installing: /home/niklas/Documents/Telerrobotics/Lab2/ros2_ws/install/turtlebot3_msgs/share/turtlebot3_msgs/cmake/export_turtlebot3_msgs__rosidl_generator_cppExport.cmake
[2.336s] -- Installing: /home/niklas/Documents/Telerrobotics/Lab2/ros2_ws/install/turtlebot3_msgs/share/turtlebot3_msgs/cmake/export_turtlebot3_msgs__rosidl_typesupport_fastrtps_cppExport.cmake
[2.336s] -- Installing: /home/niklas/Documents/Telerrobotics/Lab2/ros2_ws/install/turtlebot3_msgs/share/turtlebot3_msgs/cmake/export_turtlebot3_msgs__rosidl_typesupport_fastrtps_cppExport-noconfig.cmake
[2.336s] -- Installing: /home/niklas/Documents/Telerrobotics/Lab2/ros2_ws/install/turtlebot3_msgs/share/turtlebot3_msgs/cmake/turtlebot3_msgs__rosidl_typesupport_introspection_cExport.cmake
[2.337s] -- Installing: /home/niklas/Documents/Telerrobotics/Lab2/ros2_ws/install/turtlebot3_msgs/share/turtlebot3_msgs/cmake/turtlebot3_msgs__rosidl_typesupport_introspection_cExport-noconfig.cmake
[2.337s] -- Installing: /home/niklas/Documents/Telerrobotics/Lab2/ros2_ws/install/turtlebot3_msgs/share/turtlebot3_msgs/cmake/turtlebot3_msgs__rosidl_typesupport_cExport.cmake
[2.339s] -- Installing: /home/niklas/Documents/Telerrobotics/Lab2/ros2_ws/install/turtlebot3_msgs/share/turtlebot3_msgs/cmake/turtlebot3_msgs__rosidl_typesupport_cExport-noconfig.cmake
[2.340s] -- Installing: /home/niklas/Documents/Telerrobotics/Lab2/ros2_ws/install/turtlebot3_msgs/share/turtlebot3_msgs/cmake/turtlebot3_msgs__rosidl_typesupport_introspection_cppExport.cmake
[2.340s] -- Installing: /home/niklas/Documents/Telerrobotics/Lab2/ros2_ws/install/turtlebot3_msgs/share/turtlebot3_msgs/cmake/turtlebot3_msgs__rosidl_typesupport_introspection_cppExport-noconfig.cmake
[2.341s] -- Installing: /home/niklas/Documents/Telerrobotics/Lab2/ros2_ws/install/turtlebot3_msgs/share/turtlebot3_msgs/cmake/turtlebot3_msgs__rosidl_typesupport_cppExport.cmake
[2.341s] -- Installing: /home/niklas/Documents/Telerrobotics/Lab2/ros2_ws/install/turtlebot3_msgs/share/turtlebot3_msgs/cmake/turtlebot3_msgs__rosidl_typesupport_cppExport-noconfig.cmake
[2.341s] -- Installing: /home/niklas/Documents/Telerrobotics/Lab2/ros2_ws/install/turtlebot3_msgs/share/turtlebot3_msgs/cmake/export_turtlebot3_msgs__rosidl_generator_pyExport.cmake
[2.342s] -- Installing: /home/niklas/Documents/Telerrobotics/Lab2/ros2_ws/install/turtlebot3_msgs/share/turtlebot3_msgs/cmake/export_turtlebot3_msgs__rosidl_generator_pyExport-noconfig.cmake
[2.342s] -- Installing: /home/niklas/Documents/Telerrobotics/Lab2/ros2_ws/install/turtlebot3_msgs/share/turtlebot3_msgs/cmake/rosidl_cmake-extras.cmake
[2.345s] -- Installing: /home/niklas/Documents/Telerrobotics/Lab2/ros2_ws/install/turtlebot3_msgs/share/turtlebot3_msgs/cmake/ament_cmake_export_dependencies-extras.cmake
[2.345s] -- Installing: /home/niklas/Documents/Telerrobotics/Lab2/ros2_ws/install/turtlebot3_msgs/share/turtlebot3_msgs/cmake/ament_cmake_export_include_directories-extras.cmake
[2.346s] -- Installing: /home/niklas/Documents/Telerrobotics/Lab2/ros2_ws/install/turtlebot3_msgs/share/turtlebot3_msgs/cmake/ament_cmake_export_libraries-extras.cmake
[2.346s] -- Installing: /home/niklas/Documents/Telerrobotics/Lab2/ros2_ws/install/turtlebot3_msgs/share/turtlebot3_msgs/cmake/ament_cmake_export_targets-extras.cmake
[2.346s] -- Installing: /home/niklas/Documents/Telerrobotics/Lab2/ros2_ws/install/turtlebot3_msgs/share/turtlebot3_msgs/cmake/rosidl_cmake_export_typesupport_targets-extras.cmake
[2.346s] -- Installing: /home/niklas/Documents/Telerrobotics/Lab2/ros2_ws/install/turtlebot3_msgs/share/turtlebot3_msgs/cmake/rosidl_cmake_export_typesupport_libraries-extras.cmake
[2.346s] -- Installing: /home/niklas/Documents/Telerrobotics/Lab2/ros2_ws/install/turtlebot3_msgs/share/turtlebot3_msgs/cmake/turtlebot3_msgsConfig.cmake
[2.347s] -- Installing: /home/niklas/Documents/Telerrobotics/Lab2/ros2_ws/install/turtlebot3_msgs/share/turtlebot3_msgs/cmake/turtlebot3_msgsConfig-version.cmake
[2.347s] -- Installing: /home/niklas/Documents/Telerrobotics/Lab2/ros2_ws/install/turtlebot3_msgs/share/turtlebot3_msgs/package.xml
[2.738s] Invoked command in '/home/niklas/Documents/Telerrobotics/Lab2/ros2_ws/build/turtlebot3_msgs' returned '0': CMAKE_PREFIX_PATH=/opt/ros/humble /usr/bin/cmake --install /home/niklas/Documents/Telerrobotics/Lab2/ros2_ws/build/turtlebot3_msgs
