[0.579s] Invoking command in '/home/niklas/Documents/Telerrobotics/Lab2/ros2_ws_hough/build/turtlebot3_cartographer': CMAKE_PREFIX_PATH=${CMAKE_PREFIX_PATH}:/home/niklas/Documents/Telerrobotics/Lab2/ros2_ws_hough/install/turtlebot3_teleop:/home/niklas/Documents/Telerrobotics/Lab2/ros2_ws_hough/install/turtlebot3_example:/opt/ros/humble /usr/bin/cmake --build /home/niklas/Documents/Telerrobotics/Lab2/ros2_ws_hough/build/turtlebot3_cartographer -- -j8 -l8
[1.993s] Invoked command in '/home/niklas/Documents/Telerrobotics/Lab2/ros2_ws_hough/build/turtlebot3_cartographer' returned '0': CMAKE_PREFIX_PATH=${CMAKE_PREFIX_PATH}:/home/niklas/Documents/Telerrobotics/Lab2/ros2_ws_hough/install/turtlebot3_teleop:/home/niklas/Documents/Telerrobotics/Lab2/ros2_ws_hough/install/turtlebot3_example:/opt/ros/humble /usr/bin/cmake --build /home/niklas/Documents/Telerrobotics/Lab2/ros2_ws_hough/build/turtlebot3_cartographer -- -j8 -l8
[2.198s] Invoking command in '/home/niklas/Documents/Telerrobotics/Lab2/ros2_ws_hough/build/turtlebot3_cartographer': CMAKE_PREFIX_PATH=${CMAKE_PREFIX_PATH}:/home/niklas/Documents/Telerrobotics/Lab2/ros2_ws_hough/install/turtlebot3_teleop:/home/niklas/Documents/Telerrobotics/Lab2/ros2_ws_hough/install/turtlebot3_example:/opt/ros/humble /usr/bin/cmake --install /home/niklas/Documents/Telerrobotics/Lab2/ros2_ws_hough/build/turtlebot3_cartographer
[2.241s] -- Install configuration: ""
[2.242s] -- Up-to-date: /home/niklas/Documents/Telerrobotics/Lab2/ros2_ws_hough/install/turtlebot3_cartographer/share/turtlebot3_cartographer/config
[2.242s] -- Up-to-date: /home/niklas/Documents/Telerrobotics/Lab2/ros2_ws_hough/install/turtlebot3_cartographer/share/turtlebot3_cartographer/config/turtlebot3_lds_2d.lua
[2.242s] -- Up-to-date: /home/niklas/Documents/Telerrobotics/Lab2/ros2_ws_hough/install/turtlebot3_cartographer/share/turtlebot3_cartographer/launch
[2.242s] -- Up-to-date: /home/niklas/Documents/Telerrobotics/Lab2/ros2_ws_hough/install/turtlebot3_cartographer/share/turtlebot3_cartographer/launch/cartographer.launch.py
[2.243s] -- Up-to-date: /home/niklas/Documents/Telerrobotics/Lab2/ros2_ws_hough/install/turtlebot3_cartographer/share/turtlebot3_cartographer/launch/occupancy_grid.launch.py
[2.243s] -- Up-to-date: /home/niklas/Documents/Telerrobotics/Lab2/ros2_ws_hough/install/turtlebot3_cartographer/share/turtlebot3_cartographer/rviz
[2.243s] -- Up-to-date: /home/niklas/Documents/Telerrobotics/Lab2/ros2_ws_hough/install/turtlebot3_cartographer/share/turtlebot3_cartographer/rviz/tb3_cartographer.rviz
[2.243s] -- Up-to-date: /home/niklas/Documents/Telerrobotics/Lab2/ros2_ws_hough/install/turtlebot3_cartographer/share/ament_index/resource_index/package_run_dependencies/turtlebot3_cartographer
[2.243s] -- Up-to-date: /home/niklas/Documents/Telerrobotics/Lab2/ros2_ws_hough/install/turtlebot3_cartographer/share/ament_index/resource_index/parent_prefix_path/turtlebot3_cartographer
[2.244s] -- Up-to-date: /home/niklas/Documents/Telerrobotics/Lab2/ros2_ws_hough/install/turtlebot3_cartographer/share/turtlebot3_cartographer/environment/ament_prefix_path.sh
[2.244s] -- Up-to-date: /home/niklas/Documents/Telerrobotics/Lab2/ros2_ws_hough/install/turtlebot3_cartographer/share/turtlebot3_cartographer/environment/ament_prefix_path.dsv
[2.244s] -- Up-to-date: /home/niklas/Documents/Telerrobotics/Lab2/ros2_ws_hough/install/turtlebot3_cartographer/share/turtlebot3_cartographer/environment/path.sh
[2.244s] -- Up-to-date: /home/niklas/Documents/Telerrobotics/Lab2/ros2_ws_hough/install/turtlebot3_cartographer/share/turtlebot3_cartographer/environment/path.dsv
[2.244s] -- Up-to-date: /home/niklas/Documents/Telerrobotics/Lab2/ros2_ws_hough/install/turtlebot3_cartographer/share/turtlebot3_cartographer/local_setup.bash
[2.244s] -- Up-to-date: /home/niklas/Documents/Telerrobotics/Lab2/ros2_ws_hough/install/turtlebot3_cartographer/share/turtlebot3_cartographer/local_setup.sh
[2.244s] -- Up-to-date: /home/niklas/Documents/Telerrobotics/Lab2/ros2_ws_hough/install/turtlebot3_cartographer/share/turtlebot3_cartographer/local_setup.zsh
[2.245s] -- Up-to-date: /home/niklas/Documents/Telerrobotics/Lab2/ros2_ws_hough/install/turtlebot3_cartographer/share/turtlebot3_cartographer/local_setup.dsv
[2.245s] -- Installing: /home/niklas/Documents/Telerrobotics/Lab2/ros2_ws_hough/install/turtlebot3_cartographer/share/turtlebot3_cartographer/package.dsv
[2.245s] -- Up-to-date: /home/niklas/Documents/Telerrobotics/Lab2/ros2_ws_hough/install/turtlebot3_cartographer/share/ament_index/resource_index/packages/turtlebot3_cartographer
[2.245s] -- Up-to-date: /home/niklas/Documents/Telerrobotics/Lab2/ros2_ws_hough/install/turtlebot3_cartographer/share/turtlebot3_cartographer/cmake/turtlebot3_cartographerConfig.cmake
[2.246s] -- Up-to-date: /home/niklas/Documents/Telerrobotics/Lab2/ros2_ws_hough/install/turtlebot3_cartographer/share/turtlebot3_cartographer/cmake/turtlebot3_cartographerConfig-version.cmake
[2.246s] -- Up-to-date: /home/niklas/Documents/Telerrobotics/Lab2/ros2_ws_hough/install/turtlebot3_cartographer/share/turtlebot3_cartographer/package.xml
[2.249s] Invoked command in '/home/niklas/Documents/Telerrobotics/Lab2/ros2_ws_hough/build/turtlebot3_cartographer' returned '0': CMAKE_PREFIX_PATH=${CMAKE_PREFIX_PATH}:/home/niklas/Documents/Telerrobotics/Lab2/ros2_ws_hough/install/turtlebot3_teleop:/home/niklas/Documents/Telerrobotics/Lab2/ros2_ws_hough/install/turtlebot3_example:/opt/ros/humble /usr/bin/cmake --install /home/niklas/Documents/Telerrobotics/Lab2/ros2_ws_hough/build/turtlebot3_cartographer
