[0.619s] Invoking command in '/home/niklas/Documents/Telerrobotics/Lab2/ros2_ws/build/houghmessage': CMAKE_PREFIX_PATH=/opt/ros/humble /usr/bin/cmake --build /home/niklas/Documents/Telerrobotics/Lab2/ros2_ws/build/houghmessage -- -j8 -l8
[0.850s] [  3%] Built target houghmessage__cpp
[0.869s] [  3%] Built target ament_cmake_python_copy_houghmessage
[0.896s] [ 12%] Built target houghmessage__rosidl_generator_c
[0.913s] [ 22%] Built target houghmessage__rosidl_typesupport_fastrtps_cpp
[0.934s] [ 32%] Built target houghmessage__rosidl_typesupport_introspection_cpp
[0.955s] [ 41%] Built target houghmessage__rosidl_typesupport_cpp
[1.003s] [ 51%] Built target houghmessage__rosidl_typesupport_introspection_c
[1.033s] [ 61%] Built target houghmessage__rosidl_typesupport_c
[1.044s] [ 70%] Built target houghmessage__rosidl_typesupport_fastrtps_c
[1.129s] [ 70%] Built target houghmessage
[1.208s] [ 74%] Built target houghmessage__py
[1.252s] [ 80%] Built target houghmessage__rosidl_generator_py
[1.333s] [ 87%] Built target houghmessage__rosidl_typesupport_c__pyext
[1.338s] [ 93%] Built target houghmessage__rosidl_typesupport_fastrtps_c__pyext
[1.359s] [100%] Built target houghmessage__rosidl_typesupport_introspection_c__pyext
[1.509s] running egg_info
[1.517s] writing houghmessage.egg-info/PKG-INFO
[1.518s] writing dependency_links to houghmessage.egg-info/dependency_links.txt
[1.519s] writing top-level names to houghmessage.egg-info/top_level.txt
[1.519s] reading manifest file 'houghmessage.egg-info/SOURCES.txt'
[1.520s] writing manifest file 'houghmessage.egg-info/SOURCES.txt'
[1.600s] [100%] Built target ament_cmake_python_build_houghmessage_egg
[2.317s] Invoked command in '/home/niklas/Documents/Telerrobotics/Lab2/ros2_ws/build/houghmessage' returned '0': CMAKE_PREFIX_PATH=/opt/ros/humble /usr/bin/cmake --build /home/niklas/Documents/Telerrobotics/Lab2/ros2_ws/build/houghmessage -- -j8 -l8
[3.085s] Invoking command in '/home/niklas/Documents/Telerrobotics/Lab2/ros2_ws/build/houghmessage': CMAKE_PREFIX_PATH=/opt/ros/humble /usr/bin/cmake --install /home/niklas/Documents/Telerrobotics/Lab2/ros2_ws/build/houghmessage
[3.095s] -- Install configuration: ""
[3.096s] -- Up-to-date: /home/niklas/Documents/Telerrobotics/Lab2/ros2_ws/install/houghmessage/share/ament_index/resource_index/rosidl_interfaces/houghmessage
[3.098s] -- Up-to-date: /home/niklas/Documents/Telerrobotics/Lab2/ros2_ws/install/houghmessage/include/houghmessage/houghmessage
[3.099s] -- Up-to-date: /home/niklas/Documents/Telerrobotics/Lab2/ros2_ws/install/houghmessage/include/houghmessage/houghmessage/msg
[3.099s] -- Up-to-date: /home/niklas/Documents/Telerrobotics/Lab2/ros2_ws/install/houghmessage/include/houghmessage/houghmessage/msg/rosidl_generator_c__visibility_control.h
[3.099s] -- Up-to-date: /home/niklas/Documents/Telerrobotics/Lab2/ros2_ws/install/houghmessage/include/houghmessage/houghmessage/msg/r_whough_line.h
[3.100s] -- Up-to-date: /home/niklas/Documents/Telerrobotics/Lab2/ros2_ws/install/houghmessage/include/houghmessage/houghmessage/msg/detail
[3.100s] -- Up-to-date: /home/niklas/Documents/Telerrobotics/Lab2/ros2_ws/install/houghmessage/include/houghmessage/houghmessage/msg/detail/r_whough_line__struct.h
[3.100s] -- Up-to-date: /home/niklas/Documents/Telerrobotics/Lab2/ros2_ws/install/houghmessage/include/houghmessage/houghmessage/msg/detail/r_whough_line__functions.h
[3.101s] -- Up-to-date: /home/niklas/Documents/Telerrobotics/Lab2/ros2_ws/install/houghmessage/include/houghmessage/houghmessage/msg/detail/r_whough_line__functions.c
[3.101s] -- Up-to-date: /home/niklas/Documents/Telerrobotics/Lab2/ros2_ws/install/houghmessage/include/houghmessage/houghmessage/msg/detail/r_whough_line__type_support.h
[3.101s] -- Up-to-date: /home/niklas/Documents/Telerrobotics/Lab2/ros2_ws/install/houghmessage/share/houghmessage/environment/library_path.sh
[3.107s] -- Up-to-date: /home/niklas/Documents/Telerrobotics/Lab2/ros2_ws/install/houghmessage/share/houghmessage/environment/library_path.dsv
[3.109s] -- Up-to-date: /home/niklas/Documents/Telerrobotics/Lab2/ros2_ws/install/houghmessage/lib/libhoughmessage__rosidl_generator_c.so
[3.109s] -- Up-to-date: /home/niklas/Documents/Telerrobotics/Lab2/ros2_ws/install/houghmessage/include/houghmessage/houghmessage
[3.109s] -- Up-to-date: /home/niklas/Documents/Telerrobotics/Lab2/ros2_ws/install/houghmessage/include/houghmessage/houghmessage/msg
[3.109s] -- Up-to-date: /home/niklas/Documents/Telerrobotics/Lab2/ros2_ws/install/houghmessage/include/houghmessage/houghmessage/msg/rosidl_typesupport_fastrtps_c__visibility_control.h
[3.109s] -- Up-to-date: /home/niklas/Documents/Telerrobotics/Lab2/ros2_ws/install/houghmessage/include/houghmessage/houghmessage/msg/detail
[3.109s] -- Up-to-date: /home/niklas/Documents/Telerrobotics/Lab2/ros2_ws/install/houghmessage/include/houghmessage/houghmessage/msg/detail/r_whough_line__rosidl_typesupport_fastrtps_c.h
[3.110s] -- Up-to-date: /home/niklas/Documents/Telerrobotics/Lab2/ros2_ws/install/houghmessage/lib/libhoughmessage__rosidl_typesupport_fastrtps_c.so
[3.110s] -- Up-to-date: /home/niklas/Documents/Telerrobotics/Lab2/ros2_ws/install/houghmessage/include/houghmessage/houghmessage
[3.110s] -- Up-to-date: /home/niklas/Documents/Telerrobotics/Lab2/ros2_ws/install/houghmessage/include/houghmessage/houghmessage/msg
[3.110s] -- Up-to-date: /home/niklas/Documents/Telerrobotics/Lab2/ros2_ws/install/houghmessage/include/houghmessage/houghmessage/msg/r_whough_line.hpp
[3.110s] -- Up-to-date: /home/niklas/Documents/Telerrobotics/Lab2/ros2_ws/install/houghmessage/include/houghmessage/houghmessage/msg/detail
[3.110s] -- Up-to-date: /home/niklas/Documents/Telerrobotics/Lab2/ros2_ws/install/houghmessage/include/houghmessage/houghmessage/msg/detail/r_whough_line__traits.hpp
[3.111s] -- Up-to-date: /home/niklas/Documents/Telerrobotics/Lab2/ros2_ws/install/houghmessage/include/houghmessage/houghmessage/msg/detail/r_whough_line__builder.hpp
[3.111s] -- Up-to-date: /home/niklas/Documents/Telerrobotics/Lab2/ros2_ws/install/houghmessage/include/houghmessage/houghmessage/msg/detail/r_whough_line__struct.hpp
[3.111s] -- Up-to-date: /home/niklas/Documents/Telerrobotics/Lab2/ros2_ws/install/houghmessage/include/houghmessage/houghmessage
[3.111s] -- Up-to-date: /home/niklas/Documents/Telerrobotics/Lab2/ros2_ws/install/houghmessage/include/houghmessage/houghmessage/msg
[3.111s] -- Up-to-date: /home/niklas/Documents/Telerrobotics/Lab2/ros2_ws/install/houghmessage/include/houghmessage/houghmessage/msg/rosidl_typesupport_fastrtps_cpp__visibility_control.h
[3.111s] -- Up-to-date: /home/niklas/Documents/Telerrobotics/Lab2/ros2_ws/install/houghmessage/include/houghmessage/houghmessage/msg/detail
[3.112s] -- Up-to-date: /home/niklas/Documents/Telerrobotics/Lab2/ros2_ws/install/houghmessage/include/houghmessage/houghmessage/msg/detail/dds_fastrtps
[3.112s] -- Up-to-date: /home/niklas/Documents/Telerrobotics/Lab2/ros2_ws/install/houghmessage/include/houghmessage/houghmessage/msg/detail/r_whough_line__rosidl_typesupport_fastrtps_cpp.hpp
[3.115s] -- Up-to-date: /home/niklas/Documents/Telerrobotics/Lab2/ros2_ws/install/houghmessage/lib/libhoughmessage__rosidl_typesupport_fastrtps_cpp.so
[3.116s] -- Up-to-date: /home/niklas/Documents/Telerrobotics/Lab2/ros2_ws/install/houghmessage/include/houghmessage/houghmessage
[3.116s] -- Up-to-date: /home/niklas/Documents/Telerrobotics/Lab2/ros2_ws/install/houghmessage/include/houghmessage/houghmessage/msg
[3.116s] -- Up-to-date: /home/niklas/Documents/Telerrobotics/Lab2/ros2_ws/install/houghmessage/include/houghmessage/houghmessage/msg/rosidl_typesupport_introspection_c__visibility_control.h
[3.116s] -- Up-to-date: /home/niklas/Documents/Telerrobotics/Lab2/ros2_ws/install/houghmessage/include/houghmessage/houghmessage/msg/detail
[3.116s] -- Up-to-date: /home/niklas/Documents/Telerrobotics/Lab2/ros2_ws/install/houghmessage/include/houghmessage/houghmessage/msg/detail/r_whough_line__rosidl_typesupport_introspection_c.h
[3.116s] -- Up-to-date: /home/niklas/Documents/Telerrobotics/Lab2/ros2_ws/install/houghmessage/include/houghmessage/houghmessage/msg/detail/r_whough_line__type_support.c
[3.117s] -- Up-to-date: /home/niklas/Documents/Telerrobotics/Lab2/ros2_ws/install/houghmessage/lib/libhoughmessage__rosidl_typesupport_introspection_c.so
[3.117s] -- Up-to-date: /home/niklas/Documents/Telerrobotics/Lab2/ros2_ws/install/houghmessage/lib/libhoughmessage__rosidl_typesupport_c.so
[3.117s] -- Up-to-date: /home/niklas/Documents/Telerrobotics/Lab2/ros2_ws/install/houghmessage/include/houghmessage/houghmessage
[3.117s] -- Up-to-date: /home/niklas/Documents/Telerrobotics/Lab2/ros2_ws/install/houghmessage/include/houghmessage/houghmessage/msg
[3.117s] -- Up-to-date: /home/niklas/Documents/Telerrobotics/Lab2/ros2_ws/install/houghmessage/include/houghmessage/houghmessage/msg/detail
[3.117s] -- Up-to-date: /home/niklas/Documents/Telerrobotics/Lab2/ros2_ws/install/houghmessage/include/houghmessage/houghmessage/msg/detail/r_whough_line__type_support.cpp
[3.118s] -- Up-to-date: /home/niklas/Documents/Telerrobotics/Lab2/ros2_ws/install/houghmessage/include/houghmessage/houghmessage/msg/detail/r_whough_line__rosidl_typesupport_introspection_cpp.hpp
[3.118s] -- Up-to-date: /home/niklas/Documents/Telerrobotics/Lab2/ros2_ws/install/houghmessage/lib/libhoughmessage__rosidl_typesupport_introspection_cpp.so
[3.118s] -- Up-to-date: /home/niklas/Documents/Telerrobotics/Lab2/ros2_ws/install/houghmessage/lib/libhoughmessage__rosidl_typesupport_cpp.so
[3.118s] -- Up-to-date: /home/niklas/Documents/Telerrobotics/Lab2/ros2_ws/install/houghmessage/share/houghmessage/environment/pythonpath.sh
[3.118s] -- Up-to-date: /home/niklas/Documents/Telerrobotics/Lab2/ros2_ws/install/houghmessage/share/houghmessage/environment/pythonpath.dsv
[3.118s] -- Up-to-date: /home/niklas/Documents/Telerrobotics/Lab2/ros2_ws/install/houghmessage/local/lib/python3.10/dist-packages/houghmessage-0.0.0-py3.10.egg-info
[3.118s] -- Installing: /home/niklas/Documents/Telerrobotics/Lab2/ros2_ws/install/houghmessage/local/lib/python3.10/dist-packages/houghmessage-0.0.0-py3.10.egg-info/dependency_links.txt
[3.119s] -- Installing: /home/niklas/Documents/Telerrobotics/Lab2/ros2_ws/install/houghmessage/local/lib/python3.10/dist-packages/houghmessage-0.0.0-py3.10.egg-info/PKG-INFO
[3.119s] -- Installing: /home/niklas/Documents/Telerrobotics/Lab2/ros2_ws/install/houghmessage/local/lib/python3.10/dist-packages/houghmessage-0.0.0-py3.10.egg-info/SOURCES.txt
[3.119s] -- Installing: /home/niklas/Documents/Telerrobotics/Lab2/ros2_ws/install/houghmessage/local/lib/python3.10/dist-packages/houghmessage-0.0.0-py3.10.egg-info/top_level.txt
[3.119s] -- Up-to-date: /home/niklas/Documents/Telerrobotics/Lab2/ros2_ws/install/houghmessage/local/lib/python3.10/dist-packages/houghmessage
[3.119s] -- Up-to-date: /home/niklas/Documents/Telerrobotics/Lab2/ros2_ws/install/houghmessage/local/lib/python3.10/dist-packages/houghmessage/_houghmessage_s.ep.rosidl_typesupport_fastrtps_c.c
[3.119s] -- Up-to-date: /home/niklas/Documents/Telerrobotics/Lab2/ros2_ws/install/houghmessage/local/lib/python3.10/dist-packages/houghmessage/_houghmessage_s.ep.rosidl_typesupport_introspection_c.c
[3.119s] -- Up-to-date: /home/niklas/Documents/Telerrobotics/Lab2/ros2_ws/install/houghmessage/local/lib/python3.10/dist-packages/houghmessage/houghmessage_s__rosidl_typesupport_introspection_c.cpython-310-x86_64-linux-gnu.so
[3.120s] -- Up-to-date: /home/niklas/Documents/Telerrobotics/Lab2/ros2_ws/install/houghmessage/local/lib/python3.10/dist-packages/houghmessage/_houghmessage_s.ep.rosidl_typesupport_c.c
[3.120s] -- Up-to-date: /home/niklas/Documents/Telerrobotics/Lab2/ros2_ws/install/houghmessage/local/lib/python3.10/dist-packages/houghmessage/__init__.py
[3.120s] -- Up-to-date: /home/niklas/Documents/Telerrobotics/Lab2/ros2_ws/install/houghmessage/local/lib/python3.10/dist-packages/houghmessage/houghmessage_s__rosidl_typesupport_fastrtps_c.cpython-310-x86_64-linux-gnu.so
[3.121s] -- Up-to-date: /home/niklas/Documents/Telerrobotics/Lab2/ros2_ws/install/houghmessage/local/lib/python3.10/dist-packages/houghmessage/msg
[3.121s] -- Up-to-date: /home/niklas/Documents/Telerrobotics/Lab2/ros2_ws/install/houghmessage/local/lib/python3.10/dist-packages/houghmessage/msg/__init__.py
[3.121s] -- Up-to-date: /home/niklas/Documents/Telerrobotics/Lab2/ros2_ws/install/houghmessage/local/lib/python3.10/dist-packages/houghmessage/msg/_r_whough_line.py
[3.121s] -- Up-to-date: /home/niklas/Documents/Telerrobotics/Lab2/ros2_ws/install/houghmessage/local/lib/python3.10/dist-packages/houghmessage/msg/_r_whough_line_s.c
[3.121s] -- Up-to-date: /home/niklas/Documents/Telerrobotics/Lab2/ros2_ws/install/houghmessage/local/lib/python3.10/dist-packages/houghmessage/libhoughmessage__rosidl_generator_py.so
[3.122s] -- Up-to-date: /home/niklas/Documents/Telerrobotics/Lab2/ros2_ws/install/houghmessage/local/lib/python3.10/dist-packages/houghmessage/houghmessage_s__rosidl_typesupport_c.cpython-310-x86_64-linux-gnu.so
[3.189s] Listing '/home/niklas/Documents/Telerrobotics/Lab2/ros2_ws/install/houghmessage/local/lib/python3.10/dist-packages/houghmessage'...
[3.189s] Listing '/home/niklas/Documents/Telerrobotics/Lab2/ros2_ws/install/houghmessage/local/lib/python3.10/dist-packages/houghmessage/msg'...
[3.204s] -- Up-to-date: /home/niklas/Documents/Telerrobotics/Lab2/ros2_ws/install/houghmessage/local/lib/python3.10/dist-packages/houghmessage/houghmessage_s__rosidl_typesupport_fastrtps_c.cpython-310-x86_64-linux-gnu.so
[3.205s] -- Up-to-date: /home/niklas/Documents/Telerrobotics/Lab2/ros2_ws/install/houghmessage/local/lib/python3.10/dist-packages/houghmessage/houghmessage_s__rosidl_typesupport_introspection_c.cpython-310-x86_64-linux-gnu.so
[3.206s] -- Up-to-date: /home/niklas/Documents/Telerrobotics/Lab2/ros2_ws/install/houghmessage/local/lib/python3.10/dist-packages/houghmessage/houghmessage_s__rosidl_typesupport_c.cpython-310-x86_64-linux-gnu.so
[3.206s] -- Up-to-date: /home/niklas/Documents/Telerrobotics/Lab2/ros2_ws/install/houghmessage/lib/libhoughmessage__rosidl_generator_py.so
[3.206s] -- Up-to-date: /home/niklas/Documents/Telerrobotics/Lab2/ros2_ws/install/houghmessage/share/houghmessage/msg/RWhoughLine.idl
[3.207s] -- Up-to-date: /home/niklas/Documents/Telerrobotics/Lab2/ros2_ws/install/houghmessage/share/houghmessage/msg/RWhoughLine.msg
[3.207s] -- Up-to-date: /home/niklas/Documents/Telerrobotics/Lab2/ros2_ws/install/houghmessage/share/ament_index/resource_index/package_run_dependencies/houghmessage
[3.207s] -- Up-to-date: /home/niklas/Documents/Telerrobotics/Lab2/ros2_ws/install/houghmessage/share/ament_index/resource_index/parent_prefix_path/houghmessage
[3.207s] -- Up-to-date: /home/niklas/Documents/Telerrobotics/Lab2/ros2_ws/install/houghmessage/share/houghmessage/environment/ament_prefix_path.sh
[3.207s] -- Up-to-date: /home/niklas/Documents/Telerrobotics/Lab2/ros2_ws/install/houghmessage/share/houghmessage/environment/ament_prefix_path.dsv
[3.208s] -- Up-to-date: /home/niklas/Documents/Telerrobotics/Lab2/ros2_ws/install/houghmessage/share/houghmessage/environment/path.sh
[3.208s] -- Up-to-date: /home/niklas/Documents/Telerrobotics/Lab2/ros2_ws/install/houghmessage/share/houghmessage/environment/path.dsv
[3.209s] -- Up-to-date: /home/niklas/Documents/Telerrobotics/Lab2/ros2_ws/install/houghmessage/share/houghmessage/local_setup.bash
[3.209s] -- Up-to-date: /home/niklas/Documents/Telerrobotics/Lab2/ros2_ws/install/houghmessage/share/houghmessage/local_setup.sh
[3.209s] -- Up-to-date: /home/niklas/Documents/Telerrobotics/Lab2/ros2_ws/install/houghmessage/share/houghmessage/local_setup.zsh
[3.209s] -- Up-to-date: /home/niklas/Documents/Telerrobotics/Lab2/ros2_ws/install/houghmessage/share/houghmessage/local_setup.dsv
[3.209s] -- Installing: /home/niklas/Documents/Telerrobotics/Lab2/ros2_ws/install/houghmessage/share/houghmessage/package.dsv
[3.210s] -- Up-to-date: /home/niklas/Documents/Telerrobotics/Lab2/ros2_ws/install/houghmessage/share/ament_index/resource_index/packages/houghmessage
[3.210s] -- Up-to-date: /home/niklas/Documents/Telerrobotics/Lab2/ros2_ws/install/houghmessage/share/houghmessage/cmake/export_houghmessage__rosidl_generator_cExport.cmake
[3.210s] -- Up-to-date: /home/niklas/Documents/Telerrobotics/Lab2/ros2_ws/install/houghmessage/share/houghmessage/cmake/export_houghmessage__rosidl_generator_cExport-noconfig.cmake
[3.210s] -- Up-to-date: /home/niklas/Documents/Telerrobotics/Lab2/ros2_ws/install/houghmessage/share/houghmessage/cmake/export_houghmessage__rosidl_typesupport_fastrtps_cExport.cmake
[3.211s] -- Up-to-date: /home/niklas/Documents/Telerrobotics/Lab2/ros2_ws/install/houghmessage/share/houghmessage/cmake/export_houghmessage__rosidl_typesupport_fastrtps_cExport-noconfig.cmake
[3.211s] -- Up-to-date: /home/niklas/Documents/Telerrobotics/Lab2/ros2_ws/install/houghmessage/share/houghmessage/cmake/export_houghmessage__rosidl_generator_cppExport.cmake
[3.211s] -- Up-to-date: /home/niklas/Documents/Telerrobotics/Lab2/ros2_ws/install/houghmessage/share/houghmessage/cmake/export_houghmessage__rosidl_typesupport_fastrtps_cppExport.cmake
[3.212s] -- Up-to-date: /home/niklas/Documents/Telerrobotics/Lab2/ros2_ws/install/houghmessage/share/houghmessage/cmake/export_houghmessage__rosidl_typesupport_fastrtps_cppExport-noconfig.cmake
[3.217s] -- Up-to-date: /home/niklas/Documents/Telerrobotics/Lab2/ros2_ws/install/houghmessage/share/houghmessage/cmake/houghmessage__rosidl_typesupport_introspection_cExport.cmake
[3.217s] -- Up-to-date: /home/niklas/Documents/Telerrobotics/Lab2/ros2_ws/install/houghmessage/share/houghmessage/cmake/houghmessage__rosidl_typesupport_introspection_cExport-noconfig.cmake
[3.217s] -- Up-to-date: /home/niklas/Documents/Telerrobotics/Lab2/ros2_ws/install/houghmessage/share/houghmessage/cmake/houghmessage__rosidl_typesupport_cExport.cmake
[3.217s] -- Up-to-date: /home/niklas/Documents/Telerrobotics/Lab2/ros2_ws/install/houghmessage/share/houghmessage/cmake/houghmessage__rosidl_typesupport_cExport-noconfig.cmake
[3.218s] -- Up-to-date: /home/niklas/Documents/Telerrobotics/Lab2/ros2_ws/install/houghmessage/share/houghmessage/cmake/houghmessage__rosidl_typesupport_introspection_cppExport.cmake
[3.218s] -- Up-to-date: /home/niklas/Documents/Telerrobotics/Lab2/ros2_ws/install/houghmessage/share/houghmessage/cmake/houghmessage__rosidl_typesupport_introspection_cppExport-noconfig.cmake
[3.218s] -- Up-to-date: /home/niklas/Documents/Telerrobotics/Lab2/ros2_ws/install/houghmessage/share/houghmessage/cmake/houghmessage__rosidl_typesupport_cppExport.cmake
[3.218s] -- Up-to-date: /home/niklas/Documents/Telerrobotics/Lab2/ros2_ws/install/houghmessage/share/houghmessage/cmake/houghmessage__rosidl_typesupport_cppExport-noconfig.cmake
[3.218s] -- Up-to-date: /home/niklas/Documents/Telerrobotics/Lab2/ros2_ws/install/houghmessage/share/houghmessage/cmake/export_houghmessage__rosidl_generator_pyExport.cmake
[3.218s] -- Up-to-date: /home/niklas/Documents/Telerrobotics/Lab2/ros2_ws/install/houghmessage/share/houghmessage/cmake/export_houghmessage__rosidl_generator_pyExport-noconfig.cmake
[3.218s] -- Up-to-date: /home/niklas/Documents/Telerrobotics/Lab2/ros2_ws/install/houghmessage/share/houghmessage/cmake/rosidl_cmake-extras.cmake
[3.219s] -- Up-to-date: /home/niklas/Documents/Telerrobotics/Lab2/ros2_ws/install/houghmessage/share/houghmessage/cmake/ament_cmake_export_dependencies-extras.cmake
[3.219s] -- Up-to-date: /home/niklas/Documents/Telerrobotics/Lab2/ros2_ws/install/houghmessage/share/houghmessage/cmake/ament_cmake_export_include_directories-extras.cmake
[3.219s] -- Up-to-date: /home/niklas/Documents/Telerrobotics/Lab2/ros2_ws/install/houghmessage/share/houghmessage/cmake/ament_cmake_export_libraries-extras.cmake
[3.220s] -- Up-to-date: /home/niklas/Documents/Telerrobotics/Lab2/ros2_ws/install/houghmessage/share/houghmessage/cmake/ament_cmake_export_targets-extras.cmake
[3.220s] -- Up-to-date: /home/niklas/Documents/Telerrobotics/Lab2/ros2_ws/install/houghmessage/share/houghmessage/cmake/rosidl_cmake_export_typesupport_targets-extras.cmake
[3.220s] -- Up-to-date: /home/niklas/Documents/Telerrobotics/Lab2/ros2_ws/install/houghmessage/share/houghmessage/cmake/rosidl_cmake_export_typesupport_libraries-extras.cmake
[3.220s] -- Up-to-date: /home/niklas/Documents/Telerrobotics/Lab2/ros2_ws/install/houghmessage/share/houghmessage/cmake/houghmessageConfig.cmake
[3.221s] -- Up-to-date: /home/niklas/Documents/Telerrobotics/Lab2/ros2_ws/install/houghmessage/share/houghmessage/cmake/houghmessageConfig-version.cmake
[3.221s] -- Up-to-date: /home/niklas/Documents/Telerrobotics/Lab2/ros2_ws/install/houghmessage/share/houghmessage/package.xml
