[0.153s] Invoking command in '/home/niklas/Documents/Telerrobotics/Lab2/ros2_ws/build/rwth': CMAKE_PREFIX_PATH=/opt/ros/humble /usr/bin/cmake /home/niklas/Documents/Telerrobotics/Lab2/ros2_ws/src/RWTH -DCMAKE_INSTALL_PREFIX=/home/niklas/Documents/Telerrobotics/Lab2/ros2_ws/install/rwth
[0.345s] -- Found ament_cmake: 1.3.5 (/opt/ros/humble/share/ament_cmake/cmake)
[0.548s] -- Found rclcpp: 16.0.6 (/opt/ros/humble/share/rclcpp/cmake)
[0.615s] -- Found rosidl_generator_c: 3.1.5 (/opt/ros/humble/share/rosidl_generator_c/cmake)
[0.621s] -- Found rosidl_adapter: 3.1.5 (/opt/ros/humble/share/rosidl_adapter/cmake)
[0.633s] -- Found rosidl_generator_cpp: 3.1.5 (/opt/ros/humble/share/rosidl_generator_cpp/cmake)
[0.666s] -- Using all available rosidl_typesupport_c: rosidl_typesupport_fastrtps_c;rosidl_typesupport_introspection_c
[0.700s] -- Using all available rosidl_typesupport_cpp: rosidl_typesupport_fastrtps_cpp;rosidl_typesupport_introspection_cpp
[0.822s] -- Found rmw_implementation_cmake: 6.1.1 (/opt/ros/humble/share/rmw_implementation_cmake/cmake)
[0.825s] -- Found rmw_fastrtps_cpp: 6.2.4 (/opt/ros/humble/share/rmw_fastrtps_cpp/cmake)
[1.080s] -- Using RMW implementation 'rmw_fastrtps_cpp' as default
[1.401s] -- Found sensor_msgs: 4.2.3 (/opt/ros/humble/share/sensor_msgs/cmake)
[1.689s] [31mCMake Error at CMakeLists.txt:17 (find_package):
[1.689s]   By not providing "Findhoughmessage.cmake" in CMAKE_MODULE_PATH this project
[1.690s]   has asked CMake to find a package configuration file provided by
[1.690s]   "houghmessage", but CMake did not find one.
[1.690s] 
[1.690s]   Could not find a package configuration file provided by "houghmessage" with
[1.690s]   any of the following names:
[1.691s] 
[1.691s]     houghmessageConfig.cmake
[1.691s]     houghmessage-config.cmake
[1.691s] 
[1.691s]   Add the installation prefix of "houghmessage" to CMAKE_PREFIX_PATH or set
[1.691s]   "houghmessage_DIR" to a directory containing one of the above files.  If
[1.693s]   "houghmessage" provides a separate development package or SDK, be sure it
[1.694s]   has been installed.
[1.694s] 
[1.694s] [0m
[1.694s] -- Configuring incomplete, errors occurred!
[1.694s] See also "/home/niklas/Documents/Telerrobotics/Lab2/ros2_ws/build/rwth/CMakeFiles/CMakeOutput.log".
[1.931s] Invoked command in '/home/niklas/Documents/Telerrobotics/Lab2/ros2_ws/build/rwth' returned '1': CMAKE_PREFIX_PATH=/opt/ros/humble /usr/bin/cmake /home/niklas/Documents/Telerrobotics/Lab2/ros2_ws/src/RWTH -DCMAKE_INSTALL_PREFIX=/home/niklas/Documents/Telerrobotics/Lab2/ros2_ws/install/rwth
