[0.494s] Invoking command in '/home/niklas/Documents/Telerrobotics/Lab2/ros2_ws/build/rwth': CMAKE_PREFIX_PATH=/opt/ros/humble /usr/bin/cmake /home/niklas/Documents/Telerrobotics/Lab2/ros2_ws/src/RWTH -DCMAKE_INSTALL_PREFIX=/home/niklas/Documents/Telerrobotics/Lab2/ros2_ws/install/rwth
[0.666s] -- Found ament_cmake: 1.3.5 (/opt/ros/humble/share/ament_cmake/cmake)
[0.726s] -- Found rclcpp: 16.0.6 (/opt/ros/humble/share/rclcpp/cmake)
[0.793s] -- Found rosidl_generator_c: 3.1.5 (/opt/ros/humble/share/rosidl_generator_c/cmake)
[0.797s] -- Found rosidl_adapter: 3.1.5 (/opt/ros/humble/share/rosidl_adapter/cmake)
[0.843s] -- Found rosidl_generator_cpp: 3.1.5 (/opt/ros/humble/share/rosidl_generator_cpp/cmake)
[0.843s] -- Using all available rosidl_typesupport_c: rosidl_typesupport_fastrtps_c;rosidl_typesupport_introspection_c
[0.884s] -- Using all available rosidl_typesupport_cpp: rosidl_typesupport_fastrtps_cpp;rosidl_typesupport_introspection_cpp
[1.019s] -- Found rmw_implementation_cmake: 6.1.1 (/opt/ros/humble/share/rmw_implementation_cmake/cmake)
[1.029s] -- Found rmw_fastrtps_cpp: 6.2.4 (/opt/ros/humble/share/rmw_fastrtps_cpp/cmake)
[1.292s] -- Using RMW implementation 'rmw_fastrtps_cpp' as default
[1.535s] -- Found sensor_msgs: 4.2.3 (/opt/ros/humble/share/sensor_msgs/cmake)
[1.757s] -- Configuring incomplete, errors occurred!
[1.758s] See also "/home/niklas/Documents/Telerrobotics/Lab2/ros2_ws/build/rwth/CMakeFiles/CMakeOutput.log".
[1.760s] [31mCMake Error at CMakeLists.txt:17 (find_package):
[1.761s]   By not providing "Findhoughmessage.cmake" in CMAKE_MODULE_PATH this project
[1.761s]   has asked CMake to find a package configuration file provided by
[1.761s]   "houghmessage", but CMake did not find one.
[1.762s] 
[1.763s]   Could not find a package configuration file provided by "houghmessage" with
[1.764s]   any of the following names:
[1.765s] 
[1.765s]     houghmessageConfig.cmake
[1.766s]     houghmessage-config.cmake
[1.767s] 
[1.769s]   Add the installation prefix of "houghmessage" to CMAKE_PREFIX_PATH or set
[1.770s]   "houghmessage_DIR" to a directory containing one of the above files.  If
[1.771s]   "houghmessage" provides a separate development package or SDK, be sure it
[1.771s]   has been installed.
[1.772s] 
[1.772s] [0m
[2.500s] Invoked command in '/home/niklas/Documents/Telerrobotics/Lab2/ros2_ws/build/rwth' returned '1': CMAKE_PREFIX_PATH=/opt/ros/humble /usr/bin/cmake /home/niklas/Documents/Telerrobotics/Lab2/ros2_ws/src/RWTH -DCMAKE_INSTALL_PREFIX=/home/niklas/Documents/Telerrobotics/Lab2/ros2_ws/install/rwth
