[  9%] Built target houghmessage__rosidl_generator_c
[ 12%] Built target houghmessage__cpp
[ 12%] Built target ament_cmake_python_copy_houghmessage
[ 22%] Built target houghmessage__rosidl_typesupport_fastrtps_c
[ 32%] Built target houghmessage__rosidl_typesupport_introspection_c
[ 41%] Built target houghmessage__rosidl_typesupport_c
[ 51%] Built target houghmessage__rosidl_typesupport_introspection_cpp
[ 61%] Built target houghmessage__rosidl_typesupport_cpp
[ 70%] Built target houghmessage__rosidl_typesupport_fastrtps_cpp
[ 70%] Built target houghmessage
[ 74%] Built target houghmessage__py
[ 80%] Built target houghmessage__rosidl_generator_py
[ 87%] Built target houghmessage__rosidl_typesupport_introspection_c__pyext
[ 93%] Built target houghmessage__rosidl_typesupport_fastrtps_c__pyext
[100%] Built target houghmessage__rosidl_typesupport_c__pyext
running egg_info
writing houghmessage.egg-info/PKG-INFO
writing dependency_links to houghmessage.egg-info/dependency_links.txt
writing top-level names to houghmessage.egg-info/top_level.txt
reading manifest file 'houghmessage.egg-info/SOURCES.txt'
writing manifest file 'houghmessage.egg-info/SOURCES.txt'
[100%] Built target ament_cmake_python_build_houghmessage_egg
