[0.761s] Invoking command in '/home/niklas/Documents/Telerrobotics/Lab2/ros2_ws/build/houghmessage': CMAKE_PREFIX_PATH=/opt/ros/humble /usr/bin/cmake --build /home/niklas/Documents/Telerrobotics/Lab2/ros2_ws/build/houghmessage -- -j8 -l8
[0.886s] [  9%] Built target houghmessage__rosidl_generator_c
[0.891s] [ 12%] Built target houghmessage__cpp
[0.899s] [ 12%] Built target ament_cmake_python_copy_houghmessage
[0.965s] [ 22%] Built target houghmessage__rosidl_typesupport_fastrtps_c
[0.969s] [ 32%] Built target houghmessage__rosidl_typesupport_introspection_c
[0.996s] [ 41%] Built target houghmessage__rosidl_typesupport_c
[1.015s] [ 51%] Built target houghmessage__rosidl_typesupport_introspection_cpp
[1.071s] [ 61%] Built target houghmessage__rosidl_typesupport_cpp
[1.099s] [ 70%] Built target houghmessage__rosidl_typesupport_fastrtps_cpp
[1.136s] [ 70%] Built target houghmessage
[1.187s] [ 74%] Built target houghmessage__py
[1.237s] [ 80%] Built target houghmessage__rosidl_generator_py
[1.284s] [ 87%] Built target houghmessage__rosidl_typesupport_introspection_c__pyext
[1.288s] [ 93%] Built target houghmessage__rosidl_typesupport_fastrtps_c__pyext
[1.293s] [100%] Built target houghmessage__rosidl_typesupport_c__pyext
[1.470s] running egg_info
[1.471s] writing houghmessage.egg-info/PKG-INFO
[1.472s] writing dependency_links to houghmessage.egg-info/dependency_links.txt
[1.472s] writing top-level names to houghmessage.egg-info/top_level.txt
[1.478s] reading manifest file 'houghmessage.egg-info/SOURCES.txt'
[1.479s] writing manifest file 'houghmessage.egg-info/SOURCES.txt'
[1.551s] [100%] Built target ament_cmake_python_build_houghmessage_egg
[2.775s] Invoked command in '/home/niklas/Documents/Telerrobotics/Lab2/ros2_ws/build/houghmessage' returned '0': CMAKE_PREFIX_PATH=/opt/ros/humble /usr/bin/cmake --build /home/niklas/Documents/Telerrobotics/Lab2/ros2_ws/build/houghmessage -- -j8 -l8
