[0.121s] Invoking command in '/home/niklas/Documents/Telerrobotics/Lab2/ros2_ws_hough/build/houghmessage': CMAKE_PREFIX_PATH=${CMAKE_PREFIX_PATH}:/home/niklas/Documents/Telerrobotics/Lab2/ros2_ws_hough/install/turtlebot3_teleop:/home/niklas/Documents/Telerrobotics/Lab2/ros2_ws_hough/install/turtlebot3_example:/opt/ros/humble /usr/bin/cmake --build /home/niklas/Documents/Telerrobotics/Lab2/ros2_ws_hough/build/houghmessage -- -j8 -l8
[0.193s] [  3%] [34m[1mGenerating C code for ROS interfaces[0m
[0.217s] [  6%] [34m[1mGenerating C++ code for ROS interfaces[0m
[0.240s] [  6%] Built target ament_cmake_python_copy_houghmessage
[0.682s] running egg_info
[0.688s] creating houghmessage.egg-info
[0.688s] writing houghmessage.egg-info/PKG-INFO
[0.689s] writing dependency_links to houghmessage.egg-info/dependency_links.txt
[0.689s] writing top-level names to houghmessage.egg-info/top_level.txt
[0.689s] writing manifest file 'houghmessage.egg-info/SOURCES.txt'
[0.689s] reading manifest file 'houghmessage.egg-info/SOURCES.txt'
[0.692s] writing manifest file 'houghmessage.egg-info/SOURCES.txt'
[0.720s] [  6%] Built target houghmessage__cpp
[0.743s] [  9%] [34m[1mGenerating C++ type support dispatch for ROS interfaces[0m
[0.744s] [ 16%] [34m[1mGenerating C++ type support for eProsima Fast-RTPS[0m
[0.744s] [ 16%] [34m[1mGenerating C++ introspection for ROS interfaces[0m
[0.753s] [ 19%] [32mBuilding C object CMakeFiles/houghmessage__rosidl_generator_c.dir/rosidl_generator_c/houghmessage/msg/detail/r_whough_line__functions.c.o[0m
[0.768s] [ 19%] Built target ament_cmake_python_build_houghmessage_egg
[0.850s] [ 22%] [32m[1mLinking C shared library libhoughmessage__rosidl_generator_c.so[0m
[0.930s] [ 22%] Built target houghmessage__rosidl_generator_c
[0.958s] [ 29%] [34m[1mGenerating C introspection for ROS interfaces[0m
[0.959s] [ 29%] [34m[1mGenerating C type support dispatch for ROS interfaces[0m
[0.959s] [ 32%] [34m[1mGenerating C type support for eProsima Fast-RTPS[0m
[1.264s] [ 35%] [32mBuilding CXX object CMakeFiles/houghmessage__rosidl_typesupport_cpp.dir/rosidl_typesupport_cpp/houghmessage/msg/r_whough_line__type_support.cpp.o[0m
[1.365s] [ 38%] [32mBuilding CXX object CMakeFiles/houghmessage__rosidl_typesupport_introspection_cpp.dir/rosidl_typesupport_introspection_cpp/houghmessage/msg/detail/r_whough_line__type_support.cpp.o[0m
[1.369s] [ 41%] [32mBuilding CXX object CMakeFiles/houghmessage__rosidl_typesupport_fastrtps_cpp.dir/rosidl_typesupport_fastrtps_cpp/houghmessage/msg/detail/dds_fastrtps/r_whough_line__type_support.cpp.o[0m
[1.557s] [ 45%] [32mBuilding CXX object CMakeFiles/houghmessage__rosidl_typesupport_c.dir/rosidl_typesupport_c/houghmessage/msg/r_whough_line__type_support.cpp.o[0m
[1.642s] [ 48%] [32m[1mLinking CXX shared library libhoughmessage__rosidl_typesupport_c.so[0m
[1.642s] [ 51%] [32mBuilding CXX object CMakeFiles/houghmessage__rosidl_typesupport_fastrtps_c.dir/rosidl_typesupport_fastrtps_c/houghmessage/msg/detail/r_whough_line__type_support_c.cpp.o[0m
[1.682s] [ 54%] [32mBuilding C object CMakeFiles/houghmessage__rosidl_typesupport_introspection_c.dir/rosidl_typesupport_introspection_c/houghmessage/msg/detail/r_whough_line__type_support.c.o[0m
[1.750s] [ 54%] Built target houghmessage__rosidl_typesupport_c
[1.785s] [ 58%] [32m[1mLinking C shared library libhoughmessage__rosidl_typesupport_introspection_c.so[0m
[1.840s] [ 61%] [32m[1mLinking CXX shared library libhoughmessage__rosidl_typesupport_cpp.so[0m
[1.866s] [ 61%] Built target houghmessage__rosidl_typesupport_introspection_c
[1.943s] [ 61%] Built target houghmessage__rosidl_typesupport_cpp
[2.250s] [ 67%] [32m[1mLinking CXX shared library libhoughmessage__rosidl_typesupport_fastrtps_c.so[0m
[2.250s] [ 67%] [32m[1mLinking CXX shared library libhoughmessage__rosidl_typesupport_introspection_cpp.so[0m
[2.305s] [ 70%] [32m[1mLinking CXX shared library libhoughmessage__rosidl_typesupport_fastrtps_cpp.so[0m
[2.438s] [ 70%] Built target houghmessage__rosidl_typesupport_introspection_cpp
[2.447s] [ 70%] Built target houghmessage__rosidl_typesupport_fastrtps_c
[2.486s] [ 70%] Built target houghmessage__rosidl_typesupport_fastrtps_cpp
[2.528s] [ 70%] Built target houghmessage
[2.571s] [ 74%] [34m[1mGenerating Python code for ROS interfaces[0m
[3.084s] [ 74%] Built target houghmessage__py
[3.127s] [ 77%] [32mBuilding C object CMakeFiles/houghmessage__rosidl_generator_py.dir/rosidl_generator_py/houghmessage/msg/_r_whough_line_s.c.o[0m
[3.311s] [ 80%] [32m[1mLinking C shared library rosidl_generator_py/houghmessage/libhoughmessage__rosidl_generator_py.so[0m
[3.404s] [ 80%] Built target houghmessage__rosidl_generator_py
[3.443s] [ 87%] [32mBuilding C object CMakeFiles/houghmessage__rosidl_typesupport_c__pyext.dir/rosidl_generator_py/houghmessage/_houghmessage_s.ep.rosidl_typesupport_c.c.o[0m
[3.443s] [ 87%] [32mBuilding C object CMakeFiles/houghmessage__rosidl_typesupport_fastrtps_c__pyext.dir/rosidl_generator_py/houghmessage/_houghmessage_s.ep.rosidl_typesupport_fastrtps_c.c.o[0m
[3.447s] [ 90%] [32mBuilding C object CMakeFiles/houghmessage__rosidl_typesupport_introspection_c__pyext.dir/rosidl_generator_py/houghmessage/_houghmessage_s.ep.rosidl_typesupport_introspection_c.c.o[0m
[3.618s] [ 93%] [32m[1mLinking C shared library rosidl_generator_py/houghmessage/houghmessage_s__rosidl_typesupport_fastrtps_c.cpython-310-x86_64-linux-gnu.so[0m
[3.619s] [ 96%] [32m[1mLinking C shared library rosidl_generator_py/houghmessage/houghmessage_s__rosidl_typesupport_c.cpython-310-x86_64-linux-gnu.so[0m
[3.622s] [100%] [32m[1mLinking C shared library rosidl_generator_py/houghmessage/houghmessage_s__rosidl_typesupport_introspection_c.cpython-310-x86_64-linux-gnu.so[0m
[3.691s] [100%] Built target houghmessage__rosidl_typesupport_fastrtps_c__pyext
[3.697s] [100%] Built target houghmessage__rosidl_typesupport_c__pyext
[3.700s] [100%] Built target houghmessage__rosidl_typesupport_introspection_c__pyext
[3.725s] Invoked command in '/home/niklas/Documents/Telerrobotics/Lab2/ros2_ws_hough/build/houghmessage' returned '0': CMAKE_PREFIX_PATH=${CMAKE_PREFIX_PATH}:/home/niklas/Documents/Telerrobotics/Lab2/ros2_ws_hough/install/turtlebot3_teleop:/home/niklas/Documents/Telerrobotics/Lab2/ros2_ws_hough/install/turtlebot3_example:/opt/ros/humble /usr/bin/cmake --build /home/niklas/Documents/Telerrobotics/Lab2/ros2_ws_hough/build/houghmessage -- -j8 -l8
[3.885s] Invoking command in '/home/niklas/Documents/Telerrobotics/Lab2/ros2_ws_hough/build/houghmessage': CMAKE_PREFIX_PATH=${CMAKE_PREFIX_PATH}:/home/niklas/Documents/Telerrobotics/Lab2/ros2_ws_hough/install/turtlebot3_teleop:/home/niklas/Documents/Telerrobotics/Lab2/ros2_ws_hough/install/turtlebot3_example:/opt/ros/humble /usr/bin/cmake --install /home/niklas/Documents/Telerrobotics/Lab2/ros2_ws_hough/build/houghmessage
[3.899s] -- Install configuration: ""
[3.899s] -- Installing: /home/niklas/Documents/Telerrobotics/Lab2/ros2_ws_hough/install/houghmessage/share/ament_index/resource_index/rosidl_interfaces/houghmessage
[3.899s] -- Installing: /home/niklas/Documents/Telerrobotics/Lab2/ros2_ws_hough/install/houghmessage/include/houghmessage/houghmessage
[3.900s] -- Installing: /home/niklas/Documents/Telerrobotics/Lab2/ros2_ws_hough/install/houghmessage/include/houghmessage/houghmessage/msg
[3.900s] -- Installing: /home/niklas/Documents/Telerrobotics/Lab2/ros2_ws_hough/install/houghmessage/include/houghmessage/houghmessage/msg/rosidl_generator_c__visibility_control.h
[3.900s] -- Installing: /home/niklas/Documents/Telerrobotics/Lab2/ros2_ws_hough/install/houghmessage/include/houghmessage/houghmessage/msg/r_whough_line.h
[3.901s] -- Installing: /home/niklas/Documents/Telerrobotics/Lab2/ros2_ws_hough/install/houghmessage/include/houghmessage/houghmessage/msg/detail
[3.901s] -- Installing: /home/niklas/Documents/Telerrobotics/Lab2/ros2_ws_hough/install/houghmessage/include/houghmessage/houghmessage/msg/detail/r_whough_line__struct.h
[3.901s] -- Installing: /home/niklas/Documents/Telerrobotics/Lab2/ros2_ws_hough/install/houghmessage/include/houghmessage/houghmessage/msg/detail/r_whough_line__functions.h
[3.901s] -- Installing: /home/niklas/Documents/Telerrobotics/Lab2/ros2_ws_hough/install/houghmessage/include/houghmessage/houghmessage/msg/detail/r_whough_line__functions.c
[3.902s] -- Installing: /home/niklas/Documents/Telerrobotics/Lab2/ros2_ws_hough/install/houghmessage/include/houghmessage/houghmessage/msg/detail/r_whough_line__type_support.h
[3.902s] -- Installing: /home/niklas/Documents/Telerrobotics/Lab2/ros2_ws_hough/install/houghmessage/share/houghmessage/environment/library_path.sh
[3.902s] -- Installing: /home/niklas/Documents/Telerrobotics/Lab2/ros2_ws_hough/install/houghmessage/share/houghmessage/environment/library_path.dsv
[3.903s] -- Installing: /home/niklas/Documents/Telerrobotics/Lab2/ros2_ws_hough/install/houghmessage/lib/libhoughmessage__rosidl_generator_c.so
[3.903s] -- Set runtime path of "/home/niklas/Documents/Telerrobotics/Lab2/ros2_ws_hough/install/houghmessage/lib/libhoughmessage__rosidl_generator_c.so" to ""
[3.903s] -- Up-to-date: /home/niklas/Documents/Telerrobotics/Lab2/ros2_ws_hough/install/houghmessage/include/houghmessage/houghmessage
[3.903s] -- Up-to-date: /home/niklas/Documents/Telerrobotics/Lab2/ros2_ws_hough/install/houghmessage/include/houghmessage/houghmessage/msg
[3.903s] -- Installing: /home/niklas/Documents/Telerrobotics/Lab2/ros2_ws_hough/install/houghmessage/include/houghmessage/houghmessage/msg/rosidl_typesupport_fastrtps_c__visibility_control.h
[3.904s] -- Up-to-date: /home/niklas/Documents/Telerrobotics/Lab2/ros2_ws_hough/install/houghmessage/include/houghmessage/houghmessage/msg/detail
[3.904s] -- Installing: /home/niklas/Documents/Telerrobotics/Lab2/ros2_ws_hough/install/houghmessage/include/houghmessage/houghmessage/msg/detail/r_whough_line__rosidl_typesupport_fastrtps_c.h
[3.904s] -- Installing: /home/niklas/Documents/Telerrobotics/Lab2/ros2_ws_hough/install/houghmessage/lib/libhoughmessage__rosidl_typesupport_fastrtps_c.so
[3.905s] -- Set runtime path of "/home/niklas/Documents/Telerrobotics/Lab2/ros2_ws_hough/install/houghmessage/lib/libhoughmessage__rosidl_typesupport_fastrtps_c.so" to ""
[3.905s] -- Up-to-date: /home/niklas/Documents/Telerrobotics/Lab2/ros2_ws_hough/install/houghmessage/include/houghmessage/houghmessage
[3.905s] -- Up-to-date: /home/niklas/Documents/Telerrobotics/Lab2/ros2_ws_hough/install/houghmessage/include/houghmessage/houghmessage/msg
[3.905s] -- Installing: /home/niklas/Documents/Telerrobotics/Lab2/ros2_ws_hough/install/houghmessage/include/houghmessage/houghmessage/msg/r_whough_line.hpp
[3.905s] -- Up-to-date: /home/niklas/Documents/Telerrobotics/Lab2/ros2_ws_hough/install/houghmessage/include/houghmessage/houghmessage/msg/detail
[3.905s] -- Installing: /home/niklas/Documents/Telerrobotics/Lab2/ros2_ws_hough/install/houghmessage/include/houghmessage/houghmessage/msg/detail/r_whough_line__traits.hpp
[3.906s] -- Installing: /home/niklas/Documents/Telerrobotics/Lab2/ros2_ws_hough/install/houghmessage/include/houghmessage/houghmessage/msg/detail/r_whough_line__builder.hpp
[3.906s] -- Installing: /home/niklas/Documents/Telerrobotics/Lab2/ros2_ws_hough/install/houghmessage/include/houghmessage/houghmessage/msg/detail/r_whough_line__struct.hpp
[3.906s] -- Up-to-date: /home/niklas/Documents/Telerrobotics/Lab2/ros2_ws_hough/install/houghmessage/include/houghmessage/houghmessage
[3.906s] -- Up-to-date: /home/niklas/Documents/Telerrobotics/Lab2/ros2_ws_hough/install/houghmessage/include/houghmessage/houghmessage/msg
[3.906s] -- Installing: /home/niklas/Documents/Telerrobotics/Lab2/ros2_ws_hough/install/houghmessage/include/houghmessage/houghmessage/msg/rosidl_typesupport_fastrtps_cpp__visibility_control.h
[3.906s] -- Up-to-date: /home/niklas/Documents/Telerrobotics/Lab2/ros2_ws_hough/install/houghmessage/include/houghmessage/houghmessage/msg/detail
[3.907s] -- Installing: /home/niklas/Documents/Telerrobotics/Lab2/ros2_ws_hough/install/houghmessage/include/houghmessage/houghmessage/msg/detail/dds_fastrtps
[3.907s] -- Installing: /home/niklas/Documents/Telerrobotics/Lab2/ros2_ws_hough/install/houghmessage/include/houghmessage/houghmessage/msg/detail/r_whough_line__rosidl_typesupport_fastrtps_cpp.hpp
[3.907s] -- Installing: /home/niklas/Documents/Telerrobotics/Lab2/ros2_ws_hough/install/houghmessage/lib/libhoughmessage__rosidl_typesupport_fastrtps_cpp.so
[3.907s] -- Set runtime path of "/home/niklas/Documents/Telerrobotics/Lab2/ros2_ws_hough/install/houghmessage/lib/libhoughmessage__rosidl_typesupport_fastrtps_cpp.so" to ""
[3.907s] -- Up-to-date: /home/niklas/Documents/Telerrobotics/Lab2/ros2_ws_hough/install/houghmessage/include/houghmessage/houghmessage
[3.907s] -- Up-to-date: /home/niklas/Documents/Telerrobotics/Lab2/ros2_ws_hough/install/houghmessage/include/houghmessage/houghmessage/msg
[3.907s] -- Installing: /home/niklas/Documents/Telerrobotics/Lab2/ros2_ws_hough/install/houghmessage/include/houghmessage/houghmessage/msg/rosidl_typesupport_introspection_c__visibility_control.h
[3.908s] -- Up-to-date: /home/niklas/Documents/Telerrobotics/Lab2/ros2_ws_hough/install/houghmessage/include/houghmessage/houghmessage/msg/detail
[3.908s] -- Installing: /home/niklas/Documents/Telerrobotics/Lab2/ros2_ws_hough/install/houghmessage/include/houghmessage/houghmessage/msg/detail/r_whough_line__rosidl_typesupport_introspection_c.h
[3.908s] -- Installing: /home/niklas/Documents/Telerrobotics/Lab2/ros2_ws_hough/install/houghmessage/include/houghmessage/houghmessage/msg/detail/r_whough_line__type_support.c
[3.908s] -- Installing: /home/niklas/Documents/Telerrobotics/Lab2/ros2_ws_hough/install/houghmessage/lib/libhoughmessage__rosidl_typesupport_introspection_c.so
[3.908s] -- Set runtime path of "/home/niklas/Documents/Telerrobotics/Lab2/ros2_ws_hough/install/houghmessage/lib/libhoughmessage__rosidl_typesupport_introspection_c.so" to ""
[3.908s] -- Installing: /home/niklas/Documents/Telerrobotics/Lab2/ros2_ws_hough/install/houghmessage/lib/libhoughmessage__rosidl_typesupport_c.so
[3.909s] -- Set runtime path of "/home/niklas/Documents/Telerrobotics/Lab2/ros2_ws_hough/install/houghmessage/lib/libhoughmessage__rosidl_typesupport_c.so" to ""
[3.909s] -- Up-to-date: /home/niklas/Documents/Telerrobotics/Lab2/ros2_ws_hough/install/houghmessage/include/houghmessage/houghmessage
[3.909s] -- Up-to-date: /home/niklas/Documents/Telerrobotics/Lab2/ros2_ws_hough/install/houghmessage/include/houghmessage/houghmessage/msg
[3.909s] -- Up-to-date: /home/niklas/Documents/Telerrobotics/Lab2/ros2_ws_hough/install/houghmessage/include/houghmessage/houghmessage/msg/detail
[3.909s] -- Installing: /home/niklas/Documents/Telerrobotics/Lab2/ros2_ws_hough/install/houghmessage/include/houghmessage/houghmessage/msg/detail/r_whough_line__type_support.cpp
[3.909s] -- Installing: /home/niklas/Documents/Telerrobotics/Lab2/ros2_ws_hough/install/houghmessage/include/houghmessage/houghmessage/msg/detail/r_whough_line__rosidl_typesupport_introspection_cpp.hpp
[3.910s] -- Installing: /home/niklas/Documents/Telerrobotics/Lab2/ros2_ws_hough/install/houghmessage/lib/libhoughmessage__rosidl_typesupport_introspection_cpp.so
[3.910s] -- Set runtime path of "/home/niklas/Documents/Telerrobotics/Lab2/ros2_ws_hough/install/houghmessage/lib/libhoughmessage__rosidl_typesupport_introspection_cpp.so" to ""
[3.910s] -- Installing: /home/niklas/Documents/Telerrobotics/Lab2/ros2_ws_hough/install/houghmessage/lib/libhoughmessage__rosidl_typesupport_cpp.so
[3.911s] -- Set runtime path of "/home/niklas/Documents/Telerrobotics/Lab2/ros2_ws_hough/install/houghmessage/lib/libhoughmessage__rosidl_typesupport_cpp.so" to ""
[3.911s] -- Installing: /home/niklas/Documents/Telerrobotics/Lab2/ros2_ws_hough/install/houghmessage/share/houghmessage/environment/pythonpath.sh
[3.911s] -- Installing: /home/niklas/Documents/Telerrobotics/Lab2/ros2_ws_hough/install/houghmessage/share/houghmessage/environment/pythonpath.dsv
[3.911s] -- Installing: /home/niklas/Documents/Telerrobotics/Lab2/ros2_ws_hough/install/houghmessage/local/lib/python3.10/dist-packages/houghmessage-0.0.0-py3.10.egg-info
[3.912s] -- Installing: /home/niklas/Documents/Telerrobotics/Lab2/ros2_ws_hough/install/houghmessage/local/lib/python3.10/dist-packages/houghmessage-0.0.0-py3.10.egg-info/dependency_links.txt
[3.912s] -- Installing: /home/niklas/Documents/Telerrobotics/Lab2/ros2_ws_hough/install/houghmessage/local/lib/python3.10/dist-packages/houghmessage-0.0.0-py3.10.egg-info/PKG-INFO
[3.912s] -- Installing: /home/niklas/Documents/Telerrobotics/Lab2/ros2_ws_hough/install/houghmessage/local/lib/python3.10/dist-packages/houghmessage-0.0.0-py3.10.egg-info/SOURCES.txt
[3.912s] -- Installing: /home/niklas/Documents/Telerrobotics/Lab2/ros2_ws_hough/install/houghmessage/local/lib/python3.10/dist-packages/houghmessage-0.0.0-py3.10.egg-info/top_level.txt
[3.913s] -- Installing: /home/niklas/Documents/Telerrobotics/Lab2/ros2_ws_hough/install/houghmessage/local/lib/python3.10/dist-packages/houghmessage
[3.913s] -- Installing: /home/niklas/Documents/Telerrobotics/Lab2/ros2_ws_hough/install/houghmessage/local/lib/python3.10/dist-packages/houghmessage/_houghmessage_s.ep.rosidl_typesupport_fastrtps_c.c
[3.913s] -- Installing: /home/niklas/Documents/Telerrobotics/Lab2/ros2_ws_hough/install/houghmessage/local/lib/python3.10/dist-packages/houghmessage/_houghmessage_s.ep.rosidl_typesupport_introspection_c.c
[3.913s] -- Installing: /home/niklas/Documents/Telerrobotics/Lab2/ros2_ws_hough/install/houghmessage/local/lib/python3.10/dist-packages/houghmessage/houghmessage_s__rosidl_typesupport_introspection_c.cpython-310-x86_64-linux-gnu.so
[3.913s] -- Installing: /home/niklas/Documents/Telerrobotics/Lab2/ros2_ws_hough/install/houghmessage/local/lib/python3.10/dist-packages/houghmessage/_houghmessage_s.ep.rosidl_typesupport_c.c
[3.914s] -- Installing: /home/niklas/Documents/Telerrobotics/Lab2/ros2_ws_hough/install/houghmessage/local/lib/python3.10/dist-packages/houghmessage/__init__.py
[3.914s] -- Installing: /home/niklas/Documents/Telerrobotics/Lab2/ros2_ws_hough/install/houghmessage/local/lib/python3.10/dist-packages/houghmessage/houghmessage_s__rosidl_typesupport_fastrtps_c.cpython-310-x86_64-linux-gnu.so
[3.914s] -- Installing: /home/niklas/Documents/Telerrobotics/Lab2/ros2_ws_hough/install/houghmessage/local/lib/python3.10/dist-packages/houghmessage/msg
[3.914s] -- Installing: /home/niklas/Documents/Telerrobotics/Lab2/ros2_ws_hough/install/houghmessage/local/lib/python3.10/dist-packages/houghmessage/msg/__init__.py
[3.914s] -- Installing: /home/niklas/Documents/Telerrobotics/Lab2/ros2_ws_hough/install/houghmessage/local/lib/python3.10/dist-packages/houghmessage/msg/_r_whough_line.py
[3.915s] -- Installing: /home/niklas/Documents/Telerrobotics/Lab2/ros2_ws_hough/install/houghmessage/local/lib/python3.10/dist-packages/houghmessage/msg/_r_whough_line_s.c
[3.915s] -- Installing: /home/niklas/Documents/Telerrobotics/Lab2/ros2_ws_hough/install/houghmessage/local/lib/python3.10/dist-packages/houghmessage/libhoughmessage__rosidl_generator_py.so
[3.915s] -- Installing: /home/niklas/Documents/Telerrobotics/Lab2/ros2_ws_hough/install/houghmessage/local/lib/python3.10/dist-packages/houghmessage/houghmessage_s__rosidl_typesupport_c.cpython-310-x86_64-linux-gnu.so
[3.973s] Listing '/home/niklas/Documents/Telerrobotics/Lab2/ros2_ws_hough/install/houghmessage/local/lib/python3.10/dist-packages/houghmessage'...
[3.974s] Compiling '/home/niklas/Documents/Telerrobotics/Lab2/ros2_ws_hough/install/houghmessage/local/lib/python3.10/dist-packages/houghmessage/__init__.py'...
[3.974s] Listing '/home/niklas/Documents/Telerrobotics/Lab2/ros2_ws_hough/install/houghmessage/local/lib/python3.10/dist-packages/houghmessage/msg'...
[3.974s] Compiling '/home/niklas/Documents/Telerrobotics/Lab2/ros2_ws_hough/install/houghmessage/local/lib/python3.10/dist-packages/houghmessage/msg/__init__.py'...
[3.974s] Compiling '/home/niklas/Documents/Telerrobotics/Lab2/ros2_ws_hough/install/houghmessage/local/lib/python3.10/dist-packages/houghmessage/msg/_r_whough_line.py'...
[3.983s] -- Installing: /home/niklas/Documents/Telerrobotics/Lab2/ros2_ws_hough/install/houghmessage/local/lib/python3.10/dist-packages/houghmessage/houghmessage_s__rosidl_typesupport_fastrtps_c.cpython-310-x86_64-linux-gnu.so
[3.984s] -- Set runtime path of "/home/niklas/Documents/Telerrobotics/Lab2/ros2_ws_hough/install/houghmessage/local/lib/python3.10/dist-packages/houghmessage/houghmessage_s__rosidl_typesupport_fastrtps_c.cpython-310-x86_64-linux-gnu.so" to ""
[3.984s] -- Installing: /home/niklas/Documents/Telerrobotics/Lab2/ros2_ws_hough/install/houghmessage/local/lib/python3.10/dist-packages/houghmessage/houghmessage_s__rosidl_typesupport_introspection_c.cpython-310-x86_64-linux-gnu.so
[3.985s] -- Set runtime path of "/home/niklas/Documents/Telerrobotics/Lab2/ros2_ws_hough/install/houghmessage/local/lib/python3.10/dist-packages/houghmessage/houghmessage_s__rosidl_typesupport_introspection_c.cpython-310-x86_64-linux-gnu.so" to ""
[3.986s] -- Installing: /home/niklas/Documents/Telerrobotics/Lab2/ros2_ws_hough/install/houghmessage/local/lib/python3.10/dist-packages/houghmessage/houghmessage_s__rosidl_typesupport_c.cpython-310-x86_64-linux-gnu.so
[3.987s] -- Set runtime path of "/home/niklas/Documents/Telerrobotics/Lab2/ros2_ws_hough/install/houghmessage/local/lib/python3.10/dist-packages/houghmessage/houghmessage_s__rosidl_typesupport_c.cpython-310-x86_64-linux-gnu.so" to ""
[3.987s] -- Installing: /home/niklas/Documents/Telerrobotics/Lab2/ros2_ws_hough/install/houghmessage/lib/libhoughmessage__rosidl_generator_py.so
[3.988s] -- Set runtime path of "/home/niklas/Documents/Telerrobotics/Lab2/ros2_ws_hough/install/houghmessage/lib/libhoughmessage__rosidl_generator_py.so" to ""
[3.988s] -- Installing: /home/niklas/Documents/Telerrobotics/Lab2/ros2_ws_hough/install/houghmessage/share/houghmessage/msg/RWhoughLine.idl
[3.988s] -- Installing: /home/niklas/Documents/Telerrobotics/Lab2/ros2_ws_hough/install/houghmessage/share/houghmessage/msg/RWhoughLine.msg
[3.989s] -- Installing: /home/niklas/Documents/Telerrobotics/Lab2/ros2_ws_hough/install/houghmessage/share/ament_index/resource_index/package_run_dependencies/houghmessage
[3.989s] -- Installing: /home/niklas/Documents/Telerrobotics/Lab2/ros2_ws_hough/install/houghmessage/share/ament_index/resource_index/parent_prefix_path/houghmessage
[3.989s] -- Installing: /home/niklas/Documents/Telerrobotics/Lab2/ros2_ws_hough/install/houghmessage/share/houghmessage/environment/ament_prefix_path.sh
[3.990s] -- Installing: /home/niklas/Documents/Telerrobotics/Lab2/ros2_ws_hough/install/houghmessage/share/houghmessage/environment/ament_prefix_path.dsv
[3.990s] -- Installing: /home/niklas/Documents/Telerrobotics/Lab2/ros2_ws_hough/install/houghmessage/share/houghmessage/environment/path.sh
[3.990s] -- Installing: /home/niklas/Documents/Telerrobotics/Lab2/ros2_ws_hough/install/houghmessage/share/houghmessage/environment/path.dsv
[3.991s] -- Installing: /home/niklas/Documents/Telerrobotics/Lab2/ros2_ws_hough/install/houghmessage/share/houghmessage/local_setup.bash
[3.991s] -- Installing: /home/niklas/Documents/Telerrobotics/Lab2/ros2_ws_hough/install/houghmessage/share/houghmessage/local_setup.sh
[3.991s] -- Installing: /home/niklas/Documents/Telerrobotics/Lab2/ros2_ws_hough/install/houghmessage/share/houghmessage/local_setup.zsh
[3.991s] -- Installing: /home/niklas/Documents/Telerrobotics/Lab2/ros2_ws_hough/install/houghmessage/share/houghmessage/local_setup.dsv
[3.992s] -- Installing: /home/niklas/Documents/Telerrobotics/Lab2/ros2_ws_hough/install/houghmessage/share/houghmessage/package.dsv
[3.992s] -- Installing: /home/niklas/Documents/Telerrobotics/Lab2/ros2_ws_hough/install/houghmessage/share/ament_index/resource_index/packages/houghmessage
[3.992s] -- Installing: /home/niklas/Documents/Telerrobotics/Lab2/ros2_ws_hough/install/houghmessage/share/houghmessage/cmake/export_houghmessage__rosidl_generator_cExport.cmake
[3.993s] -- Installing: /home/niklas/Documents/Telerrobotics/Lab2/ros2_ws_hough/install/houghmessage/share/houghmessage/cmake/export_houghmessage__rosidl_generator_cExport-noconfig.cmake
[3.993s] -- Installing: /home/niklas/Documents/Telerrobotics/Lab2/ros2_ws_hough/install/houghmessage/share/houghmessage/cmake/export_houghmessage__rosidl_typesupport_fastrtps_cExport.cmake
[3.993s] -- Installing: /home/niklas/Documents/Telerrobotics/Lab2/ros2_ws_hough/install/houghmessage/share/houghmessage/cmake/export_houghmessage__rosidl_typesupport_fastrtps_cExport-noconfig.cmake
[3.994s] -- Installing: /home/niklas/Documents/Telerrobotics/Lab2/ros2_ws_hough/install/houghmessage/share/houghmessage/cmake/export_houghmessage__rosidl_generator_cppExport.cmake
[3.994s] -- Installing: /home/niklas/Documents/Telerrobotics/Lab2/ros2_ws_hough/install/houghmessage/share/houghmessage/cmake/export_houghmessage__rosidl_typesupport_fastrtps_cppExport.cmake
[3.994s] -- Installing: /home/niklas/Documents/Telerrobotics/Lab2/ros2_ws_hough/install/houghmessage/share/houghmessage/cmake/export_houghmessage__rosidl_typesupport_fastrtps_cppExport-noconfig.cmake
[3.995s] -- Installing: /home/niklas/Documents/Telerrobotics/Lab2/ros2_ws_hough/install/houghmessage/share/houghmessage/cmake/houghmessage__rosidl_typesupport_introspection_cExport.cmake
[3.995s] -- Installing: /home/niklas/Documents/Telerrobotics/Lab2/ros2_ws_hough/install/houghmessage/share/houghmessage/cmake/houghmessage__rosidl_typesupport_introspection_cExport-noconfig.cmake
[3.995s] -- Installing: /home/niklas/Documents/Telerrobotics/Lab2/ros2_ws_hough/install/houghmessage/share/houghmessage/cmake/houghmessage__rosidl_typesupport_cExport.cmake
[3.995s] -- Installing: /home/niklas/Documents/Telerrobotics/Lab2/ros2_ws_hough/install/houghmessage/share/houghmessage/cmake/houghmessage__rosidl_typesupport_cExport-noconfig.cmake
[3.996s] -- Installing: /home/niklas/Documents/Telerrobotics/Lab2/ros2_ws_hough/install/houghmessage/share/houghmessage/cmake/houghmessage__rosidl_typesupport_introspection_cppExport.cmake
[3.996s] -- Installing: /home/niklas/Documents/Telerrobotics/Lab2/ros2_ws_hough/install/houghmessage/share/houghmessage/cmake/houghmessage__rosidl_typesupport_introspection_cppExport-noconfig.cmake
[3.996s] -- Installing: /home/niklas/Documents/Telerrobotics/Lab2/ros2_ws_hough/install/houghmessage/share/houghmessage/cmake/houghmessage__rosidl_typesupport_cppExport.cmake
[3.997s] -- Installing: /home/niklas/Documents/Telerrobotics/Lab2/ros2_ws_hough/install/houghmessage/share/houghmessage/cmake/houghmessage__rosidl_typesupport_cppExport-noconfig.cmake
[3.997s] -- Installing: /home/niklas/Documents/Telerrobotics/Lab2/ros2_ws_hough/install/houghmessage/share/houghmessage/cmake/export_houghmessage__rosidl_generator_pyExport.cmake
[3.998s] -- Installing: /home/niklas/Documents/Telerrobotics/Lab2/ros2_ws_hough/install/houghmessage/share/houghmessage/cmake/export_houghmessage__rosidl_generator_pyExport-noconfig.cmake
[3.998s] -- Installing: /home/niklas/Documents/Telerrobotics/Lab2/ros2_ws_hough/install/houghmessage/share/houghmessage/cmake/rosidl_cmake-extras.cmake
[3.998s] -- Installing: /home/niklas/Documents/Telerrobotics/Lab2/ros2_ws_hough/install/houghmessage/share/houghmessage/cmake/ament_cmake_export_dependencies-extras.cmake
[3.999s] -- Installing: /home/niklas/Documents/Telerrobotics/Lab2/ros2_ws_hough/install/houghmessage/share/houghmessage/cmake/ament_cmake_export_include_directories-extras.cmake
[3.999s] -- Installing: /home/niklas/Documents/Telerrobotics/Lab2/ros2_ws_hough/install/houghmessage/share/houghmessage/cmake/ament_cmake_export_libraries-extras.cmake
[3.999s] -- Installing: /home/niklas/Documents/Telerrobotics/Lab2/ros2_ws_hough/install/houghmessage/share/houghmessage/cmake/ament_cmake_export_targets-extras.cmake
[3.999s] -- Installing: /home/niklas/Documents/Telerrobotics/Lab2/ros2_ws_hough/install/houghmessage/share/houghmessage/cmake/rosidl_cmake_export_typesupport_targets-extras.cmake
[4.000s] -- Installing: /home/niklas/Documents/Telerrobotics/Lab2/ros2_ws_hough/install/houghmessage/share/houghmessage/cmake/rosidl_cmake_export_typesupport_libraries-extras.cmake
[4.000s] -- Installing: /home/niklas/Documents/Telerrobotics/Lab2/ros2_ws_hough/install/houghmessage/share/houghmessage/cmake/houghmessageConfig.cmake
[4.000s] -- Installing: /home/niklas/Documents/Telerrobotics/Lab2/ros2_ws_hough/install/houghmessage/share/houghmessage/cmake/houghmessageConfig-version.cmake
[4.000s] -- Installing: /home/niklas/Documents/Telerrobotics/Lab2/ros2_ws_hough/install/houghmessage/share/houghmessage/package.xml
[4.006s] Invoked command in '/home/niklas/Documents/Telerrobotics/Lab2/ros2_ws_hough/build/houghmessage' returned '0': CMAKE_PREFIX_PATH=${CMAKE_PREFIX_PATH}:/home/niklas/Documents/Telerrobotics/Lab2/ros2_ws_hough/install/turtlebot3_teleop:/home/niklas/Documents/Telerrobotics/Lab2/ros2_ws_hough/install/turtlebot3_example:/opt/ros/humble /usr/bin/cmake --install /home/niklas/Documents/Telerrobotics/Lab2/ros2_ws_hough/build/houghmessage
