-- Found ament_cmake: 1.3.5 (/opt/ros/humble/share/ament_cmake/cmake)
-- Found rclcpp: 16.0.6 (/opt/ros/humble/share/rclcpp/cmake)
-- Found rosidl_generator_c: 3.1.5 (/opt/ros/humble/share/rosidl_generator_c/cmake)
-- Found rosidl_adapter: 3.1.5 (/opt/ros/humble/share/rosidl_adapter/cmake)
-- Found rosidl_generator_cpp: 3.1.5 (/opt/ros/humble/share/rosidl_generator_cpp/cmake)
-- Using all available rosidl_typesupport_c: rosidl_typesupport_fastrtps_c;rosidl_typesupport_introspection_c
-- Using all available rosidl_typesupport_cpp: rosidl_typesupport_fastrtps_cpp;rosidl_typesupport_introspection_cpp
-- Found rmw_implementation_cmake: 6.1.1 (/opt/ros/humble/share/rmw_implementation_cmake/cmake)
-- Found rmw_fastrtps_cpp: 6.2.4 (/opt/ros/humble/share/rmw_fastrtps_cpp/cmake)
-- Using RMW implementation 'rmw_fastrtps_cpp' as default
-- Found sensor_msgs: 4.2.3 (/opt/ros/humble/share/sensor_msgs/cmake)
-- Found houghmessage: 0.0.0 (/home/niklas/Documents/Telerrobotics/Lab2/ros2_ws_hough/install/houghmessage/share/houghmessage/cmake)
-- Configuring done
-- Generating done
-- Build files have been written to: /home/niklas/Documents/Telerrobotics/Lab2/ros2_ws_hough/build/rwth
[ 50%] [32mBuilding CXX object CMakeFiles/rwth_publish.dir/src/rwth.cpp.o[0m
[100%] [32m[1mLinking CXX executable rwth_publish[0m
[100%] Built target rwth_publish
-- Install configuration: ""
-- Installing: /home/niklas/Documents/Telerrobotics/Lab2/ros2_ws_hough/install/rwth/lib/rwth/rwth_publish
-- Set runtime path of "/home/niklas/Documents/Telerrobotics/Lab2/ros2_ws_hough/install/rwth/lib/rwth/rwth_publish" to ""
-- Installing: /home/niklas/Documents/Telerrobotics/Lab2/ros2_ws_hough/install/rwth/share/ament_index/resource_index/package_run_dependencies/rwth
-- Installing: /home/niklas/Documents/Telerrobotics/Lab2/ros2_ws_hough/install/rwth/share/ament_index/resource_index/parent_prefix_path/rwth
-- Installing: /home/niklas/Documents/Telerrobotics/Lab2/ros2_ws_hough/install/rwth/share/rwth/environment/ament_prefix_path.sh
-- Installing: /home/niklas/Documents/Telerrobotics/Lab2/ros2_ws_hough/install/rwth/share/rwth/environment/ament_prefix_path.dsv
-- Installing: /home/niklas/Documents/Telerrobotics/Lab2/ros2_ws_hough/install/rwth/share/rwth/environment/path.sh
-- Installing: /home/niklas/Documents/Telerrobotics/Lab2/ros2_ws_hough/install/rwth/share/rwth/environment/path.dsv
-- Installing: /home/niklas/Documents/Telerrobotics/Lab2/ros2_ws_hough/install/rwth/share/rwth/local_setup.bash
-- Installing: /home/niklas/Documents/Telerrobotics/Lab2/ros2_ws_hough/install/rwth/share/rwth/local_setup.sh
-- Installing: /home/niklas/Documents/Telerrobotics/Lab2/ros2_ws_hough/install/rwth/share/rwth/local_setup.zsh
-- Installing: /home/niklas/Documents/Telerrobotics/Lab2/ros2_ws_hough/install/rwth/share/rwth/local_setup.dsv
-- Installing: /home/niklas/Documents/Telerrobotics/Lab2/ros2_ws_hough/install/rwth/share/rwth/package.dsv
-- Installing: /home/niklas/Documents/Telerrobotics/Lab2/ros2_ws_hough/install/rwth/share/ament_index/resource_index/packages/rwth
-- Installing: /home/niklas/Documents/Telerrobotics/Lab2/ros2_ws_hough/install/rwth/share/rwth/cmake/rwthConfig.cmake
-- Installing: /home/niklas/Documents/Telerrobotics/Lab2/ros2_ws_hough/install/rwth/share/rwth/cmake/rwthConfig-version.cmake
-- Installing: /home/niklas/Documents/Telerrobotics/Lab2/ros2_ws_hough/install/rwth/share/rwth/package.xml
