[0.509s] Invoking command in '/home/niklas/Documents/Telerrobotics/Lab2/ros2_ws_hough/build/turtlebot3_cartographer': CMAKE_PREFIX_PATH=${CMAKE_PREFIX_PATH}:/home/niklas/Documents/Telerrobotics/Lab2/ros2_ws_hough/install/turtlebot3_teleop:/home/niklas/Documents/Telerrobotics/Lab2/ros2_ws_hough/install/turtlebot3_example:/opt/ros/humble /usr/bin/cmake /home/niklas/Documents/Telerrobotics/Lab2/ros2_ws_hough/src/turtlebot3/turtlebot3_cartographer -DCMAKE_INSTALL_PREFIX=/home/niklas/Documents/Telerrobotics/Lab2/ros2_ws_hough/install/turtlebot3_cartographer
[0.725s] -- The C compiler identification is GNU 11.4.0
[0.916s] -- The CXX compiler identification is GNU 11.4.0
[0.944s] -- Detecting C compiler ABI info
[1.219s] -- Detecting C compiler ABI info - done
[1.236s] -- Check for working C compiler: /usr/bin/cc - skipped
[1.257s] -- Detecting C compile features
[1.258s] -- Detecting C compile features - done
[1.259s] -- Detecting CXX compiler ABI info
[1.611s] -- Detecting CXX compiler ABI info - done
[1.627s] -- Check for working CXX compiler: /usr/bin/c++ - skipped
[1.628s] -- Detecting CXX compile features
[1.629s] -- Detecting CXX compile features - done
[1.634s] -- Found ament_cmake: 1.3.5 (/opt/ros/humble/share/ament_cmake/cmake)
[2.318s] -- Found Python3: /usr/bin/python3.10 (found version "3.10.12") found components: Interpreter 
[2.796s] -- Configuring done
[2.808s] -- Generating done
[2.812s] -- Build files have been written to: /home/niklas/Documents/Telerrobotics/Lab2/ros2_ws_hough/build/turtlebot3_cartographer
[2.848s] Invoked command in '/home/niklas/Documents/Telerrobotics/Lab2/ros2_ws_hough/build/turtlebot3_cartographer' returned '0': CMAKE_PREFIX_PATH=${CMAKE_PREFIX_PATH}:/home/niklas/Documents/Telerrobotics/Lab2/ros2_ws_hough/install/turtlebot3_teleop:/home/niklas/Documents/Telerrobotics/Lab2/ros2_ws_hough/install/turtlebot3_example:/opt/ros/humble /usr/bin/cmake /home/niklas/Documents/Telerrobotics/Lab2/ros2_ws_hough/src/turtlebot3/turtlebot3_cartographer -DCMAKE_INSTALL_PREFIX=/home/niklas/Documents/Telerrobotics/Lab2/ros2_ws_hough/install/turtlebot3_cartographer
[2.849s] Invoking command in '/home/niklas/Documents/Telerrobotics/Lab2/ros2_ws_hough/build/turtlebot3_cartographer': CMAKE_PREFIX_PATH=${CMAKE_PREFIX_PATH}:/home/niklas/Documents/Telerrobotics/Lab2/ros2_ws_hough/install/turtlebot3_teleop:/home/niklas/Documents/Telerrobotics/Lab2/ros2_ws_hough/install/turtlebot3_example:/opt/ros/humble /usr/bin/cmake --build /home/niklas/Documents/Telerrobotics/Lab2/ros2_ws_hough/build/turtlebot3_cartographer -- -j8 -l8
[3.026s] Invoked command in '/home/niklas/Documents/Telerrobotics/Lab2/ros2_ws_hough/build/turtlebot3_cartographer' returned '0': CMAKE_PREFIX_PATH=${CMAKE_PREFIX_PATH}:/home/niklas/Documents/Telerrobotics/Lab2/ros2_ws_hough/install/turtlebot3_teleop:/home/niklas/Documents/Telerrobotics/Lab2/ros2_ws_hough/install/turtlebot3_example:/opt/ros/humble /usr/bin/cmake --build /home/niklas/Documents/Telerrobotics/Lab2/ros2_ws_hough/build/turtlebot3_cartographer -- -j8 -l8
[3.267s] Invoking command in '/home/niklas/Documents/Telerrobotics/Lab2/ros2_ws_hough/build/turtlebot3_cartographer': CMAKE_PREFIX_PATH=${CMAKE_PREFIX_PATH}:/home/niklas/Documents/Telerrobotics/Lab2/ros2_ws_hough/install/turtlebot3_teleop:/home/niklas/Documents/Telerrobotics/Lab2/ros2_ws_hough/install/turtlebot3_example:/opt/ros/humble /usr/bin/cmake --install /home/niklas/Documents/Telerrobotics/Lab2/ros2_ws_hough/build/turtlebot3_cartographer
[3.299s] -- Install configuration: ""
[3.299s] -- Installing: /home/niklas/Documents/Telerrobotics/Lab2/ros2_ws_hough/install/turtlebot3_cartographer/share/turtlebot3_cartographer/config
[3.300s] -- Installing: /home/niklas/Documents/Telerrobotics/Lab2/ros2_ws_hough/install/turtlebot3_cartographer/share/turtlebot3_cartographer/config/turtlebot3_lds_2d.lua
[3.306s] -- Installing: /home/niklas/Documents/Telerrobotics/Lab2/ros2_ws_hough/install/turtlebot3_cartographer/share/turtlebot3_cartographer/launch
[3.307s] -- Installing: /home/niklas/Documents/Telerrobotics/Lab2/ros2_ws_hough/install/turtlebot3_cartographer/share/turtlebot3_cartographer/launch/cartographer.launch.py
[3.308s] -- Installing: /home/niklas/Documents/Telerrobotics/Lab2/ros2_ws_hough/install/turtlebot3_cartographer/share/turtlebot3_cartographer/launch/occupancy_grid.launch.py
[3.309s] -- Installing: /home/niklas/Documents/Telerrobotics/Lab2/ros2_ws_hough/install/turtlebot3_cartographer/share/turtlebot3_cartographer/rviz
[3.309s] -- Installing: /home/niklas/Documents/Telerrobotics/Lab2/ros2_ws_hough/install/turtlebot3_cartographer/share/turtlebot3_cartographer/rviz/tb3_cartographer.rviz
[3.316s] -- Installing: /home/niklas/Documents/Telerrobotics/Lab2/ros2_ws_hough/install/turtlebot3_cartographer/share/ament_index/resource_index/package_run_dependencies/turtlebot3_cartographer
[3.317s] -- Installing: /home/niklas/Documents/Telerrobotics/Lab2/ros2_ws_hough/install/turtlebot3_cartographer/share/ament_index/resource_index/parent_prefix_path/turtlebot3_cartographer
[3.330s] -- Installing: /home/niklas/Documents/Telerrobotics/Lab2/ros2_ws_hough/install/turtlebot3_cartographer/share/turtlebot3_cartographer/environment/ament_prefix_path.sh
[3.330s] -- Installing: /home/niklas/Documents/Telerrobotics/Lab2/ros2_ws_hough/install/turtlebot3_cartographer/share/turtlebot3_cartographer/environment/ament_prefix_path.dsv
[3.330s] -- Installing: /home/niklas/Documents/Telerrobotics/Lab2/ros2_ws_hough/install/turtlebot3_cartographer/share/turtlebot3_cartographer/environment/path.sh
[3.331s] -- Installing: /home/niklas/Documents/Telerrobotics/Lab2/ros2_ws_hough/install/turtlebot3_cartographer/share/turtlebot3_cartographer/environment/path.dsv
[3.331s] -- Installing: /home/niklas/Documents/Telerrobotics/Lab2/ros2_ws_hough/install/turtlebot3_cartographer/share/turtlebot3_cartographer/local_setup.bash
[3.332s] -- Installing: /home/niklas/Documents/Telerrobotics/Lab2/ros2_ws_hough/install/turtlebot3_cartographer/share/turtlebot3_cartographer/local_setup.sh
[3.332s] -- Installing: /home/niklas/Documents/Telerrobotics/Lab2/ros2_ws_hough/install/turtlebot3_cartographer/share/turtlebot3_cartographer/local_setup.zsh
[3.333s] -- Installing: /home/niklas/Documents/Telerrobotics/Lab2/ros2_ws_hough/install/turtlebot3_cartographer/share/turtlebot3_cartographer/local_setup.dsv
[3.334s] -- Installing: /home/niklas/Documents/Telerrobotics/Lab2/ros2_ws_hough/install/turtlebot3_cartographer/share/turtlebot3_cartographer/package.dsv
[3.334s] -- Installing: /home/niklas/Documents/Telerrobotics/Lab2/ros2_ws_hough/install/turtlebot3_cartographer/share/ament_index/resource_index/packages/turtlebot3_cartographer
[3.334s] -- Installing: /home/niklas/Documents/Telerrobotics/Lab2/ros2_ws_hough/install/turtlebot3_cartographer/share/turtlebot3_cartographer/cmake/turtlebot3_cartographerConfig.cmake
[3.334s] -- Installing: /home/niklas/Documents/Telerrobotics/Lab2/ros2_ws_hough/install/turtlebot3_cartographer/share/turtlebot3_cartographer/cmake/turtlebot3_cartographerConfig-version.cmake
[3.335s] -- Installing: /home/niklas/Documents/Telerrobotics/Lab2/ros2_ws_hough/install/turtlebot3_cartographer/share/turtlebot3_cartographer/package.xml
[3.366s] Invoked command in '/home/niklas/Documents/Telerrobotics/Lab2/ros2_ws_hough/build/turtlebot3_cartographer' returned '0': CMAKE_PREFIX_PATH=${CMAKE_PREFIX_PATH}:/home/niklas/Documents/Telerrobotics/Lab2/ros2_ws_hough/install/turtlebot3_teleop:/home/niklas/Documents/Telerrobotics/Lab2/ros2_ws_hough/install/turtlebot3_example:/opt/ros/humble /usr/bin/cmake --install /home/niklas/Documents/Telerrobotics/Lab2/ros2_ws_hough/build/turtlebot3_cartographer
