[0.211s] Invoking command in '/home/niklas/Documents/Telerrobotics/Lab2/ros2_ws/build/turtlebot3_navigation2': CMAKE_PREFIX_PATH=/opt/ros/humble /usr/bin/cmake --build /home/niklas/Documents/Telerrobotics/Lab2/ros2_ws/build/turtlebot3_navigation2 -- -j8 -l8
[1.195s] Invoked command in '/home/niklas/Documents/Telerrobotics/Lab2/ros2_ws/build/turtlebot3_navigation2' returned '0': CMAKE_PREFIX_PATH=/opt/ros/humble /usr/bin/cmake --build /home/niklas/Documents/Telerrobotics/Lab2/ros2_ws/build/turtlebot3_navigation2 -- -j8 -l8
[1.305s] Invoking command in '/home/niklas/Documents/Telerrobotics/Lab2/ros2_ws/build/turtlebot3_navigation2': CMAKE_PREFIX_PATH=/opt/ros/humble /usr/bin/cmake --install /home/niklas/Documents/Telerrobotics/Lab2/ros2_ws/build/turtlebot3_navigation2
[1.329s] -- Install configuration: ""
[1.329s] -- Up-to-date: /home/niklas/Documents/Telerrobotics/Lab2/ros2_ws/install/turtlebot3_navigation2/share/turtlebot3_navigation2/launch
[1.330s] -- Up-to-date: /home/niklas/Documents/Telerrobotics/Lab2/ros2_ws/install/turtlebot3_navigation2/share/turtlebot3_navigation2/launch/navigation2.launch.py
[1.330s] -- Up-to-date: /home/niklas/Documents/Telerrobotics/Lab2/ros2_ws/install/turtlebot3_navigation2/share/turtlebot3_navigation2/map
[1.330s] -- Up-to-date: /home/niklas/Documents/Telerrobotics/Lab2/ros2_ws/install/turtlebot3_navigation2/share/turtlebot3_navigation2/map/map.yaml
[1.330s] -- Up-to-date: /home/niklas/Documents/Telerrobotics/Lab2/ros2_ws/install/turtlebot3_navigation2/share/turtlebot3_navigation2/map/map.pgm
[1.330s] -- Up-to-date: /home/niklas/Documents/Telerrobotics/Lab2/ros2_ws/install/turtlebot3_navigation2/share/turtlebot3_navigation2/param
[1.330s] -- Up-to-date: /home/niklas/Documents/Telerrobotics/Lab2/ros2_ws/install/turtlebot3_navigation2/share/turtlebot3_navigation2/param/waffle_pi.yaml
[1.331s] -- Up-to-date: /home/niklas/Documents/Telerrobotics/Lab2/ros2_ws/install/turtlebot3_navigation2/share/turtlebot3_navigation2/param/burger.yaml
[1.331s] -- Up-to-date: /home/niklas/Documents/Telerrobotics/Lab2/ros2_ws/install/turtlebot3_navigation2/share/turtlebot3_navigation2/param/waffle.yaml
[1.331s] -- Up-to-date: /home/niklas/Documents/Telerrobotics/Lab2/ros2_ws/install/turtlebot3_navigation2/share/turtlebot3_navigation2/rviz
[1.331s] -- Up-to-date: /home/niklas/Documents/Telerrobotics/Lab2/ros2_ws/install/turtlebot3_navigation2/share/turtlebot3_navigation2/rviz/tb3_navigation2.rviz
[1.331s] -- Up-to-date: /home/niklas/Documents/Telerrobotics/Lab2/ros2_ws/install/turtlebot3_navigation2/share/ament_index/resource_index/package_run_dependencies/turtlebot3_navigation2
[1.331s] -- Up-to-date: /home/niklas/Documents/Telerrobotics/Lab2/ros2_ws/install/turtlebot3_navigation2/share/ament_index/resource_index/parent_prefix_path/turtlebot3_navigation2
[1.331s] -- Up-to-date: /home/niklas/Documents/Telerrobotics/Lab2/ros2_ws/install/turtlebot3_navigation2/share/turtlebot3_navigation2/environment/ament_prefix_path.sh
[1.332s] -- Up-to-date: /home/niklas/Documents/Telerrobotics/Lab2/ros2_ws/install/turtlebot3_navigation2/share/turtlebot3_navigation2/environment/ament_prefix_path.dsv
[1.332s] -- Up-to-date: /home/niklas/Documents/Telerrobotics/Lab2/ros2_ws/install/turtlebot3_navigation2/share/turtlebot3_navigation2/environment/path.sh
[1.332s] -- Up-to-date: /home/niklas/Documents/Telerrobotics/Lab2/ros2_ws/install/turtlebot3_navigation2/share/turtlebot3_navigation2/environment/path.dsv
[1.332s] -- Up-to-date: /home/niklas/Documents/Telerrobotics/Lab2/ros2_ws/install/turtlebot3_navigation2/share/turtlebot3_navigation2/local_setup.bash
[1.332s] -- Up-to-date: /home/niklas/Documents/Telerrobotics/Lab2/ros2_ws/install/turtlebot3_navigation2/share/turtlebot3_navigation2/local_setup.sh
[1.332s] -- Up-to-date: /home/niklas/Documents/Telerrobotics/Lab2/ros2_ws/install/turtlebot3_navigation2/share/turtlebot3_navigation2/local_setup.zsh
[1.332s] -- Up-to-date: /home/niklas/Documents/Telerrobotics/Lab2/ros2_ws/install/turtlebot3_navigation2/share/turtlebot3_navigation2/local_setup.dsv
[1.333s] -- Installing: /home/niklas/Documents/Telerrobotics/Lab2/ros2_ws/install/turtlebot3_navigation2/share/turtlebot3_navigation2/package.dsv
[1.333s] -- Up-to-date: /home/niklas/Documents/Telerrobotics/Lab2/ros2_ws/install/turtlebot3_navigation2/share/ament_index/resource_index/packages/turtlebot3_navigation2
[1.333s] -- Up-to-date: /home/niklas/Documents/Telerrobotics/Lab2/ros2_ws/install/turtlebot3_navigation2/share/turtlebot3_navigation2/cmake/turtlebot3_navigation2Config.cmake
[1.333s] -- Up-to-date: /home/niklas/Documents/Telerrobotics/Lab2/ros2_ws/install/turtlebot3_navigation2/share/turtlebot3_navigation2/cmake/turtlebot3_navigation2Config-version.cmake
[1.333s] -- Up-to-date: /home/niklas/Documents/Telerrobotics/Lab2/ros2_ws/install/turtlebot3_navigation2/share/turtlebot3_navigation2/package.xml
[1.384s] Invoked command in '/home/niklas/Documents/Telerrobotics/Lab2/ros2_ws/build/turtlebot3_navigation2' returned '0': CMAKE_PREFIX_PATH=/opt/ros/humble /usr/bin/cmake --install /home/niklas/Documents/Telerrobotics/Lab2/ros2_ws/build/turtlebot3_navigation2
