[0.071s] Invoking command in '/home/niklas/Documents/Telerrobotics/Lab2/ldlidar_ros2_ws/build/ldlidar_stl_ros2': CMAKE_PREFIX_PATH=/opt/ros/humble /usr/bin/cmake /home/niklas/Documents/Telerrobotics/Lab2/ldlidar_ros2_ws/src/ldlidar_stl_ros2 -DCMAKE_INSTALL_PREFIX=/home/niklas/Documents/Telerrobotics/Lab2/ldlidar_ros2_ws/install/ldlidar_stl_ros2
[0.976s] -- The C compiler identification is GNU 11.4.0
[1.283s] -- The CXX compiler identification is GNU 11.4.0
[1.334s] -- Detecting C compiler ABI info
[1.544s] -- Detecting C compiler ABI info - done
[1.554s] -- Check for working C compiler: /usr/bin/cc - skipped
[1.555s] -- Detecting C compile features
[1.557s] -- Detecting C compile features - done
[1.566s] -- Detecting CXX compiler ABI info
[1.698s] -- Detecting CXX compiler ABI info - done
[1.720s] -- Check for working CXX compiler: /usr/bin/c++ - skipped
[1.720s] -- Detecting CXX compile features
[1.721s] -- Detecting CXX compile features - done
[1.735s] -- Found ament_cmake: 1.3.5 (/opt/ros/humble/share/ament_cmake/cmake)
[2.025s] -- Found Python3: /usr/bin/python3.10 (found version "3.10.12") found components: Interpreter 
[2.213s] -- Found rclcpp: 16.0.6 (/opt/ros/humble/share/rclcpp/cmake)
[2.307s] -- Found rosidl_generator_c: 3.1.5 (/opt/ros/humble/share/rosidl_generator_c/cmake)
[2.316s] -- Found rosidl_adapter: 3.1.5 (/opt/ros/humble/share/rosidl_adapter/cmake)
[2.331s] -- Found rosidl_generator_cpp: 3.1.5 (/opt/ros/humble/share/rosidl_generator_cpp/cmake)
[2.355s] -- Using all available rosidl_typesupport_c: rosidl_typesupport_fastrtps_c;rosidl_typesupport_introspection_c
[2.387s] -- Using all available rosidl_typesupport_cpp: rosidl_typesupport_fastrtps_cpp;rosidl_typesupport_introspection_cpp
[2.495s] -- Found rmw_implementation_cmake: 6.1.1 (/opt/ros/humble/share/rmw_implementation_cmake/cmake)
[2.501s] -- Found rmw_fastrtps_cpp: 6.2.4 (/opt/ros/humble/share/rmw_fastrtps_cpp/cmake)
[2.723s] -- Found OpenSSL: /usr/lib/x86_64-linux-gnu/libcrypto.so (found version "3.0.2")  
[2.806s] -- Found FastRTPS: /opt/ros/humble/include  
[2.875s] -- Using RMW implementation 'rmw_fastrtps_cpp' as default
[2.903s] -- Looking for pthread.h
[3.065s] -- Looking for pthread.h - found
[3.066s] -- Performing Test CMAKE_HAVE_LIBC_PTHREAD
[3.226s] -- Performing Test CMAKE_HAVE_LIBC_PTHREAD - Success
[3.229s] -- Found Threads: TRUE  
[3.480s] -- Found sensor_msgs: 4.2.3 (/opt/ros/humble/share/sensor_msgs/cmake)
[3.643s] -- Found ament_lint_auto: 0.12.8 (/opt/ros/humble/share/ament_lint_auto/cmake)
[3.803s] -- Added test 'copyright' to check source files copyright and LICENSE
[3.844s] -- Added test 'cppcheck' to perform static code analysis on C / C++ code
[3.847s] -- Configured cppcheck include dirs: /home/niklas/Documents/Telerrobotics/Lab2/ldlidar_ros2_ws/src/ldlidar_stl_ros2/include;/home/niklas/Documents/Telerrobotics/Lab2/ldlidar_ros2_ws/src/ldlidar_stl_ros2/ldlidar_driver/include/core;/home/niklas/Documents/Telerrobotics/Lab2/ldlidar_ros2_ws/src/ldlidar_stl_ros2/ldlidar_driver/include/dataprocess;/home/niklas/Documents/Telerrobotics/Lab2/ldlidar_ros2_ws/src/ldlidar_stl_ros2/ldlidar_driver/include/filter;/home/niklas/Documents/Telerrobotics/Lab2/ldlidar_ros2_ws/src/ldlidar_stl_ros2/ldlidar_driver/include/logger;/home/niklas/Documents/Telerrobotics/Lab2/ldlidar_ros2_ws/src/ldlidar_stl_ros2/ldlidar_driver/include/networkcom;/home/niklas/Documents/Telerrobotics/Lab2/ldlidar_ros2_ws/src/ldlidar_stl_ros2/ldlidar_driver/include/serialcom
[3.847s] -- Configured cppcheck exclude dirs and/or files: 
[3.859s] -- Added test 'cpplint' to check C / C++ code against the Google style
[3.859s] -- Configured cpplint exclude dirs and/or files: 
[3.861s] -- Added test 'flake8' to check Python code syntax and style conventions
[3.864s] -- Added test 'lint_cmake' to check CMake code style
[3.867s] -- Added test 'pep257' to check Python code against some of the docstring style conventions in PEP 257
[3.876s] -- Added test 'uncrustify' to check C / C++ code style
[3.876s] -- Configured uncrustify additional arguments: 
[3.878s] -- Added test 'xmllint' to check XML markup files
[3.880s] -- Configuring done
[3.897s] -- Generating done
[3.899s] -- Build files have been written to: /home/niklas/Documents/Telerrobotics/Lab2/ldlidar_ros2_ws/build/ldlidar_stl_ros2
[3.912s] Invoked command in '/home/niklas/Documents/Telerrobotics/Lab2/ldlidar_ros2_ws/build/ldlidar_stl_ros2' returned '0': CMAKE_PREFIX_PATH=/opt/ros/humble /usr/bin/cmake /home/niklas/Documents/Telerrobotics/Lab2/ldlidar_ros2_ws/src/ldlidar_stl_ros2 -DCMAKE_INSTALL_PREFIX=/home/niklas/Documents/Telerrobotics/Lab2/ldlidar_ros2_ws/install/ldlidar_stl_ros2
[3.915s] Invoking command in '/home/niklas/Documents/Telerrobotics/Lab2/ldlidar_ros2_ws/build/ldlidar_stl_ros2': CMAKE_PREFIX_PATH=/opt/ros/humble /usr/bin/cmake --build /home/niklas/Documents/Telerrobotics/Lab2/ldlidar_ros2_ws/build/ldlidar_stl_ros2 -- -j8 -l8
[4.011s] [ 50%] [32mBuilding CXX object CMakeFiles/ldlidar_stl_ros2_node.dir/src/demo.cpp.o[0m
[4.011s] [ 50%] [32mBuilding CXX object CMakeFiles/ldlidar_stl_ros2_node.dir/ldlidar_driver/src/core/ldlidar_driver.cpp.o[0m
[4.011s] [ 50%] [32mBuilding CXX object CMakeFiles/ldlidar_stl_ros2_node.dir/ldlidar_driver/src/filter/tofbf.cpp.o[0m
[4.013s] [ 50%] [32mBuilding CXX object CMakeFiles/ldlidar_stl_ros2_node.dir/ldlidar_driver/src/dataprocess/lipkg.cpp.o[0m
[4.016s] [ 75%] [32mBuilding CXX object CMakeFiles/ldlidar_stl_ros2_node.dir/ldlidar_driver/src/serialcom/serial_interface_linux.cpp.o[0m
[4.016s] [ 75%] [32mBuilding CXX object CMakeFiles/ldlidar_stl_ros2_node.dir/ldlidar_driver/src/logger/log_module.cpp.o[0m
[4.018s] [ 87%] [32mBuilding CXX object CMakeFiles/ldlidar_stl_ros2_node.dir/ldlidar_driver/src/networkcom/network_socket_interface_linux.cpp.o[0m
[10.002s] [100%] [32m[1mLinking CXX executable ldlidar_stl_ros2_node[0m
[10.429s] [100%] Built target ldlidar_stl_ros2_node
[10.445s] Invoked command in '/home/niklas/Documents/Telerrobotics/Lab2/ldlidar_ros2_ws/build/ldlidar_stl_ros2' returned '0': CMAKE_PREFIX_PATH=/opt/ros/humble /usr/bin/cmake --build /home/niklas/Documents/Telerrobotics/Lab2/ldlidar_ros2_ws/build/ldlidar_stl_ros2 -- -j8 -l8
[10.535s] Invoking command in '/home/niklas/Documents/Telerrobotics/Lab2/ldlidar_ros2_ws/build/ldlidar_stl_ros2': CMAKE_PREFIX_PATH=/opt/ros/humble /usr/bin/cmake --install /home/niklas/Documents/Telerrobotics/Lab2/ldlidar_ros2_ws/build/ldlidar_stl_ros2
[10.547s] -- Install configuration: ""
[10.548s] -- Installing: /home/niklas/Documents/Telerrobotics/Lab2/ldlidar_ros2_ws/install/ldlidar_stl_ros2/lib/ldlidar_stl_ros2/ldlidar_stl_ros2_node
[10.550s] -- Set runtime path of "/home/niklas/Documents/Telerrobotics/Lab2/ldlidar_ros2_ws/install/ldlidar_stl_ros2/lib/ldlidar_stl_ros2/ldlidar_stl_ros2_node" to ""
[10.551s] -- Installing: /home/niklas/Documents/Telerrobotics/Lab2/ldlidar_ros2_ws/install/ldlidar_stl_ros2/share/ldlidar_stl_ros2//launch
[10.551s] -- Installing: /home/niklas/Documents/Telerrobotics/Lab2/ldlidar_ros2_ws/install/ldlidar_stl_ros2/share/ldlidar_stl_ros2//launch/viewer_stl27l.launch.py
[10.551s] -- Installing: /home/niklas/Documents/Telerrobotics/Lab2/ldlidar_ros2_ws/install/ldlidar_stl_ros2/share/ldlidar_stl_ros2//launch/ld19.launch.py
[10.551s] -- Installing: /home/niklas/Documents/Telerrobotics/Lab2/ldlidar_ros2_ws/install/ldlidar_stl_ros2/share/ldlidar_stl_ros2//launch/viewer_ld19.launch.py
[10.552s] -- Installing: /home/niklas/Documents/Telerrobotics/Lab2/ldlidar_ros2_ws/install/ldlidar_stl_ros2/share/ldlidar_stl_ros2//launch/ld06.launch.py
[10.552s] -- Installing: /home/niklas/Documents/Telerrobotics/Lab2/ldlidar_ros2_ws/install/ldlidar_stl_ros2/share/ldlidar_stl_ros2//launch/viewer_ld06.launch.py
[10.553s] -- Installing: /home/niklas/Documents/Telerrobotics/Lab2/ldlidar_ros2_ws/install/ldlidar_stl_ros2/share/ldlidar_stl_ros2//launch/stl27l.launch.py
[10.553s] -- Installing: /home/niklas/Documents/Telerrobotics/Lab2/ldlidar_ros2_ws/install/ldlidar_stl_ros2/share/ldlidar_stl_ros2//rviz2
[10.553s] -- Installing: /home/niklas/Documents/Telerrobotics/Lab2/ldlidar_ros2_ws/install/ldlidar_stl_ros2/share/ldlidar_stl_ros2//rviz2/ldlidar.rviz
[10.553s] -- Installing: /home/niklas/Documents/Telerrobotics/Lab2/ldlidar_ros2_ws/install/ldlidar_stl_ros2/share/ament_index/resource_index/package_run_dependencies/ldlidar_stl_ros2
[10.554s] -- Installing: /home/niklas/Documents/Telerrobotics/Lab2/ldlidar_ros2_ws/install/ldlidar_stl_ros2/share/ament_index/resource_index/parent_prefix_path/ldlidar_stl_ros2
[10.554s] -- Installing: /home/niklas/Documents/Telerrobotics/Lab2/ldlidar_ros2_ws/install/ldlidar_stl_ros2/share/ldlidar_stl_ros2/environment/ament_prefix_path.sh
[10.554s] -- Installing: /home/niklas/Documents/Telerrobotics/Lab2/ldlidar_ros2_ws/install/ldlidar_stl_ros2/share/ldlidar_stl_ros2/environment/ament_prefix_path.dsv
[10.554s] -- Installing: /home/niklas/Documents/Telerrobotics/Lab2/ldlidar_ros2_ws/install/ldlidar_stl_ros2/share/ldlidar_stl_ros2/environment/path.sh
[10.554s] -- Installing: /home/niklas/Documents/Telerrobotics/Lab2/ldlidar_ros2_ws/install/ldlidar_stl_ros2/share/ldlidar_stl_ros2/environment/path.dsv
[10.555s] -- Installing: /home/niklas/Documents/Telerrobotics/Lab2/ldlidar_ros2_ws/install/ldlidar_stl_ros2/share/ldlidar_stl_ros2/local_setup.bash
[10.555s] -- Installing: /home/niklas/Documents/Telerrobotics/Lab2/ldlidar_ros2_ws/install/ldlidar_stl_ros2/share/ldlidar_stl_ros2/local_setup.sh
[10.555s] -- Installing: /home/niklas/Documents/Telerrobotics/Lab2/ldlidar_ros2_ws/install/ldlidar_stl_ros2/share/ldlidar_stl_ros2/local_setup.zsh
[10.555s] -- Installing: /home/niklas/Documents/Telerrobotics/Lab2/ldlidar_ros2_ws/install/ldlidar_stl_ros2/share/ldlidar_stl_ros2/local_setup.dsv
[10.556s] -- Installing: /home/niklas/Documents/Telerrobotics/Lab2/ldlidar_ros2_ws/install/ldlidar_stl_ros2/share/ldlidar_stl_ros2/package.dsv
[10.556s] -- Installing: /home/niklas/Documents/Telerrobotics/Lab2/ldlidar_ros2_ws/install/ldlidar_stl_ros2/share/ament_index/resource_index/packages/ldlidar_stl_ros2
[10.556s] -- Installing: /home/niklas/Documents/Telerrobotics/Lab2/ldlidar_ros2_ws/install/ldlidar_stl_ros2/share/ldlidar_stl_ros2/cmake/ldlidar_stl_ros2Config.cmake
[10.556s] -- Installing: /home/niklas/Documents/Telerrobotics/Lab2/ldlidar_ros2_ws/install/ldlidar_stl_ros2/share/ldlidar_stl_ros2/cmake/ldlidar_stl_ros2Config-version.cmake
[10.556s] -- Installing: /home/niklas/Documents/Telerrobotics/Lab2/ldlidar_ros2_ws/install/ldlidar_stl_ros2/share/ldlidar_stl_ros2/package.xml
[10.560s] Invoked command in '/home/niklas/Documents/Telerrobotics/Lab2/ldlidar_ros2_ws/build/ldlidar_stl_ros2' returned '0': CMAKE_PREFIX_PATH=/opt/ros/humble /usr/bin/cmake --install /home/niklas/Documents/Telerrobotics/Lab2/ldlidar_ros2_ws/build/ldlidar_stl_ros2
