[0.456s] Invoking command in '/home/niklas/Documents/Telerrobotics/Lab2/ros2_ws_hough/build/dynamixel_sdk_examples': CMAKE_PREFIX_PATH=/home/niklas/Documents/Telerrobotics/Lab2/ros2_ws_hough/install/dynamixel_sdk_custom_interfaces:/home/niklas/Documents/Telerrobotics/Lab2/ros2_ws_hough/install/dynamixel_sdk:/home/niklas/Documents/Telerrobotics/Lab2/ros2_ws_hough/install/turtlebot3:/home/niklas/Documents/Telerrobotics/Lab2/ros2_ws_hough/install/turtlebot3_simulations:/home/niklas/Documents/Telerrobotics/Lab2/ros2_ws_hough/install/turtlebot3_bringup:/home/niklas/Documents/Telerrobotics/Lab2/ros2_ws_hough/install/turtlebot3_node:/home/niklas/Documents/Telerrobotics/Lab2/ros2_ws_hough/install/turtlebot3_navigation2:/home/niklas/Documents/Telerrobotics/Lab2/ros2_ws_hough/install/turtlebot3_fake_node:/home/niklas/Documents/Telerrobotics/Lab2/ros2_ws_hough/install/turtlebot3_msgs:/home/niklas/Documents/Telerrobotics/Lab2/ros2_ws_hough/install/turtlebot3_gazebo:/home/niklas/Documents/Telerrobotics/Lab2/ros2_ws_hough/install/turtlebot3_description:/home/niklas/Documents/Telerrobotics/Lab2/ros2_ws_hough/install/turtlebot3_cartographer:/home/niklas/Documents/Telerrobotics/Lab2/ros2_ws_hough/install/rwth:/home/niklas/Documents/Telerrobotics/Lab2/ros2_ws_hough/install/houghmessage:/home/niklas/Documents/Telerrobotics/Lab2/ros2_ws_hough/install/dynamixel_sdk_examples:/home/niklas/Documents/Telerrobotics/Lab2/ros2_ws_hough/install/turtlebot3_teleop:/home/niklas/Documents/Telerrobotics/Lab2/ros2_ws_hough/install/turtlebot3_example:/opt/ros/humble LD_LIBRARY_PATH=/home/niklas/Documents/Telerrobotics/Lab2/ros2_ws_hough/install/dynamixel_sdk_custom_interfaces/lib:/home/niklas/Documents/Telerrobotics/Lab2/ros2_ws_hough/install/dynamixel_sdk/lib:/home/niklas/Documents/Telerrobotics/Lab2/ros2_ws_hough/install/turtlebot3_msgs/lib:/home/niklas/Documents/Telerrobotics/Lab2/ros2_ws_hough/install/houghmessage/lib:/usr/lib/x86_64-linux-gnu/gazebo-11/plugins:/opt/ros/humble/opt/rviz_ogre_vendor/lib:/opt/ros/humble/lib/x86_64-linux-gnu:/opt/ros/humble/lib /usr/bin/cmake /home/niklas/Documents/Telerrobotics/Lab2/ros2_ws_hough/src/DynamixelSDK/dynamixel_sdk_examples -DCMAKE_INSTALL_PREFIX=/home/niklas/Documents/Telerrobotics/Lab2/ros2_ws_hough/install/dynamixel_sdk_examples
[0.703s] -- The C compiler identification is GNU 11.4.0
[0.974s] -- The CXX compiler identification is GNU 11.4.0
[1.004s] -- Detecting C compiler ABI info
[1.359s] -- Detecting C compiler ABI info - done
[1.377s] -- Check for working C compiler: /usr/bin/cc - skipped
[1.378s] -- Detecting C compile features
[1.379s] -- Detecting C compile features - done
[1.391s] -- Detecting CXX compiler ABI info
[1.853s] -- Detecting CXX compiler ABI info - done
[1.894s] -- Check for working CXX compiler: /usr/bin/c++ - skipped
[1.895s] -- Detecting CXX compile features
[1.895s] -- Detecting CXX compile features - done
[1.932s] -- Found ament_cmake: 1.3.5 (/opt/ros/humble/share/ament_cmake/cmake)
[2.472s] -- Found Python3: /usr/bin/python3.10 (found version "3.10.12") found components: Interpreter 
[2.783s] -- Found dynamixel_sdk: 3.7.60 (/home/niklas/Documents/Telerrobotics/Lab2/ros2_ws_hough/install/dynamixel_sdk/share/dynamixel_sdk/cmake)
[2.787s] -- Found dynamixel_sdk_custom_interfaces: 3.7.60 (/home/niklas/Documents/Telerrobotics/Lab2/ros2_ws_hough/install/dynamixel_sdk_custom_interfaces/share/dynamixel_sdk_custom_interfaces/cmake)
[2.948s] -- Found rosidl_generator_c: 3.1.5 (/opt/ros/humble/share/rosidl_generator_c/cmake)
[2.973s] -- Found rosidl_adapter: 3.1.5 (/opt/ros/humble/share/rosidl_adapter/cmake)
[2.994s] -- Found rosidl_generator_cpp: 3.1.5 (/opt/ros/humble/share/rosidl_generator_cpp/cmake)
[3.056s] -- Using all available rosidl_typesupport_c: rosidl_typesupport_fastrtps_c;rosidl_typesupport_introspection_c
[3.126s] -- Using all available rosidl_typesupport_cpp: rosidl_typesupport_fastrtps_cpp;rosidl_typesupport_introspection_cpp
[3.301s] -- Found rclcpp: 16.0.6 (/opt/ros/humble/share/rclcpp/cmake)
[3.636s] -- Found rmw_implementation_cmake: 6.1.1 (/opt/ros/humble/share/rmw_implementation_cmake/cmake)
[3.646s] -- Found rmw_fastrtps_cpp: 6.2.4 (/opt/ros/humble/share/rmw_fastrtps_cpp/cmake)
[4.228s] -- Found OpenSSL: /usr/lib/x86_64-linux-gnu/libcrypto.so (found version "3.0.2")  
[4.320s] -- Found FastRTPS: /opt/ros/humble/include  
[4.535s] -- Using RMW implementation 'rmw_fastrtps_cpp' as default
[4.614s] -- Looking for pthread.h
[4.960s] -- Looking for pthread.h - found
[4.960s] -- Performing Test CMAKE_HAVE_LIBC_PTHREAD
[5.398s] -- Performing Test CMAKE_HAVE_LIBC_PTHREAD - Success
[5.400s] -- Found Threads: TRUE  
[6.409s] -- Found ament_lint_auto: 0.12.8 (/opt/ros/humble/share/ament_lint_auto/cmake)
[6.852s] -- Added test 'copyright' to check source files copyright and LICENSE
[6.857s] -- Added test 'cppcheck' to perform static code analysis on C / C++ code
[6.860s] -- Configured cppcheck include dirs: /home/niklas/Documents/Telerrobotics/Lab2/ros2_ws_hough/src/DynamixelSDK/dynamixel_sdk_examples/include
[6.861s] -- Configured cppcheck exclude dirs and/or files: 
[6.865s] -- Added test 'cpplint' to check C / C++ code against the Google style
[6.866s] -- Configured cpplint exclude dirs and/or files: 
[6.872s] -- Added test 'lint_cmake' to check CMake code style
[6.876s] -- Added test 'uncrustify' to check C / C++ code style
[6.876s] -- Configured uncrustify additional arguments: 
[6.880s] -- Added test 'xmllint' to check XML markup files
[6.885s] -- Configuring done
[6.917s] -- Generating done
[6.922s] -- Build files have been written to: /home/niklas/Documents/Telerrobotics/Lab2/ros2_ws_hough/build/dynamixel_sdk_examples
[6.960s] Invoked command in '/home/niklas/Documents/Telerrobotics/Lab2/ros2_ws_hough/build/dynamixel_sdk_examples' returned '0': CMAKE_PREFIX_PATH=/home/niklas/Documents/Telerrobotics/Lab2/ros2_ws_hough/install/dynamixel_sdk_custom_interfaces:/home/niklas/Documents/Telerrobotics/Lab2/ros2_ws_hough/install/dynamixel_sdk:/home/niklas/Documents/Telerrobotics/Lab2/ros2_ws_hough/install/turtlebot3:/home/niklas/Documents/Telerrobotics/Lab2/ros2_ws_hough/install/turtlebot3_simulations:/home/niklas/Documents/Telerrobotics/Lab2/ros2_ws_hough/install/turtlebot3_bringup:/home/niklas/Documents/Telerrobotics/Lab2/ros2_ws_hough/install/turtlebot3_node:/home/niklas/Documents/Telerrobotics/Lab2/ros2_ws_hough/install/turtlebot3_navigation2:/home/niklas/Documents/Telerrobotics/Lab2/ros2_ws_hough/install/turtlebot3_fake_node:/home/niklas/Documents/Telerrobotics/Lab2/ros2_ws_hough/install/turtlebot3_msgs:/home/niklas/Documents/Telerrobotics/Lab2/ros2_ws_hough/install/turtlebot3_gazebo:/home/niklas/Documents/Telerrobotics/Lab2/ros2_ws_hough/install/turtlebot3_description:/home/niklas/Documents/Telerrobotics/Lab2/ros2_ws_hough/install/turtlebot3_cartographer:/home/niklas/Documents/Telerrobotics/Lab2/ros2_ws_hough/install/rwth:/home/niklas/Documents/Telerrobotics/Lab2/ros2_ws_hough/install/houghmessage:/home/niklas/Documents/Telerrobotics/Lab2/ros2_ws_hough/install/dynamixel_sdk_examples:/home/niklas/Documents/Telerrobotics/Lab2/ros2_ws_hough/install/turtlebot3_teleop:/home/niklas/Documents/Telerrobotics/Lab2/ros2_ws_hough/install/turtlebot3_example:/opt/ros/humble LD_LIBRARY_PATH=/home/niklas/Documents/Telerrobotics/Lab2/ros2_ws_hough/install/dynamixel_sdk_custom_interfaces/lib:/home/niklas/Documents/Telerrobotics/Lab2/ros2_ws_hough/install/dynamixel_sdk/lib:/home/niklas/Documents/Telerrobotics/Lab2/ros2_ws_hough/install/turtlebot3_msgs/lib:/home/niklas/Documents/Telerrobotics/Lab2/ros2_ws_hough/install/houghmessage/lib:/usr/lib/x86_64-linux-gnu/gazebo-11/plugins:/opt/ros/humble/opt/rviz_ogre_vendor/lib:/opt/ros/humble/lib/x86_64-linux-gnu:/opt/ros/humble/lib /usr/bin/cmake /home/niklas/Documents/Telerrobotics/Lab2/ros2_ws_hough/src/DynamixelSDK/dynamixel_sdk_examples -DCMAKE_INSTALL_PREFIX=/home/niklas/Documents/Telerrobotics/Lab2/ros2_ws_hough/install/dynamixel_sdk_examples
[6.961s] Invoking command in '/home/niklas/Documents/Telerrobotics/Lab2/ros2_ws_hough/build/dynamixel_sdk_examples': CMAKE_PREFIX_PATH=/home/niklas/Documents/Telerrobotics/Lab2/ros2_ws_hough/install/dynamixel_sdk_custom_interfaces:/home/niklas/Documents/Telerrobotics/Lab2/ros2_ws_hough/install/dynamixel_sdk:/home/niklas/Documents/Telerrobotics/Lab2/ros2_ws_hough/install/turtlebot3:/home/niklas/Documents/Telerrobotics/Lab2/ros2_ws_hough/install/turtlebot3_simulations:/home/niklas/Documents/Telerrobotics/Lab2/ros2_ws_hough/install/turtlebot3_bringup:/home/niklas/Documents/Telerrobotics/Lab2/ros2_ws_hough/install/turtlebot3_node:/home/niklas/Documents/Telerrobotics/Lab2/ros2_ws_hough/install/turtlebot3_navigation2:/home/niklas/Documents/Telerrobotics/Lab2/ros2_ws_hough/install/turtlebot3_fake_node:/home/niklas/Documents/Telerrobotics/Lab2/ros2_ws_hough/install/turtlebot3_msgs:/home/niklas/Documents/Telerrobotics/Lab2/ros2_ws_hough/install/turtlebot3_gazebo:/home/niklas/Documents/Telerrobotics/Lab2/ros2_ws_hough/install/turtlebot3_description:/home/niklas/Documents/Telerrobotics/Lab2/ros2_ws_hough/install/turtlebot3_cartographer:/home/niklas/Documents/Telerrobotics/Lab2/ros2_ws_hough/install/rwth:/home/niklas/Documents/Telerrobotics/Lab2/ros2_ws_hough/install/houghmessage:/home/niklas/Documents/Telerrobotics/Lab2/ros2_ws_hough/install/dynamixel_sdk_examples:/home/niklas/Documents/Telerrobotics/Lab2/ros2_ws_hough/install/turtlebot3_teleop:/home/niklas/Documents/Telerrobotics/Lab2/ros2_ws_hough/install/turtlebot3_example:/opt/ros/humble LD_LIBRARY_PATH=/home/niklas/Documents/Telerrobotics/Lab2/ros2_ws_hough/install/dynamixel_sdk_custom_interfaces/lib:/home/niklas/Documents/Telerrobotics/Lab2/ros2_ws_hough/install/dynamixel_sdk/lib:/home/niklas/Documents/Telerrobotics/Lab2/ros2_ws_hough/install/turtlebot3_msgs/lib:/home/niklas/Documents/Telerrobotics/Lab2/ros2_ws_hough/install/houghmessage/lib:/usr/lib/x86_64-linux-gnu/gazebo-11/plugins:/opt/ros/humble/opt/rviz_ogre_vendor/lib:/opt/ros/humble/lib/x86_64-linux-gnu:/opt/ros/humble/lib /usr/bin/cmake --build /home/niklas/Documents/Telerrobotics/Lab2/ros2_ws_hough/build/dynamixel_sdk_examples -- -j8 -l8
[7.286s] [ 50%] [32mBuilding CXX object CMakeFiles/read_write_node.dir/src/read_write_node.cpp.o[0m
[51.406s] [100%] [32m[1mLinking CXX executable read_write_node[0m
[52.666s] [100%] Built target read_write_node
[52.706s] Invoked command in '/home/niklas/Documents/Telerrobotics/Lab2/ros2_ws_hough/build/dynamixel_sdk_examples' returned '0': CMAKE_PREFIX_PATH=/home/niklas/Documents/Telerrobotics/Lab2/ros2_ws_hough/install/dynamixel_sdk_custom_interfaces:/home/niklas/Documents/Telerrobotics/Lab2/ros2_ws_hough/install/dynamixel_sdk:/home/niklas/Documents/Telerrobotics/Lab2/ros2_ws_hough/install/turtlebot3:/home/niklas/Documents/Telerrobotics/Lab2/ros2_ws_hough/install/turtlebot3_simulations:/home/niklas/Documents/Telerrobotics/Lab2/ros2_ws_hough/install/turtlebot3_bringup:/home/niklas/Documents/Telerrobotics/Lab2/ros2_ws_hough/install/turtlebot3_node:/home/niklas/Documents/Telerrobotics/Lab2/ros2_ws_hough/install/turtlebot3_navigation2:/home/niklas/Documents/Telerrobotics/Lab2/ros2_ws_hough/install/turtlebot3_fake_node:/home/niklas/Documents/Telerrobotics/Lab2/ros2_ws_hough/install/turtlebot3_msgs:/home/niklas/Documents/Telerrobotics/Lab2/ros2_ws_hough/install/turtlebot3_gazebo:/home/niklas/Documents/Telerrobotics/Lab2/ros2_ws_hough/install/turtlebot3_description:/home/niklas/Documents/Telerrobotics/Lab2/ros2_ws_hough/install/turtlebot3_cartographer:/home/niklas/Documents/Telerrobotics/Lab2/ros2_ws_hough/install/rwth:/home/niklas/Documents/Telerrobotics/Lab2/ros2_ws_hough/install/houghmessage:/home/niklas/Documents/Telerrobotics/Lab2/ros2_ws_hough/install/dynamixel_sdk_examples:/home/niklas/Documents/Telerrobotics/Lab2/ros2_ws_hough/install/turtlebot3_teleop:/home/niklas/Documents/Telerrobotics/Lab2/ros2_ws_hough/install/turtlebot3_example:/opt/ros/humble LD_LIBRARY_PATH=/home/niklas/Documents/Telerrobotics/Lab2/ros2_ws_hough/install/dynamixel_sdk_custom_interfaces/lib:/home/niklas/Documents/Telerrobotics/Lab2/ros2_ws_hough/install/dynamixel_sdk/lib:/home/niklas/Documents/Telerrobotics/Lab2/ros2_ws_hough/install/turtlebot3_msgs/lib:/home/niklas/Documents/Telerrobotics/Lab2/ros2_ws_hough/install/houghmessage/lib:/usr/lib/x86_64-linux-gnu/gazebo-11/plugins:/opt/ros/humble/opt/rviz_ogre_vendor/lib:/opt/ros/humble/lib/x86_64-linux-gnu:/opt/ros/humble/lib /usr/bin/cmake --build /home/niklas/Documents/Telerrobotics/Lab2/ros2_ws_hough/build/dynamixel_sdk_examples -- -j8 -l8
[52.792s] Invoking command in '/home/niklas/Documents/Telerrobotics/Lab2/ros2_ws_hough/build/dynamixel_sdk_examples': CMAKE_PREFIX_PATH=/home/niklas/Documents/Telerrobotics/Lab2/ros2_ws_hough/install/dynamixel_sdk_custom_interfaces:/home/niklas/Documents/Telerrobotics/Lab2/ros2_ws_hough/install/dynamixel_sdk:/home/niklas/Documents/Telerrobotics/Lab2/ros2_ws_hough/install/turtlebot3:/home/niklas/Documents/Telerrobotics/Lab2/ros2_ws_hough/install/turtlebot3_simulations:/home/niklas/Documents/Telerrobotics/Lab2/ros2_ws_hough/install/turtlebot3_bringup:/home/niklas/Documents/Telerrobotics/Lab2/ros2_ws_hough/install/turtlebot3_node:/home/niklas/Documents/Telerrobotics/Lab2/ros2_ws_hough/install/turtlebot3_navigation2:/home/niklas/Documents/Telerrobotics/Lab2/ros2_ws_hough/install/turtlebot3_fake_node:/home/niklas/Documents/Telerrobotics/Lab2/ros2_ws_hough/install/turtlebot3_msgs:/home/niklas/Documents/Telerrobotics/Lab2/ros2_ws_hough/install/turtlebot3_gazebo:/home/niklas/Documents/Telerrobotics/Lab2/ros2_ws_hough/install/turtlebot3_description:/home/niklas/Documents/Telerrobotics/Lab2/ros2_ws_hough/install/turtlebot3_cartographer:/home/niklas/Documents/Telerrobotics/Lab2/ros2_ws_hough/install/rwth:/home/niklas/Documents/Telerrobotics/Lab2/ros2_ws_hough/install/houghmessage:/home/niklas/Documents/Telerrobotics/Lab2/ros2_ws_hough/install/dynamixel_sdk_examples:/home/niklas/Documents/Telerrobotics/Lab2/ros2_ws_hough/install/turtlebot3_teleop:/home/niklas/Documents/Telerrobotics/Lab2/ros2_ws_hough/install/turtlebot3_example:/opt/ros/humble LD_LIBRARY_PATH=/home/niklas/Documents/Telerrobotics/Lab2/ros2_ws_hough/install/dynamixel_sdk_custom_interfaces/lib:/home/niklas/Documents/Telerrobotics/Lab2/ros2_ws_hough/install/dynamixel_sdk/lib:/home/niklas/Documents/Telerrobotics/Lab2/ros2_ws_hough/install/turtlebot3_msgs/lib:/home/niklas/Documents/Telerrobotics/Lab2/ros2_ws_hough/install/houghmessage/lib:/usr/lib/x86_64-linux-gnu/gazebo-11/plugins:/opt/ros/humble/opt/rviz_ogre_vendor/lib:/opt/ros/humble/lib/x86_64-linux-gnu:/opt/ros/humble/lib /usr/bin/cmake --install /home/niklas/Documents/Telerrobotics/Lab2/ros2_ws_hough/build/dynamixel_sdk_examples
[52.809s] -- Install configuration: ""
[52.811s] -- Installing: /home/niklas/Documents/Telerrobotics/Lab2/ros2_ws_hough/install/dynamixel_sdk_examples/lib/dynamixel_sdk_examples/read_write_node
[52.820s] -- Set runtime path of "/home/niklas/Documents/Telerrobotics/Lab2/ros2_ws_hough/install/dynamixel_sdk_examples/lib/dynamixel_sdk_examples/read_write_node" to ""
[52.821s] -- Installing: /home/niklas/Documents/Telerrobotics/Lab2/ros2_ws_hough/install/dynamixel_sdk_examples/share/ament_index/resource_index/package_run_dependencies/dynamixel_sdk_examples
[52.821s] -- Installing: /home/niklas/Documents/Telerrobotics/Lab2/ros2_ws_hough/install/dynamixel_sdk_examples/share/ament_index/resource_index/parent_prefix_path/dynamixel_sdk_examples
[52.822s] -- Installing: /home/niklas/Documents/Telerrobotics/Lab2/ros2_ws_hough/install/dynamixel_sdk_examples/share/dynamixel_sdk_examples/environment/ament_prefix_path.sh
[52.823s] -- Installing: /home/niklas/Documents/Telerrobotics/Lab2/ros2_ws_hough/install/dynamixel_sdk_examples/share/dynamixel_sdk_examples/environment/ament_prefix_path.dsv
[52.823s] -- Installing: /home/niklas/Documents/Telerrobotics/Lab2/ros2_ws_hough/install/dynamixel_sdk_examples/share/dynamixel_sdk_examples/environment/path.sh
[52.824s] -- Installing: /home/niklas/Documents/Telerrobotics/Lab2/ros2_ws_hough/install/dynamixel_sdk_examples/share/dynamixel_sdk_examples/environment/path.dsv
[52.825s] -- Installing: /home/niklas/Documents/Telerrobotics/Lab2/ros2_ws_hough/install/dynamixel_sdk_examples/share/dynamixel_sdk_examples/local_setup.bash
[52.825s] -- Installing: /home/niklas/Documents/Telerrobotics/Lab2/ros2_ws_hough/install/dynamixel_sdk_examples/share/dynamixel_sdk_examples/local_setup.sh
[52.825s] -- Installing: /home/niklas/Documents/Telerrobotics/Lab2/ros2_ws_hough/install/dynamixel_sdk_examples/share/dynamixel_sdk_examples/local_setup.zsh
[52.826s] -- Installing: /home/niklas/Documents/Telerrobotics/Lab2/ros2_ws_hough/install/dynamixel_sdk_examples/share/dynamixel_sdk_examples/local_setup.dsv
[52.827s] -- Installing: /home/niklas/Documents/Telerrobotics/Lab2/ros2_ws_hough/install/dynamixel_sdk_examples/share/dynamixel_sdk_examples/package.dsv
[52.827s] -- Installing: /home/niklas/Documents/Telerrobotics/Lab2/ros2_ws_hough/install/dynamixel_sdk_examples/share/ament_index/resource_index/packages/dynamixel_sdk_examples
[52.828s] -- Installing: /home/niklas/Documents/Telerrobotics/Lab2/ros2_ws_hough/install/dynamixel_sdk_examples/share/dynamixel_sdk_examples/cmake/dynamixel_sdk_examplesConfig.cmake
[52.828s] -- Installing: /home/niklas/Documents/Telerrobotics/Lab2/ros2_ws_hough/install/dynamixel_sdk_examples/share/dynamixel_sdk_examples/cmake/dynamixel_sdk_examplesConfig-version.cmake
[52.829s] -- Installing: /home/niklas/Documents/Telerrobotics/Lab2/ros2_ws_hough/install/dynamixel_sdk_examples/share/dynamixel_sdk_examples/package.xml
[52.835s] Invoked command in '/home/niklas/Documents/Telerrobotics/Lab2/ros2_ws_hough/build/dynamixel_sdk_examples' returned '0': CMAKE_PREFIX_PATH=/home/niklas/Documents/Telerrobotics/Lab2/ros2_ws_hough/install/dynamixel_sdk_custom_interfaces:/home/niklas/Documents/Telerrobotics/Lab2/ros2_ws_hough/install/dynamixel_sdk:/home/niklas/Documents/Telerrobotics/Lab2/ros2_ws_hough/install/turtlebot3:/home/niklas/Documents/Telerrobotics/Lab2/ros2_ws_hough/install/turtlebot3_simulations:/home/niklas/Documents/Telerrobotics/Lab2/ros2_ws_hough/install/turtlebot3_bringup:/home/niklas/Documents/Telerrobotics/Lab2/ros2_ws_hough/install/turtlebot3_node:/home/niklas/Documents/Telerrobotics/Lab2/ros2_ws_hough/install/turtlebot3_navigation2:/home/niklas/Documents/Telerrobotics/Lab2/ros2_ws_hough/install/turtlebot3_fake_node:/home/niklas/Documents/Telerrobotics/Lab2/ros2_ws_hough/install/turtlebot3_msgs:/home/niklas/Documents/Telerrobotics/Lab2/ros2_ws_hough/install/turtlebot3_gazebo:/home/niklas/Documents/Telerrobotics/Lab2/ros2_ws_hough/install/turtlebot3_description:/home/niklas/Documents/Telerrobotics/Lab2/ros2_ws_hough/install/turtlebot3_cartographer:/home/niklas/Documents/Telerrobotics/Lab2/ros2_ws_hough/install/rwth:/home/niklas/Documents/Telerrobotics/Lab2/ros2_ws_hough/install/houghmessage:/home/niklas/Documents/Telerrobotics/Lab2/ros2_ws_hough/install/dynamixel_sdk_examples:/home/niklas/Documents/Telerrobotics/Lab2/ros2_ws_hough/install/turtlebot3_teleop:/home/niklas/Documents/Telerrobotics/Lab2/ros2_ws_hough/install/turtlebot3_example:/opt/ros/humble LD_LIBRARY_PATH=/home/niklas/Documents/Telerrobotics/Lab2/ros2_ws_hough/install/dynamixel_sdk_custom_interfaces/lib:/home/niklas/Documents/Telerrobotics/Lab2/ros2_ws_hough/install/dynamixel_sdk/lib:/home/niklas/Documents/Telerrobotics/Lab2/ros2_ws_hough/install/turtlebot3_msgs/lib:/home/niklas/Documents/Telerrobotics/Lab2/ros2_ws_hough/install/houghmessage/lib:/usr/lib/x86_64-linux-gnu/gazebo-11/plugins:/opt/ros/humble/opt/rviz_ogre_vendor/lib:/opt/ros/humble/lib/x86_64-linux-gnu:/opt/ros/humble/lib /usr/bin/cmake --install /home/niklas/Documents/Telerrobotics/Lab2/ros2_ws_hough/build/dynamixel_sdk_examples
