[0.962s] DEBUG:colcon:Command line arguments: ['/home/niklas/.matlab/R2023b/ros2/glnxa64/venv/bin/colcon', 'build', '--merge-install', '--cmake-args', '-DCMAKE_BUILD_TYPE=Release', '-DCMAKE_SHARED_LINKER_FLAGS=-Wl,-no-as-needed', '-DBUILD_TESTING=OFF', '-DALIAS_ROS2_TF2=1', '-DCMAKE_CXX_FLAGS_RELEASE=-O0', '-G', 'Ninja']
[0.962s] DEBUG:colcon:Parsed command line arguments: Namespace(log_base=None, log_level=None, verb_name='build', build_base='build', install_base='install', merge_install=True, symlink_install=False, test_result_base=None, continue_on_error=False, executor='parallel', parallel_workers=8, event_handlers=None, ignore_user_meta=False, metas=['./colcon.meta'], base_paths=['.'], packages_ignore=None, packages_ignore_regex=None, paths=None, packages_up_to=None, packages_up_to_regex=None, packages_above=None, packages_above_and_dependencies=None, packages_above_depth=None, packages_select_by_dep=None, packages_skip_by_dep=None, packages_skip_up_to=None, packages_select_build_failed=False, packages_skip_build_finished=False, packages_select_test_failures=False, packages_skip_test_passed=False, packages_select=None, packages_skip=None, packages_select_regex=None, packages_skip_regex=None, packages_start=None, packages_end=None, cmake_args=['-DCMAKE_BUILD_TYPE=Release', '-DCMAKE_SHARED_LINKER_FLAGS=-Wl,-no-as-needed', '-DBUILD_TESTING=OFF', '-DALIAS_ROS2_TF2=1', '-DCMAKE_CXX_FLAGS_RELEASE=-O0', '-G', 'Ninja'], cmake_target=None, cmake_target_skip_unavailable=False, cmake_clean_cache=False, cmake_clean_first=False, cmake_force_configure=False, ament_cmake_args=None, catkin_cmake_args=None, catkin_skip_building_tests=False, verb_parser=<colcon_defaults.argument_parser.defaults.DefaultArgumentsDecorator object at 0x7f1528969d50>, verb_extension=<colcon_core.verb.build.BuildVerb object at 0x7f152892c8e0>, main=<bound method BuildVerb.main of <colcon_core.verb.build.BuildVerb object at 0x7f152892c8e0>>)
[1.103s] Level 1:colcon.colcon_core.package_discovery:discover_packages(colcon_meta) check parameters
[1.103s] Level 1:colcon.colcon_core.package_discovery:discover_packages(recursive) check parameters
[1.103s] Level 1:colcon.colcon_core.package_discovery:discover_packages(ignore) check parameters
[1.103s] Level 1:colcon.colcon_core.package_discovery:discover_packages(path) check parameters
[1.103s] Level 1:colcon.colcon_core.package_discovery:discover_packages(colcon_meta) discover
[1.103s] Level 1:colcon.colcon_core.package_discovery:discover_packages(recursive) discover
[1.103s] INFO:colcon.colcon_core.package_discovery:Crawling recursively for packages in '/home/niklas/Documents/Telerrobotics/Lab2/Matlab/ros2CustomMessages/matlab_msg_gen/glnxa64'
[1.103s] Level 1:colcon.colcon_core.package_identification:_identify(.) by extensions ['ignore', 'ignore_ament_install']
[1.104s] Level 1:colcon.colcon_core.package_identification:_identify(.) by extension 'ignore'
[1.104s] Level 1:colcon.colcon_core.package_identification:_identify(.) by extension 'ignore_ament_install'
[1.104s] Level 1:colcon.colcon_core.package_identification:_identify(.) by extensions ['colcon_pkg']
[1.104s] Level 1:colcon.colcon_core.package_identification:_identify(.) by extension 'colcon_pkg'
[1.104s] Level 1:colcon.colcon_core.package_identification:_identify(.) by extensions ['colcon_meta']
[1.104s] Level 1:colcon.colcon_core.package_identification:_identify(.) by extension 'colcon_meta'
[1.104s] Level 1:colcon.colcon_core.package_identification:_identify(.) by extensions ['ros']
[1.104s] Level 1:colcon.colcon_core.package_identification:_identify(.) by extension 'ros'
[1.141s] Level 1:colcon.colcon_core.package_identification:_identify(.) by extensions ['cmake', 'python']
[1.141s] Level 1:colcon.colcon_core.package_identification:_identify(.) by extension 'cmake'
[1.141s] Level 1:colcon.colcon_core.package_identification:_identify(.) by extension 'python'
[1.141s] Level 1:colcon.colcon_core.package_identification:_identify(.) by extensions ['python_setup_py']
[1.141s] Level 1:colcon.colcon_core.package_identification:_identify(.) by extension 'python_setup_py'
[1.141s] Level 1:colcon.colcon_core.package_identification:_identify(build) by extensions ['ignore', 'ignore_ament_install']
[1.142s] Level 1:colcon.colcon_core.package_identification:_identify(build) by extension 'ignore'
[1.142s] Level 1:colcon.colcon_core.package_identification:_identify(build) ignored
[1.142s] Level 1:colcon.colcon_core.package_identification:_identify(install) by extensions ['ignore', 'ignore_ament_install']
[1.142s] Level 1:colcon.colcon_core.package_identification:_identify(install) by extension 'ignore'
[1.142s] Level 1:colcon.colcon_core.package_identification:_identify(install) ignored
[1.142s] Level 1:colcon.colcon_core.package_identification:_identify(log) by extensions ['ignore', 'ignore_ament_install']
[1.142s] Level 1:colcon.colcon_core.package_identification:_identify(log) by extension 'ignore'
[1.142s] Level 1:colcon.colcon_core.package_identification:_identify(log) ignored
[1.142s] Level 1:colcon.colcon_core.package_identification:_identify(src) by extensions ['ignore', 'ignore_ament_install']
[1.143s] Level 1:colcon.colcon_core.package_identification:_identify(src) by extension 'ignore'
[1.143s] Level 1:colcon.colcon_core.package_identification:_identify(src) by extension 'ignore_ament_install'
[1.143s] Level 1:colcon.colcon_core.package_identification:_identify(src) by extensions ['colcon_pkg']
[1.143s] Level 1:colcon.colcon_core.package_identification:_identify(src) by extension 'colcon_pkg'
[1.143s] Level 1:colcon.colcon_core.package_identification:_identify(src) by extensions ['colcon_meta']
[1.143s] Level 1:colcon.colcon_core.package_identification:_identify(src) by extension 'colcon_meta'
[1.143s] Level 1:colcon.colcon_core.package_identification:_identify(src) by extensions ['ros']
[1.143s] Level 1:colcon.colcon_core.package_identification:_identify(src) by extension 'ros'
[1.143s] Level 1:colcon.colcon_core.package_identification:_identify(src) by extensions ['cmake', 'python']
[1.143s] Level 1:colcon.colcon_core.package_identification:_identify(src) by extension 'cmake'
[1.143s] Level 1:colcon.colcon_core.package_identification:_identify(src) by extension 'python'
[1.143s] Level 1:colcon.colcon_core.package_identification:_identify(src) by extensions ['python_setup_py']
[1.143s] Level 1:colcon.colcon_core.package_identification:_identify(src) by extension 'python_setup_py'
[1.144s] Level 1:colcon.colcon_core.package_identification:_identify(src/houghmessage) by extensions ['ignore', 'ignore_ament_install']
[1.144s] Level 1:colcon.colcon_core.package_identification:_identify(src/houghmessage) by extension 'ignore'
[1.144s] Level 1:colcon.colcon_core.package_identification:_identify(src/houghmessage) by extension 'ignore_ament_install'
[1.144s] Level 1:colcon.colcon_core.package_identification:_identify(src/houghmessage) by extensions ['colcon_pkg']
[1.144s] Level 1:colcon.colcon_core.package_identification:_identify(src/houghmessage) by extension 'colcon_pkg'
[1.144s] Level 1:colcon.colcon_core.package_identification:_identify(src/houghmessage) by extensions ['colcon_meta']
[1.144s] Level 1:colcon.colcon_core.package_identification:_identify(src/houghmessage) by extension 'colcon_meta'
[1.144s] Level 1:colcon.colcon_core.package_identification:_identify(src/houghmessage) by extensions ['ros']
[1.144s] Level 1:colcon.colcon_core.package_identification:_identify(src/houghmessage) by extension 'ros'
[1.149s] DEBUG:colcon.colcon_core.package_identification:Package 'src/houghmessage' with type 'ros.ament_cmake' and name 'houghmessage'
[1.149s] Level 1:colcon.colcon_core.package_discovery:discover_packages(recursive) using defaults
[1.149s] Level 1:colcon.colcon_core.package_discovery:discover_packages(ignore) discover
[1.149s] Level 1:colcon.colcon_core.package_discovery:discover_packages(ignore) using defaults
[1.149s] Level 1:colcon.colcon_core.package_discovery:discover_packages(path) discover
[1.149s] Level 1:colcon.colcon_core.package_discovery:discover_packages(path) using defaults
[1.224s] Level 5:colcon.colcon_core.verb:set package 'houghmessage' build argument 'cmake_args' from command line to '['-DCMAKE_BUILD_TYPE=Release', '-DCMAKE_SHARED_LINKER_FLAGS=-Wl,-no-as-needed', '-DBUILD_TESTING=OFF', '-DALIAS_ROS2_TF2=1', '-DCMAKE_CXX_FLAGS_RELEASE=-O0', '-G', 'Ninja']'
[1.224s] Level 5:colcon.colcon_core.verb:set package 'houghmessage' build argument 'cmake_target' from command line to 'None'
[1.224s] Level 5:colcon.colcon_core.verb:set package 'houghmessage' build argument 'cmake_target_skip_unavailable' from command line to 'False'
[1.224s] Level 5:colcon.colcon_core.verb:set package 'houghmessage' build argument 'cmake_clean_cache' from command line to 'False'
[1.224s] Level 5:colcon.colcon_core.verb:set package 'houghmessage' build argument 'cmake_clean_first' from command line to 'False'
[1.224s] Level 5:colcon.colcon_core.verb:set package 'houghmessage' build argument 'cmake_force_configure' from command line to 'False'
[1.224s] Level 5:colcon.colcon_core.verb:set package 'houghmessage' build argument 'ament_cmake_args' from command line to 'None'
[1.224s] Level 5:colcon.colcon_core.verb:set package 'houghmessage' build argument 'catkin_cmake_args' from command line to 'None'
[1.224s] Level 5:colcon.colcon_core.verb:set package 'houghmessage' build argument 'catkin_skip_building_tests' from command line to 'False'
[1.224s] DEBUG:colcon.colcon_core.verb:Building package 'houghmessage' with the following arguments: {'ament_cmake_args': None, 'build_base': '/home/niklas/Documents/Telerrobotics/Lab2/Matlab/ros2CustomMessages/matlab_msg_gen/glnxa64/build/houghmessage', 'catkin_cmake_args': None, 'catkin_skip_building_tests': False, 'cmake_args': ['-DCMAKE_BUILD_TYPE=Release', '-DCMAKE_SHARED_LINKER_FLAGS=-Wl,-no-as-needed', '-DBUILD_TESTING=OFF', '-DALIAS_ROS2_TF2=1', '-DCMAKE_CXX_FLAGS_RELEASE=-O0', '-G', 'Ninja'], 'cmake_clean_cache': False, 'cmake_clean_first': False, 'cmake_force_configure': False, 'cmake_target': None, 'cmake_target_skip_unavailable': False, 'install_base': '/home/niklas/Documents/Telerrobotics/Lab2/Matlab/ros2CustomMessages/matlab_msg_gen/glnxa64/install', 'merge_install': True, 'path': '/home/niklas/Documents/Telerrobotics/Lab2/Matlab/ros2CustomMessages/matlab_msg_gen/glnxa64/src/houghmessage', 'symlink_install': False, 'test_result_base': None}
[1.228s] INFO:colcon.colcon_core.executor:Executing jobs using 'parallel' executor
[1.251s] DEBUG:colcon.colcon_parallel_executor.executor.parallel:run_until_complete
[1.251s] INFO:colcon.colcon_ros.task.ament_cmake.build:Building ROS package in '/home/niklas/Documents/Telerrobotics/Lab2/Matlab/ros2CustomMessages/matlab_msg_gen/glnxa64/src/houghmessage' with build type 'ament_cmake'
[1.251s] INFO:colcon.colcon_cmake.task.cmake.build:Building CMake package in '/home/niklas/Documents/Telerrobotics/Lab2/Matlab/ros2CustomMessages/matlab_msg_gen/glnxa64/src/houghmessage'
[1.269s] INFO:colcon.colcon_core.plugin_system:Skipping extension 'colcon_core.shell.bat': Not used on non-Windows systems
[1.269s] INFO:colcon.colcon_core.shell:Skip shell extension 'powershell' for command environment: Not usable outside of PowerShell
[1.269s] DEBUG:colcon.colcon_core.shell:Skip shell extension 'dsv' for command environment
[1.334s] DEBUG:colcon.colcon_core.event_handler.log_command:Invoking command in '/home/niklas/Documents/Telerrobotics/Lab2/Matlab/ros2CustomMessages/matlab_msg_gen/glnxa64/build/houghmessage': PS1=(venv) VIRTUAL_ENV_PROMPT=(venv) /home/niklas/MatlabInstall/bin/glnxa64/cmake/bin/cmake --build /home/niklas/Documents/Telerrobotics/Lab2/Matlab/ros2CustomMessages/matlab_msg_gen/glnxa64/build/houghmessage -- -j8 -l8
[19.948s] DEBUG:colcon.colcon_core.event_handler.log_command:Invoked command in '/home/niklas/Documents/Telerrobotics/Lab2/Matlab/ros2CustomMessages/matlab_msg_gen/glnxa64/build/houghmessage' returned '0': PS1=(venv) VIRTUAL_ENV_PROMPT=(venv) /home/niklas/MatlabInstall/bin/glnxa64/cmake/bin/cmake --build /home/niklas/Documents/Telerrobotics/Lab2/Matlab/ros2CustomMessages/matlab_msg_gen/glnxa64/build/houghmessage -- -j8 -l8
[19.982s] DEBUG:colcon.colcon_core.event_handler.log_command:Invoking command in '/home/niklas/Documents/Telerrobotics/Lab2/Matlab/ros2CustomMessages/matlab_msg_gen/glnxa64/build/houghmessage': PS1=(venv) VIRTUAL_ENV_PROMPT=(venv) /home/niklas/MatlabInstall/bin/glnxa64/cmake/bin/cmake --install /home/niklas/Documents/Telerrobotics/Lab2/Matlab/ros2CustomMessages/matlab_msg_gen/glnxa64/build/houghmessage
[20.027s] Level 1:colcon.colcon_core.environment:create_environment_scripts_only(houghmessage)
[20.032s] DEBUG:colcon.colcon_core.event_handler.log_command:Invoked command in '/home/niklas/Documents/Telerrobotics/Lab2/Matlab/ros2CustomMessages/matlab_msg_gen/glnxa64/build/houghmessage' returned '0': PS1=(venv) VIRTUAL_ENV_PROMPT=(venv) /home/niklas/MatlabInstall/bin/glnxa64/cmake/bin/cmake --install /home/niklas/Documents/Telerrobotics/Lab2/Matlab/ros2CustomMessages/matlab_msg_gen/glnxa64/build/houghmessage
[20.051s] Level 1:colcon.colcon_core.environment:checking '/home/niklas/Documents/Telerrobotics/Lab2/Matlab/ros2CustomMessages/matlab_msg_gen/glnxa64/install' for CMake module files
[20.053s] Level 1:colcon.colcon_core.environment:checking '/home/niklas/Documents/Telerrobotics/Lab2/Matlab/ros2CustomMessages/matlab_msg_gen/glnxa64/install' for CMake config files
[20.053s] Level 1:colcon.colcon_core.shell:create_environment_hook('houghmessage', 'cmake_prefix_path')
[20.064s] INFO:colcon.colcon_core.shell:Creating environment hook '/home/niklas/Documents/Telerrobotics/Lab2/Matlab/ros2CustomMessages/matlab_msg_gen/glnxa64/install/share/houghmessage/hook/cmake_prefix_path.ps1'
[20.066s] INFO:colcon.colcon_core.shell:Creating environment descriptor '/home/niklas/Documents/Telerrobotics/Lab2/Matlab/ros2CustomMessages/matlab_msg_gen/glnxa64/install/share/houghmessage/hook/cmake_prefix_path.dsv'
[20.068s] INFO:colcon.colcon_core.shell:Creating environment hook '/home/niklas/Documents/Telerrobotics/Lab2/Matlab/ros2CustomMessages/matlab_msg_gen/glnxa64/install/share/houghmessage/hook/cmake_prefix_path.sh'
[20.070s] Level 1:colcon.colcon_core.environment:checking '/home/niklas/Documents/Telerrobotics/Lab2/Matlab/ros2CustomMessages/matlab_msg_gen/glnxa64/install/lib'
[20.070s] Level 1:colcon.colcon_core.shell:create_environment_hook('houghmessage', 'ld_library_path_lib')
[20.081s] INFO:colcon.colcon_core.shell:Creating environment hook '/home/niklas/Documents/Telerrobotics/Lab2/Matlab/ros2CustomMessages/matlab_msg_gen/glnxa64/install/share/houghmessage/hook/ld_library_path_lib.ps1'
[20.082s] INFO:colcon.colcon_core.shell:Creating environment descriptor '/home/niklas/Documents/Telerrobotics/Lab2/Matlab/ros2CustomMessages/matlab_msg_gen/glnxa64/install/share/houghmessage/hook/ld_library_path_lib.dsv'
[20.085s] INFO:colcon.colcon_core.shell:Creating environment hook '/home/niklas/Documents/Telerrobotics/Lab2/Matlab/ros2CustomMessages/matlab_msg_gen/glnxa64/install/share/houghmessage/hook/ld_library_path_lib.sh'
[20.086s] Level 1:colcon.colcon_core.environment:checking '/home/niklas/Documents/Telerrobotics/Lab2/Matlab/ros2CustomMessages/matlab_msg_gen/glnxa64/install/bin'
[20.086s] Level 1:colcon.colcon_core.environment:checking '/home/niklas/Documents/Telerrobotics/Lab2/Matlab/ros2CustomMessages/matlab_msg_gen/glnxa64/install/lib/pkgconfig/houghmessage.pc'
[20.088s] Level 1:colcon.colcon_core.environment:checking '/home/niklas/Documents/Telerrobotics/Lab2/Matlab/ros2CustomMessages/matlab_msg_gen/glnxa64/install/lib/python3.10/site-packages'
[20.088s] Level 1:colcon.colcon_core.environment:checking '/home/niklas/Documents/Telerrobotics/Lab2/Matlab/ros2CustomMessages/matlab_msg_gen/glnxa64/install/bin'
[20.100s] INFO:colcon.colcon_core.shell:Creating package script '/home/niklas/Documents/Telerrobotics/Lab2/Matlab/ros2CustomMessages/matlab_msg_gen/glnxa64/install/share/houghmessage/package.ps1'
[20.103s] INFO:colcon.colcon_core.shell:Creating package descriptor '/home/niklas/Documents/Telerrobotics/Lab2/Matlab/ros2CustomMessages/matlab_msg_gen/glnxa64/install/share/houghmessage/package.dsv'
[20.104s] INFO:colcon.colcon_core.shell:Creating package script '/home/niklas/Documents/Telerrobotics/Lab2/Matlab/ros2CustomMessages/matlab_msg_gen/glnxa64/install/share/houghmessage/package.sh'
[20.107s] INFO:colcon.colcon_core.shell:Creating package script '/home/niklas/Documents/Telerrobotics/Lab2/Matlab/ros2CustomMessages/matlab_msg_gen/glnxa64/install/share/houghmessage/package.bash'
[20.109s] INFO:colcon.colcon_core.shell:Creating package script '/home/niklas/Documents/Telerrobotics/Lab2/Matlab/ros2CustomMessages/matlab_msg_gen/glnxa64/install/share/houghmessage/package.zsh'
[20.113s] Level 1:colcon.colcon_core.environment:create_file_with_runtime_dependencies(/home/niklas/Documents/Telerrobotics/Lab2/Matlab/ros2CustomMessages/matlab_msg_gen/glnxa64/install/share/colcon-core/packages/houghmessage)
[20.153s] Level 1:colcon.colcon_core.environment:create_environment_scripts_only(houghmessage)
[20.170s] Level 1:colcon.colcon_core.environment:checking '/home/niklas/Documents/Telerrobotics/Lab2/Matlab/ros2CustomMessages/matlab_msg_gen/glnxa64/install' for CMake module files
[20.171s] Level 1:colcon.colcon_core.environment:checking '/home/niklas/Documents/Telerrobotics/Lab2/Matlab/ros2CustomMessages/matlab_msg_gen/glnxa64/install' for CMake config files
[20.172s] Level 1:colcon.colcon_core.shell:create_environment_hook('houghmessage', 'cmake_prefix_path')
[20.186s] INFO:colcon.colcon_core.shell:Creating environment hook '/home/niklas/Documents/Telerrobotics/Lab2/Matlab/ros2CustomMessages/matlab_msg_gen/glnxa64/install/share/houghmessage/hook/cmake_prefix_path.ps1'
[20.187s] INFO:colcon.colcon_core.shell:Creating environment descriptor '/home/niklas/Documents/Telerrobotics/Lab2/Matlab/ros2CustomMessages/matlab_msg_gen/glnxa64/install/share/houghmessage/hook/cmake_prefix_path.dsv'
[20.187s] INFO:colcon.colcon_core.shell:Creating environment hook '/home/niklas/Documents/Telerrobotics/Lab2/Matlab/ros2CustomMessages/matlab_msg_gen/glnxa64/install/share/houghmessage/hook/cmake_prefix_path.sh'
[20.188s] Level 1:colcon.colcon_core.environment:checking '/home/niklas/Documents/Telerrobotics/Lab2/Matlab/ros2CustomMessages/matlab_msg_gen/glnxa64/install/lib'
[20.188s] Level 1:colcon.colcon_core.shell:create_environment_hook('houghmessage', 'ld_library_path_lib')
[20.201s] INFO:colcon.colcon_core.shell:Creating environment hook '/home/niklas/Documents/Telerrobotics/Lab2/Matlab/ros2CustomMessages/matlab_msg_gen/glnxa64/install/share/houghmessage/hook/ld_library_path_lib.ps1'
[20.202s] INFO:colcon.colcon_core.shell:Creating environment descriptor '/home/niklas/Documents/Telerrobotics/Lab2/Matlab/ros2CustomMessages/matlab_msg_gen/glnxa64/install/share/houghmessage/hook/ld_library_path_lib.dsv'
[20.202s] INFO:colcon.colcon_core.shell:Creating environment hook '/home/niklas/Documents/Telerrobotics/Lab2/Matlab/ros2CustomMessages/matlab_msg_gen/glnxa64/install/share/houghmessage/hook/ld_library_path_lib.sh'
[20.203s] Level 1:colcon.colcon_core.environment:checking '/home/niklas/Documents/Telerrobotics/Lab2/Matlab/ros2CustomMessages/matlab_msg_gen/glnxa64/install/bin'
[20.203s] Level 1:colcon.colcon_core.environment:checking '/home/niklas/Documents/Telerrobotics/Lab2/Matlab/ros2CustomMessages/matlab_msg_gen/glnxa64/install/lib/pkgconfig/houghmessage.pc'
[20.204s] Level 1:colcon.colcon_core.environment:checking '/home/niklas/Documents/Telerrobotics/Lab2/Matlab/ros2CustomMessages/matlab_msg_gen/glnxa64/install/lib/python3.10/site-packages'
[20.204s] Level 1:colcon.colcon_core.environment:checking '/home/niklas/Documents/Telerrobotics/Lab2/Matlab/ros2CustomMessages/matlab_msg_gen/glnxa64/install/bin'
[20.218s] INFO:colcon.colcon_core.shell:Creating package script '/home/niklas/Documents/Telerrobotics/Lab2/Matlab/ros2CustomMessages/matlab_msg_gen/glnxa64/install/share/houghmessage/package.ps1'
[20.219s] INFO:colcon.colcon_core.shell:Creating package descriptor '/home/niklas/Documents/Telerrobotics/Lab2/Matlab/ros2CustomMessages/matlab_msg_gen/glnxa64/install/share/houghmessage/package.dsv'
[20.221s] INFO:colcon.colcon_core.shell:Creating package script '/home/niklas/Documents/Telerrobotics/Lab2/Matlab/ros2CustomMessages/matlab_msg_gen/glnxa64/install/share/houghmessage/package.sh'
[20.222s] INFO:colcon.colcon_core.shell:Creating package script '/home/niklas/Documents/Telerrobotics/Lab2/Matlab/ros2CustomMessages/matlab_msg_gen/glnxa64/install/share/houghmessage/package.bash'
[20.223s] INFO:colcon.colcon_core.shell:Creating package script '/home/niklas/Documents/Telerrobotics/Lab2/Matlab/ros2CustomMessages/matlab_msg_gen/glnxa64/install/share/houghmessage/package.zsh'
[20.225s] Level 1:colcon.colcon_core.environment:create_file_with_runtime_dependencies(/home/niklas/Documents/Telerrobotics/Lab2/Matlab/ros2CustomMessages/matlab_msg_gen/glnxa64/install/share/colcon-core/packages/houghmessage)
[20.226s] DEBUG:colcon.colcon_parallel_executor.executor.parallel:closing loop
[20.226s] DEBUG:colcon.colcon_parallel_executor.executor.parallel:loop closed
[20.227s] DEBUG:colcon.colcon_parallel_executor.executor.parallel:run_until_complete finished with '0'
[20.227s] DEBUG:colcon.colcon_core.event_reactor:joining thread
[20.247s] INFO:colcon.colcon_core.plugin_system:Skipping extension 'colcon_notification.desktop_notification.notify2': 'notify2' not found
[20.247s] INFO:colcon.colcon_core.plugin_system:Skipping extension 'colcon_notification.desktop_notification.terminal_notifier': Not used on non-Darwin systems
[20.247s] INFO:colcon.colcon_core.plugin_system:Skipping extension 'colcon_notification.desktop_notification.win32': Not used on non-Windows systems
[20.248s] INFO:colcon.colcon_notification.desktop_notification:Sending desktop notification using 'notify_send'
[20.294s] DEBUG:colcon.colcon_core.event_reactor:joined thread
[20.308s] INFO:colcon.colcon_core.shell:Creating prefix script '/home/niklas/Documents/Telerrobotics/Lab2/Matlab/ros2CustomMessages/matlab_msg_gen/glnxa64/install/local_setup.ps1'
[20.311s] INFO:colcon.colcon_core.shell:Creating prefix util module '/home/niklas/Documents/Telerrobotics/Lab2/Matlab/ros2CustomMessages/matlab_msg_gen/glnxa64/install/_local_setup_util_ps1.py'
[20.313s] INFO:colcon.colcon_core.shell:Creating prefix chain script '/home/niklas/Documents/Telerrobotics/Lab2/Matlab/ros2CustomMessages/matlab_msg_gen/glnxa64/install/setup.ps1'
[20.326s] INFO:colcon.colcon_core.shell:Creating prefix script '/home/niklas/Documents/Telerrobotics/Lab2/Matlab/ros2CustomMessages/matlab_msg_gen/glnxa64/install/local_setup.sh'
[20.361s] INFO:colcon.colcon_core.shell:Creating prefix util module '/home/niklas/Documents/Telerrobotics/Lab2/Matlab/ros2CustomMessages/matlab_msg_gen/glnxa64/install/_local_setup_util_sh.py'
[20.362s] INFO:colcon.colcon_core.shell:Creating prefix chain script '/home/niklas/Documents/Telerrobotics/Lab2/Matlab/ros2CustomMessages/matlab_msg_gen/glnxa64/install/setup.sh'
[20.371s] INFO:colcon.colcon_core.shell:Creating prefix script '/home/niklas/Documents/Telerrobotics/Lab2/Matlab/ros2CustomMessages/matlab_msg_gen/glnxa64/install/local_setup.bash'
[20.373s] INFO:colcon.colcon_core.shell:Creating prefix chain script '/home/niklas/Documents/Telerrobotics/Lab2/Matlab/ros2CustomMessages/matlab_msg_gen/glnxa64/install/setup.bash'
[20.382s] INFO:colcon.colcon_core.shell:Creating prefix script '/home/niklas/Documents/Telerrobotics/Lab2/Matlab/ros2CustomMessages/matlab_msg_gen/glnxa64/install/local_setup.zsh'
[20.383s] INFO:colcon.colcon_core.shell:Creating prefix chain script '/home/niklas/Documents/Telerrobotics/Lab2/Matlab/ros2CustomMessages/matlab_msg_gen/glnxa64/install/setup.zsh'
