[0/1] Re-running CMake...
-- Found ament_cmake: 1.3.3 (/home/niklas/MatlabInstall/sys/ros2/glnxa64/ros2/share/ament_cmake/cmake)
-- Found ament_cmake_ros: 0.10.0 (/home/niklas/MatlabInstall/sys/ros2/glnxa64/ros2/share/ament_cmake_ros/cmake)
-- Found rosidl_typesupport_c: 2.0.0 (/home/niklas/MatlabInstall/sys/ros2/glnxa64/ros2/share/rosidl_typesupport_c/cmake)
-- Using all available rosidl_typesupport_c: rosidl_typesupport_fastrtps_c;rosidl_typesupport_introspection_c
-- Found rosidl_adapter: 3.1.4 (/home/niklas/MatlabInstall/sys/ros2/glnxa64/ros2/share/rosidl_adapter/cmake)
-- Found rosidl_typesupport_cpp: 2.0.0 (/home/niklas/MatlabInstall/sys/ros2/glnxa64/ros2/share/rosidl_typesupport_cpp/cmake)
-- Using all available rosidl_typesupport_cpp: rosidl_typesupport_fastrtps_cpp;rosidl_typesupport_introspection_cpp
-- Found rosidl_default_generators: 1.2.0 (/home/niklas/MatlabInstall/sys/ros2/glnxa64/ros2/share/rosidl_default_generators/cmake)
-- Found class_loader: 2.2.0 (/home/niklas/MatlabInstall/sys/ros2/glnxa64/ros2/share/class_loader/cmake)
-- Found rclcpp: 16.0.3 (/home/niklas/MatlabInstall/sys/ros2/glnxa64/ros2/share/rclcpp/cmake)
-- Found rmw_implementation_cmake: 6.1.1 (/home/niklas/MatlabInstall/sys/ros2/glnxa64/ros2/share/rmw_implementation_cmake/cmake)
-- Found rmw_fastrtps_cpp: 6.2.2 (/home/niklas/MatlabInstall/sys/ros2/glnxa64/ros2/share/rmw_fastrtps_cpp/cmake)
-- Using RMW implementation 'rmw_fastrtps_cpp' as default
-- Using all available rosidl_typesupport_c: rosidl_typesupport_fastrtps_c;rosidl_typesupport_introspection_c
-- Using all available rosidl_typesupport_cpp: rosidl_typesupport_fastrtps_cpp;rosidl_typesupport_introspection_cpp
-- Configuring done
-- Generating done
-- Build files have been written to: /home/niklas/Documents/Telerrobotics/Lab2/Matlab/ros2CustomMessages/matlab_msg_gen/glnxa64/build/houghmessage
[1/24] Generating C++ code for ROS interfaces
[2/24] Generating C code for ROS interfaces
[3/24] Building C object CMakeFiles/houghmessage__rosidl_generator_c.dir/rosidl_generator_c/houghmessage/msg/detail/r_whough_line__functions.c.o
[4/24] Linking C shared library libhoughmessage__rosidl_generator_c.so
[5/24] Generating C++ type support dispatch for ROS interfaces
[6/24] Generating C++ introspection for ROS interfaces
[7/24] Generating C++ type support for eProsima Fast-RTPS
[8/24] Generating C type support for eProsima Fast-RTPS
[9/24] Generating C type support dispatch for ROS interfaces
[10/24] Generating C introspection for ROS interfaces
[11/24] Building CXX object CMakeFiles/houghmessage__rosidl_typesupport_c.dir/rosidl_typesupport_c/houghmessage/msg/r_whough_line__type_support.cpp.o
[12/24] Building C object CMakeFiles/houghmessage__rosidl_typesupport_introspection_c.dir/rosidl_typesupport_introspection_c/houghmessage/msg/detail/r_whough_line__type_support.c.o
[13/24] Building CXX object CMakeFiles/houghmessage__rosidl_typesupport_cpp.dir/rosidl_typesupport_cpp/houghmessage/msg/r_whough_line__type_support.cpp.o
[14/24] Linking C shared library libhoughmessage__rosidl_typesupport_introspection_c.so
[15/24] Linking CXX shared library libhoughmessage__rosidl_typesupport_c.so
[16/24] Linking CXX shared library libhoughmessage__rosidl_typesupport_cpp.so
[17/24] Building CXX object CMakeFiles/houghmessage__rosidl_typesupport_introspection_cpp.dir/rosidl_typesupport_introspection_cpp/houghmessage/msg/detail/r_whough_line__type_support.cpp.o
[18/24] Building CXX object CMakeFiles/houghmessage__rosidl_typesupport_fastrtps_cpp.dir/rosidl_typesupport_fastrtps_cpp/houghmessage/msg/detail/dds_fastrtps/r_whough_line__type_support.cpp.o
[19/24] Linking CXX shared library libhoughmessage__rosidl_typesupport_introspection_cpp.so
[20/24] Building CXX object CMakeFiles/houghmessage__rosidl_typesupport_fastrtps_c.dir/rosidl_typesupport_fastrtps_c/houghmessage/msg/detail/r_whough_line__type_support_c.cpp.o
[21/24] Linking CXX shared library libhoughmessage__rosidl_typesupport_fastrtps_cpp.so
[22/24] Linking CXX shared library libhoughmessage__rosidl_typesupport_fastrtps_c.so
[23/24] Building CXX object CMakeFiles/houghmessage_matlab.dir/src/houghmessage_RWhoughLine_message.cpp.o
[24/24] Linking CXX shared library libhoughmessage_matlab.so
-- Install configuration: "Release"
-- Up-to-date: /home/niklas/Documents/Telerrobotics/Lab2/Matlab/ros2CustomMessages/matlab_msg_gen/glnxa64/install/share/ament_index/resource_index/rosidl_interfaces/houghmessage
-- Up-to-date: /home/niklas/Documents/Telerrobotics/Lab2/Matlab/ros2CustomMessages/matlab_msg_gen/glnxa64/install/include/houghmessage/houghmessage
-- Up-to-date: /home/niklas/Documents/Telerrobotics/Lab2/Matlab/ros2CustomMessages/matlab_msg_gen/glnxa64/install/include/houghmessage/houghmessage/msg
-- Up-to-date: /home/niklas/Documents/Telerrobotics/Lab2/Matlab/ros2CustomMessages/matlab_msg_gen/glnxa64/install/include/houghmessage/houghmessage/msg/rosidl_generator_c__visibility_control.h
-- Installing: /home/niklas/Documents/Telerrobotics/Lab2/Matlab/ros2CustomMessages/matlab_msg_gen/glnxa64/install/include/houghmessage/houghmessage/msg/r_whough_line.h
-- Up-to-date: /home/niklas/Documents/Telerrobotics/Lab2/Matlab/ros2CustomMessages/matlab_msg_gen/glnxa64/install/include/houghmessage/houghmessage/msg/detail
-- Installing: /home/niklas/Documents/Telerrobotics/Lab2/Matlab/ros2CustomMessages/matlab_msg_gen/glnxa64/install/include/houghmessage/houghmessage/msg/detail/r_whough_line__struct.h
-- Installing: /home/niklas/Documents/Telerrobotics/Lab2/Matlab/ros2CustomMessages/matlab_msg_gen/glnxa64/install/include/houghmessage/houghmessage/msg/detail/r_whough_line__functions.h
-- Installing: /home/niklas/Documents/Telerrobotics/Lab2/Matlab/ros2CustomMessages/matlab_msg_gen/glnxa64/install/include/houghmessage/houghmessage/msg/detail/r_whough_line__functions.c
-- Installing: /home/niklas/Documents/Telerrobotics/Lab2/Matlab/ros2CustomMessages/matlab_msg_gen/glnxa64/install/include/houghmessage/houghmessage/msg/detail/r_whough_line__type_support.h
-- Up-to-date: /home/niklas/Documents/Telerrobotics/Lab2/Matlab/ros2CustomMessages/matlab_msg_gen/glnxa64/install/share/houghmessage/environment/library_path.sh
-- Installing: /home/niklas/Documents/Telerrobotics/Lab2/Matlab/ros2CustomMessages/matlab_msg_gen/glnxa64/install/share/houghmessage/environment/library_path.dsv
-- Installing: /home/niklas/Documents/Telerrobotics/Lab2/Matlab/ros2CustomMessages/matlab_msg_gen/glnxa64/install/lib/libhoughmessage__rosidl_generator_c.so
-- Up-to-date: /home/niklas/Documents/Telerrobotics/Lab2/Matlab/ros2CustomMessages/matlab_msg_gen/glnxa64/install/include/houghmessage/houghmessage
-- Up-to-date: /home/niklas/Documents/Telerrobotics/Lab2/Matlab/ros2CustomMessages/matlab_msg_gen/glnxa64/install/include/houghmessage/houghmessage/msg
-- Up-to-date: /home/niklas/Documents/Telerrobotics/Lab2/Matlab/ros2CustomMessages/matlab_msg_gen/glnxa64/install/include/houghmessage/houghmessage/msg/rosidl_typesupport_fastrtps_c__visibility_control.h
-- Up-to-date: /home/niklas/Documents/Telerrobotics/Lab2/Matlab/ros2CustomMessages/matlab_msg_gen/glnxa64/install/include/houghmessage/houghmessage/msg/detail
-- Installing: /home/niklas/Documents/Telerrobotics/Lab2/Matlab/ros2CustomMessages/matlab_msg_gen/glnxa64/install/include/houghmessage/houghmessage/msg/detail/r_whough_line__rosidl_typesupport_fastrtps_c.h
-- Installing: /home/niklas/Documents/Telerrobotics/Lab2/Matlab/ros2CustomMessages/matlab_msg_gen/glnxa64/install/lib/libhoughmessage__rosidl_typesupport_fastrtps_c.so
-- Up-to-date: /home/niklas/Documents/Telerrobotics/Lab2/Matlab/ros2CustomMessages/matlab_msg_gen/glnxa64/install/include/houghmessage/houghmessage
-- Up-to-date: /home/niklas/Documents/Telerrobotics/Lab2/Matlab/ros2CustomMessages/matlab_msg_gen/glnxa64/install/include/houghmessage/houghmessage/msg
-- Up-to-date: /home/niklas/Documents/Telerrobotics/Lab2/Matlab/ros2CustomMessages/matlab_msg_gen/glnxa64/install/include/houghmessage/houghmessage/msg/rosidl_typesupport_introspection_c__visibility_control.h
-- Up-to-date: /home/niklas/Documents/Telerrobotics/Lab2/Matlab/ros2CustomMessages/matlab_msg_gen/glnxa64/install/include/houghmessage/houghmessage/msg/detail
-- Installing: /home/niklas/Documents/Telerrobotics/Lab2/Matlab/ros2CustomMessages/matlab_msg_gen/glnxa64/install/include/houghmessage/houghmessage/msg/detail/r_whough_line__rosidl_typesupport_introspection_c.h
-- Installing: /home/niklas/Documents/Telerrobotics/Lab2/Matlab/ros2CustomMessages/matlab_msg_gen/glnxa64/install/include/houghmessage/houghmessage/msg/detail/r_whough_line__type_support.c
-- Installing: /home/niklas/Documents/Telerrobotics/Lab2/Matlab/ros2CustomMessages/matlab_msg_gen/glnxa64/install/lib/libhoughmessage__rosidl_typesupport_introspection_c.so
-- Installing: /home/niklas/Documents/Telerrobotics/Lab2/Matlab/ros2CustomMessages/matlab_msg_gen/glnxa64/install/lib/libhoughmessage__rosidl_typesupport_c.so
-- Up-to-date: /home/niklas/Documents/Telerrobotics/Lab2/Matlab/ros2CustomMessages/matlab_msg_gen/glnxa64/install/include/houghmessage/houghmessage
-- Up-to-date: /home/niklas/Documents/Telerrobotics/Lab2/Matlab/ros2CustomMessages/matlab_msg_gen/glnxa64/install/include/houghmessage/houghmessage/msg
-- Installing: /home/niklas/Documents/Telerrobotics/Lab2/Matlab/ros2CustomMessages/matlab_msg_gen/glnxa64/install/include/houghmessage/houghmessage/msg/r_whough_line.hpp
-- Up-to-date: /home/niklas/Documents/Telerrobotics/Lab2/Matlab/ros2CustomMessages/matlab_msg_gen/glnxa64/install/include/houghmessage/houghmessage/msg/detail
-- Installing: /home/niklas/Documents/Telerrobotics/Lab2/Matlab/ros2CustomMessages/matlab_msg_gen/glnxa64/install/include/houghmessage/houghmessage/msg/detail/r_whough_line__traits.hpp
-- Installing: /home/niklas/Documents/Telerrobotics/Lab2/Matlab/ros2CustomMessages/matlab_msg_gen/glnxa64/install/include/houghmessage/houghmessage/msg/detail/r_whough_line__builder.hpp
-- Installing: /home/niklas/Documents/Telerrobotics/Lab2/Matlab/ros2CustomMessages/matlab_msg_gen/glnxa64/install/include/houghmessage/houghmessage/msg/detail/r_whough_line__struct.hpp
-- Up-to-date: /home/niklas/Documents/Telerrobotics/Lab2/Matlab/ros2CustomMessages/matlab_msg_gen/glnxa64/install/include/houghmessage/houghmessage
-- Up-to-date: /home/niklas/Documents/Telerrobotics/Lab2/Matlab/ros2CustomMessages/matlab_msg_gen/glnxa64/install/include/houghmessage/houghmessage/msg
-- Up-to-date: /home/niklas/Documents/Telerrobotics/Lab2/Matlab/ros2CustomMessages/matlab_msg_gen/glnxa64/install/include/houghmessage/houghmessage/msg/rosidl_typesupport_fastrtps_cpp__visibility_control.h
-- Up-to-date: /home/niklas/Documents/Telerrobotics/Lab2/Matlab/ros2CustomMessages/matlab_msg_gen/glnxa64/install/include/houghmessage/houghmessage/msg/detail
-- Up-to-date: /home/niklas/Documents/Telerrobotics/Lab2/Matlab/ros2CustomMessages/matlab_msg_gen/glnxa64/install/include/houghmessage/houghmessage/msg/detail/dds_fastrtps
-- Installing: /home/niklas/Documents/Telerrobotics/Lab2/Matlab/ros2CustomMessages/matlab_msg_gen/glnxa64/install/include/houghmessage/houghmessage/msg/detail/r_whough_line__rosidl_typesupport_fastrtps_cpp.hpp
-- Installing: /home/niklas/Documents/Telerrobotics/Lab2/Matlab/ros2CustomMessages/matlab_msg_gen/glnxa64/install/lib/libhoughmessage__rosidl_typesupport_fastrtps_cpp.so
-- Up-to-date: /home/niklas/Documents/Telerrobotics/Lab2/Matlab/ros2CustomMessages/matlab_msg_gen/glnxa64/install/include/houghmessage/houghmessage
-- Up-to-date: /home/niklas/Documents/Telerrobotics/Lab2/Matlab/ros2CustomMessages/matlab_msg_gen/glnxa64/install/include/houghmessage/houghmessage/msg
-- Up-to-date: /home/niklas/Documents/Telerrobotics/Lab2/Matlab/ros2CustomMessages/matlab_msg_gen/glnxa64/install/include/houghmessage/houghmessage/msg/detail
-- Installing: /home/niklas/Documents/Telerrobotics/Lab2/Matlab/ros2CustomMessages/matlab_msg_gen/glnxa64/install/include/houghmessage/houghmessage/msg/detail/r_whough_line__type_support.cpp
-- Installing: /home/niklas/Documents/Telerrobotics/Lab2/Matlab/ros2CustomMessages/matlab_msg_gen/glnxa64/install/include/houghmessage/houghmessage/msg/detail/r_whough_line__rosidl_typesupport_introspection_cpp.hpp
-- Installing: /home/niklas/Documents/Telerrobotics/Lab2/Matlab/ros2CustomMessages/matlab_msg_gen/glnxa64/install/lib/libhoughmessage__rosidl_typesupport_introspection_cpp.so
-- Installing: /home/niklas/Documents/Telerrobotics/Lab2/Matlab/ros2CustomMessages/matlab_msg_gen/glnxa64/install/lib/libhoughmessage__rosidl_typesupport_cpp.so
-- Installing: /home/niklas/Documents/Telerrobotics/Lab2/Matlab/ros2CustomMessages/matlab_msg_gen/glnxa64/install/share/houghmessage/msg/RWhoughLine.idl
-- Installing: /home/niklas/Documents/Telerrobotics/Lab2/Matlab/ros2CustomMessages/matlab_msg_gen/glnxa64/install/share/houghmessage/msg/RWhoughLine.msg
-- Up-to-date: /home/niklas/Documents/Telerrobotics/Lab2/Matlab/ros2CustomMessages/matlab_msg_gen/glnxa64/install/include
-- Up-to-date: /home/niklas/Documents/Telerrobotics/Lab2/Matlab/ros2CustomMessages/matlab_msg_gen/glnxa64/install/include/houghmessage
-- Up-to-date: /home/niklas/Documents/Telerrobotics/Lab2/Matlab/ros2CustomMessages/matlab_msg_gen/glnxa64/install/include/houghmessage/visibility_control.h
-- Installing: /home/niklas/Documents/Telerrobotics/Lab2/Matlab/ros2CustomMessages/matlab_msg_gen/glnxa64/install/lib/libhoughmessage_matlab.so
-- Up-to-date: /home/niklas/Documents/Telerrobotics/Lab2/Matlab/ros2CustomMessages/matlab_msg_gen/glnxa64/install/m/
-- Up-to-date: /home/niklas/Documents/Telerrobotics/Lab2/Matlab/ros2CustomMessages/matlab_msg_gen/glnxa64/install/m//+ros
-- Up-to-date: /home/niklas/Documents/Telerrobotics/Lab2/Matlab/ros2CustomMessages/matlab_msg_gen/glnxa64/install/m//+ros/+internal
-- Up-to-date: /home/niklas/Documents/Telerrobotics/Lab2/Matlab/ros2CustomMessages/matlab_msg_gen/glnxa64/install/m//+ros/+internal/+ros2
-- Up-to-date: /home/niklas/Documents/Telerrobotics/Lab2/Matlab/ros2CustomMessages/matlab_msg_gen/glnxa64/install/m//+ros/+internal/+ros2/+custommessages
-- Up-to-date: /home/niklas/Documents/Telerrobotics/Lab2/Matlab/ros2CustomMessages/matlab_msg_gen/glnxa64/install/m//+ros/+internal/+ros2/+custommessages/+houghmessage
-- Installing: /home/niklas/Documents/Telerrobotics/Lab2/Matlab/ros2CustomMessages/matlab_msg_gen/glnxa64/install/m//+ros/+internal/+ros2/+custommessages/+houghmessage/rWhoughLine.m
-- Installing: /home/niklas/Documents/Telerrobotics/Lab2/Matlab/ros2CustomMessages/matlab_msg_gen/glnxa64/install/m//+ros/+internal/+ros2/+custommessages/+houghmessage/houghmessage_msg_RWhoughLine_2To1_Converter.m
-- Installing: /home/niklas/Documents/Telerrobotics/Lab2/Matlab/ros2CustomMessages/matlab_msg_gen/glnxa64/install/m//+ros/+internal/+ros2/+custommessages/+houghmessage/houghmessage_msg_RWhoughLine_1To2_Converter.m
-- Up-to-date: /home/niklas/Documents/Telerrobotics/Lab2/Matlab/ros2CustomMessages/matlab_msg_gen/glnxa64/install/share/ament_index/resource_index/package_run_dependencies/houghmessage
-- Up-to-date: /home/niklas/Documents/Telerrobotics/Lab2/Matlab/ros2CustomMessages/matlab_msg_gen/glnxa64/install/share/ament_index/resource_index/parent_prefix_path/houghmessage
-- Up-to-date: /home/niklas/Documents/Telerrobotics/Lab2/Matlab/ros2CustomMessages/matlab_msg_gen/glnxa64/install/share/houghmessage/environment/ament_prefix_path.sh
-- Installing: /home/niklas/Documents/Telerrobotics/Lab2/Matlab/ros2CustomMessages/matlab_msg_gen/glnxa64/install/share/houghmessage/environment/ament_prefix_path.dsv
-- Up-to-date: /home/niklas/Documents/Telerrobotics/Lab2/Matlab/ros2CustomMessages/matlab_msg_gen/glnxa64/install/share/houghmessage/environment/path.sh
-- Installing: /home/niklas/Documents/Telerrobotics/Lab2/Matlab/ros2CustomMessages/matlab_msg_gen/glnxa64/install/share/houghmessage/environment/path.dsv
-- Up-to-date: /home/niklas/Documents/Telerrobotics/Lab2/Matlab/ros2CustomMessages/matlab_msg_gen/glnxa64/install/share/houghmessage/local_setup.bash
-- Up-to-date: /home/niklas/Documents/Telerrobotics/Lab2/Matlab/ros2CustomMessages/matlab_msg_gen/glnxa64/install/share/houghmessage/local_setup.sh
-- Up-to-date: /home/niklas/Documents/Telerrobotics/Lab2/Matlab/ros2CustomMessages/matlab_msg_gen/glnxa64/install/share/houghmessage/local_setup.zsh
-- Installing: /home/niklas/Documents/Telerrobotics/Lab2/Matlab/ros2CustomMessages/matlab_msg_gen/glnxa64/install/share/houghmessage/local_setup.dsv
-- Installing: /home/niklas/Documents/Telerrobotics/Lab2/Matlab/ros2CustomMessages/matlab_msg_gen/glnxa64/install/share/houghmessage/package.dsv
-- Up-to-date: /home/niklas/Documents/Telerrobotics/Lab2/Matlab/ros2CustomMessages/matlab_msg_gen/glnxa64/install/share/ament_index/resource_index/packages/houghmessage
-- Up-to-date: /home/niklas/Documents/Telerrobotics/Lab2/Matlab/ros2CustomMessages/matlab_msg_gen/glnxa64/install/share/houghmessage/cmake/export_houghmessage__rosidl_generator_cExport.cmake
-- Up-to-date: /home/niklas/Documents/Telerrobotics/Lab2/Matlab/ros2CustomMessages/matlab_msg_gen/glnxa64/install/share/houghmessage/cmake/export_houghmessage__rosidl_generator_cExport-release.cmake
-- Up-to-date: /home/niklas/Documents/Telerrobotics/Lab2/Matlab/ros2CustomMessages/matlab_msg_gen/glnxa64/install/share/houghmessage/cmake/export_houghmessage__rosidl_typesupport_fastrtps_cExport.cmake
-- Up-to-date: /home/niklas/Documents/Telerrobotics/Lab2/Matlab/ros2CustomMessages/matlab_msg_gen/glnxa64/install/share/houghmessage/cmake/export_houghmessage__rosidl_typesupport_fastrtps_cExport-release.cmake
-- Up-to-date: /home/niklas/Documents/Telerrobotics/Lab2/Matlab/ros2CustomMessages/matlab_msg_gen/glnxa64/install/share/houghmessage/cmake/houghmessage__rosidl_typesupport_introspection_cExport.cmake
-- Up-to-date: /home/niklas/Documents/Telerrobotics/Lab2/Matlab/ros2CustomMessages/matlab_msg_gen/glnxa64/install/share/houghmessage/cmake/houghmessage__rosidl_typesupport_introspection_cExport-release.cmake
-- Up-to-date: /home/niklas/Documents/Telerrobotics/Lab2/Matlab/ros2CustomMessages/matlab_msg_gen/glnxa64/install/share/houghmessage/cmake/houghmessage__rosidl_typesupport_cExport.cmake
-- Up-to-date: /home/niklas/Documents/Telerrobotics/Lab2/Matlab/ros2CustomMessages/matlab_msg_gen/glnxa64/install/share/houghmessage/cmake/houghmessage__rosidl_typesupport_cExport-release.cmake
-- Up-to-date: /home/niklas/Documents/Telerrobotics/Lab2/Matlab/ros2CustomMessages/matlab_msg_gen/glnxa64/install/share/houghmessage/cmake/export_houghmessage__rosidl_generator_cppExport.cmake
-- Up-to-date: /home/niklas/Documents/Telerrobotics/Lab2/Matlab/ros2CustomMessages/matlab_msg_gen/glnxa64/install/share/houghmessage/cmake/export_houghmessage__rosidl_typesupport_fastrtps_cppExport.cmake
-- Up-to-date: /home/niklas/Documents/Telerrobotics/Lab2/Matlab/ros2CustomMessages/matlab_msg_gen/glnxa64/install/share/houghmessage/cmake/export_houghmessage__rosidl_typesupport_fastrtps_cppExport-release.cmake
-- Up-to-date: /home/niklas/Documents/Telerrobotics/Lab2/Matlab/ros2CustomMessages/matlab_msg_gen/glnxa64/install/share/houghmessage/cmake/houghmessage__rosidl_typesupport_introspection_cppExport.cmake
-- Up-to-date: /home/niklas/Documents/Telerrobotics/Lab2/Matlab/ros2CustomMessages/matlab_msg_gen/glnxa64/install/share/houghmessage/cmake/houghmessage__rosidl_typesupport_introspection_cppExport-release.cmake
-- Up-to-date: /home/niklas/Documents/Telerrobotics/Lab2/Matlab/ros2CustomMessages/matlab_msg_gen/glnxa64/install/share/houghmessage/cmake/houghmessage__rosidl_typesupport_cppExport.cmake
-- Up-to-date: /home/niklas/Documents/Telerrobotics/Lab2/Matlab/ros2CustomMessages/matlab_msg_gen/glnxa64/install/share/houghmessage/cmake/houghmessage__rosidl_typesupport_cppExport-release.cmake
-- Up-to-date: /home/niklas/Documents/Telerrobotics/Lab2/Matlab/ros2CustomMessages/matlab_msg_gen/glnxa64/install/share/houghmessage/cmake/rosidl_cmake-extras.cmake
-- Up-to-date: /home/niklas/Documents/Telerrobotics/Lab2/Matlab/ros2CustomMessages/matlab_msg_gen/glnxa64/install/share/houghmessage/cmake/ament_cmake_export_include_directories-extras.cmake
-- Up-to-date: /home/niklas/Documents/Telerrobotics/Lab2/Matlab/ros2CustomMessages/matlab_msg_gen/glnxa64/install/share/houghmessage/cmake/ament_cmake_export_libraries-extras.cmake
-- Up-to-date: /home/niklas/Documents/Telerrobotics/Lab2/Matlab/ros2CustomMessages/matlab_msg_gen/glnxa64/install/share/houghmessage/cmake/ament_cmake_export_targets-extras.cmake
-- Up-to-date: /home/niklas/Documents/Telerrobotics/Lab2/Matlab/ros2CustomMessages/matlab_msg_gen/glnxa64/install/share/houghmessage/cmake/rosidl_cmake_export_typesupport_targets-extras.cmake
-- Up-to-date: /home/niklas/Documents/Telerrobotics/Lab2/Matlab/ros2CustomMessages/matlab_msg_gen/glnxa64/install/share/houghmessage/cmake/ament_cmake_export_dependencies-extras.cmake
-- Up-to-date: /home/niklas/Documents/Telerrobotics/Lab2/Matlab/ros2CustomMessages/matlab_msg_gen/glnxa64/install/share/houghmessage/cmake/rosidl_cmake_export_typesupport_libraries-extras.cmake
-- Up-to-date: /home/niklas/Documents/Telerrobotics/Lab2/Matlab/ros2CustomMessages/matlab_msg_gen/glnxa64/install/share/houghmessage/cmake/houghmessageConfig.cmake
-- Up-to-date: /home/niklas/Documents/Telerrobotics/Lab2/Matlab/ros2CustomMessages/matlab_msg_gen/glnxa64/install/share/houghmessage/cmake/houghmessageConfig-version.cmake
-- Installing: /home/niklas/Documents/Telerrobotics/Lab2/Matlab/ros2CustomMessages/matlab_msg_gen/glnxa64/install/share/houghmessage/package.xml
