[0.089s] Invoking command in '/home/niklas/Documents/Telerrobotics/Lab2/ldlidar_ros2_ws/build/ldlidar_stl_ros2': CMAKE_PREFIX_PATH=${CMAKE_PREFIX_PATH}:/opt/ros/humble /usr/bin/cmake --build /home/niklas/Documents/Telerrobotics/Lab2/ldlidar_ros2_ws/build/ldlidar_stl_ros2 -- -j8 -l8
[0.162s] [35m[1mConsolidate compiler generated dependencies of target ldlidar_stl_ros2_node[0m
[0.203s] [100%] Built target ldlidar_stl_ros2_node
[0.228s] Invoked command in '/home/niklas/Documents/Telerrobotics/Lab2/ldlidar_ros2_ws/build/ldlidar_stl_ros2' returned '0': CMAKE_PREFIX_PATH=${CMAKE_PREFIX_PATH}:/opt/ros/humble /usr/bin/cmake --build /home/niklas/Documents/Telerrobotics/Lab2/ldlidar_ros2_ws/build/ldlidar_stl_ros2 -- -j8 -l8
[0.316s] Invoking command in '/home/niklas/Documents/Telerrobotics/Lab2/ldlidar_ros2_ws/build/ldlidar_stl_ros2': CMAKE_PREFIX_PATH=${CMAKE_PREFIX_PATH}:/opt/ros/humble /usr/bin/cmake --install /home/niklas/Documents/Telerrobotics/Lab2/ldlidar_ros2_ws/build/ldlidar_stl_ros2
[0.339s] -- Install configuration: ""
[0.339s] -- Up-to-date: /home/niklas/Documents/Telerrobotics/Lab2/ldlidar_ros2_ws/install/ldlidar_stl_ros2/lib/ldlidar_stl_ros2/ldlidar_stl_ros2_node
[0.340s] -- Up-to-date: /home/niklas/Documents/Telerrobotics/Lab2/ldlidar_ros2_ws/install/ldlidar_stl_ros2/share/ldlidar_stl_ros2//launch
[0.340s] -- Up-to-date: /home/niklas/Documents/Telerrobotics/Lab2/ldlidar_ros2_ws/install/ldlidar_stl_ros2/share/ldlidar_stl_ros2//launch/viewer_stl27l.launch.py
[0.340s] -- Up-to-date: /home/niklas/Documents/Telerrobotics/Lab2/ldlidar_ros2_ws/install/ldlidar_stl_ros2/share/ldlidar_stl_ros2//launch/ld19.launch.py
[0.340s] -- Up-to-date: /home/niklas/Documents/Telerrobotics/Lab2/ldlidar_ros2_ws/install/ldlidar_stl_ros2/share/ldlidar_stl_ros2//launch/viewer_ld19.launch.py
[0.341s] -- Installing: /home/niklas/Documents/Telerrobotics/Lab2/ldlidar_ros2_ws/install/ldlidar_stl_ros2/share/ldlidar_stl_ros2//launch/ld06.launch.py
[0.341s] -- Up-to-date: /home/niklas/Documents/Telerrobotics/Lab2/ldlidar_ros2_ws/install/ldlidar_stl_ros2/share/ldlidar_stl_ros2//launch/viewer_ld06.launch.py
[0.341s] -- Up-to-date: /home/niklas/Documents/Telerrobotics/Lab2/ldlidar_ros2_ws/install/ldlidar_stl_ros2/share/ldlidar_stl_ros2//launch/stl27l.launch.py
[0.341s] -- Up-to-date: /home/niklas/Documents/Telerrobotics/Lab2/ldlidar_ros2_ws/install/ldlidar_stl_ros2/share/ldlidar_stl_ros2//rviz2
[0.342s] -- Up-to-date: /home/niklas/Documents/Telerrobotics/Lab2/ldlidar_ros2_ws/install/ldlidar_stl_ros2/share/ldlidar_stl_ros2//rviz2/ldlidar.rviz
[0.342s] -- Up-to-date: /home/niklas/Documents/Telerrobotics/Lab2/ldlidar_ros2_ws/install/ldlidar_stl_ros2/share/ament_index/resource_index/package_run_dependencies/ldlidar_stl_ros2
[0.342s] -- Up-to-date: /home/niklas/Documents/Telerrobotics/Lab2/ldlidar_ros2_ws/install/ldlidar_stl_ros2/share/ament_index/resource_index/parent_prefix_path/ldlidar_stl_ros2
[0.342s] -- Up-to-date: /home/niklas/Documents/Telerrobotics/Lab2/ldlidar_ros2_ws/install/ldlidar_stl_ros2/share/ldlidar_stl_ros2/environment/ament_prefix_path.sh
[0.342s] -- Up-to-date: /home/niklas/Documents/Telerrobotics/Lab2/ldlidar_ros2_ws/install/ldlidar_stl_ros2/share/ldlidar_stl_ros2/environment/ament_prefix_path.dsv
[0.342s] -- Up-to-date: /home/niklas/Documents/Telerrobotics/Lab2/ldlidar_ros2_ws/install/ldlidar_stl_ros2/share/ldlidar_stl_ros2/environment/path.sh
[0.343s] -- Up-to-date: /home/niklas/Documents/Telerrobotics/Lab2/ldlidar_ros2_ws/install/ldlidar_stl_ros2/share/ldlidar_stl_ros2/environment/path.dsv
[0.343s] -- Up-to-date: /home/niklas/Documents/Telerrobotics/Lab2/ldlidar_ros2_ws/install/ldlidar_stl_ros2/share/ldlidar_stl_ros2/local_setup.bash
[0.343s] -- Up-to-date: /home/niklas/Documents/Telerrobotics/Lab2/ldlidar_ros2_ws/install/ldlidar_stl_ros2/share/ldlidar_stl_ros2/local_setup.sh
[0.343s] -- Up-to-date: /home/niklas/Documents/Telerrobotics/Lab2/ldlidar_ros2_ws/install/ldlidar_stl_ros2/share/ldlidar_stl_ros2/local_setup.zsh
[0.343s] -- Up-to-date: /home/niklas/Documents/Telerrobotics/Lab2/ldlidar_ros2_ws/install/ldlidar_stl_ros2/share/ldlidar_stl_ros2/local_setup.dsv
[0.344s] -- Installing: /home/niklas/Documents/Telerrobotics/Lab2/ldlidar_ros2_ws/install/ldlidar_stl_ros2/share/ldlidar_stl_ros2/package.dsv
[0.344s] -- Up-to-date: /home/niklas/Documents/Telerrobotics/Lab2/ldlidar_ros2_ws/install/ldlidar_stl_ros2/share/ament_index/resource_index/packages/ldlidar_stl_ros2
[0.345s] -- Up-to-date: /home/niklas/Documents/Telerrobotics/Lab2/ldlidar_ros2_ws/install/ldlidar_stl_ros2/share/ldlidar_stl_ros2/cmake/ldlidar_stl_ros2Config.cmake
[0.345s] -- Up-to-date: /home/niklas/Documents/Telerrobotics/Lab2/ldlidar_ros2_ws/install/ldlidar_stl_ros2/share/ldlidar_stl_ros2/cmake/ldlidar_stl_ros2Config-version.cmake
[0.345s] -- Up-to-date: /home/niklas/Documents/Telerrobotics/Lab2/ldlidar_ros2_ws/install/ldlidar_stl_ros2/share/ldlidar_stl_ros2/package.xml
[0.350s] Invoked command in '/home/niklas/Documents/Telerrobotics/Lab2/ldlidar_ros2_ws/build/ldlidar_stl_ros2' returned '0': CMAKE_PREFIX_PATH=${CMAKE_PREFIX_PATH}:/opt/ros/humble /usr/bin/cmake --install /home/niklas/Documents/Telerrobotics/Lab2/ldlidar_ros2_ws/build/ldlidar_stl_ros2
